/index.php
/controller/static load fail.
2017-08-25 00:02:47
144.0.140.23

/index.php
/controller/static load fail.
2017-08-25 00:02:48
144.0.140.23

/index.php
/controller/static load fail.
2017-08-25 00:08:56
144.0.140.23

/index.php
/controller/static load fail.
2017-08-25 00:08:56
144.0.140.23

/index.php
/controller/static load fail.
2017-08-25 00:08:56
144.0.140.23

/index.php
/controller/static load fail.
2017-08-25 00:10:06
144.0.140.23

/index.php
/controller/static load fail.
2017-08-25 00:10:06
144.0.140.23

/index.php
/controller/static load fail.
2017-08-25 00:10:06
144.0.140.23

/index.php
/controller/static load fail.
2017-08-25 00:25:44
144.0.140.23

/index.php
/controller/static load fail.
2017-08-25 00:25:44
144.0.140.23

/index.php
/controller/static load fail.
2017-08-25 00:26:44
144.0.140.23

/index.php
/controller/static load fail.
2017-08-25 00:26:45
144.0.140.23

/index.php
/controller/static load fail.
2017-08-25 00:28:50
144.0.140.23

/index.php
/controller/static load fail.
2017-08-25 00:28:50
144.0.140.23

/index.php
/controller/static load fail.
2017-08-25 00:28:53
144.0.140.23

/index.php
/controller/static load fail.
2017-08-25 00:28:53
144.0.140.23

/index.php
/controller/static load fail.
2017-08-25 00:29:00
144.0.140.23

/index.php
/controller/static load fail.
2017-08-25 00:29:00
144.0.140.23

/index.php
/controller/static load fail.
2017-08-25 00:29:00
144.0.140.23

/index.php
/controller/static load fail.
2017-08-25 00:31:36
144.0.140.23

/index.php
/controller/static load fail.
2017-08-25 00:31:36
144.0.140.23

/index.php
/controller/static load fail.
2017-08-25 00:31:36
144.0.140.23

/index.php
/controller/static load fail.
2017-08-25 00:31:44
144.0.140.23

/index.php
/controller/static load fail.
2017-08-25 00:31:44
144.0.140.23

/index.php
/controller/static load fail.
2017-08-25 00:31:44
144.0.140.23

/index.php
/controller/static load fail.
2017-08-25 00:31:58
144.0.140.23

/index.php
/controller/static load fail.
2017-08-25 00:31:58
144.0.140.23

/index.php
/controller/static load fail.
2017-08-25 00:31:58
144.0.140.23

/index.php
/controller/static load fail.
2017-08-25 00:31:59
144.0.140.23

/index.php
/controller/static load fail.
2017-08-25 00:31:59
144.0.140.23

/index.php
/controller/static load fail.
2017-08-25 00:32:00
144.0.140.23

/index.php
/controller/static load fail.
2017-08-25 00:32:02
144.0.140.23

/index.php
/controller/static load fail.
2017-08-25 00:32:02
144.0.140.23

/index.php
/controller/static load fail.
2017-08-25 00:32:02
144.0.140.23

/index.php
/controller/static load fail.
2017-08-25 00:32:12
144.0.140.23

/index.php
/controller/static load fail.
2017-08-25 00:32:12
144.0.140.23

/index.php
/controller/static load fail.
2017-08-25 00:32:12
144.0.140.23

/index.php
/controller/static load fail.
2017-08-25 00:32:43
144.0.140.23

/index.php
/controller/static load fail.
2017-08-25 00:32:43
144.0.140.23

/index.php
/controller/static load fail.
2017-08-25 00:32:43
144.0.140.23

/index.php
/controller/static load fail.
2017-08-25 00:34:08
144.0.140.23

/index.php
/controller/static load fail.
2017-08-25 00:34:08
144.0.140.23

/index.php
/controller/static load fail.
2017-08-25 00:39:39
183.240.196.118

/index.php
/controller/static load fail.
2017-08-25 00:41:56
183.240.196.118

/index.php
/controller/static load fail.
2017-08-25 00:50:13
144.0.140.23

/index.php
/controller/static load fail.
2017-08-25 00:50:13
144.0.140.23

/index.php
/controller/static load fail.
2017-08-25 00:50:13
144.0.140.23

/index.php
/controller/static load fail.
2017-08-25 01:04:23
144.0.140.23

/index.php
/controller/static load fail.
2017-08-25 01:04:23
144.0.140.23

/index.php
/controller/static load fail.
2017-08-25 01:04:23
144.0.140.23

/index.php
/controller/static load fail.
2017-08-25 01:10:26
144.0.140.23

/index.php
/controller/static load fail.
2017-08-25 01:10:26
144.0.140.23

/index.php
/controller/static load fail.
2017-08-25 01:10:26
144.0.140.23

/index.php
/controller/static load fail.
2017-08-25 01:30:27
183.240.196.118

/index.php
/controller/static load fail.
2017-08-25 01:30:33
183.240.196.118

/index.php
/controller/static load fail.
2017-08-25 01:30:42
183.240.196.118

/index.php
/controller/static load fail.
2017-08-25 01:30:49
183.240.196.118

/index.php
/controller/static load fail.
2017-08-25 01:31:24
183.240.196.118

/index.php
/controller/static load fail.
2017-08-25 01:31:29
183.240.196.118

/index.php
/controller/static load fail.
2017-08-25 01:31:42
183.240.196.118

/index.php
/controller/static load fail.
2017-08-25 01:31:49
183.240.196.118

/index.php
/controller/static load fail.
2017-08-25 01:33:05
125.69.67.109

/index.php
/controller/static load fail.
2017-08-25 01:33:05
220.166.211.10

/index.php
/controller/static load fail.
2017-08-25 01:33:05
125.69.67.109

/index.php
/controller/static load fail.
2017-08-25 01:34:50
125.69.67.109

/index.php
/controller/static load fail.
2017-08-25 01:34:54
125.69.67.109

/index.php
/controller/static load fail.
2017-08-25 01:34:55
125.69.67.109

/index.php
/controller/static load fail.
2017-08-25 01:34:57
125.69.67.109

/index.php
/controller/static load fail.
2017-08-25 01:35:04
125.69.67.109

/index.php
/controller/static load fail.
2017-08-25 01:35:08
125.69.67.109

/index.php
/controller/static load fail.
2017-08-25 01:36:37
220.166.211.10

/index.php
/controller/static load fail.
2017-08-25 01:37:10
220.166.211.10

/index.php
/controller/static load fail.
2017-08-25 01:41:08
144.0.140.23

/index.php
/controller/static load fail.
2017-08-25 01:41:08
144.0.140.23

/index.php
/controller/static load fail.
2017-08-25 01:41:08
144.0.140.23

/index.php
/controller/static load fail.
2017-08-25 01:44:59
183.240.196.118

/index.php
/controller/static load fail.
2017-08-25 01:45:29
183.240.196.118

/index.php
/controller/static load fail.
2017-08-25 01:46:11
144.0.140.23

/index.php
/controller/static load fail.
2017-08-25 01:46:11
144.0.140.23

/index.php
/controller/static load fail.
2017-08-25 01:46:11
144.0.140.23

/index.php
/controller/static load fail.
2017-08-25 01:52:01
144.0.140.23

/index.php
/controller/static load fail.
2017-08-25 01:52:01
144.0.140.23

/index.php
/controller/static load fail.
2017-08-25 01:52:40
144.0.140.23

/index.php
/controller/static load fail.
2017-08-25 01:52:42
144.0.140.23

/index.php
/controller/static load fail.
2017-08-25 01:53:39
144.0.140.23

/index.php
/controller/static load fail.
2017-08-25 01:54:18
144.0.140.23

/index.php
/controller/static load fail.
2017-08-25 01:54:40
144.0.140.23

/index.php
/controller/static load fail.
2017-08-25 01:54:51
144.0.140.23

/index.php
/controller/static load fail.
2017-08-25 01:55:12
144.0.140.23

/index.php
/controller/static load fail.
2017-08-25 01:55:30
144.0.140.23

/index.php
/controller/static load fail.
2017-08-25 01:56:14
144.0.140.23

/index.php
/controller/static load fail.
2017-08-25 01:56:35
144.0.140.23

/index.php
/controller/static load fail.
2017-08-25 01:56:58
144.0.140.23

/index.php
/controller/static load fail.
2017-08-25 01:57:10
144.0.140.23

/index.php
/controller/static load fail.
2017-08-25 01:58:52
144.0.140.23

/index.php
/controller/static load fail.
2017-08-25 01:58:52
144.0.140.23

/index.php
/controller/static load fail.
2017-08-25 01:58:52
144.0.140.23

/index.php
/controller/static load fail.
2017-08-25 02:00:48
183.240.196.118

/index.php
/controller/static load fail.
2017-08-25 02:01:05
183.240.196.118

/index.php
/controller/static load fail.
2017-08-25 02:01:14
183.240.196.118

/index.php
/controller/static load fail.
2017-08-25 02:01:18
183.240.196.118

/index.php
/controller/static load fail.
2017-08-25 02:04:24
144.0.140.23

/index.php
/controller/static load fail.
2017-08-25 02:04:24
144.0.140.23

/index.php
/controller/static load fail.
2017-08-25 02:05:24
183.240.196.118

/index.php
/controller/static load fail.
2017-08-25 02:05:39
183.240.196.118

/index.php
/controller/static load fail.
2017-08-25 02:05:44
183.240.196.118

/index.php
/controller/admfor035/loginadmin123456 load fail.
2017-08-25 02:08:34
119.147.207.144

/index.php
/controller/admfor035/loginadmin123456 load fail.
2017-08-25 02:08:43
101.226.33.201

/index.php
/controller/static load fail.
2017-08-25 02:17:53
144.0.140.23

/index.php
/controller/static load fail.
2017-08-25 02:18:15
183.240.196.118

/index.php
/controller/static load fail.
2017-08-25 02:19:04
183.240.196.118

/index.php
/controller/static load fail.
2017-08-25 02:19:38
144.0.140.23

/index.php
/controller/static load fail.
2017-08-25 02:19:42
144.0.140.23

/index.php
/controller/static load fail.
2017-08-25 02:19:43
144.0.140.23

/index.php
/controller/static load fail.
2017-08-25 02:19:43
144.0.140.23

/index.php
/controller/static load fail.
2017-08-25 02:21:02
144.0.140.23

/index.php
/controller/static load fail.
2017-08-25 02:21:02
144.0.140.23

/index.php
/controller/static load fail.
2017-08-25 02:21:02
144.0.140.23

/index.php
/controller/user load fail.
2017-08-25 02:30:17
123.151.148.187

/index.php
/controller/user load fail.
2017-08-25 02:30:27
101.226.33.216

/index.php
/controller/static load fail.
2017-08-25 02:35:48
183.240.196.118

/index.php
/controller/static load fail.
2017-08-25 02:35:51
183.240.196.118

/index.php
/controller/static load fail.
2017-08-25 02:36:34
220.166.211.10

/index.php
/controller/static load fail.
2017-08-25 02:36:34
220.166.211.10

/index.php
/controller/static load fail.
2017-08-25 02:36:34
220.166.211.10

/index.php
/controller/static load fail.
2017-08-25 02:36:46
183.240.196.118

/index.php
/controller/static load fail.
2017-08-25 02:37:01
220.166.211.10

/index.php
/controller/static load fail.
2017-08-25 02:37:07
220.166.211.10

/index.php
/controller/static load fail.
2017-08-25 02:37:09
220.166.211.10

/index.php
/controller/static load fail.
2017-08-25 02:37:11
220.166.211.10

/index.php
/controller/static load fail.
2017-08-25 02:37:13
220.166.211.10

/index.php
/controller/static load fail.
2017-08-25 02:38:45
125.69.67.109

/index.php
/controller/static load fail.
2017-08-25 02:38:46
125.69.67.109

/index.php
/controller/static load fail.
2017-08-25 02:38:47
125.69.67.109

/index.php
/controller/static load fail.
2017-08-25 02:38:49
125.69.67.109

/index.php
/controller/static load fail.
2017-08-25 02:38:50
125.69.67.109

/index.php
/controller/static load fail.
2017-08-25 02:38:51
125.69.67.109

/index.php
/controller/static load fail.
2017-08-25 02:38:52
125.69.67.109

/index.php
/controller/static load fail.
2017-08-25 02:38:53
125.69.67.109

/index.php
/controller/static load fail.
2017-08-25 02:39:02
125.69.67.109

/index.php
/controller/static load fail.
2017-08-25 02:39:04
125.69.67.109

/index.php
/controller/static load fail.
2017-08-25 02:39:04
125.69.67.109

/index.php
/controller/static load fail.
2017-08-25 02:39:05
125.69.67.109

/index.php
/controller/static load fail.
2017-08-25 02:39:05
125.69.67.109

/index.php
/controller/static load fail.
2017-08-25 02:39:06
125.69.67.109

/index.php
/controller/static load fail.
2017-08-25 02:39:06
125.69.67.109

/index.php
/controller/static load fail.
2017-08-25 02:39:07
125.69.67.109

/index.php
/controller/static load fail.
2017-08-25 02:39:41
220.166.211.10

/index.php
/controller/static load fail.
2017-08-25 02:39:42
220.166.211.10

/index.php
/controller/static load fail.
2017-08-25 02:39:43
220.166.211.10

/index.php
/controller/static load fail.
2017-08-25 02:39:44
220.166.211.10

/index.php
/controller/static load fail.
2017-08-25 02:39:45
220.166.211.10

/index.php
/controller/static load fail.
2017-08-25 02:39:47
220.166.211.10

/index.php
/controller/static load fail.
2017-08-25 02:39:48
220.166.211.10

/index.php
/controller/static load fail.
2017-08-25 02:39:50
220.166.211.10

/index.php
/controller/static load fail.
2017-08-25 02:39:51
220.166.211.10

/index.php
/controller/static load fail.
2017-08-25 02:39:53
220.166.211.10

/index.php
/controller/static load fail.
2017-08-25 02:39:53
220.166.211.10

/index.php
/controller/static load fail.
2017-08-25 02:39:54
220.166.211.10

/index.php
/controller/static load fail.
2017-08-25 02:39:55
220.166.211.10

/index.php
/controller/static load fail.
2017-08-25 02:39:58
220.166.211.10

/index.php
/controller/static load fail.
2017-08-25 02:40:02
220.166.211.10

/index.php
/controller/static load fail.
2017-08-25 02:44:09
183.240.196.118

/index.php
/controller/static load fail.
2017-08-25 03:21:35
183.240.196.118

/index.php
/controller/static load fail.
2017-08-25 03:21:52
183.240.196.118

/index.php
/controller/static load fail.
2017-08-25 07:49:20
183.240.196.118

/index.php
/controller/static load fail.
2017-08-25 07:49:38
183.240.196.118

/index.php
/controller/static load fail.
2017-08-25 07:50:04
183.240.196.118

/index.php
/controller/static load fail.
2017-08-25 07:54:32
183.240.196.118

/index.php
/controller/static load fail.
2017-08-25 08:05:41
183.240.196.118

/index.php
/controller/administrator load fail.
2017-08-25 09:17:59
212.83.152.183

/index.php
/controller/static load fail.
2017-08-25 09:25:56
123.120.62.29

/index.php
/controller/static load fail.
2017-08-25 09:25:57
123.120.62.29

/index.php
/controller/static load fail.
2017-08-25 09:26:06
123.120.62.29

/index.php
/controller/static load fail.
2017-08-25 09:27:52
123.120.62.29

/index.php
/controller/static load fail.
2017-08-25 09:27:55
123.120.62.29

/index.php
/controller/static load fail.
2017-08-25 09:27:58
123.120.62.29

/index.php
/controller/static load fail.
2017-08-25 09:29:49
123.120.62.29

/index.php
/controller/static load fail.
2017-08-25 09:30:18
123.120.62.29

/index.php
/controller/static load fail.
2017-08-25 09:30:22
123.120.62.29

/index.php
/controller/static load fail.
2017-08-25 09:30:31
123.120.62.29

/index.php
/controller/static load fail.
2017-08-25 09:30:38
123.120.62.29

/index.php
/controller/static load fail.
2017-08-25 09:30:51
123.120.62.29

/index.php
/controller/static load fail.
2017-08-25 09:30:54
123.120.62.29

/index.php
/controller/static load fail.
2017-08-25 09:31:12
123.120.62.29

/index.php
/controller/static load fail.
2017-08-25 09:31:16
123.120.62.29

/index.php
/controller/static load fail.
2017-08-25 09:36:16
123.120.62.29

/index.php
/controller/static load fail.
2017-08-25 09:36:16
123.120.62.29

/index.php
/controller/static load fail.
2017-08-25 09:36:16
123.120.62.29

/index.php
/controller/static load fail.
2017-08-25 09:37:01
123.120.62.29

/index.php
/controller/static load fail.
2017-08-25 09:37:37
123.120.62.29

/index.php
/controller/static load fail.
2017-08-25 09:37:37
123.120.62.29

/index.php
/controller/static load fail.
2017-08-25 09:37:47
123.120.62.29

/index.php
/controller/static load fail.
2017-08-25 09:37:47
123.120.62.29

/index.php
/controller/static load fail.
2017-08-25 09:37:48
123.120.62.29

/index.php
/controller/static load fail.
2017-08-25 09:58:48
59.54.116.112

/index.php
/controller/static load fail.
2017-08-25 09:58:49
59.54.116.112

/index.php
/controller/static load fail.
2017-08-25 09:58:49
59.54.116.112

/index.php
/controller/static load fail.
2017-08-25 11:07:49
66.102.8.135

/index.php
/controller/static load fail.
2017-08-25 11:07:50
66.102.8.135

/index.php
/controller/static load fail.
2017-08-25 11:07:50
66.102.8.137

/index.php
/controller/static load fail.
2017-08-25 11:34:08
123.120.62.29

/index.php
/controller/static load fail.
2017-08-25 11:34:08
123.120.62.29

/index.php
/controller/static load fail.
2017-08-25 11:34:08
123.120.62.29

/index.php
/controller/static load fail.
2017-08-25 11:34:13
123.120.62.29

/index.php
/controller/static load fail.
2017-08-25 11:34:13
123.120.62.29

/index.php
/controller/static load fail.
2017-08-25 11:39:56
59.54.116.112

/index.php
/controller/static load fail.
2017-08-25 11:39:56
59.54.116.112

/index.php
/controller/static load fail.
2017-08-25 11:59:30
220.166.211.10

/index.php
/controller/static load fail.
2017-08-25 11:59:36
220.166.211.10

/index.php
/controller/static load fail.
2017-08-25 11:59:36
220.166.211.10

/index.php
/controller/static load fail.
2017-08-25 11:59:38
220.166.211.10

/index.php
/controller/static load fail.
2017-08-25 12:00:09
220.166.211.10

/index.php
/controller/static load fail.
2017-08-25 12:00:14
220.166.211.10

/index.php
/controller/static load fail.
2017-08-25 12:02:32
122.226.185.91

/index.php
/controller/static load fail.
2017-08-25 12:02:32
122.226.185.64

/index.php
/controller/static load fail.
2017-08-25 12:02:33
122.226.185.65

/index.php
/controller/static load fail.
2017-08-25 12:03:03
27.44.38.179

/index.php
/controller/static load fail.
2017-08-25 12:03:04
27.44.38.179

/index.php
/controller/static load fail.
2017-08-25 12:03:04
27.44.38.179

/index.php
/controller/static load fail.
2017-08-25 12:03:04
122.226.185.88

/index.php
/controller/static load fail.
2017-08-25 12:03:58
122.10.94.127

/index.php
/controller/static load fail.
2017-08-25 12:04:22
122.10.94.127

/index.php
/controller/static load fail.
2017-08-25 12:09:39
220.166.211.10

/index.php
/controller/static load fail.
2017-08-25 12:09:40
125.69.67.109

/index.php
/controller/apisubmit load fail.
2017-08-25 12:10:39
125.69.67.109

/index.php
/controller/apisubmit load fail.
2017-08-25 12:14:49
125.69.67.109

/index.php
/controller/pay load fail.
2017-08-25 12:19:13
220.166.211.10

/index.php
/controller/static load fail.
2017-08-25 12:24:52
220.166.211.10

/index.php
/controller/static load fail.
2017-08-25 12:25:33
122.10.94.127

/index.php
/controller/static load fail.
2017-08-25 12:25:33
122.10.94.127

/index.php
/controller/static load fail.
2017-08-25 12:25:36
122.10.94.127

/index.php
/controller/static load fail.
2017-08-25 12:30:30
123.120.62.29

/index.php
/controller/static load fail.
2017-08-25 12:30:32
123.120.62.29

/index.php
/controller/static load fail.
2017-08-25 12:30:37
123.120.62.29

/index.php
/controller/static load fail.
2017-08-25 12:31:05
123.120.62.29

/index.php
/controller/static load fail.
2017-08-25 12:31:12
123.120.62.29

/index.php
/controller/member/ratesADMIN load fail.
2017-08-25 12:31:36
123.120.62.29

/index.php
/controller/admfor035/loginadmin123456 load fail.
2017-08-25 12:32:37
140.207.185.109

/index.php
/controller/ftpay load fail.
2017-08-25 12:33:28
47.91.242.241

/index.php
/controller/static load fail.
2017-08-25 12:46:25
125.69.67.109

/index.php
/controller/static load fail.
2017-08-25 12:46:37
125.69.67.109

/index.php
/controller/static load fail.
2017-08-25 12:46:37
125.69.67.109

/index.php
/controller/static load fail.
2017-08-25 12:47:55
125.69.67.109

/index.php
/controller/static load fail.
2017-08-25 12:47:55
125.69.67.109

/index.php
/controller/static load fail.
2017-08-25 12:47:55
125.69.67.109

/index.php
/controller/static load fail.
2017-08-25 12:47:57
125.69.67.109

/index.php
/controller/static load fail.
2017-08-25 12:48:01
125.69.67.109

/index.php
/controller/pay load fail.
2017-08-25 12:49:19
123.120.62.29

/index.php
/controller/pay load fail.
2017-08-25 12:49:21
139.224.40.254

/index.php
/controller/pay load fail.
2017-08-25 12:49:24
139.224.40.254

/index.php
/controller/pay load fail.
2017-08-25 12:49:27
139.224.40.254

/index.php
/controller/pay load fail.
2017-08-25 12:49:30
139.224.40.254

/index.php
/controller/pay load fail.
2017-08-25 12:49:32
139.224.40.254

/index.php
/controller/pay load fail.
2017-08-25 12:49:35
139.224.40.254

/index.php
/controller/pay load fail.
2017-08-25 12:49:38
139.224.40.254

/index.php
/controller/pay load fail.
2017-08-25 12:49:41
139.224.40.254

/index.php
/controller/pay load fail.
2017-08-25 12:49:44
139.224.40.254

/index.php
/controller/pay load fail.
2017-08-25 12:49:49
139.224.40.254

/index.php
/controller/pay load fail.
2017-08-25 12:49:50
139.224.40.254

/index.php
/controller/pay load fail.
2017-08-25 12:49:53
139.224.40.254

/index.php
/controller/pay load fail.
2017-08-25 12:49:56
139.224.40.254

/index.php
/controller/pay load fail.
2017-08-25 12:49:59
139.224.40.254

/index.php
/controller/pay load fail.
2017-08-25 12:50:02
139.224.40.254

/index.php
/controller/pay load fail.
2017-08-25 12:50:05
139.224.40.254

/index.php
/controller/pay load fail.
2017-08-25 12:50:08
139.224.40.254

/index.php
/controller/pay load fail.
2017-08-25 12:50:11
139.224.40.254

/index.php
/controller/pay load fail.
2017-08-25 12:50:14
139.224.40.254

/index.php
/controller/pay load fail.
2017-08-25 12:50:17
139.224.40.254

/index.php
/controller/pay load fail.
2017-08-25 12:51:19
123.120.62.29

/index.php
/controller/pay load fail.
2017-08-25 12:51:21
139.224.40.254

/index.php
/controller/pay load fail.
2017-08-25 12:51:23
139.224.40.254

/index.php
/controller/pay load fail.
2017-08-25 12:51:26
139.224.40.254

/index.php
/controller/pay load fail.
2017-08-25 12:51:29
139.224.40.254

/index.php
/controller/pay load fail.
2017-08-25 12:51:32
139.224.40.254

/index.php
/controller/pay load fail.
2017-08-25 12:51:35
139.224.40.254

/index.php
/controller/pay load fail.
2017-08-25 12:51:38
139.224.40.254

/index.php
/controller/pay load fail.
2017-08-25 12:51:41
139.224.40.254

/index.php
/controller/pay load fail.
2017-08-25 12:51:44
139.224.40.254

/index.php
/controller/pay load fail.
2017-08-25 12:51:47
139.224.40.254

/index.php
/controller/pay load fail.
2017-08-25 12:51:50
139.224.40.254

/index.php
/controller/pay load fail.
2017-08-25 12:51:53
139.224.40.254

/index.php
/controller/pay load fail.
2017-08-25 12:51:56
139.224.40.254

/index.php
/controller/pay load fail.
2017-08-25 12:51:59
139.224.40.254

/index.php
/controller/pay load fail.
2017-08-25 12:52:02
139.224.40.254

/index.php
/controller/pay load fail.
2017-08-25 12:52:05
139.224.40.254

/index.php
/controller/pay load fail.
2017-08-25 12:52:08
139.224.40.254

/index.php
/controller/pay load fail.
2017-08-25 12:52:11
139.224.40.254

/index.php
/controller/pay load fail.
2017-08-25 12:52:14
139.224.40.254

/index.php
/controller/pay load fail.
2017-08-25 12:52:17
139.224.40.254

/index.php
/controller/view load fail.
2017-08-25 13:25:29
123.120.62.29

/index.php
/controller/view load fail.
2017-08-25 13:25:29
123.120.62.29

/index.php
/controller/static load fail.
2017-08-25 13:28:53
123.120.62.29

/index.php
/controller/static load fail.
2017-08-25 13:28:53
123.120.62.29

/index.php
/controller/static load fail.
2017-08-25 13:28:53
123.120.62.29

/index.php
/controller/static load fail.
2017-08-25 13:28:55
123.120.62.29

/index.php
/controller/static load fail.
2017-08-25 13:39:24
123.120.62.29

/index.php
/controller/static load fail.
2017-08-25 13:58:25
123.120.62.29

/index.php
/controller/static load fail.
2017-08-25 13:58:29
123.120.62.29

/index.php
/controller/static load fail.
2017-08-25 13:58:31
123.120.62.29

/index.php
/controller/static load fail.
2017-08-25 14:13:32
59.54.116.112

/index.php
/controller/static load fail.
2017-08-25 14:13:33
59.54.116.112

/index.php
/controller/static load fail.
2017-08-25 14:13:33
59.54.116.112

/index.php
/controller/blog load fail.
2017-08-25 14:27:39
13.85.19.205

/index.php
/controller/blog load fail.
2017-08-25 14:27:39
13.85.19.205

/index.php
/controller/wordpress load fail.
2017-08-25 14:27:39
13.85.19.205

/index.php
/controller/wp load fail.
2017-08-25 14:27:39
13.85.19.205

/index.php
/controller/static load fail.
2017-08-25 15:15:43
123.120.62.29

/index.php
/controller/static load fail.
2017-08-25 15:15:43
123.120.62.29

/index.php
/controller/static load fail.
2017-08-25 15:15:44
123.120.62.29

/index.php
/controller/static load fail.
2017-08-25 15:15:47
123.120.62.29

/index.php
/controller/static load fail.
2017-08-25 15:15:50
123.120.62.29

/index.php
/controller/static load fail.
2017-08-25 15:15:55
123.120.62.29

/index.php
/controller/static load fail.
2017-08-25 15:15:55
123.120.62.29

/index.php
/controller/static load fail.
2017-08-25 15:19:07
123.120.62.29

/index.php
/controller/static load fail.
2017-08-25 15:28:43
123.120.62.29

/index.php
/controller/static load fail.
2017-08-25 15:28:43
123.120.62.29

/index.php
/controller/static load fail.
2017-08-25 15:28:52
123.120.62.29

/index.php
/controller/static load fail.
2017-08-25 15:28:52
123.120.62.29

/index.php
/controller/static load fail.
2017-08-25 15:28:59
123.120.62.29

/index.php
/controller/static load fail.
2017-08-25 15:28:59
123.120.62.29

/index.php
/controller/static load fail.
2017-08-25 15:33:20
220.166.211.10

/index.php
/controller/static load fail.
2017-08-25 15:33:20
220.166.211.10

/index.php
/controller/static load fail.
2017-08-25 15:33:36
220.166.211.10

/index.php
/controller/static load fail.
2017-08-25 15:33:36
220.166.211.10

/index.php
/controller/static load fail.
2017-08-25 15:33:36
220.166.211.10

/index.php
/controller/static load fail.
2017-08-25 15:34:15
123.120.62.29

/index.php
/controller/static load fail.
2017-08-25 15:34:18
123.120.62.29

/index.php
/controller/static load fail.
2017-08-25 15:34:20
123.120.62.29

/index.php
/controller/static load fail.
2017-08-25 15:34:40
123.120.62.29

/index.php
/controller/static load fail.
2017-08-25 15:34:43
123.120.62.29

/index.php
/controller/static load fail.
2017-08-25 15:34:51
220.166.211.10

/index.php
/controller/static load fail.
2017-08-25 15:34:51
220.166.211.10

/index.php
/controller/static load fail.
2017-08-25 15:34:51
220.166.211.10

/index.php
/controller/static load fail.
2017-08-25 15:35:28
123.120.62.29

/index.php
/controller/static load fail.
2017-08-25 15:35:30
123.120.62.29

/index.php
/controller/static load fail.
2017-08-25 15:35:33
123.120.62.29

/index.php
/controller/static load fail.
2017-08-25 15:35:35
123.120.62.29

/index.php
/controller/static load fail.
2017-08-25 15:35:42
123.120.62.29

/index.php
/controller/static load fail.
2017-08-25 15:35:44
123.120.62.29

/index.php
/controller/static load fail.
2017-08-25 15:35:47
123.120.62.29

/index.php
/controller/static load fail.
2017-08-25 15:36:26
123.120.62.29

/index.php
/controller/static load fail.
2017-08-25 15:36:32
123.120.62.29

/index.php
/controller/static load fail.
2017-08-25 15:36:34
123.120.62.29

/index.php
/controller/static load fail.
2017-08-25 15:38:29
220.166.211.10

/index.php
/controller/static load fail.
2017-08-25 15:38:29
125.69.67.109

/index.php
/controller/static load fail.
2017-08-25 15:38:29
125.69.67.109

/index.php
/controller/static load fail.
2017-08-25 15:38:30
220.166.211.10

/index.php
/controller/static load fail.
2017-08-25 15:38:34
220.166.211.10

/index.php
/controller/static load fail.
2017-08-25 15:38:38
220.166.211.10

/index.php
/controller/static load fail.
2017-08-25 15:39:22
123.120.62.29

/index.php
/controller/static load fail.
2017-08-25 15:39:22
123.120.62.29

/index.php
/controller/static load fail.
2017-08-25 15:39:22
123.120.62.29

/index.php
/controller/static load fail.
2017-08-25 16:00:28
123.120.62.29

/index.php
/controller/static load fail.
2017-08-25 16:00:32
123.120.62.29

/index.php
/controller/static load fail.
2017-08-25 16:00:42
123.120.62.29

/index.php
/controller/static load fail.
2017-08-25 16:00:51
123.120.62.29

/index.php
/controller/static load fail.
2017-08-25 16:49:08
220.166.211.10

/index.php
/controller/static load fail.
2017-08-25 16:49:13
220.166.211.10

/index.php
/controller/static load fail.
2017-08-25 16:49:15
220.166.211.10

/index.php
/controller/static load fail.
2017-08-25 16:49:17
220.166.211.10

/index.php
/controller/static load fail.
2017-08-25 16:51:21
220.166.211.10

/index.php
/controller/pay load fail.
2017-08-25 16:51:43
220.166.211.10

/index.php
/controller/static load fail.
2017-08-25 16:53:44
220.166.211.10

/index.php
/controller/static load fail.
2017-08-25 16:53:44
220.166.211.10

/index.php
/controller/static load fail.
2017-08-25 16:53:44
220.166.211.10

/index.php
/controller/static load fail.
2017-08-25 16:58:31
220.166.211.10

/index.php
/controller/static load fail.
2017-08-25 16:58:32
220.166.211.10

/index.php
/controller/static load fail.
2017-08-25 16:58:33
220.166.211.10

/index.php
/controller/static load fail.
2017-08-25 16:59:22
220.166.211.10

/index.php
/controller/static load fail.
2017-08-25 16:59:36
220.166.211.10

/index.php
/controller/static load fail.
2017-08-25 16:59:37
220.166.211.10

/index.php
/controller/static load fail.
2017-08-25 16:59:38
220.166.211.10

/index.php
/controller/static load fail.
2017-08-25 16:59:39
220.166.211.10

/index.php
/controller/static load fail.
2017-08-25 16:59:39
220.166.211.10

/index.php
/controller/static load fail.
2017-08-25 16:59:41
220.166.211.10

/index.php
/controller/static load fail.
2017-08-25 16:59:42
220.166.211.10

/index.php
/controller/static load fail.
2017-08-25 16:59:43
220.166.211.10

/index.php
/controller/static load fail.
2017-08-25 16:59:44
220.166.211.10

/index.php
/controller/static load fail.
2017-08-25 16:59:49
220.166.211.10

/index.php
/controller/static load fail.
2017-08-25 17:01:04
125.69.67.109

/index.php
/controller/static load fail.
2017-08-25 17:01:05
125.69.67.109

/index.php
/controller/static load fail.
2017-08-25 17:01:07
220.166.211.10

/index.php
/controller/static load fail.
2017-08-25 17:01:08
125.69.67.109

/index.php
/controller/static load fail.
2017-08-25 17:01:08
220.166.211.10

/index.php
/controller/static load fail.
2017-08-25 17:01:08
220.166.211.10

/index.php
/controller/static load fail.
2017-08-25 17:01:09
220.166.211.10

/index.php
/controller/static load fail.
2017-08-25 17:01:14
220.166.211.10

/index.php
/controller/static load fail.
2017-08-25 17:11:03
220.166.211.10

/index.php
/controller/static load fail.
2017-08-25 17:11:05
220.166.211.10

/index.php
/controller/static load fail.
2017-08-25 17:11:06
220.166.211.10

/index.php
/controller/static load fail.
2017-08-25 17:11:07
220.166.211.10

/index.php
/controller/static load fail.
2017-08-25 17:11:50
220.166.211.10

/index.php
/controller/static load fail.
2017-08-25 17:12:17
125.69.67.109

/index.php
/controller/pay load fail.
2017-08-25 17:12:32
125.69.67.109

/index.php
/controller/pay load fail.
2017-08-25 17:12:37
125.69.67.109

/index.php
/controller/static load fail.
2017-08-25 17:12:50
125.69.67.109

/index.php
/controller/ftpay load fail.
2017-08-25 17:12:53
47.91.242.241

/index.php
/controller/ftpay load fail.
2017-08-25 17:12:56
47.91.242.241

/index.php
/controller/static load fail.
2017-08-25 17:14:50
123.120.62.29

/index.php
/controller/static load fail.
2017-08-25 17:14:50
123.120.62.29

/index.php
/controller/static load fail.
2017-08-25 17:16:08
220.166.211.10

/index.php
/controller/static load fail.
2017-08-25 17:22:34
123.120.62.29

/index.php
/controller/static load fail.
2017-08-25 17:22:37
123.120.62.29

/index.php
/controller/static load fail.
2017-08-25 17:22:42
123.120.62.29

/index.php
/controller/static load fail.
2017-08-25 17:22:44
123.120.62.29

/index.php
/controller/static load fail.
2017-08-25 17:26:12
220.166.211.10

/index.php
/controller/static load fail.
2017-08-25 17:26:12
220.166.211.10

/index.php
/controller/static load fail.
2017-08-25 17:26:12
220.166.211.10

/index.php
/controller/static load fail.
2017-08-25 17:37:13
220.166.211.10

/index.php
/controller/static load fail.
2017-08-25 17:42:16
123.120.62.29

/index.php
/controller/static load fail.
2017-08-25 17:42:16
123.120.62.29

/index.php
/controller/static load fail.
2017-08-25 17:42:16
123.120.62.29

/index.php
/controller/static load fail.
2017-08-25 17:42:18
123.120.62.29

/index.php
/controller/static load fail.
2017-08-25 17:42:22
123.120.62.29

/index.php
/controller/static load fail.
2017-08-25 17:42:26
123.120.62.29

/index.php
/controller/static load fail.
2017-08-25 17:42:27
123.120.62.29

/index.php
/controller/static load fail.
2017-08-25 17:42:53
123.120.62.29

/index.php
/controller/static load fail.
2017-08-25 17:42:58
123.120.62.29

/index.php
/controller/pay load fail.
2017-08-25 17:43:14
220.166.211.10

/index.php
/controller/pay load fail.
2017-08-25 17:43:19
220.166.211.10

/index.php
/controller/pay load fail.
2017-08-25 17:44:00
220.166.211.10

/index.php
/controller/pay load fail.
2017-08-25 17:44:04
220.166.211.10

/index.php
/controller/static load fail.
2017-08-25 17:45:55
125.69.67.109

/index.php
/controller/static load fail.
2017-08-25 17:45:58
125.69.67.109

/index.php
/controller/static load fail.
2017-08-25 17:46:01
125.69.67.109

/index.php
/controller/static load fail.
2017-08-25 17:46:05
125.69.67.109

/index.php
/controller/static load fail.
2017-08-25 17:48:03
220.166.211.10

/index.php
/controller/static load fail.
2017-08-25 17:48:08
220.166.211.10

/index.php
/controller/pay load fail.
2017-08-25 17:48:43
220.166.211.10

/index.php
/controller/static load fail.
2017-08-25 17:49:43
220.166.211.10

/index.php
/controller/pay load fail.
2017-08-25 17:51:00
220.166.211.10

/index.php
/controller/pay load fail.
2017-08-25 17:51:04
220.166.211.10

/index.php
/controller/static load fail.
2017-08-25 17:51:30
123.120.62.29

/index.php
/controller/pay load fail.
2017-08-25 17:51:31
220.166.211.10

/index.php
/controller/static load fail.
2017-08-25 17:51:33
123.120.62.29

/index.php
/controller/pay load fail.
2017-08-25 17:51:57
220.166.211.10

/index.php
/controller/view load fail.
2017-08-25 17:55:16
220.166.211.10

/index.php
/controller/view load fail.
2017-08-25 17:55:16
220.166.211.10

/index.php
/controller/static load fail.
2017-08-25 17:55:31
125.69.67.109

/index.php
/controller/static load fail.
2017-08-25 17:55:31
220.166.211.10

/index.php
/controller/static load fail.
2017-08-25 17:55:31
220.166.211.10

/index.php
/controller/static load fail.
2017-08-25 18:02:52
220.166.211.10

/index.php
/controller/static load fail.
2017-08-25 18:02:53
220.166.211.10

/index.php
/controller/static load fail.
2017-08-25 18:02:54
220.166.211.10

/index.php
/controller/static load fail.
2017-08-25 18:02:59
220.166.211.10

/index.php
/controller/static load fail.
2017-08-25 18:03:00
220.166.211.10

/index.php
/controller/static load fail.
2017-08-25 18:03:01
220.166.211.10

/index.php
/controller/static load fail.
2017-08-25 18:03:03
220.166.211.10

/index.php
/controller/static load fail.
2017-08-25 18:04:56
220.166.211.10

/index.php
/controller/static load fail.
2017-08-25 18:08:42
220.166.211.10

/index.php
/controller/pay load fail.
2017-08-25 18:10:36
220.166.211.10

/index.php
/controller/ftpay load fail.
2017-08-25 18:11:37
111.34.103.158

/index.php
/controller/ftpay load fail.
2017-08-25 18:11:39
47.91.242.241

/index.php
/controller/static load fail.
2017-08-25 18:11:49
220.166.211.10

/index.php
/controller/ftpay load fail.
2017-08-25 18:12:29
111.34.103.158

/index.php
/controller/ftpay load fail.
2017-08-25 18:12:39
47.91.242.241

/index.php
/controller/static load fail.
2017-08-25 18:13:28
220.166.211.10

/index.php
/controller/ftpay load fail.
2017-08-25 18:14:03
47.91.242.241

/index.php
/controller/ftpay load fail.
2017-08-25 18:14:03
123.120.62.29

/index.php
/controller/static load fail.
2017-08-25 18:16:05
123.120.62.29

/index.php
/controller/static load fail.
2017-08-25 18:16:05
123.120.62.29

/index.php
/controller/static load fail.
2017-08-25 18:16:05
123.120.62.29

/index.php
/controller/admin load fail.
2017-08-25 18:16:14
123.120.62.29

/index.php
/controller/static load fail.
2017-08-25 18:45:20
125.69.67.109

/index.php
/controller/static load fail.
2017-08-25 18:45:20
125.69.67.109

/index.php
/controller/static load fail.
2017-08-25 18:45:20
125.69.67.109

/index.php
/controller/static load fail.
2017-08-25 18:45:27
125.69.67.109

/index.php
/controller/static load fail.
2017-08-25 18:45:28
125.69.67.109

/index.php
/controller/static load fail.
2017-08-25 18:46:05
220.166.211.10

/index.php
/controller/static load fail.
2017-08-25 18:46:06
220.166.211.10

/index.php
/controller/static load fail.
2017-08-25 18:47:04
112.65.191.161

/index.php
/controller/static load fail.
2017-08-25 18:47:47
112.65.191.161

/index.php
/controller/static load fail.
2017-08-25 18:47:51
112.65.191.161

/index.php
/controller/static load fail.
2017-08-25 18:49:14
220.166.211.10

/index.php
/controller/static load fail.
2017-08-25 18:49:14
220.166.211.10

/index.php
/controller/static load fail.
2017-08-25 18:49:14
220.166.211.10

/index.php
/controller/static load fail.
2017-08-25 18:54:35
112.65.191.161

/index.php
/controller/static load fail.
2017-08-25 18:54:40
112.65.191.161

/index.php
/controller/static load fail.
2017-08-25 20:26:23
111.34.103.158

/index.php
/controller/static load fail.
2017-08-25 20:26:23
111.34.103.158

/index.php
/controller/static load fail.
2017-08-25 20:26:24
111.34.103.158

/index.php
/controller/static load fail.
2017-08-25 20:26:35
111.34.103.158

/index.php
/controller/static load fail.
2017-08-25 20:26:35
111.34.103.158

/index.php
/controller/static load fail.
2017-08-25 20:26:35
111.34.103.158

/index.php
/controller/static load fail.
2017-08-25 22:51:44
220.166.211.10

/index.php
/controller/static load fail.
2017-08-25 22:51:44
220.166.211.10

/index.php
/controller/static load fail.
2017-08-25 22:51:44
220.166.211.10

/index.php
/controller/static load fail.
2017-08-25 22:55:17
112.65.191.3

/index.php
/controller/static load fail.
2017-08-25 22:55:17
112.65.191.3

/index.php
/controller/static load fail.
2017-08-25 22:55:17
112.65.191.3

/index.php
/controller/static load fail.
2017-08-25 22:55:33
220.166.211.10

/index.php
/controller/static load fail.
2017-08-25 22:55:33
220.166.211.10

/index.php
/controller/static load fail.
2017-08-25 22:55:33
220.166.211.10

/index.php
/controller/static load fail.
2017-08-25 22:56:25
112.65.191.3

/index.php
/controller/static load fail.
2017-08-25 22:56:25
112.65.191.3

/index.php
/controller/static load fail.
2017-08-25 22:56:25
112.65.191.3

/index.php
/controller/static load fail.
2017-08-25 22:57:15
112.65.191.3

/index.php
/controller/static load fail.
2017-08-25 22:57:15
112.65.191.3

/index.php
/controller/static load fail.
2017-08-25 22:57:15
112.65.191.3

/index.php
/controller/static load fail.
2017-08-25 23:24:46
125.69.67.109

/index.php
/controller/static load fail.
2017-08-25 23:24:46
220.166.211.10

/index.php
/controller/static load fail.
2017-08-25 23:24:46
125.69.67.109

/index.php
/controller/static load fail.
2017-08-25 23:24:48
220.166.211.10

/index.php
/controller/static load fail.
2017-08-25 23:24:51
220.166.211.10

/index.php
/controller/static load fail.
2017-08-25 23:24:52
125.69.67.109

/index.php
/controller/static load fail.
2017-08-25 23:24:53
125.69.67.109

/index.php
/controller/static load fail.
2017-08-25 23:24:59
220.166.211.10

/index.php
/controller/static load fail.
2017-08-25 23:25:00
220.166.211.10

/index.php
/controller/static load fail.
2017-08-25 23:25:03
220.166.211.10

/index.php
/controller/static load fail.
2017-08-25 23:25:05
220.166.211.10

/index.php
/controller/static load fail.
2017-08-25 23:25:08
220.166.211.10

/index.php
/controller/static load fail.
2017-08-25 23:25:10
220.166.211.10

/index.php
/controller/static load fail.
2017-08-25 23:25:10
220.166.211.10

/index.php
/controller/static load fail.
2017-08-25 23:25:11
220.166.211.10

/index.php
/controller/static load fail.
2017-08-25 23:25:12
220.166.211.10

/index.php
/controller/static load fail.
2017-08-25 23:25:14
220.166.211.10

/index.php
/controller/static load fail.
2017-08-25 23:25:15
220.166.211.10

/index.php
/controller/static load fail.
2017-08-25 23:25:17
220.166.211.10

/index.php
/controller/static load fail.
2017-08-25 23:25:20
220.166.211.10

/index.php
/controller/static load fail.
2017-08-25 23:27:59
220.166.211.10

/index.php
/controller/static load fail.
2017-08-25 23:28:01
220.166.211.10

/index.php
/controller/static load fail.
2017-08-25 23:30:55
220.166.211.10

/index.php
/controller/static load fail.
2017-08-25 23:31:17
220.166.211.10

/index.php
/controller/static load fail.
2017-08-25 23:31:17
220.166.211.10

/index.php
/controller/static load fail.
2017-08-25 23:31:18
220.166.211.10

/index.php
/controller/static load fail.
2017-08-25 23:31:19
220.166.211.10

/index.php
/controller/static load fail.
2017-08-25 23:31:20
220.166.211.10

/index.php
/controller/static load fail.
2017-08-25 23:31:21
220.166.211.10

/index.php
/controller/static load fail.
2017-08-25 23:36:07
220.166.211.10

/index.php
/controller/static load fail.
2017-08-25 23:36:19
220.166.211.10

/index.php
/controller/static load fail.
2017-08-25 23:46:11
220.166.211.10

/index.php
/controller/static load fail.
2017-08-25 23:46:13
220.166.211.10

/index.php
/controller/static load fail.
2017-08-25 23:46:14
220.166.211.10

