/index.php/static/assets/css/app1.css
/controller/static load fail.
2018-01-29 09:18:24
113.57.89.18

/index.php/static/assets/css/app1.css
/controller/static load fail.
2018-01-29 09:18:42
223.104.30.106

/index.php/static/assets/css/app1.css
/controller/static load fail.
2018-01-29 09:26:32
223.104.30.106

/index.php/static/assets/css/app1.css
/controller/static load fail.
2018-01-29 09:37:30
223.157.81.197

/index.php/static/assets/css/app1.css
/controller/static load fail.
2018-01-29 09:42:34
223.157.81.197

/index.php/static/assets/css/app1.css
/controller/static load fail.
2018-01-29 09:59:29
220.202.152.102

/index.php/static/assets/css/app1.css
/controller/static load fail.
2018-01-29 09:59:46
220.202.152.102

/index.php/static/assets/css/app1.css
/controller/static load fail.
2018-01-29 10:05:24
223.104.30.106

/index.php/static/assets/css/app1.css
/controller/static load fail.
2018-01-29 10:09:40
183.222.135.88

/index.php/static/assets/css/app1.css
/controller/static load fail.
2018-01-29 10:09:59
223.104.30.106

/index.php/static/assets/css/app1.css
/controller/static load fail.
2018-01-29 10:56:46
182.138.102.29

/index.php/static/assets/css/app1.css
/controller/static load fail.
2018-01-29 11:17:18
59.63.206.200

/index.php/static/assets/css/app1.css
/controller/static load fail.
2018-01-29 11:23:14
122.224.55.211

/index.php/static/assets/css/app1.css
/controller/static load fail.
2018-01-29 11:23:41
122.224.55.211

/index.php/static/assets/css/app1.css
/controller/static load fail.
2018-01-29 11:24:18
122.224.55.211

/index.php/static/assets/css/app1.css
/controller/static load fail.
2018-01-29 11:26:12
122.224.55.211

/index.php/upload/api.pdf
/controller/upload load fail.
2018-01-29 11:44:22
106.2.234.10

/index.php/register7
/controller/register7 load fail.
2018-01-29 12:08:19
112.90.82.218

/index.php/register7
/controller/register7 load fail.
2018-01-29 12:08:59
122.224.55.211

/index.php/register7
/controller/register7 load fail.
2018-01-29 12:09:18
120.204.17.71

/index.php/register7
/controller/register7 load fail.
2018-01-29 12:09:22
122.224.55.211

/index.php/static/assets/css/app1.css
/controller/static load fail.
2018-01-29 12:09:36
122.224.55.211

/index.php/upload/api.pdf
/controller/upload load fail.
2018-01-29 12:16:52
122.224.55.211

/index.php/upload/api.pdf
/controller/upload load fail.
2018-01-29 12:16:56
122.224.55.211

/index.php/demo/images/pay.pg
/controller/demo load fail.
2018-01-29 12:50:08
106.2.234.10

/index.php/demo/images/pay.pg
/controller/demo load fail.
2018-01-29 12:50:08
106.2.234.10

/index.php/static/assets/css/app1.css
/controller/static load fail.
2018-01-29 13:01:34
61.148.245.26

/index.php/static/assets/css/app1.css
/controller/static load fail.
2018-01-29 13:03:57
110.190.140.4

/index.php/static/assets/css/app1.css
/controller/static load fail.
2018-01-29 13:06:43
223.104.63.190

/index.php/static/assets/css/app1.css
/controller/static load fail.
2018-01-29 13:06:52
223.104.63.190

/index.php/static/assets/css/app1.css
/controller/static load fail.
2018-01-29 13:10:31
110.52.94.66

/index.php/static/assets/css/app1.css
/controller/static load fail.
2018-01-29 14:19:02
183.11.36.197

/index.php/static/assets/css/app1.css
/controller/static load fail.
2018-01-29 14:37:19
111.206.36.133

/index.php/demo/need/layer.css
/controller/demo load fail.
2018-01-29 14:53:31
36.102.228.80

/index.php/demo/need/layer.css
/controller/demo load fail.
2018-01-29 14:53:36
183.42.59.102

/index.php/demo/need/layer.css
/controller/demo load fail.
2018-01-29 14:53:53
183.42.59.102

/index.php/demo/need/layer.css
/controller/demo load fail.
2018-01-29 14:54:08
36.102.228.80

/index.php/demo/need/layer.css
/controller/demo load fail.
2018-01-29 14:54:15
183.42.59.102

/index.php/demo/need/layer.css
/controller/demo load fail.
2018-01-29 14:54:31
36.102.228.80

/index.php/demo/need/layer.css
/controller/demo load fail.
2018-01-29 14:56:51
183.42.59.102

/index.php/static/assets/css/app1.css
/controller/static load fail.
2018-01-29 15:01:15
113.57.89.18

/index.php/static/assets/css/app1.css
/controller/static load fail.
2018-01-29 15:01:39
113.57.89.112

/index.php/static/assets/css/app1.css
/controller/static load fail.
2018-01-29 15:02:08
113.57.89.18

/index.php/static/assets/css/app1.css
/controller/static load fail.
2018-01-29 15:02:43
113.57.182.66

/index.php/static/assets/css/app1.css
/controller/static load fail.
2018-01-29 15:09:04
119.103.0.124

/index.php/static/assets/css/app1.css
/controller/static load fail.
2018-01-29 15:26:14
106.2.234.10

/index.php/static/assets/css/app1.css
/controller/static load fail.
2018-01-29 15:28:23
61.151.178.167

/index.php/static/assets/css/app1.css
/controller/static load fail.
2018-01-29 15:33:17
36.63.75.209

/index.php/static/assets/css/app1.css
/controller/static load fail.
2018-01-29 15:39:05
122.224.55.211

/index.php/member/Bankcard
/controller/member/Bankcard load fail.
2018-01-29 15:47:44
36.102.228.80

/index.php/static/assets/css/app1.css
/controller/static load fail.
2018-01-29 15:48:02
122.224.55.211

/index.php/static/assets/css/app1.css
/controller/static load fail.
2018-01-29 15:48:31
123.125.143.17

/index.php/member/Bankcard
/controller/member/Bankcard load fail.
2018-01-29 15:50:13
36.102.228.80

/index.php/static/assets/css/app1.css
/controller/static load fail.
2018-01-29 15:55:16
121.238.58.248

/index.php/static/assets/css/app1.css
/controller/static load fail.
2018-01-29 15:55:48
121.238.58.248

/index.php/static/assets/css/app1.css
/controller/static load fail.
2018-01-29 15:58:00
121.238.58.248

/index.php/static/assets/css/app1.css
/controller/static load fail.
2018-01-29 16:06:57
122.224.55.211

/index.php/static/assets/css/app1.css
/controller/static load fail.
2018-01-29 16:13:13
163.125.83.108

/index.php/static/assets/css/app1.css
/controller/static load fail.
2018-01-29 16:13:45
117.136.0.164

/index.php/static/assets/css/app1.css
/controller/static load fail.
2018-01-29 16:27:53
122.224.55.211

/index.php/static/assets/css/app1.css
/controller/static load fail.
2018-01-29 16:27:56
113.57.89.18

/index.php/static/assets/css/app1.css
/controller/static load fail.
2018-01-29 16:28:02
113.108.12.154

/index.php/static/assets/css/app1.css
/controller/static load fail.
2018-01-29 16:28:09
14.106.226.103

/index.php/static/assets/css/app1.css
/controller/static load fail.
2018-01-29 16:28:32
14.106.226.103

/index.php/static/assets/css/app1.css
/controller/static load fail.
2018-01-29 16:29:00
14.106.226.103

/index.php/static/assets/css/app1.css
/controller/static load fail.
2018-01-29 16:34:02
223.104.20.135

/index.php/static/assets/css/app1.css
/controller/static load fail.
2018-01-29 16:34:27
171.115.142.22

/index.php/static/assets/css/app1.css
/controller/static load fail.
2018-01-29 16:39:38
14.106.226.103

/index.php/static/assets/css/app1.css
/controller/static load fail.
2018-01-29 16:40:01
223.104.20.135

/index.php/static/assets/css/app1.css
/controller/static load fail.
2018-01-29 16:46:18
122.224.55.211

/index.php/static/assets/css/app1.css
/controller/static load fail.
2018-01-29 16:47:59
223.104.20.135

/index.php/static/assets/css/app1.css
/controller/static load fail.
2018-01-29 17:22:42
223.104.20.135

/index.php/member/bankcard/editsave
error in D:\wwwroot\zf.zx513.com\app\libs\Db.php 80
SQLSTATE[42S22]: Column not found: 1054 Unknown column 'verifycode' in 'field list'
INSERT INTO wy_userinfo (realname,idcard,batype,baname,baaddr,verifycode,phone) VALUES(?,?,?,?,?,?,?)
[file]D:\wwwroot\zf.zx513.com\app\libs\Model.php
[line]199
[class]WY\app\libs\Db
2018-01-29 17:31:29
36.102.228.80

/index.php/member/bankcard/editsave
error in D:\wwwroot\zf.zx513.com\app\libs\Db.php 80
SQLSTATE[42S22]: Column not found: 1054 Unknown column 'verifycode' in 'field list'
INSERT INTO wy_userinfo (realname,idcard,batype,baname,baaddr,verifycode,phone) VALUES(?,?,?,?,?,?,?)
[file]D:\wwwroot\zf.zx513.com\app\libs\Model.php
[line]199
[class]WY\app\libs\Db
2018-01-29 17:31:42
36.102.228.80

/index.php/member/bankcard/editsave
error in D:\wwwroot\zf.zx513.com\app\libs\Db.php 80
SQLSTATE[42S22]: Column not found: 1054 Unknown column 'verifycode' in 'field list'
INSERT INTO wy_userinfo (realname,idcard,batype,baname,baaddr,verifycode,phone) VALUES(?,?,?,?,?,?,?)
[file]D:\wwwroot\zf.zx513.com\app\libs\Model.php
[line]199
[class]WY\app\libs\Db
2018-01-29 17:31:53
36.102.228.80

/index.php/member/bankcard/editsave
error in D:\wwwroot\zf.zx513.com\app\libs\Db.php 80
SQLSTATE[42S22]: Column not found: 1054 Unknown column 'verifycode' in 'field list'
INSERT INTO wy_userinfo (realname,idcard,batype,baname,baaddr,verifycode,phone) VALUES(?,?,?,?,?,?,?)
[file]D:\wwwroot\zf.zx513.com\app\libs\Model.php
[line]199
[class]WY\app\libs\Db
2018-01-29 17:32:55
36.102.228.80

/index.php/fonts/glyphicons-halflings-regular.eot
/controller/fonts load fail.
2018-01-29 17:51:41
36.102.228.80

/index.php/static/common/glyphicons-halflings-regular.eot
/controller/static load fail.
2018-01-29 17:52:04
36.102.228.80

/index.php/fonts/glyphicons-halflings-regular.eot
/controller/fonts load fail.
2018-01-29 17:52:06
36.102.228.80

/index.php/static/common/glyphicons-halflings-regular.eot
/controller/static load fail.
2018-01-29 17:52:18
36.102.228.80

/index.php/fonts/glyphicons-halflings-regular.eot
/controller/fonts load fail.
2018-01-29 17:52:20
36.102.228.80

/index.php/static/assets/css/app1.css
/controller/static load fail.
2018-01-29 17:53:46
36.102.228.80

/index.php/fonts/glyphicons-halflings-regular.eot
/controller/fonts load fail.
2018-01-29 18:00:51
36.102.228.80

/index.php/member/bankcard/editsave
error in D:\wwwroot\zf.zx513.com\app\libs\Db.php 80
SQLSTATE[42S22]: Column not found: 1054 Unknown column 'verifycode' in 'field list'
INSERT INTO wy_userinfo (realname,idcard,batype,baname,baaddr,verifycode,phone) VALUES(?,?,?,?,?,?,?)
[file]D:\wwwroot\zf.zx513.com\app\libs\Model.php
[line]199
[class]WY\app\libs\Db
2018-01-29 18:02:42
36.102.228.80

/index.php/member/bankcard/editsave
error in D:\wwwroot\zf.zx513.com\app\libs\Db.php 80
SQLSTATE[42S22]: Column not found: 1054 Unknown column 'verifycode' in 'field list'
INSERT INTO wy_userinfo (realname,idcard,batype,baname,baaddr,verifycode,phone) VALUES(?,?,?,?,?,?,?)
[file]D:\wwwroot\zf.zx513.com\app\libs\Model.php
[line]199
[class]WY\app\libs\Db
2018-01-29 18:03:26
36.102.228.80

/index.php/member/bankcard/editsave
error in D:\wwwroot\zf.zx513.com\app\libs\Db.php 80
SQLSTATE[42S22]: Column not found: 1054 Unknown column 'verifycode' in 'field list'
INSERT INTO wy_userinfo (realname,idcard,batype,baname,baaddr,verifycode,phone) VALUES(?,?,?,?,?,?,?)
[file]D:\wwwroot\zf.zx513.com\app\libs\Model.php
[line]199
[class]WY\app\libs\Db
2018-01-29 18:03:28
36.102.228.80

/index.php/member/bankcard/editsave
error in D:\wwwroot\zf.zx513.com\app\libs\Db.php 80
SQLSTATE[42S22]: Column not found: 1054 Unknown column 'verifycode' in 'field list'
INSERT INTO wy_userinfo (realname,idcard,batype,baname,baaddr,verifycode,phone) VALUES(?,?,?,?,?,?,?)
[file]D:\wwwroot\zf.zx513.com\app\libs\Model.php
[line]199
[class]WY\app\libs\Db
2018-01-29 18:03:29
36.102.228.80

/index.php/member/bankcard/editsave
error in D:\wwwroot\zf.zx513.com\app\libs\Db.php 80
SQLSTATE[42S22]: Column not found: 1054 Unknown column 'verifycode' in 'field list'
INSERT INTO wy_userinfo (realname,idcard,batype,baname,baaddr,verifycode,phone) VALUES(?,?,?,?,?,?,?)
[file]D:\wwwroot\zf.zx513.com\app\libs\Model.php
[line]199
[class]WY\app\libs\Db
2018-01-29 18:03:29
36.102.228.80

/index.php/member/bankcard/editsave
error in D:\wwwroot\zf.zx513.com\app\libs\Db.php 80
SQLSTATE[42S22]: Column not found: 1054 Unknown column 'verifycode' in 'field list'
INSERT INTO wy_userinfo (realname,idcard,batype,baname,baaddr,verifycode,phone) VALUES(?,?,?,?,?,?,?)
[file]D:\wwwroot\zf.zx513.com\app\libs\Model.php
[line]199
[class]WY\app\libs\Db
2018-01-29 18:03:29
36.102.228.80

/index.php/member/bankcard/editsave
error in D:\wwwroot\zf.zx513.com\app\libs\Db.php 80
SQLSTATE[42S22]: Column not found: 1054 Unknown column 'verifycode' in 'field list'
INSERT INTO wy_userinfo (realname,idcard,batype,baname,baaddr,verifycode,phone) VALUES(?,?,?,?,?,?,?)
[file]D:\wwwroot\zf.zx513.com\app\libs\Model.php
[line]199
[class]WY\app\libs\Db
2018-01-29 18:03:29
36.102.228.80

/index.php/member/bankcard/editsave
error in D:\wwwroot\zf.zx513.com\app\libs\Db.php 80
SQLSTATE[42S22]: Column not found: 1054 Unknown column 'verifycode' in 'field list'
INSERT INTO wy_userinfo (realname,idcard,batype,baname,baaddr,verifycode,phone) VALUES(?,?,?,?,?,?,?)
[file]D:\wwwroot\zf.zx513.com\app\libs\Model.php
[line]199
[class]WY\app\libs\Db
2018-01-29 18:03:29
36.102.228.80

/index.php/member/bankcard/editsave
error in D:\wwwroot\zf.zx513.com\app\libs\Db.php 80
SQLSTATE[42S22]: Column not found: 1054 Unknown column 'verifycode' in 'field list'
INSERT INTO wy_userinfo (realname,idcard,batype,baname,baaddr,verifycode,phone) VALUES(?,?,?,?,?,?,?)
[file]D:\wwwroot\zf.zx513.com\app\libs\Model.php
[line]199
[class]WY\app\libs\Db
2018-01-29 18:03:30
36.102.228.80

/index.php/member/bankcard/editsave
error in D:\wwwroot\zf.zx513.com\app\libs\Db.php 80
SQLSTATE[42S22]: Column not found: 1054 Unknown column 'verifycode' in 'field list'
INSERT INTO wy_userinfo (realname,idcard,batype,baname,baaddr,verifycode,phone) VALUES(?,?,?,?,?,?,?)
[file]D:\wwwroot\zf.zx513.com\app\libs\Model.php
[line]199
[class]WY\app\libs\Db
2018-01-29 18:03:30
36.102.228.80

/index.php/member/bankcard/editsave
error in D:\wwwroot\zf.zx513.com\app\libs\Db.php 80
SQLSTATE[42S22]: Column not found: 1054 Unknown column 'verifycode' in 'field list'
INSERT INTO wy_userinfo (realname,idcard,batype,baname,baaddr,verifycode,phone) VALUES(?,?,?,?,?,?,?)
[file]D:\wwwroot\zf.zx513.com\app\libs\Model.php
[line]199
[class]WY\app\libs\Db
2018-01-29 18:03:30
36.102.228.80

/index.php/member/bankcard/editsave
error in D:\wwwroot\zf.zx513.com\app\libs\Db.php 80
SQLSTATE[42S22]: Column not found: 1054 Unknown column 'verifycode' in 'field list'
INSERT INTO wy_userinfo (realname,idcard,batype,baname,baaddr,verifycode,phone) VALUES(?,?,?,?,?,?,?)
[file]D:\wwwroot\zf.zx513.com\app\libs\Model.php
[line]199
[class]WY\app\libs\Db
2018-01-29 18:03:30
36.102.228.80

/index.php/member/bankcard/editsave
error in D:\wwwroot\zf.zx513.com\app\libs\Db.php 80
SQLSTATE[42S22]: Column not found: 1054 Unknown column 'verifycode' in 'field list'
INSERT INTO wy_userinfo (realname,idcard,batype,baname,baaddr,verifycode,phone) VALUES(?,?,?,?,?,?,?)
[file]D:\wwwroot\zf.zx513.com\app\libs\Model.php
[line]199
[class]WY\app\libs\Db
2018-01-29 18:03:31
36.102.228.80

/index.php/member/bankcard/editsave
error in D:\wwwroot\zf.zx513.com\app\libs\Db.php 80
SQLSTATE[42S22]: Column not found: 1054 Unknown column 'verifycode' in 'field list'
INSERT INTO wy_userinfo (realname,idcard,batype,baname,baaddr,verifycode,phone) VALUES(?,?,?,?,?,?,?)
[file]D:\wwwroot\zf.zx513.com\app\libs\Model.php
[line]199
[class]WY\app\libs\Db
2018-01-29 18:03:59
36.102.228.80

/index.php/member/bankcard/editsave
error in D:\wwwroot\zf.zx513.com\app\libs\Db.php 80
SQLSTATE[42S22]: Column not found: 1054 Unknown column 'verifycode' in 'field list'
INSERT INTO wy_userinfo (realname,idcard,batype,baname,baaddr,verifycode,phone) VALUES(?,?,?,?,?,?,?)
[file]D:\wwwroot\zf.zx513.com\app\libs\Model.php
[line]199
[class]WY\app\libs\Db
2018-01-29 18:04:27
36.102.228.80

/index.php/member/bankcard/editsave
error in D:\wwwroot\zf.zx513.com\app\libs\Db.php 80
SQLSTATE[42S22]: Column not found: 1054 Unknown column 'verifycode' in 'field list'
INSERT INTO wy_userinfo (realname,idcard,batype,baname,baaddr,verifycode,phone) VALUES(?,?,?,?,?,?,?)
[file]D:\wwwroot\zf.zx513.com\app\libs\Model.php
[line]199
[class]WY\app\libs\Db
2018-01-29 18:04:28
36.102.228.80

/index.php/member/bankcard/editsave
error in D:\wwwroot\zf.zx513.com\app\libs\Db.php 80
SQLSTATE[42S22]: Column not found: 1054 Unknown column 'verifycode' in 'field list'
INSERT INTO wy_userinfo (realname,idcard,batype,baname,baaddr,verifycode,phone) VALUES(?,?,?,?,?,?,?)
[file]D:\wwwroot\zf.zx513.com\app\libs\Model.php
[line]199
[class]WY\app\libs\Db
2018-01-29 18:04:28
36.102.228.80

/index.php/member/bankcard/editsave
error in D:\wwwroot\zf.zx513.com\app\libs\Db.php 80
SQLSTATE[42S22]: Column not found: 1054 Unknown column 'verifycode' in 'field list'
INSERT INTO wy_userinfo (realname,idcard,batype,baname,baaddr,verifycode,phone) VALUES(?,?,?,?,?,?,?)
[file]D:\wwwroot\zf.zx513.com\app\libs\Model.php
[line]199
[class]WY\app\libs\Db
2018-01-29 18:04:28
36.102.228.80

/index.php/member/bankcard/editsave
error in D:\wwwroot\zf.zx513.com\app\libs\Db.php 80
SQLSTATE[42S22]: Column not found: 1054 Unknown column 'verifycode' in 'field list'
INSERT INTO wy_userinfo (realname,idcard,batype,baname,baaddr,verifycode,phone) VALUES(?,?,?,?,?,?,?)
[file]D:\wwwroot\zf.zx513.com\app\libs\Model.php
[line]199
[class]WY\app\libs\Db
2018-01-29 18:04:29
36.102.228.80

/index.php/member/bankcard/editsave
error in D:\wwwroot\zf.zx513.com\app\libs\Db.php 80
SQLSTATE[42S22]: Column not found: 1054 Unknown column 'verifycode' in 'field list'
INSERT INTO wy_userinfo (realname,idcard,batype,baname,baaddr,verifycode,phone) VALUES(?,?,?,?,?,?,?)
[file]D:\wwwroot\zf.zx513.com\app\libs\Model.php
[line]199
[class]WY\app\libs\Db
2018-01-29 18:04:29
36.102.228.80

/index.php/member/bankcard/editsave
error in D:\wwwroot\zf.zx513.com\app\libs\Db.php 80
SQLSTATE[42S22]: Column not found: 1054 Unknown column 'verifycode' in 'field list'
INSERT INTO wy_userinfo (realname,idcard,batype,baname,baaddr,verifycode,phone) VALUES(?,?,?,?,?,?,?)
[file]D:\wwwroot\zf.zx513.com\app\libs\Model.php
[line]199
[class]WY\app\libs\Db
2018-01-29 18:04:29
36.102.228.80

/index.php/member/bankcard/editsave
error in D:\wwwroot\zf.zx513.com\app\libs\Db.php 80
SQLSTATE[42S22]: Column not found: 1054 Unknown column 'verifycode' in 'field list'
INSERT INTO wy_userinfo (realname,idcard,batype,baname,baaddr,verifycode,phone) VALUES(?,?,?,?,?,?,?)
[file]D:\wwwroot\zf.zx513.com\app\libs\Model.php
[line]199
[class]WY\app\libs\Db
2018-01-29 18:04:29
36.102.228.80

/index.php/member/bankcard/editsave
error in D:\wwwroot\zf.zx513.com\app\libs\Db.php 80
SQLSTATE[42S22]: Column not found: 1054 Unknown column 'verifycode' in 'field list'
INSERT INTO wy_userinfo (realname,idcard,batype,baname,baaddr,verifycode,phone) VALUES(?,?,?,?,?,?,?)
[file]D:\wwwroot\zf.zx513.com\app\libs\Model.php
[line]199
[class]WY\app\libs\Db
2018-01-29 18:04:30
36.102.228.80

/index.php/member/bankcard/editsave
error in D:\wwwroot\zf.zx513.com\app\libs\Db.php 80
SQLSTATE[42S22]: Column not found: 1054 Unknown column 'verifycode' in 'field list'
INSERT INTO wy_userinfo (realname,idcard,batype,baname,baaddr,verifycode,phone) VALUES(?,?,?,?,?,?,?)
[file]D:\wwwroot\zf.zx513.com\app\libs\Model.php
[line]199
[class]WY\app\libs\Db
2018-01-29 18:04:30
36.102.228.80

/index.php/member/bankcard/editsave
error in D:\wwwroot\zf.zx513.com\app\libs\Db.php 80
SQLSTATE[42S22]: Column not found: 1054 Unknown column 'verifycode' in 'field list'
INSERT INTO wy_userinfo (realname,idcard,batype,baname,baaddr,verifycode,phone) VALUES(?,?,?,?,?,?,?)
[file]D:\wwwroot\zf.zx513.com\app\libs\Model.php
[line]199
[class]WY\app\libs\Db
2018-01-29 18:04:30
36.102.228.80

/index.php/member/bankcard/editsave
error in D:\wwwroot\zf.zx513.com\app\libs\Db.php 80
SQLSTATE[42S22]: Column not found: 1054 Unknown column 'verifycode' in 'field list'
INSERT INTO wy_userinfo (realname,idcard,batype,baname,baaddr,verifycode,phone) VALUES(?,?,?,?,?,?,?)
[file]D:\wwwroot\zf.zx513.com\app\libs\Model.php
[line]199
[class]WY\app\libs\Db
2018-01-29 18:04:30
36.102.228.80

/index.php/member/bankcard/editsave
error in D:\wwwroot\zf.zx513.com\app\libs\Db.php 80
SQLSTATE[42S22]: Column not found: 1054 Unknown column 'verifycode' in 'field list'
INSERT INTO wy_userinfo (realname,idcard,batype,baname,baaddr,verifycode,phone) VALUES(?,?,?,?,?,?,?)
[file]D:\wwwroot\zf.zx513.com\app\libs\Model.php
[line]199
[class]WY\app\libs\Db
2018-01-29 18:04:31
36.102.228.80

/index.php/member/bankcard/editsave
error in D:\wwwroot\zf.zx513.com\app\libs\Db.php 80
SQLSTATE[42S22]: Column not found: 1054 Unknown column 'verifycode' in 'field list'
INSERT INTO wy_userinfo (realname,idcard,batype,baname,baaddr,verifycode,phone) VALUES(?,?,?,?,?,?,?)
[file]D:\wwwroot\zf.zx513.com\app\libs\Model.php
[line]199
[class]WY\app\libs\Db
2018-01-29 18:04:34
36.102.228.80

/index.php/member/bankcard/editsave
error in D:\wwwroot\zf.zx513.com\app\libs\Db.php 80
SQLSTATE[42S22]: Column not found: 1054 Unknown column 'verifycode' in 'field list'
INSERT INTO wy_userinfo (realname,idcard,batype,baname,baaddr,verifycode,phone) VALUES(?,?,?,?,?,?,?)
[file]D:\wwwroot\zf.zx513.com\app\libs\Model.php
[line]199
[class]WY\app\libs\Db
2018-01-29 18:04:35
36.102.228.80

/index.php/member/bankcard/editsave
error in D:\wwwroot\zf.zx513.com\app\libs\Db.php 80
SQLSTATE[42S22]: Column not found: 1054 Unknown column 'verifycode' in 'field list'
INSERT INTO wy_userinfo (realname,idcard,batype,baname,baaddr,verifycode,phone) VALUES(?,?,?,?,?,?,?)
[file]D:\wwwroot\zf.zx513.com\app\libs\Model.php
[line]199
[class]WY\app\libs\Db
2018-01-29 18:04:35
36.102.228.80

/index.php/member/bankcard/editsave
error in D:\wwwroot\zf.zx513.com\app\libs\Db.php 80
SQLSTATE[42S22]: Column not found: 1054 Unknown column 'verifycode' in 'field list'
INSERT INTO wy_userinfo (realname,idcard,batype,baname,baaddr,verifycode,phone) VALUES(?,?,?,?,?,?,?)
[file]D:\wwwroot\zf.zx513.com\app\libs\Model.php
[line]199
[class]WY\app\libs\Db
2018-01-29 18:04:35
36.102.228.80

/index.php/member/bankcard/editsave
error in D:\wwwroot\zf.zx513.com\app\libs\Db.php 80
SQLSTATE[42S22]: Column not found: 1054 Unknown column 'verifycode' in 'field list'
INSERT INTO wy_userinfo (realname,idcard,batype,baname,baaddr,verifycode,phone) VALUES(?,?,?,?,?,?,?)
[file]D:\wwwroot\zf.zx513.com\app\libs\Model.php
[line]199
[class]WY\app\libs\Db
2018-01-29 18:04:35
36.102.228.80

/index.php/member/bankcard/editsave
error in D:\wwwroot\zf.zx513.com\app\libs\Db.php 80
SQLSTATE[42S22]: Column not found: 1054 Unknown column 'verifycode' in 'field list'
INSERT INTO wy_userinfo (realname,idcard,batype,baname,baaddr,verifycode,phone) VALUES(?,?,?,?,?,?,?)
[file]D:\wwwroot\zf.zx513.com\app\libs\Model.php
[line]199
[class]WY\app\libs\Db
2018-01-29 18:04:35
36.102.228.80

/index.php/member/bankcard/editsave
error in D:\wwwroot\zf.zx513.com\app\libs\Db.php 80
SQLSTATE[42S22]: Column not found: 1054 Unknown column 'verifycode' in 'field list'
INSERT INTO wy_userinfo (realname,idcard,batype,baname,baaddr,verifycode,phone) VALUES(?,?,?,?,?,?,?)
[file]D:\wwwroot\zf.zx513.com\app\libs\Model.php
[line]199
[class]WY\app\libs\Db
2018-01-29 18:04:35
36.102.228.80

/index.php/member/bankcard/editsave
error in D:\wwwroot\zf.zx513.com\app\libs\Db.php 80
SQLSTATE[42S22]: Column not found: 1054 Unknown column 'verifycode' in 'field list'
INSERT INTO wy_userinfo (realname,idcard,batype,baname,baaddr,verifycode,phone) VALUES(?,?,?,?,?,?,?)
[file]D:\wwwroot\zf.zx513.com\app\libs\Model.php
[line]199
[class]WY\app\libs\Db
2018-01-29 18:05:07
36.102.228.80

/index.php/member/bankcard/editsave
error in D:\wwwroot\zf.zx513.com\app\libs\Db.php 80
SQLSTATE[42S22]: Column not found: 1054 Unknown column 'verifycode' in 'field list'
INSERT INTO wy_userinfo (realname,idcard,batype,baname,baaddr,verifycode,phone) VALUES(?,?,?,?,?,?,?)
[file]D:\wwwroot\zf.zx513.com\app\libs\Model.php
[line]199
[class]WY\app\libs\Db
2018-01-29 18:05:08
36.102.228.80

/index.php/static/assets/css/app1.css
/controller/static load fail.
2018-01-29 18:05:34
110.52.94.66

/index.php/member/bankcard/editsave
error in D:\wwwroot\zf.zx513.com\app\libs\Db.php 80
SQLSTATE[42S22]: Column not found: 1054 Unknown column 'verifycode' in 'field list'
INSERT INTO wy_userinfo (realname,idcard,batype,baname,baaddr,verifycode,phone) VALUES(?,?,?,?,?,?,?)
[file]D:\wwwroot\zf.zx513.com\app\libs\Model.php
[line]199
[class]WY\app\libs\Db
2018-01-29 18:08:39
36.102.228.80

/index.php/member/bankcard/editsave
error in D:\wwwroot\zf.zx513.com\app\libs\Db.php 80
SQLSTATE[42S22]: Column not found: 1054 Unknown column 'verifycode' in 'field list'
INSERT INTO wy_userinfo (realname,idcard,batype,baname,baaddr,verifycode,phone) VALUES(?,?,?,?,?,?,?)
[file]D:\wwwroot\zf.zx513.com\app\libs\Model.php
[line]199
[class]WY\app\libs\Db
2018-01-29 18:08:51
36.102.228.80

/index.php/member/bankcard/editsave
error in D:\wwwroot\zf.zx513.com\app\libs\Db.php 80
SQLSTATE[42S22]: Column not found: 1054 Unknown column 'verifycode' in 'field list'
INSERT INTO wy_userinfo (realname,idcard,batype,baname,baaddr,verifycode,phone) VALUES(?,?,?,?,?,?,?)
[file]D:\wwwroot\zf.zx513.com\app\libs\Model.php
[line]199
[class]WY\app\libs\Db
2018-01-29 18:12:05
36.102.228.80

/index.php/member/bankcard/editsave
error in D:\wwwroot\zf.zx513.com\app\libs\Db.php 80
SQLSTATE[42S22]: Column not found: 1054 Unknown column 'verifycode' in 'field list'
INSERT INTO wy_userinfo (realname,idcard,batype,baname,baaddr,verifycode,phone) VALUES(?,?,?,?,?,?,?)
[file]D:\wwwroot\zf.zx513.com\app\libs\Model.php
[line]199
[class]WY\app\libs\Db
2018-01-29 18:12:28
36.102.228.80

/index.php/member/bankcard/editsave
error in D:\wwwroot\zf.zx513.com\app\libs\Db.php 80
SQLSTATE[42S22]: Column not found: 1054 Unknown column 'verifycode' in 'field list'
INSERT INTO wy_userinfo (realname,idcard,batype,baname,baaddr,verifycode,phone) VALUES(?,?,?,?,?,?,?)
[file]D:\wwwroot\zf.zx513.com\app\libs\Model.php
[line]199
[class]WY\app\libs\Db
2018-01-29 18:13:04
36.102.228.80

/index.php/fonts/glyphicons-halflings-regular.eot
/controller/fonts load fail.
2018-01-29 18:20:59
36.102.228.80

/index.php/static/assets/css/app1.css
/controller/static load fail.
2018-01-29 18:21:00
36.63.74.222

/index.php/static/common/glyphicons-halflings-regular.eot
/controller/static load fail.
2018-01-29 18:21:18
36.102.228.80

/index.php/fonts/glyphicons-halflings-regular.eot
/controller/fonts load fail.
2018-01-29 18:21:20
36.102.228.80

/index.php/static/assets/css/app1.css
/controller/static load fail.
2018-01-29 18:21:25
36.63.74.222

/index.php/static/common/glyphicons-halflings-regular.eot
/controller/static load fail.
2018-01-29 18:21:33
36.102.228.80

/index.php/fonts/glyphicons-halflings-regular.eot
/controller/fonts load fail.
2018-01-29 18:21:35
36.102.228.80

/index.php/static/common/glyphicons-halflings-regular.eot
/controller/static load fail.
2018-01-29 18:21:53
36.102.228.80

/index.php/fonts/glyphicons-halflings-regular.eot
/controller/fonts load fail.
2018-01-29 18:21:55
36.102.228.80

/index.php/static/common/glyphicons-halflings-regular.eot
/controller/static load fail.
2018-01-29 18:22:12
36.102.228.80

/index.php/fonts/glyphicons-halflings-regular.eot
/controller/fonts load fail.
2018-01-29 18:22:15
36.102.228.80

/index.php/static/common/glyphicons-halflings-regular.eot
/controller/static load fail.
2018-01-29 18:23:24
36.102.228.80

/index.php/fonts/glyphicons-halflings-regular.eot
/controller/fonts load fail.
2018-01-29 18:23:26
36.102.228.80

/index.php/static/common/glyphicons-halflings-regular.eot
/controller/static load fail.
2018-01-29 18:23:45
36.102.228.80

/index.php/fonts/glyphicons-halflings-regular.eot
/controller/fonts load fail.
2018-01-29 18:23:47
36.102.228.80

/index.php/static/common/glyphicons-halflings-regular.eot
/controller/static load fail.
2018-01-29 18:24:02
36.102.228.80

/index.php/fonts/glyphicons-halflings-regular.eot
/controller/fonts load fail.
2018-01-29 18:24:04
36.102.228.80

/index.php/static/common/glyphicons-halflings-regular.eot
/controller/static load fail.
2018-01-29 18:24:24
36.102.228.80

/index.php/fonts/glyphicons-halflings-regular.eot
/controller/fonts load fail.
2018-01-29 18:32:54
36.102.228.80

/index.php/static/common/glyphicons-halflings-regular.eot
/controller/static load fail.
2018-01-29 18:33:20
36.102.228.80

/index.php/fonts/glyphicons-halflings-regular.eot
/controller/fonts load fail.
2018-01-29 18:33:22
36.102.228.80

/index.php/static/common/glyphicons-halflings-regular.eot
/controller/static load fail.
2018-01-29 18:33:38
36.102.228.80

/index.php/fonts/glyphicons-halflings-regular.eot
/controller/fonts load fail.
2018-01-29 18:33:40
36.102.228.80

/index.php/static/common/glyphicons-halflings-regular.eot
/controller/static load fail.
2018-01-29 18:33:59
36.102.228.80

/index.php/fonts/glyphicons-halflings-regular.eot
/controller/fonts load fail.
2018-01-29 18:34:00
36.102.228.80

/index.php/static/assets/css/app1.css
/controller/static load fail.
2018-01-29 18:34:05
113.57.89.18

/index.php/static/assets/css/app1.css
/controller/static load fail.
2018-01-29 18:34:14
183.3.239.159

/index.php/static/common/glyphicons-halflings-regular.eot
/controller/static load fail.
2018-01-29 18:34:19
36.102.228.80

/index.php/fonts/glyphicons-halflings-regular.eot
/controller/fonts load fail.
2018-01-29 18:34:21
36.102.228.80

/index.php/static/common/glyphicons-halflings-regular.eot
/controller/static load fail.
2018-01-29 18:34:34
36.102.228.80

/index.php/fonts/glyphicons-halflings-regular.eot
/controller/fonts load fail.
2018-01-29 18:34:36
36.102.228.80

/index.php/static/common/glyphicons-halflings-regular.eot
/controller/static load fail.
2018-01-29 18:35:00
36.102.228.80

/index.php/static/assets/css/app1.css
/controller/static load fail.
2018-01-29 18:35:00
113.57.89.18

/index.php/fonts/glyphicons-halflings-regular.eot
/controller/fonts load fail.
2018-01-29 18:35:04
36.102.228.80

/index.php/static/assets/css/app1.css
/controller/static load fail.
2018-01-29 18:46:29
113.57.89.112

/index.php/member/bankcard/editsave
error in D:\wwwroot\zf.zx513.com\app\libs\Db.php 80
SQLSTATE[42S22]: Column not found: 1054 Unknown column 'verifycode' in 'field list'
INSERT INTO wy_userinfo (realname,idcard,batype,baname,baaddr,verifycode,phone) VALUES(?,?,?,?,?,?,?)
[file]D:\wwwroot\zf.zx513.com\app\libs\Model.php
[line]199
[class]WY\app\libs\Db
2018-01-29 18:47:24
122.224.55.211

/index.php/static/assets/css/app1.css
/controller/static load fail.
2018-01-29 18:47:33
221.178.182.156

/index.php/member/bankcard/editsave
error in D:\wwwroot\zf.zx513.com\app\libs\Db.php 80
SQLSTATE[42S22]: Column not found: 1054 Unknown column 'verifycode' in 'field list'
INSERT INTO wy_userinfo (realname,idcard,batype,baname,baaddr,verifycode,phone) VALUES(?,?,?,?,?,?,?)
[file]D:\wwwroot\zf.zx513.com\app\libs\Model.php
[line]199
[class]WY\app\libs\Db
2018-01-29 18:47:38
122.224.55.211

/index.php/static/assets/css/app1.css
/controller/static load fail.
2018-01-29 19:32:55
103.73.165.222

/index.php/static/assets/css/app1.css
/controller/static load fail.
2018-01-29 19:47:18
117.136.40.183

/index.php/static/assets/css/app1.css
/controller/static load fail.
2018-01-29 19:47:26
117.136.40.183

