/index.php/script/jquery.js
/controller/script load fail.
2017-09-20 01:31:44
117.61.27.249

/index.php/css/img/iconfont.ttf
/controller/css load fail.
2017-09-20 01:31:45
117.61.27.249

/index.php/script/jquery.js
/controller/script load fail.
2017-09-20 01:34:30
220.181.132.180

/index.php/script/jquery.js
/controller/script load fail.
2017-09-20 01:34:30
220.181.132.180

/index.php/js/sensorsdata.min.js
/controller/js load fail.
2017-09-20 01:34:31
220.181.132.180

/index.php/css/img/iconfont.ttf
/controller/css load fail.
2017-09-20 01:34:31
220.181.132.180

/index.php/script/jquery.js
/controller/script load fail.
2017-09-20 07:09:31
116.2.38.148

/index.php/css/img/iconfont.ttf
/controller/css load fail.
2017-09-20 07:09:31
116.2.38.148

/index.php/static/images/header-profile.png
/controller/static load fail.
2017-09-20 07:09:33
116.2.38.148

/index.php/static/images/header-profile.png
/controller/static load fail.
2017-09-20 07:09:37
116.2.38.148

/index.php/static/images/header-profile.png
/controller/static load fail.
2017-09-20 07:09:44
116.2.38.148

/index.php/script/jquery.js
/controller/script load fail.
2017-09-20 07:18:32
116.2.38.148

/index.php/css/img/iconfont.ttf
/controller/css load fail.
2017-09-20 07:18:32
116.2.38.148

/index.php/static/images/header-profile.png
/controller/static load fail.
2017-09-20 07:18:34
116.2.38.148

/index.php/static/images/header-profile.png
/controller/static load fail.
2017-09-20 07:18:36
116.2.38.148

/index.php/static/images/header-profile.png
/controller/static load fail.
2017-09-20 07:18:41
116.2.38.148

/index.php/static/images/header-profile.png
/controller/static load fail.
2017-09-20 07:18:45
116.2.38.148

/index.php/static/images/header-profile.png
/controller/static load fail.
2017-09-20 07:19:36
116.2.38.148

/index.php/static/images/header-profile.png
/controller/static load fail.
2017-09-20 07:19:38
116.2.38.148

/index.php/static/images/header-profile.png
/controller/static load fail.
2017-09-20 07:19:42
116.2.38.148

/index.php/demo/images/favicon.ico
/controller/demo load fail.
2017-09-20 07:52:38
222.95.61.43

/index.php/static/images/header-profile.png
/controller/static load fail.
2017-09-20 09:05:50
119.86.137.50

/index.php/static/images/header-profile.png
/controller/static load fail.
2017-09-20 09:05:54
119.86.137.50

/index.php/static/images/header-profile.png
/controller/static load fail.
2017-09-20 09:05:55
119.86.137.50

/index.php/static/images/header-profile.png
/controller/static load fail.
2017-09-20 09:05:58
119.86.137.50

/index.php/static/images/header-profile.png
/controller/static load fail.
2017-09-20 09:08:54
119.86.137.50

/index.php/demo/need/layer.css
/controller/demo load fail.
2017-09-20 09:10:06
119.86.137.50

/index.php/demo/need/layer.css
/controller/demo load fail.
2017-09-20 09:11:34
119.86.137.50

/index.php/demo/need/layer.css
/controller/demo load fail.
2017-09-20 09:11:39
119.86.137.50

/index.php/static/images/header-profile.png
/controller/static load fail.
2017-09-20 09:12:41
119.86.137.50

/index.php/static/images/header-profile.png
/controller/static load fail.
2017-09-20 09:12:42
119.86.137.50

/index.php/static/images/header-profile.png
/controller/static load fail.
2017-09-20 09:12:43
119.86.137.50

/index.php/static/images/header-profile.png
/controller/static load fail.
2017-09-20 09:12:45
119.86.137.50

/index.php/static/images/header-profile.png
/controller/static load fail.
2017-09-20 09:12:46
119.86.137.50

/index.php/static/images/header-profile.png
/controller/static load fail.
2017-09-20 09:12:47
119.86.137.50

/index.php/static/images/header-profile.png
/controller/static load fail.
2017-09-20 09:12:48
119.86.137.50

/index.php/static/images/header-profile.png
/controller/static load fail.
2017-09-20 09:12:49
119.86.137.50

/index.php/static/images/header-profile.png
/controller/static load fail.
2017-09-20 09:12:50
119.86.137.50

/index.php/static/images/header-profile.png
/controller/static load fail.
2017-09-20 09:12:51
119.86.137.50

/index.php/static/images/header-profile.png
/controller/static load fail.
2017-09-20 09:12:52
119.86.137.50

/index.php/static/images/header-profile.png
/controller/static load fail.
2017-09-20 09:12:53
119.86.137.50

/index.php/static/images/header-profile.png
/controller/static load fail.
2017-09-20 09:12:54
119.86.137.50

/index.php/static/images/header-profile.png
/controller/static load fail.
2017-09-20 09:12:54
119.86.137.50

/index.php/static/images/header-profile.png
/controller/static load fail.
2017-09-20 09:12:55
119.86.137.50

/index.php/static/images/header-profile.png
/controller/static load fail.
2017-09-20 09:12:56
119.86.137.50

/index.php/static/images/header-profile.png
/controller/static load fail.
2017-09-20 09:12:56
119.86.137.50

/index.php/static/images/header-profile.png
/controller/static load fail.
2017-09-20 09:12:58
119.86.137.50

/index.php/static/images/header-profile.png
/controller/static load fail.
2017-09-20 09:12:58
119.86.137.50

/index.php/demo/need/layer.css
/controller/demo load fail.
2017-09-20 09:21:20
119.86.137.50

/index.php/static/images/header-profile.png
/controller/static load fail.
2017-09-20 09:50:43
119.86.137.50

/index.php/static/images/header-profile.png
/controller/static load fail.
2017-09-20 09:50:48
119.86.137.50

/index.php/static/images/header-profile.png
/controller/static load fail.
2017-09-20 09:50:49
119.86.137.50

/index.php/static/images/header-profile.png
/controller/static load fail.
2017-09-20 09:50:50
119.86.137.50

/index.php/static/images/header-profile.png
/controller/static load fail.
2017-09-20 09:50:53
119.86.137.50

/index.php/static/images/header-profile.png
/controller/static load fail.
2017-09-20 09:51:00
119.86.137.50

/index.php/static/images/header-profile.png
/controller/static load fail.
2017-09-20 11:01:21
119.86.137.50

/index.php/static/images/header-profile.png
/controller/static load fail.
2017-09-20 11:02:30
119.86.137.50

/index.php/script/jquery.js
/controller/script load fail.
2017-09-20 11:14:38
101.226.125.100

/index.php/script/jquery.js
/controller/script load fail.
2017-09-20 11:14:38
101.226.125.100

/index.php/script/jquery.js
/controller/script load fail.
2017-09-20 11:14:38
101.226.125.100

/index.php/script/jquery.js
/controller/script load fail.
2017-09-20 11:14:38
101.226.125.100

/index.php/css/img/iconfont.ttf
/controller/css load fail.
2017-09-20 11:14:39
101.226.125.100

/index.php/js/sensorsdata.min.js
/controller/js load fail.
2017-09-20 11:14:39
101.226.125.100

/index.php/script/jquery.js
/controller/script load fail.
2017-09-20 11:16:31
111.124.49.84

/index.php/script/jquery.js
/controller/script load fail.
2017-09-20 11:16:31
111.124.49.84

/index.php/css/img/iconfont.ttf
/controller/css load fail.
2017-09-20 11:16:34
111.124.49.84

/index.php/js/sensorsdata.min.js
/controller/js load fail.
2017-09-20 11:16:34
111.124.49.84

/index.php/css/img/scheme-nav-icon.svg
/controller/css load fail.
2017-09-20 11:16:36
111.124.49.84

/index.php/css/img/nav-prd-icon.svg
/controller/css load fail.
2017-09-20 11:16:36
111.124.49.84

/index.php/script/jquery.js
/controller/script load fail.
2017-09-20 00:06:27
116.2.38.148

/index.php/css/img/iconfont.ttf
/controller/css load fail.
2017-09-20 00:06:27
116.2.38.148

/index.php/static/images/header-profile.png
/controller/static load fail.
2017-09-20 00:06:29
116.2.38.148

/index.php/static/images/header-profile.png
/controller/static load fail.
2017-09-20 00:06:31
116.2.38.148

/index.php/static/images/header-profile.png
/controller/static load fail.
2017-09-20 00:06:35
116.2.38.148

/index.php/static/images/header-profile.png
/controller/static load fail.
2017-09-20 00:35:02
116.2.38.148

/index.php/static/images/header-profile.png
/controller/static load fail.
2017-09-20 00:35:30
119.86.137.50

/index.php/static/images/header-profile.png
/controller/static load fail.
2017-09-20 00:35:32
119.86.137.50

/index.php/static/images/header-profile.png
/controller/static load fail.
2017-09-20 00:35:33
119.86.137.50

/index.php/static/images/header-profile.png
/controller/static load fail.
2017-09-20 00:35:36
119.86.137.50

/index.php/static/images/header-profile.png
/controller/static load fail.
2017-09-20 00:35:38
119.86.137.50

/index.php/static/images/header-profile.png
/controller/static load fail.
2017-09-20 00:35:40
119.86.137.50

/index.php/static/images/header-profile.png
/controller/static load fail.
2017-09-20 00:35:42
119.86.137.50

/index.php/static/images/header-profile.png
/controller/static load fail.
2017-09-20 00:35:57
119.86.137.50

/index.php/static/images/header-profile.png
/controller/static load fail.
2017-09-20 00:36:01
119.86.137.50

/index.php/static/images/header-profile.png
/controller/static load fail.
2017-09-20 00:36:16
119.86.137.50

/index.php/static/images/header-profile.png
/controller/static load fail.
2017-09-20 00:36:17
119.86.137.50

/index.php/static/images/header-profile.png
/controller/static load fail.
2017-09-20 00:36:18
119.86.137.50

/index.php/static/images/header-profile.png
/controller/static load fail.
2017-09-20 00:36:19
119.86.137.50

/index.php/static/images/header-profile.png
/controller/static load fail.
2017-09-20 00:36:22
119.86.137.50

/index.php/static/images/header-profile.png
/controller/static load fail.
2017-09-20 00:36:27
119.86.137.50

/index.php/static/images/header-profile.png
/controller/static load fail.
2017-09-20 00:36:29
119.86.137.50

/index.php/script/jquery.js
/controller/script load fail.
2017-09-20 00:38:15
183.250.153.191

/index.php/script/jquery.js
/controller/script load fail.
2017-09-20 00:38:15
42.156.250.243

/index.php/script/jquery.js
/controller/script load fail.
2017-09-20 00:38:16
42.156.250.243

/index.php/js/sensorsdata.min.js
/controller/js load fail.
2017-09-20 00:38:16
42.156.250.243

/index.php/css/img/iconfont.ttf
/controller/css load fail.
2017-09-20 00:38:16
183.250.153.191

/index.php/css/img/iconfont.ttf
/controller/css load fail.
2017-09-20 00:38:16
42.156.250.243

/index.php/script/jquery.js
/controller/script load fail.
2017-09-20 00:38:43
125.84.84.14

/index.php/css/img/iconfont.ttf
/controller/css load fail.
2017-09-20 00:38:43
125.84.84.14

/index.php/script/jquery.js
/controller/script load fail.
2017-09-20 00:39:23
125.84.84.14

/index.php/css/img/iconfont.ttf
/controller/css load fail.
2017-09-20 00:39:24
125.84.84.14

/index.php/script/jquery.js
/controller/script load fail.
2017-09-20 00:39:37
125.69.67.109

/index.php/css/img/iconfont.ttf
/controller/css load fail.
2017-09-20 00:39:38
125.69.67.109

/index.php/static/images/header-profile.png
/controller/static load fail.
2017-09-20 00:42:03
119.86.137.50

/index.php/static/images/header-profile.png
/controller/static load fail.
2017-09-20 00:42:08
119.86.137.50

/index.php/static/images/header-profile.png
/controller/static load fail.
2017-09-20 00:42:11
119.86.137.50

/index.php/static/images/header-profile.png
/controller/static load fail.
2017-09-20 00:42:12
119.86.137.50

/index.php/demo/images/favicon.ico
/controller/demo load fail.
2017-09-20 00:42:28
183.250.153.191

/index.php/static/images/header-profile.png
/controller/static load fail.
2017-09-20 00:42:31
119.86.137.50

/index.php/static/images/header-profile.png
/controller/static load fail.
2017-09-20 00:42:32
119.86.137.50

/index.php/demo/images/favicon.ico
/controller/demo load fail.
2017-09-20 00:42:59
183.250.153.191

/index.php/script/jquery.js
/controller/script load fail.
2017-09-20 00:43:13
183.250.153.191

/index.php/css/img/iconfont.ttf
/controller/css load fail.
2017-09-20 00:43:14
183.250.153.191

/index.php/script/jquery.js
/controller/script load fail.
2017-09-20 00:44:09
125.84.84.14

/index.php/css/img/iconfont.ttf
/controller/css load fail.
2017-09-20 00:44:09
125.84.84.14

/index.php/script/jquery.js
/controller/script load fail.
2017-09-20 00:44:27
171.221.132.217

/index.php/css/img/iconfont.ttf
/controller/css load fail.
2017-09-20 00:44:27
171.221.132.217

/index.php/script/jquery.js
/controller/script load fail.
2017-09-20 00:47:16
117.28.113.28

/index.php/css/img/iconfont.ttf
/controller/css load fail.
2017-09-20 00:47:17
117.28.113.28

/index.php/css/img/iconfont.ttf
/controller/css load fail.
2017-09-20 00:47:26
180.153.160.61

/index.php/script/jquery.js
/controller/script load fail.
2017-09-20 00:48:51
139.189.141.198

/index.php/css/img/iconfont.ttf
/controller/css load fail.
2017-09-20 00:48:52
139.189.141.198

/index.php/js/sensorsdata.min.js
/controller/js load fail.
2017-09-20 00:48:52
139.189.141.198

/index.php/css/img/scheme-nav-icon.svg
/controller/css load fail.
2017-09-20 00:48:52
139.189.141.198

/index.php/css/img/nav-prd-icon.svg
/controller/css load fail.
2017-09-20 00:48:52
139.189.141.198

/index.php/static/images/header-profile.png
/controller/static load fail.
2017-09-20 00:48:55
139.189.141.198

/index.php/static/images/header-profile.png
/controller/static load fail.
2017-09-20 00:49:02
139.189.141.198

/index.php/static/images/header-profile.png
/controller/static load fail.
2017-09-20 00:49:07
139.189.141.198

/index.php/static/images/header-profile.png
/controller/static load fail.
2017-09-20 00:49:14
139.189.141.198

/index.php/script/jquery.js
/controller/script load fail.
2017-09-20 00:50:28
125.84.84.14

/index.php/css/img/iconfont.ttf
/controller/css load fail.
2017-09-20 00:50:29
125.84.84.14

/index.php/demo/images/favicon.ico
/controller/demo load fail.
2017-09-20 00:52:43
117.28.113.28

/index.php/demo/images/favicon.ico
/controller/demo load fail.
2017-09-20 00:52:44
117.28.113.28

/index.php/demo/images/favicon.ico
/controller/demo load fail.
2017-09-20 00:52:45
117.28.113.28

/index.php/static/images/header-profile.png
/controller/static load fail.
2017-09-20 00:59:36
119.86.137.50

/index.php/static/images/header-profile.png
/controller/static load fail.
2017-09-20 00:59:38
119.86.137.50

/index.php/static/images/header-profile.png
/controller/static load fail.
2017-09-20 00:59:39
119.86.137.50

/index.php/demo/images/favicon.ico
/controller/demo load fail.
2017-09-20 01:03:32
171.221.132.217

/index.php/static/images/header-profile.png
/controller/static load fail.
2017-09-20 01:04:02
119.86.137.50

/index.php/static/images/header-profile.png
/controller/static load fail.
2017-09-20 01:11:16
119.86.137.50

/index.php/static/images/header-profile.png
/controller/static load fail.
2017-09-20 01:20:31
119.86.137.50

/index.php/script/jquery.js
/controller/script load fail.
2017-09-20 01:29:17
120.42.89.253

/index.php/css/img/iconfont.ttf
/controller/css load fail.
2017-09-20 01:29:18
120.42.89.253

/index.php/static/images/header-profile.png
/controller/static load fail.
2017-09-20 01:29:25
119.86.137.50

/index.php/demo/images/favicon.ico
/controller/demo load fail.
2017-09-20 01:29:46
120.42.89.253

/index.php/demo/images/favicon.ico
/controller/demo load fail.
2017-09-20 01:30:11
120.42.89.253

/index.php/demo/images/favicon.ico
/controller/demo load fail.
2017-09-20 01:30:15
120.42.89.253

/index.php/static/images/header-profile.png
/controller/static load fail.
2017-09-20 01:31:12
119.86.137.50

/index.php/static/images/header-profile.png
/controller/static load fail.
2017-09-20 01:31:13
119.86.137.50

/index.php/static/images/header-profile.png
/controller/static load fail.
2017-09-20 01:31:14
119.86.137.50

/index.php/static/images/header-profile.png
/controller/static load fail.
2017-09-20 01:31:15
119.86.137.50

/index.php/static/images/header-profile.png
/controller/static load fail.
2017-09-20 01:31:16
119.86.137.50

/index.php/static/images/header-profile.png
/controller/static load fail.
2017-09-20 01:31:18
119.86.137.50

/index.php/static/images/header-profile.png
/controller/static load fail.
2017-09-20 01:39:50
119.86.137.50

/index.php/static/images/header-profile.png
/controller/static load fail.
2017-09-20 01:40:12
119.86.137.50

/index.php/static/images/header-profile.png
/controller/static load fail.
2017-09-20 01:40:13
119.86.137.50

/index.php/static/images/header-profile.png
/controller/static load fail.
2017-09-20 01:40:15
119.86.137.50

/index.php/static/images/header-profile.png
/controller/static load fail.
2017-09-20 01:40:17
119.86.137.50

/index.php/static/images/header-profile.png
/controller/static load fail.
2017-09-20 01:40:19
119.86.137.50

/index.php/static/images/header-profile.png
/controller/static load fail.
2017-09-20 01:40:20
119.86.137.50

/index.php/static/images/header-profile.png
/controller/static load fail.
2017-09-20 01:40:24
119.86.137.50

/index.php/static/images/header-profile.png
/controller/static load fail.
2017-09-20 01:40:25
119.86.137.50

/index.php/static/images/header-profile.png
/controller/static load fail.
2017-09-20 01:40:26
119.86.137.50

/index.php/static/images/header-profile.png
/controller/static load fail.
2017-09-20 01:40:27
119.86.137.50

/index.php/static/images/header-profile.png
/controller/static load fail.
2017-09-20 01:46:36
119.86.137.50

/index.php/static/images/header-profile.png
/controller/static load fail.
2017-09-20 01:46:37
119.86.137.50

/index.php/script/jquery.js
/controller/script load fail.
2017-09-20 02:08:02
117.28.113.28

/index.php/css/img/iconfont.ttf
/controller/css load fail.
2017-09-20 02:08:03
117.28.113.28

/index.php/data/fck/images/ÍõÊ÷.jpg
/controller/data load fail.
2017-09-20 02:22:16
220.181.124.250

/index.php/data/fck/images/ÍõÊ÷.jpg
/controller/data load fail.
2017-09-20 02:22:23
106.39.246.133

/index.php/static/images/header-profile.png
/controller/static load fail.
2017-09-20 02:40:51
113.68.110.237

/index.php/static/images/header-profile.png
/controller/static load fail.
2017-09-20 02:41:00
113.68.110.237

/index.php/static/images/header-profile.png
/controller/static load fail.
2017-09-20 02:41:08
113.68.110.237

/index.php/static/images/header-profile.png
/controller/static load fail.
2017-09-20 02:41:16
113.68.110.237

/index.php/static/images/header-profile.png
/controller/static load fail.
2017-09-20 02:41:18
113.68.110.237

/index.php/static/images/header-profile.png
/controller/static load fail.
2017-09-20 02:42:51
113.68.110.237

/index.php/static/images/header-profile.png
/controller/static load fail.
2017-09-20 02:43:00
113.68.110.237

/index.php/static/images/header-profile.png
/controller/static load fail.
2017-09-20 02:43:02
113.68.110.237

/index.php/static/images/header-profile.png
/controller/static load fail.
2017-09-20 02:43:02
113.68.110.237

/index.php/static/images/header-profile.png
/controller/static load fail.
2017-09-20 02:43:03
113.68.110.237

/index.php/static/images/header-profile.png
/controller/static load fail.
2017-09-20 02:43:04
113.68.110.237

/index.php/static/images/header-profile.png
/controller/static load fail.
2017-09-20 02:43:04
113.68.110.237

/index.php/static/images/header-profile.png
/controller/static load fail.
2017-09-20 02:43:05
113.68.110.237

/index.php/static/images/header-profile.png
/controller/static load fail.
2017-09-20 02:43:06
113.68.110.237

/index.php/static/images/header-profile.png
/controller/static load fail.
2017-09-20 02:43:07
113.68.110.237

/index.php/static/images/header-profile.png
/controller/static load fail.
2017-09-20 02:43:08
113.68.110.237

/index.php/static/images/header-profile.png
/controller/static load fail.
2017-09-20 02:43:17
113.68.110.237

/index.php/static/images/header-profile.png
/controller/static load fail.
2017-09-20 02:45:07
119.86.137.50

/index.php/static/images/header-profile.png
/controller/static load fail.
2017-09-20 02:52:18
113.68.110.237

/index.php/static/images/header-profile.png
/controller/static load fail.
2017-09-20 02:52:20
113.68.110.237

/index.php/static/images/header-profile.png
/controller/static load fail.
2017-09-20 02:52:23
113.68.110.237

/index.php/static/images/header-profile.png
/controller/static load fail.
2017-09-20 02:52:25
113.68.110.237

/index.php/static/images/header-profile.png
/controller/static load fail.
2017-09-20 02:52:26
113.68.110.237

/index.php/static/images/header-profile.png
/controller/static load fail.
2017-09-20 02:52:27
113.68.110.237

/index.php/static/images/header-profile.png
/controller/static load fail.
2017-09-20 02:52:28
113.68.110.237

/index.php/static/images/header-profile.png
/controller/static load fail.
2017-09-20 02:52:35
113.68.110.237

/index.php/static/images/header-profile.png
/controller/static load fail.
2017-09-20 02:52:36
113.68.110.237

/index.php/static/images/header-profile.png
/controller/static load fail.
2017-09-20 02:52:37
113.68.110.237

/index.php/static/images/header-profile.png
/controller/static load fail.
2017-09-20 02:52:38
113.68.110.237

/index.php/static/images/header-profile.png
/controller/static load fail.
2017-09-20 03:17:05
119.86.137.234

/index.php/static/images/header-profile.png
/controller/static load fail.
2017-09-20 03:17:12
119.86.137.234

/index.php/static/images/header-profile.png
/controller/static load fail.
2017-09-20 03:17:39
119.86.137.234

/index.php/static/images/header-profile.png
/controller/static load fail.
2017-09-20 03:17:43
119.86.137.234

/index.php/static/images/header-profile.png
/controller/static load fail.
2017-09-20 03:17:44
119.86.137.234

/index.php/static/images/header-profile.png
/controller/static load fail.
2017-09-20 03:17:45
119.86.137.234

/index.php/static/images/header-profile.png
/controller/static load fail.
2017-09-20 03:17:47
119.86.137.234

/index.php/static/images/header-profile.png
/controller/static load fail.
2017-09-20 03:26:48
113.68.110.237

/index.php/static/images/header-profile.png
/controller/static load fail.
2017-09-20 03:26:50
113.68.110.237

/index.php/static/images/header-profile.png
/controller/static load fail.
2017-09-20 03:48:47
113.68.110.237

/index.php/static/images/header-profile.png
/controller/static load fail.
2017-09-20 03:48:47
113.68.110.237

/index.php/static/images/header-profile.png
/controller/static load fail.
2017-09-20 03:48:57
113.68.110.237

/index.php/static/images/header-profile.png
/controller/static load fail.
2017-09-20 03:48:59
113.68.110.237

/index.php/static/images/header-profile.png
/controller/static load fail.
2017-09-20 03:51:28
183.250.153.191

/index.php/static/images/header-profile.png
/controller/static load fail.
2017-09-20 03:51:39
183.250.153.191

/index.php/static/images/header-profile.png
/controller/static load fail.
2017-09-20 03:52:02
183.250.153.191

/index.php/static/images/header-profile.png
/controller/static load fail.
2017-09-20 03:52:16
183.250.153.191

/index.php/static/images/header-profile.png
/controller/static load fail.
2017-09-20 03:52:18
183.250.153.191

/index.php/static/images/header-profile.png
/controller/static load fail.
2017-09-20 03:52:19
183.250.153.191

/index.php/static/images/header-profile.png
/controller/static load fail.
2017-09-20 03:52:20
183.250.153.191

/index.php/static/images/header-profile.png
/controller/static load fail.
2017-09-20 03:52:21
183.250.153.191

/index.php/static/images/header-profile.png
/controller/static load fail.
2017-09-20 03:52:23
183.250.153.191

/index.php/static/images/header-profile.png
/controller/static load fail.
2017-09-20 03:52:25
183.250.153.191

/index.php/static/images/header-profile.png
/controller/static load fail.
2017-09-20 03:52:26
183.250.153.191

/index.php/script/jquery.js
/controller/script load fail.
2017-09-20 03:55:25
183.250.153.191

/index.php/css/img/iconfont.ttf
/controller/css load fail.
2017-09-20 03:55:26
183.250.153.191

/index.php/static/images/header-profile.png
/controller/static load fail.
2017-09-20 03:55:31
183.250.153.191

/index.php/static/images/header-profile.png
/controller/static load fail.
2017-09-20 03:55:37
183.250.153.191

/index.php/static/images/header-profile.png
/controller/static load fail.
2017-09-20 03:55:53
183.250.153.191

/index.php/static/images/header-profile.png
/controller/static load fail.
2017-09-20 03:56:06
183.250.153.191

/index.php/static/images/header-profile.png
/controller/static load fail.
2017-09-20 03:56:10
183.250.153.191

/index.php/static/images/header-profile.png
/controller/static load fail.
2017-09-20 03:57:22
183.250.153.191

/index.php/static/images/header-profile.png
/controller/static load fail.
2017-09-20 03:57:22
183.250.153.191

/index.php/static/images/header-profile.png
/controller/static load fail.
2017-09-20 03:57:28
183.250.153.191

/index.php/script/jquery.js
/controller/script load fail.
2017-09-20 03:57:29
183.250.153.191

/index.php/css/img/iconfont.ttf
/controller/css load fail.
2017-09-20 03:57:29
183.250.153.191

/index.php/demo/images/favicon.ico
/controller/demo load fail.
2017-09-20 03:57:32
183.250.153.191

/index.php/css/img/iconfont.ttf
/controller/css load fail.
2017-09-20 03:57:34
183.250.153.191

/index.php/demo/images/favicon.ico
/controller/demo load fail.
2017-09-20 03:58:18
183.250.153.191

/index.php/static/images/header-profile.png
/controller/static load fail.
2017-09-20 04:04:18
113.68.110.237

/index.php/static/images/header-profile.png
/controller/static load fail.
2017-09-20 04:04:33
113.68.110.237

/index.php/static/images/header-profile.png
/controller/static load fail.
2017-09-20 04:10:21
113.68.110.237

/index.php/static/images/header-profile.png
/controller/static load fail.
2017-09-20 04:26:05
113.68.110.237

/index.php/static/images/header-profile.png
/controller/static load fail.
2017-09-20 04:26:06
113.68.110.237

/index.php/static/images/header-profile.png
/controller/static load fail.
2017-09-20 04:26:08
113.68.110.237

/index.php/static/images/header-profile.png
/controller/static load fail.
2017-09-20 04:26:09
113.68.110.237

/index.php/static/images/header-profile.png
/controller/static load fail.
2017-09-20 04:26:14
113.68.110.237

/index.php/static/images/header-profile.png
/controller/static load fail.
2017-09-20 04:26:14
113.68.110.237

/index.php/static/images/header-profile.png
/controller/static load fail.
2017-09-20 04:26:33
113.68.110.237

/index.php/static/images/header-profile.png
/controller/static load fail.
2017-09-20 04:26:34
113.68.110.237

/index.php/static/images/header-profile.png
/controller/static load fail.
2017-09-20 04:31:11
113.68.110.237

/index.php/static/images/header-profile.png
/controller/static load fail.
2017-09-20 04:32:48
113.68.110.237

/index.php/static/images/header-profile.png
/controller/static load fail.
2017-09-20 04:32:50
113.68.110.237

/index.php/static/images/header-profile.png
/controller/static load fail.
2017-09-20 04:32:51
113.68.110.237

/index.php/static/images/header-profile.png
/controller/static load fail.
2017-09-20 04:32:52
113.68.110.237

/index.php/static/images/header-profile.png
/controller/static load fail.
2017-09-20 04:32:53
113.68.110.237

/index.php/static/images/header-profile.png
/controller/static load fail.
2017-09-20 04:33:06
113.68.110.237

/index.php/static/images/header-profile.png
/controller/static load fail.
2017-09-20 04:33:06
113.68.110.237

/index.php/static/images/header-profile.png
/controller/static load fail.
2017-09-20 04:33:07
113.68.110.237

/index.php/static/images/header-profile.png
/controller/static load fail.
2017-09-20 04:33:07
113.68.110.237

/index.php/static/images/header-profile.png
/controller/static load fail.
2017-09-20 04:33:08
113.68.110.237

/index.php/static/images/header-profile.png
/controller/static load fail.
2017-09-20 04:33:08
113.68.110.237

/index.php/static/images/header-profile.png
/controller/static load fail.
2017-09-20 04:35:48
113.68.110.237

/index.php/static/images/header-profile.png
/controller/static load fail.
2017-09-20 04:47:04
113.68.110.237

/index.php/static/images/header-profile.png
/controller/static load fail.
2017-09-20 04:50:15
113.68.110.237

/index.php/static/images/header-profile.png
/controller/static load fail.
2017-09-20 05:25:51
113.68.110.237

/index.php/static/images/header-profile.png
/controller/static load fail.
2017-09-20 05:26:01
113.68.110.237

/index.php/static/images/header-profile.png
/controller/static load fail.
2017-09-20 05:26:02
113.68.110.237

/index.php/static/images/header-profile.png
/controller/static load fail.
2017-09-20 05:26:02
113.68.110.237

/index.php/static/images/header-profile.png
/controller/static load fail.
2017-09-20 05:26:04
113.68.110.237

/index.php/static/images/header-profile.png
/controller/static load fail.
2017-09-20 05:26:05
113.68.110.237

/index.php/static/images/header-profile.png
/controller/static load fail.
2017-09-20 05:26:17
113.68.110.237

/index.php/static/images/header-profile.png
/controller/static load fail.
2017-09-20 05:26:20
113.68.110.237

/index.php/static/images/header-profile.png
/controller/static load fail.
2017-09-20 05:26:33
113.68.110.237

/index.php/static/images/header-profile.png
/controller/static load fail.
2017-09-20 05:26:36
113.68.110.237

/index.php/static/images/header-profile.png
/controller/static load fail.
2017-09-20 05:26:37
113.68.110.237

/index.php/static/images/header-profile.png
/controller/static load fail.
2017-09-20 05:26:41
113.68.110.237

/index.php/static/images/header-profile.png
/controller/static load fail.
2017-09-20 05:26:42
113.68.110.237

/index.php/static/images/header-profile.png
/controller/static load fail.
2017-09-20 05:26:44
113.68.110.237

/index.php/static/images/header-profile.png
/controller/static load fail.
2017-09-20 05:26:51
113.68.110.237

/index.php/static/images/header-profile.png
/controller/static load fail.
2017-09-20 05:26:57
113.68.110.237

/index.php/static/images/header-profile.png
/controller/static load fail.
2017-09-20 05:27:00
113.68.110.237

/index.php/static/images/header-profile.png
/controller/static load fail.
2017-09-20 05:27:06
113.68.110.237

/index.php/static/images/header-profile.png
/controller/static load fail.
2017-09-20 05:27:07
113.68.110.237

/index.php/static/images/header-profile.png
/controller/static load fail.
2017-09-20 05:27:08
113.68.110.237

/index.php/static/images/header-profile.png
/controller/static load fail.
2017-09-20 05:27:10
113.68.110.237

/index.php/static/images/header-profile.png
/controller/static load fail.
2017-09-20 05:27:11
113.68.110.237

/index.php/static/images/header-profile.png
/controller/static load fail.
2017-09-20 05:27:16
113.68.110.237

/index.php/static/images/header-profile.png
/controller/static load fail.
2017-09-20 05:29:45
113.68.110.237

/index.php/static/images/header-profile.png
/controller/static load fail.
2017-09-20 05:29:46
113.68.110.237

/index.php/static/images/header-profile.png
/controller/static load fail.
2017-09-20 05:29:47
113.68.110.237

/index.php/static/images/header-profile.png
/controller/static load fail.
2017-09-20 05:29:47
113.68.110.237

/index.php/static/images/header-profile.png
/controller/static load fail.
2017-09-20 05:29:48
113.68.110.237

/index.php/static/images/header-profile.png
/controller/static load fail.
2017-09-20 05:29:49
113.68.110.237

/index.php/static/images/header-profile.png
/controller/static load fail.
2017-09-20 05:29:50
113.68.110.237

/index.php/static/images/header-profile.png
/controller/static load fail.
2017-09-20 05:29:51
113.68.110.237

/index.php/static/images/header-profile.png
/controller/static load fail.
2017-09-20 05:30:18
113.68.110.237

/index.php/script/jquery.js
/controller/script load fail.
2017-09-20 05:34:17
113.68.110.237

/index.php/css/img/iconfont.ttf
/controller/css load fail.
2017-09-20 05:34:17
113.68.110.237

/index.php/static/images/header-profile.png
/controller/static load fail.
2017-09-20 05:34:39
113.68.110.237

/index.php/static/images/header-profile.png
/controller/static load fail.
2017-09-20 05:34:54
113.68.110.237

/index.php/static/images/header-profile.png
/controller/static load fail.
2017-09-20 05:34:56
113.68.110.237

/index.php/static/images/header-profile.png
/controller/static load fail.
2017-09-20 05:35:11
113.68.110.237

/index.php/static/images/header-profile.png
/controller/static load fail.
2017-09-20 05:35:13
113.68.110.237

/index.php/static/images/header-profile.png
/controller/static load fail.
2017-09-20 05:37:49
113.68.110.237

/index.php/static/images/header-profile.png
/controller/static load fail.
2017-09-20 05:37:59
113.68.110.237

/index.php/static/images/header-profile.png
/controller/static load fail.
2017-09-20 05:38:00
113.68.110.237

/index.php/static/images/header-profile.png
/controller/static load fail.
2017-09-20 05:39:50
113.68.110.237

/index.php/static/images/header-profile.png
/controller/static load fail.
2017-09-20 05:39:51
113.68.110.237

/index.php/static/images/header-profile.png
/controller/static load fail.
2017-09-20 05:39:51
113.68.110.237

/index.php/static/images/header-profile.png
/controller/static load fail.
2017-09-20 05:39:52
113.68.110.237

/index.php/static/images/header-profile.png
/controller/static load fail.
2017-09-20 05:39:54
113.68.110.237

/index.php/static/images/header-profile.png
/controller/static load fail.
2017-09-20 05:39:55
113.68.110.237

/index.php/static/images/header-profile.png
/controller/static load fail.
2017-09-20 05:39:56
113.68.110.237

/index.php/static/images/header-profile.png
/controller/static load fail.
2017-09-20 05:39:57
113.68.110.237

/index.php/static/images/header-profile.png
/controller/static load fail.
2017-09-20 05:40:03
113.68.110.237

/index.php/static/images/header-profile.png
/controller/static load fail.
2017-09-20 05:40:04
113.68.110.237

/index.php/static/images/header-profile.png
/controller/static load fail.
2017-09-20 05:40:05
113.68.110.237

/index.php/static/images/header-profile.png
/controller/static load fail.
2017-09-20 05:40:08
113.68.110.237

/index.php/static/images/header-profile.png
/controller/static load fail.
2017-09-20 05:40:08
113.68.110.237

/index.php/static/images/header-profile.png
/controller/static load fail.
2017-09-20 05:41:12
113.68.110.237

/index.php/static/images/header-profile.png
/controller/static load fail.
2017-09-20 05:41:14
113.68.110.237

/index.php/static/images/header-profile.png
/controller/static load fail.
2017-09-20 05:42:06
113.68.110.237

/index.php/static/images/header-profile.png
/controller/static load fail.
2017-09-20 05:42:08
113.68.110.237

/index.php/static/images/header-profile.png
/controller/static load fail.
2017-09-20 05:42:09
113.68.110.237

/index.php/static/images/header-profile.png
/controller/static load fail.
2017-09-20 05:42:10
113.68.110.237

/index.php/static/images/header-profile.png
/controller/static load fail.
2017-09-20 05:42:10
113.68.110.237

/index.php/static/images/header-profile.png
/controller/static load fail.
2017-09-20 05:42:39
113.68.110.237

/index.php/static/images/header-profile.png
/controller/static load fail.
2017-09-20 05:42:40
113.68.110.237

/index.php/static/images/header-profile.png
/controller/static load fail.
2017-09-20 05:42:40
113.68.110.237

/index.php/static/images/header-profile.png
/controller/static load fail.
2017-09-20 05:42:41
113.68.110.237

/index.php/static/images/header-profile.png
/controller/static load fail.
2017-09-20 05:42:41
113.68.110.237

/index.php/static/images/header-profile.png
/controller/static load fail.
2017-09-20 05:42:41
113.68.110.237

/index.php/static/images/header-profile.png
/controller/static load fail.
2017-09-20 05:42:42
113.68.110.237

/index.php/static/images/header-profile.png
/controller/static load fail.
2017-09-20 05:42:43
113.68.110.237

/index.php/static/images/header-profile.png
/controller/static load fail.
2017-09-20 05:42:48
113.68.110.237

/index.php/static/images/header-profile.png
/controller/static load fail.
2017-09-20 05:42:49
113.68.110.237

/index.php/static/images/header-profile.png
/controller/static load fail.
2017-09-20 05:43:22
113.68.110.237

/index.php/static/images/header-profile.png
/controller/static load fail.
2017-09-20 05:43:23
113.68.110.237

/index.php/static/images/header-profile.png
/controller/static load fail.
2017-09-20 05:43:29
113.68.110.237

/index.php/static/images/header-profile.png
/controller/static load fail.
2017-09-20 05:45:12
113.68.110.237

/index.php/static/images/header-profile.png
/controller/static load fail.
2017-09-20 05:45:16
113.68.110.237

/index.php/static/images/header-profile.png
/controller/static load fail.
2017-09-20 05:45:16
113.68.110.237

/index.php/static/images/header-profile.png
/controller/static load fail.
2017-09-20 05:45:18
113.68.110.237

/index.php/static/images/header-profile.png
/controller/static load fail.
2017-09-20 05:45:19
113.68.110.237

/index.php/static/images/header-profile.png
/controller/static load fail.
2017-09-20 05:45:20
113.68.110.237

/index.php/static/images/header-profile.png
/controller/static load fail.
2017-09-20 05:45:22
113.68.110.237

/index.php/static/images/header-profile.png
/controller/static load fail.
2017-09-20 05:45:23
113.68.110.237

/index.php/static/images/header-profile.png
/controller/static load fail.
2017-09-20 05:45:23
113.68.110.237

/index.php/static/images/header-profile.png
/controller/static load fail.
2017-09-20 05:45:39
113.68.110.237

/index.php/static/images/header-profile.png
/controller/static load fail.
2017-09-20 05:45:41
113.68.110.237

/index.php/static/images/header-profile.png
/controller/static load fail.
2017-09-20 05:45:42
113.68.110.237

/index.php/static/images/header-profile.png
/controller/static load fail.
2017-09-20 05:45:44
113.68.110.237

/index.php/static/images/header-profile.png
/controller/static load fail.
2017-09-20 05:45:46
113.68.110.237

/index.php/static/images/header-profile.png
/controller/static load fail.
2017-09-20 05:45:47
113.68.110.237

/index.php/static/images/header-profile.png
/controller/static load fail.
2017-09-20 05:45:48
113.68.110.237

/index.php/static/images/header-profile.png
/controller/static load fail.
2017-09-20 06:54:51
119.86.137.234

/index.php/script/jquery.js
/controller/script load fail.
2017-09-20 07:33:06
125.69.67.109

/index.php/css/img/iconfont.ttf
/controller/css load fail.
2017-09-20 07:33:07
125.69.67.109

/index.php/demo/images/favicon.ico
/controller/demo load fail.
2017-09-20 07:33:08
171.221.132.217

/index.php/demo/need/layer.css
/controller/demo load fail.
2017-09-20 07:33:11
101.226.99.196

/index.php/demo/images/favicon.ico
/controller/demo load fail.
2017-09-20 07:33:32
121.227.119.149

/index.php/demo/images/favicon.ico
/controller/demo load fail.
2017-09-20 07:41:43
171.221.132.217

/index.php/script/jquery.js
/controller/script load fail.
2017-09-20 07:50:11
101.226.65.102

/index.php/script/jquery.js
/controller/script load fail.
2017-09-20 07:50:11
101.226.65.102

/index.php/script/jquery.js
/controller/script load fail.
2017-09-20 07:50:12
101.226.65.102

/index.php/script/jquery.js
/controller/script load fail.
2017-09-20 07:50:12
101.226.65.102

/index.php/css/img/iconfont.ttf
/controller/css load fail.
2017-09-20 07:50:12
101.226.65.102

/index.php/js/sensorsdata.min.js
/controller/js load fail.
2017-09-20 07:50:12
101.226.65.102

/index.php/script/jquery.js
/controller/script load fail.
2017-09-20 09:16:50
117.136.13.193

/index.php/script/jquery.js
/controller/script load fail.
2017-09-20 09:16:51
117.136.13.193

/index.php/js/sensorsdata.min.js
/controller/js load fail.
2017-09-20 09:16:52
117.136.13.193

/index.php/css/img/nav-prd-icon.svg
/controller/css load fail.
2017-09-20 09:16:52
117.136.13.193

/index.php/css/img/scheme-nav-icon.svg
/controller/css load fail.
2017-09-20 09:16:52
117.136.13.193

/index.php/css/img/iconfont.ttf
/controller/css load fail.
2017-09-20 09:16:52
117.136.13.193

/index.php/static/images/header-profile.png
/controller/static load fail.
2017-09-20 09:17:51
117.136.13.193

/index.php/static/images/header-profile.png
/controller/static load fail.
2017-09-20 09:18:03
117.136.13.193

/index.php/static/images/header-profile.png
/controller/static load fail.
2017-09-20 09:18:16
117.136.13.193

/index.php/static/images/header-profile.png
/controller/static load fail.
2017-09-20 09:18:18
117.136.13.193

/index.php/static/images/header-profile.png
/controller/static load fail.
2017-09-20 09:18:25
117.136.13.193

/index.php/static/images/header-profile.png
/controller/static load fail.
2017-09-20 09:18:33
117.136.13.193

/index.php/static/images/header-profile.png
/controller/static load fail.
2017-09-20 09:18:34
117.136.13.193

/index.php/static/images/header-profile.png
/controller/static load fail.
2017-09-20 09:18:46
117.136.13.193

/index.php/script/jquery.js
/controller/script load fail.
2017-09-20 14:13:12
40.77.177.245

/index.php/css/img/iconfont.ttf
/controller/css load fail.
2017-09-20 14:13:19
40.77.177.245

/index.php/js/sensorsdata.min.js
/controller/js load fail.
2017-09-20 14:13:24
40.77.177.245

/index.php/css/img/nav-prd-icon.svg
/controller/css load fail.
2017-09-20 14:13:27
40.77.177.245

/index.php/css/img/scheme-nav-icon.svg
/controller/css load fail.
2017-09-20 14:13:27
40.77.177.245

/index.php/script/jquery.js
/controller/script load fail.
2017-09-20 16:40:06
131.253.25.191

/index.php/script/jquery.js
/controller/script load fail.
2017-09-20 16:40:11
131.253.25.191

/index.php/css/img/iconfont.ttf
/controller/css load fail.
2017-09-20 16:40:22
131.253.25.191

/index.php/js/sensorsdata.min.js
/controller/js load fail.
2017-09-20 16:40:28
131.253.25.191

/index.php/css/img/scheme-nav-icon.svg
/controller/css load fail.
2017-09-20 16:40:46
131.253.25.191

/index.php/css/img/nav-prd-icon.svg
/controller/css load fail.
2017-09-20 16:40:46
131.253.25.191

/index.php/script/jquery.js
/controller/script load fail.
2017-09-20 19:06:06
116.2.38.148

/index.php/css/img/iconfont.ttf
/controller/css load fail.
2017-09-20 19:06:06
116.2.38.148

/index.php/static/images/header-profile.png
/controller/static load fail.
2017-09-20 19:06:08
116.2.38.148

/index.php/static/images/header-profile.png
/controller/static load fail.
2017-09-20 19:06:11
116.2.38.148

/index.php/static/images/header-profile.png
/controller/static load fail.
2017-09-20 19:06:18
116.2.38.148

/index.php/static/images/header-profile.png
/controller/static load fail.
2017-09-20 19:06:25
116.2.38.148

/index.php/static/images/header-profile.png
/controller/static load fail.
2017-09-20 19:06:29
116.2.38.148

/index.php/static/images/header-profile.png
/controller/static load fail.
2017-09-20 19:06:34
116.2.38.148

/index.php/static/images/header-profile.png
/controller/static load fail.
2017-09-20 19:06:34
116.2.38.148

/index.php/static/images/header-profile.png
/controller/static load fail.
2017-09-20 19:06:36
116.2.38.148

/index.php/static/images/header-profile.png
/controller/static load fail.
2017-09-20 19:06:39
116.2.38.148

/index.php/static/images/header-profile.png
/controller/static load fail.
2017-09-20 19:06:41
116.2.38.148

/index.php/static/images/header-profile.png
/controller/static load fail.
2017-09-20 19:06:47
116.2.38.148

/index.php/static/images/header-profile.png
/controller/static load fail.
2017-09-20 19:06:49
116.2.38.148

/index.php/static/images/header-profile.png
/controller/static load fail.
2017-09-20 19:06:50
116.2.38.148

/index.php/static/images/header-profile.png
/controller/static load fail.
2017-09-20 19:06:51
116.2.38.148

/index.php/static/images/header-profile.png
/controller/static load fail.
2017-09-20 21:10:46
119.86.137.234

/index.php/static/images/header-profile.png
/controller/static load fail.
2017-09-20 21:10:50
119.86.137.234

/index.php/static/images/header-profile.png
/controller/static load fail.
2017-09-20 21:10:54
119.86.137.234

/index.php/static/images/header-profile.png
/controller/static load fail.
2017-09-20 21:10:55
119.86.137.234

/index.php/static/images/header-profile.png
/controller/static load fail.
2017-09-20 21:10:56
119.86.137.234

/index.php/static/images/header-profile.png
/controller/static load fail.
2017-09-20 21:10:57
119.86.137.234

/index.php/static/images/header-profile.png
/controller/static load fail.
2017-09-20 21:10:58
119.86.137.234

/index.php/static/images/header-profile.png
/controller/static load fail.
2017-09-20 21:11:05
119.86.137.234

/index.php/static/images/header-profile.png
/controller/static load fail.
2017-09-20 21:11:17
119.86.137.234

/index.php/static/images/header-profile.png
/controller/static load fail.
2017-09-20 21:11:21
119.86.137.234

/index.php/static/images/header-profile.png
/controller/static load fail.
2017-09-20 21:11:23
119.86.137.234

/index.php/static/images/header-profile.png
/controller/static load fail.
2017-09-20 21:11:24
119.86.137.234

/index.php/static/images/header-profile.png
/controller/static load fail.
2017-09-20 21:11:25
119.86.137.234

/index.php/static/images/header-profile.png
/controller/static load fail.
2017-09-20 21:11:26
119.86.137.234

/index.php/static/images/header-profile.png
/controller/static load fail.
2017-09-20 21:11:27
119.86.137.234

/index.php/static/images/header-profile.png
/controller/static load fail.
2017-09-20 21:11:28
119.86.137.234

/index.php/static/images/header-profile.png
/controller/static load fail.
2017-09-20 21:11:29
119.86.137.234

/index.php/static/images/header-profile.png
/controller/static load fail.
2017-09-20 21:11:30
119.86.137.234

/index.php/static/images/header-profile.png
/controller/static load fail.
2017-09-20 21:11:31
119.86.137.234

/index.php/static/images/header-profile.png
/controller/static load fail.
2017-09-20 21:11:32
119.86.137.234

/index.php/static/images/header-profile.png
/controller/static load fail.
2017-09-20 21:11:32
119.86.137.234

/index.php/static/images/header-profile.png
/controller/static load fail.
2017-09-20 21:11:33
119.86.137.234

/index.php/static/images/header-profile.png
/controller/static load fail.
2017-09-20 21:11:34
119.86.137.234

/index.php/static/images/header-profile.png
/controller/static load fail.
2017-09-20 21:12:07
119.86.137.234

/index.php/static/images/header-profile.png
/controller/static load fail.
2017-09-20 21:12:08
119.86.137.234

/index.php/static/images/header-profile.png
/controller/static load fail.
2017-09-20 21:12:10
119.86.137.234

/index.php/static/images/header-profile.png
/controller/static load fail.
2017-09-20 21:12:11
119.86.137.234

/index.php/static/images/header-profile.png
/controller/static load fail.
2017-09-20 21:12:11
119.86.137.234

/index.php/static/images/header-profile.png
/controller/static load fail.
2017-09-20 21:12:13
119.86.137.234

/index.php/static/images/header-profile.png
/controller/static load fail.
2017-09-20 21:12:13
119.86.137.234

/index.php/static/images/header-profile.png
/controller/static load fail.
2017-09-20 21:12:14
119.86.137.234

/index.php/static/images/header-profile.png
/controller/static load fail.
2017-09-20 21:12:54
119.86.137.234

/index.php/static/images/header-profile.png
/controller/static load fail.
2017-09-20 21:12:55
119.86.137.234

/index.php/static/images/header-profile.png
/controller/static load fail.
2017-09-20 21:12:56
119.86.137.234

/index.php/static/images/header-profile.png
/controller/static load fail.
2017-09-20 21:12:57
119.86.137.234

/index.php/static/images/header-profile.png
/controller/static load fail.
2017-09-20 21:12:58
119.86.137.234

/index.php/static/images/header-profile.png
/controller/static load fail.
2017-09-20 21:12:59
119.86.137.234

/index.php/static/images/header-profile.png
/controller/static load fail.
2017-09-20 21:13:01
119.86.137.234

/index.php/static/images/header-profile.png
/controller/static load fail.
2017-09-20 21:13:03
119.86.137.234

/index.php/static/images/header-profile.png
/controller/static load fail.
2017-09-20 21:13:04
119.86.137.234

/index.php/static/images/header-profile.png
/controller/static load fail.
2017-09-20 21:13:05
119.86.137.234

/index.php/static/images/header-profile.png
/controller/static load fail.
2017-09-20 21:13:07
119.86.137.234

/index.php/static/images/header-profile.png
/controller/static load fail.
2017-09-20 21:13:08
119.86.137.234

/index.php/static/images/header-profile.png
/controller/static load fail.
2017-09-20 21:13:08
119.86.137.234

/index.php/static/images/header-profile.png
/controller/static load fail.
2017-09-20 21:13:09
119.86.137.234

/index.php/static/images/header-profile.png
/controller/static load fail.
2017-09-20 21:13:10
119.86.137.234

/index.php/static/images/header-profile.png
/controller/static load fail.
2017-09-20 21:13:10
119.86.137.234

/index.php/static/images/header-profile.png
/controller/static load fail.
2017-09-20 21:13:12
119.86.137.234

/index.php/static/images/header-profile.png
/controller/static load fail.
2017-09-20 21:13:13
119.86.137.234

/index.php/static/images/header-profile.png
/controller/static load fail.
2017-09-20 21:13:14
119.86.137.234

/index.php/static/images/header-profile.png
/controller/static load fail.
2017-09-20 21:13:15
119.86.137.234

/index.php/static/images/header-profile.png
/controller/static load fail.
2017-09-20 21:13:16
119.86.137.234

/index.php/static/images/header-profile.png
/controller/static load fail.
2017-09-20 21:22:30
119.86.137.234

/index.php/static/images/header-profile.png
/controller/static load fail.
2017-09-20 21:22:31
119.86.137.234

/index.php/static/images/header-profile.png
/controller/static load fail.
2017-09-20 21:22:32
119.86.137.234

/index.php/static/images/header-profile.png
/controller/static load fail.
2017-09-20 21:22:33
119.86.137.234

/index.php/static/images/header-profile.png
/controller/static load fail.
2017-09-20 21:22:33
119.86.137.234

/index.php/static/images/header-profile.png
/controller/static load fail.
2017-09-20 21:22:34
119.86.137.234

/index.php/static/images/header-profile.png
/controller/static load fail.
2017-09-20 21:22:35
119.86.137.234

/index.php/static/images/header-profile.png
/controller/static load fail.
2017-09-20 21:22:36
119.86.137.234

/index.php/static/images/header-profile.png
/controller/static load fail.
2017-09-20 21:22:37
119.86.137.234

/index.php/static/images/header-profile.png
/controller/static load fail.
2017-09-20 21:22:38
119.86.137.234

/index.php/static/images/header-profile.png
/controller/static load fail.
2017-09-20 21:23:46
119.86.137.234

/index.php/static/images/header-profile.png
/controller/static load fail.
2017-09-20 21:23:47
119.86.137.234

/index.php/static/images/header-profile.png
/controller/static load fail.
2017-09-20 21:23:48
119.86.137.234

/index.php/static/images/header-profile.png
/controller/static load fail.
2017-09-20 21:23:50
119.86.137.234

/index.php/static/images/header-profile.png
/controller/static load fail.
2017-09-20 21:23:52
119.86.137.234

/index.php/static/images/header-profile.png
/controller/static load fail.
2017-09-20 21:23:53
119.86.137.234

/index.php/static/images/header-profile.png
/controller/static load fail.
2017-09-20 21:23:54
119.86.137.234

/index.php/static/images/header-profile.png
/controller/static load fail.
2017-09-20 21:23:55
119.86.137.234

/index.php/static/images/header-profile.png
/controller/static load fail.
2017-09-20 21:23:56
119.86.137.234

/index.php/static/images/header-profile.png
/controller/static load fail.
2017-09-20 21:23:57
119.86.137.234

/index.php/static/images/header-profile.png
/controller/static load fail.
2017-09-20 21:23:57
119.86.137.234

/index.php/static/images/header-profile.png
/controller/static load fail.
2017-09-20 21:23:58
119.86.137.234

/index.php/static/images/header-profile.png
/controller/static load fail.
2017-09-20 21:23:59
119.86.137.234

/index.php/static/images/header-profile.png
/controller/static load fail.
2017-09-20 21:24:00
119.86.137.234

/index.php/static/images/header-profile.png
/controller/static load fail.
2017-09-20 21:24:01
119.86.137.234

/index.php/static/images/header-profile.png
/controller/static load fail.
2017-09-20 21:24:02
119.86.137.234

/index.php/static/images/header-profile.png
/controller/static load fail.
2017-09-20 21:24:03
119.86.137.234

/index.php/static/images/header-profile.png
/controller/static load fail.
2017-09-20 21:24:04
119.86.137.234

/index.php/static/images/header-profile.png
/controller/static load fail.
2017-09-20 21:24:04
119.86.137.234

/index.php/static/images/header-profile.png
/controller/static load fail.
2017-09-20 21:29:23
119.86.137.234

/index.php/static/images/header-profile.png
/controller/static load fail.
2017-09-20 21:29:25
119.86.137.234

/index.php/static/images/header-profile.png
/controller/static load fail.
2017-09-20 21:29:27
119.86.137.234

/index.php/static/images/header-profile.png
/controller/static load fail.
2017-09-20 21:29:28
119.86.137.234

/index.php/static/images/header-profile.png
/controller/static load fail.
2017-09-20 21:30:19
119.86.137.234

/index.php/static/images/header-profile.png
/controller/static load fail.
2017-09-20 21:30:21
119.86.137.234

/index.php/static/images/header-profile.png
/controller/static load fail.
2017-09-20 21:30:21
119.86.137.234

/index.php/static/images/header-profile.png
/controller/static load fail.
2017-09-20 21:41:48
119.86.137.234

/index.php/static/images/header-profile.png
/controller/static load fail.
2017-09-20 21:41:49
119.86.137.234

/index.php/static/images/header-profile.png
/controller/static load fail.
2017-09-20 21:41:50
119.86.137.234

/index.php/static/images/header-profile.png
/controller/static load fail.
2017-09-20 21:41:51
119.86.137.234

/index.php/static/images/header-profile.png
/controller/static load fail.
2017-09-20 21:41:54
119.86.137.234

/index.php/static/images/header-profile.png
/controller/static load fail.
2017-09-20 21:41:55
119.86.137.234

/index.php/static/images/header-profile.png
/controller/static load fail.
2017-09-20 21:41:56
119.86.137.234

/index.php/static/images/header-profile.png
/controller/static load fail.
2017-09-20 21:41:57
119.86.137.234

/index.php/script/jquery.js
/controller/script load fail.
2017-09-20 21:51:15
117.61.129.63

/index.php/css/img/iconfont.ttf
/controller/css load fail.
2017-09-20 21:51:15
117.61.129.63

/index.php/script/jquery.js
/controller/script load fail.
2017-09-20 21:57:07
117.61.129.63

/index.php/css/img/iconfont.ttf
/controller/css load fail.
2017-09-20 21:57:07
117.61.129.63

/index.php/static/images/header-profile.png
/controller/static load fail.
2017-09-20 21:57:59
119.86.137.234

/index.php/static/images/header-profile.png
/controller/static load fail.
2017-09-20 21:58:07
119.86.137.234

/index.php/static/images/header-profile.png
/controller/static load fail.
2017-09-20 21:58:08
119.86.137.234

/index.php/static/images/header-profile.png
/controller/static load fail.
2017-09-20 21:58:09
119.86.137.234

/index.php/static/images/header-profile.png
/controller/static load fail.
2017-09-20 21:58:10
119.86.137.234

/index.php/static/images/header-profile.png
/controller/static load fail.
2017-09-20 21:58:11
119.86.137.234

/index.php/static/images/header-profile.png
/controller/static load fail.
2017-09-20 21:58:12
119.86.137.234

/index.php/static/images/header-profile.png
/controller/static load fail.
2017-09-20 21:58:13
119.86.137.234

/index.php/static/images/header-profile.png
/controller/static load fail.
2017-09-20 21:58:14
119.86.137.234

/index.php/static/images/header-profile.png
/controller/static load fail.
2017-09-20 21:58:16
119.86.137.234

/index.php/static/images/header-profile.png
/controller/static load fail.
2017-09-20 21:58:17
119.86.137.234

/index.php/static/images/header-profile.png
/controller/static load fail.
2017-09-20 21:58:19
119.86.137.234

/index.php/static/images/header-profile.png
/controller/static load fail.
2017-09-20 21:58:22
119.86.137.234

/index.php/static/images/header-profile.png
/controller/static load fail.
2017-09-20 21:58:26
119.86.137.234

/index.php/static/images/header-profile.png
/controller/static load fail.
2017-09-20 21:58:29
119.86.137.234

/index.php/static/common/glyphicons-halflings-regular.eot
/controller/static load fail.
2017-09-20 21:59:52
117.61.129.63

/index.php/static/images/header-profile.png
/controller/static load fail.
2017-09-20 22:03:32
119.86.137.234

/index.php/static/images/header-profile.png
/controller/static load fail.
2017-09-20 22:03:42
119.86.137.234

/index.php/static/images/header-profile.png
/controller/static load fail.
2017-09-20 22:03:44
119.86.137.234

/index.php/static/images/header-profile.png
/controller/static load fail.
2017-09-20 22:03:44
119.86.137.234

/index.php/static/images/header-profile.png
/controller/static load fail.
2017-09-20 22:03:45
119.86.137.234

/index.php/static/images/header-profile.png
/controller/static load fail.
2017-09-20 22:03:47
119.86.137.234

/index.php/static/images/header-profile.png
/controller/static load fail.
2017-09-20 22:03:48
119.86.137.234

/index.php/static/images/header-profile.png
/controller/static load fail.
2017-09-20 22:03:50
119.86.137.234

/index.php/static/images/header-profile.png
/controller/static load fail.
2017-09-20 22:03:51
119.86.137.234

/index.php/static/images/header-profile.png
/controller/static load fail.
2017-09-20 22:03:52
119.86.137.234

/index.php/static/images/header-profile.png
/controller/static load fail.
2017-09-20 22:03:53
119.86.137.234

/index.php/static/images/header-profile.png
/controller/static load fail.
2017-09-20 22:05:33
119.86.137.234

/index.php/static/images/header-profile.png
/controller/static load fail.
2017-09-20 22:05:34
119.86.137.234

/index.php/static/images/header-profile.png
/controller/static load fail.
2017-09-20 22:05:35
119.86.137.234

/index.php/script/jquery.js
/controller/script load fail.
2017-09-20 22:10:32
117.61.129.63

/index.php/css/img/iconfont.ttf
/controller/css load fail.
2017-09-20 22:10:33
117.61.129.63

/index.php/demo/images/favicon.ico
/controller/demo load fail.
2017-09-20 22:11:07
117.61.129.63

/index.php/demo/need/layer.css
/controller/demo load fail.
2017-09-20 22:12:11
101.226.33.218

/index.php/static/images/header-profile.png
/controller/static load fail.
2017-09-20 22:13:12
119.86.137.234

/index.php/static/images/header-profile.png
/controller/static load fail.
2017-09-20 22:13:14
119.86.137.234

/index.php/static/images/header-profile.png
/controller/static load fail.
2017-09-20 22:13:16
119.86.137.234

/index.php/static/images/header-profile.png
/controller/static load fail.
2017-09-20 22:13:17
119.86.137.234

/index.php/static/images/header-profile.png
/controller/static load fail.
2017-09-20 22:13:18
119.86.137.234

/index.php/static/images/header-profile.png
/controller/static load fail.
2017-09-20 22:13:20
119.86.137.234

/index.php/static/images/header-profile.png
/controller/static load fail.
2017-09-20 22:18:42
119.86.137.234

/index.php/demo/images/favicon.ico
/controller/demo load fail.
2017-09-20 22:22:35
117.61.129.63

/index.php/script/jquery.js
/controller/script load fail.
2017-09-20 22:22:36
117.61.129.63

/index.php/css/img/iconfont.ttf
/controller/css load fail.
2017-09-20 22:22:37
117.61.129.63

/index.php/demo/images/favicon.ico
/controller/demo load fail.
2017-09-20 22:22:48
117.61.129.63

/index.php/demo/images/favicon.ico
/controller/demo load fail.
2017-09-20 22:22:50
117.61.129.63

/index.php/script/jquery.js
/controller/script load fail.
2017-09-20 22:37:26
101.226.125.104

/index.php/script/jquery.js
/controller/script load fail.
2017-09-20 22:37:26
101.226.125.104

/index.php/script/jquery.js
/controller/script load fail.
2017-09-20 22:37:26
101.226.125.104

/index.php/script/jquery.js
/controller/script load fail.
2017-09-20 22:37:26
101.226.125.104

/index.php/css/img/iconfont.ttf
/controller/css load fail.
2017-09-20 22:37:27
101.226.125.104

/index.php/js/sensorsdata.min.js
/controller/js load fail.
2017-09-20 22:37:27
101.226.125.104

/index.php/css/img/nav-prd-icon.svg
/controller/css load fail.
2017-09-20 22:37:27
101.226.125.104

/index.php/css/img/scheme-nav-icon.svg
/controller/css load fail.
2017-09-20 22:37:27
101.226.125.104

/index.php/script/jquery.js
/controller/script load fail.
2017-09-20 22:38:05
122.227.91.61

/index.php/css/img/iconfont.ttf
/controller/css load fail.
2017-09-20 22:38:07
122.227.91.61

/index.php/demo/images/favicon.ico
/controller/demo load fail.
2017-09-20 22:39:23
122.227.91.61

/index.php/css/img/iconfont.ttf
/controller/css load fail.
2017-09-20 22:39:27
122.227.91.61

/index.php/demo/images/favicon.ico
/controller/demo load fail.
2017-09-20 22:39:36
122.227.91.61

/index.php/static/images/header-profile.png
/controller/static load fail.
2017-09-20 22:40:28
119.86.137.234

/index.php/static/images/header-profile.png
/controller/static load fail.
2017-09-20 22:40:29
119.86.137.234

/index.php/static/images/header-profile.png
/controller/static load fail.
2017-09-20 22:40:30
119.86.137.234

/index.php/script/jquery.js
/controller/script load fail.
2017-09-20 22:42:27
122.227.91.61

/index.php/css/img/iconfont.ttf
/controller/css load fail.
2017-09-20 22:42:27
122.227.91.61

/index.php/script/jquery.js
/controller/script load fail.
2017-09-20 22:49:22
122.227.91.61

/index.php/css/img/iconfont.ttf
/controller/css load fail.
2017-09-20 22:49:23
122.227.91.61

/index.php/script/jquery.js
/controller/script load fail.
2017-09-20 22:49:29
122.227.91.61

/index.php/css/img/iconfont.ttf
/controller/css load fail.
2017-09-20 22:49:31
122.227.91.61

/index.php/script/jquery.js
/controller/script load fail.
2017-09-20 22:50:07
122.227.91.61

/index.php/css/img/iconfont.ttf
/controller/css load fail.
2017-09-20 22:50:08
122.227.91.61

/index.php/script/jquery.js
/controller/script load fail.
2017-09-20 22:50:33
122.227.91.61

/index.php/css/img/iconfont.ttf
/controller/css load fail.
2017-09-20 22:50:35
122.227.91.61

/index.php/script/jquery.js
/controller/script load fail.
2017-09-20 22:50:43
101.226.66.193

/index.php/script/jquery.js
/controller/script load fail.
2017-09-20 22:50:43
101.226.66.193

/index.php/script/jquery.js
/controller/script load fail.
2017-09-20 22:50:43
101.226.66.193

/index.php/script/jquery.js
/controller/script load fail.
2017-09-20 22:50:43
101.226.66.193

/index.php/css/img/iconfont.ttf
/controller/css load fail.
2017-09-20 22:50:44
101.226.66.193

/index.php/js/sensorsdata.min.js
/controller/js load fail.
2017-09-20 22:50:44
101.226.66.193

/index.php/script/jquery.js
/controller/script load fail.
2017-09-20 22:50:59
122.227.91.61

/index.php/css/img/iconfont.ttf
/controller/css load fail.
2017-09-20 22:50:59
122.227.91.61

/index.php/demo/images/favicon.ico
/controller/demo load fail.
2017-09-20 22:51:51
122.227.91.61

/index.php/demo/images/favicon.ico
/controller/demo load fail.
2017-09-20 22:51:59
122.227.91.61

/index.php/script/jquery.js
/controller/script load fail.
2017-09-20 22:52:07
122.227.91.61

/index.php/css/img/iconfont.ttf
/controller/css load fail.
2017-09-20 22:52:07
122.227.91.61

/index.php/demo/images/favicon.ico
/controller/demo load fail.
2017-09-20 22:54:21
122.227.91.61

/index.php/script/jquery.js
/controller/script load fail.
2017-09-20 22:55:20
122.227.91.61

/index.php/css/img/iconfont.ttf
/controller/css load fail.
2017-09-20 22:55:21
122.227.91.61

/index.php/css/img/iconfont.ttf
/controller/css load fail.
2017-09-20 22:55:30
101.226.33.220

/index.php/static/images/header-profile.png
/controller/static load fail.
2017-09-20 23:03:04
119.86.137.234

/index.php/static/images/header-profile.png
/controller/static load fail.
2017-09-20 23:03:07
119.86.137.234

/index.php/static/images/header-profile.png
/controller/static load fail.
2017-09-20 23:03:08
119.86.137.234

/index.php/static/images/header-profile.png
/controller/static load fail.
2017-09-20 23:03:09
119.86.137.234

/index.php/static/images/header-profile.png
/controller/static load fail.
2017-09-20 23:03:10
119.86.137.234

/index.php/static/images/header-profile.png
/controller/static load fail.
2017-09-20 23:03:10
119.86.137.234

/index.php/static/images/header-profile.png
/controller/static load fail.
2017-09-20 23:03:11
119.86.137.234

/index.php/static/images/header-profile.png
/controller/static load fail.
2017-09-20 23:03:14
119.86.137.234

/index.php/static/images/header-profile.png
/controller/static load fail.
2017-09-20 23:04:09
119.86.137.234

/index.php/static/images/header-profile.png
/controller/static load fail.
2017-09-20 23:04:10
119.86.137.234

/index.php/static/images/header-profile.png
/controller/static load fail.
2017-09-20 23:04:12
119.86.137.234

/index.php/static/images/header-profile.png
/controller/static load fail.
2017-09-20 23:04:13
119.86.137.234

/index.php/static/images/header-profile.png
/controller/static load fail.
2017-09-20 23:04:14
119.86.137.234

/index.php/static/images/header-profile.png
/controller/static load fail.
2017-09-20 23:04:15
119.86.137.234

/index.php/script/jquery.js
/controller/script load fail.
2017-09-20 23:06:55
120.9.143.34

/index.php/css/img/iconfont.ttf
/controller/css load fail.
2017-09-20 23:06:55
120.9.143.34

/index.php/script/jquery.js
/controller/script load fail.
2017-09-20 23:07:00
122.227.91.61

/index.php/css/img/iconfont.ttf
/controller/css load fail.
2017-09-20 23:07:00
122.227.91.61

/index.php/demo/images/favicon.ico
/controller/demo load fail.
2017-09-20 23:07:01
120.9.143.34

/index.php/script/jquery.js
/controller/script load fail.
2017-09-20 23:07:23
120.9.143.34

/index.php/css/img/iconfont.ttf
/controller/css load fail.
2017-09-20 23:07:23
120.9.143.34

/index.php/script/jquery.js
/controller/script load fail.
2017-09-20 23:12:11
101.16.130.136

/index.php/css/img/iconfont.ttf
/controller/css load fail.
2017-09-20 23:12:12
101.16.130.136

/index.php/script/jquery.js
/controller/script load fail.
2017-09-20 23:18:06
101.16.130.136

/index.php/css/img/iconfont.ttf
/controller/css load fail.
2017-09-20 23:18:06
101.16.130.136

/index.php/script/jquery.js
/controller/script load fail.
2017-09-20 23:22:59
113.248.157.16

/index.php/css/img/iconfont.ttf
/controller/css load fail.
2017-09-20 23:22:59
113.248.157.16

/index.php/static/images/header-profile.png
/controller/static load fail.
2017-09-20 23:23:06
113.248.157.16

/index.php/static/images/header-profile.png
/controller/static load fail.
2017-09-20 23:23:13
113.248.157.16

/index.php/static/images/header-profile.png
/controller/static load fail.
2017-09-20 23:23:15
113.248.157.16

/index.php/static/images/header-profile.png
/controller/static load fail.
2017-09-20 23:23:28
113.248.157.16

/index.php/static/images/header-profile.png
/controller/static load fail.
2017-09-20 23:23:41
113.248.157.16

/index.php/static/images/header-profile.png
/controller/static load fail.
2017-09-20 23:23:51
113.248.157.16

/index.php/script/jquery.js
/controller/script load fail.
2017-09-20 23:24:58
125.84.86.215

/index.php/css/img/iconfont.ttf
/controller/css load fail.
2017-09-20 23:24:58
125.84.86.215

/index.php/script/jquery.js
/controller/script load fail.
2017-09-20 23:24:58
122.227.91.61

/index.php/css/img/iconfont.ttf
/controller/css load fail.
2017-09-20 23:24:59
122.227.91.61

/index.php/demo/images/favicon.ico
/controller/demo load fail.
2017-09-20 23:26:08
122.227.91.61

/index.php/script/jquery.js
/controller/script load fail.
2017-09-20 23:26:57
110.228.34.212

/index.php/css/img/iconfont.ttf
/controller/css load fail.
2017-09-20 23:26:57
110.228.34.212

/index.php/script/jquery.js
/controller/script load fail.
2017-09-20 23:27:25
101.16.130.136

/index.php/css/img/iconfont.ttf
/controller/css load fail.
2017-09-20 23:27:26
101.16.130.136

/index.php/static/images/header-profile.png
/controller/static load fail.
2017-09-20 23:27:46
119.86.137.234

/index.php/static/images/header-profile.png
/controller/static load fail.
2017-09-20 23:27:47
119.86.137.234

/index.php/static/images/header-profile.png
/controller/static load fail.
2017-09-20 23:27:48
119.86.137.234

/index.php/static/images/header-profile.png
/controller/static load fail.
2017-09-20 23:41:04
119.86.137.234

/index.php/static/images/header-profile.png
/controller/static load fail.
2017-09-20 23:41:05
119.86.137.234

/index.php/static/images/header-profile.png
/controller/static load fail.
2017-09-20 23:41:06
119.86.137.234

/index.php/static/images/header-profile.png
/controller/static load fail.
2017-09-20 23:41:07
119.86.137.234

/index.php/static/images/header-profile.png
/controller/static load fail.
2017-09-20 23:41:08
119.86.137.234

/index.php/static/images/header-profile.png
/controller/static load fail.
2017-09-20 23:41:09
119.86.137.234

/index.php/static/images/header-profile.png
/controller/static load fail.
2017-09-20 23:41:11
119.86.137.234

/index.php/static/images/header-profile.png
/controller/static load fail.
2017-09-20 23:41:12
119.86.137.234

/index.php/static/images/header-profile.png
/controller/static load fail.
2017-09-20 23:42:03
119.86.137.234

/index.php/static/images/header-profile.png
/controller/static load fail.
2017-09-20 23:53:55
119.86.137.234

/index.php/static/images/header-profile.png
/controller/static load fail.
2017-09-20 23:53:56
119.86.137.234

/index.php/static/images/header-profile.png
/controller/static load fail.
2017-09-20 23:56:23
119.86.137.234

/index.php/static/images/header-profile.png
/controller/static load fail.
2017-09-20 23:57:32
119.86.137.234

