/index.php
/controller/bbs load fail.
2017-08-30 00:02:25
115.182.25.58

/index.php
/controller/p load fail.
2017-08-30 00:11:26
68.180.229.247

/index.php
/controller/script load fail.
2017-08-30 00:13:06
223.73.39.103

/index.php
/controller/pay load fail.
2017-08-30 00:18:49
60.205.231.13

/index.php
/controller/pay load fail.
2017-08-30 00:18:57
60.205.231.13

/index.php
/controller/bbs load fail.
2017-08-30 00:34:04
115.182.24.232

/index.php
/controller/script load fail.
2017-08-30 00:35:44
54.81.225.130

/index.php
/controller/images load fail.
2017-08-30 00:45:24
111.206.221.73

/index.php
/controller/images load fail.
2017-08-30 01:03:41
219.128.76.69

/index.php
/controller/images load fail.
2017-08-30 01:03:41
219.128.76.69

/index.php
/controller/images load fail.
2017-08-30 01:03:42
219.128.76.69

/index.php
/controller/images load fail.
2017-08-30 01:03:43
219.128.76.69

/index.php
/controller/images load fail.
2017-08-30 01:09:15
175.162.92.230

/index.php
/controller/images load fail.
2017-08-30 01:09:15
175.162.92.230

/index.php
/controller/images load fail.
2017-08-30 01:09:15
175.162.92.230

/index.php
/controller/pay load fail.
2017-08-30 01:18:49
60.205.231.13

/index.php
/controller/pay load fail.
2017-08-30 01:18:59
60.205.231.13

/index.php
/controller/images load fail.
2017-08-30 01:38:32
101.226.102.89

/index.php
/controller/images load fail.
2017-08-30 01:38:32
101.226.102.89

/index.php
/controller/ask load fail.
2017-08-30 01:41:12
68.180.229.247

/index.php
/controller/script load fail.
2017-08-30 01:52:19
54.205.0.84

/index.php
/controller/images load fail.
2017-08-30 02:14:06
42.236.44.15

/index.php
/controller/script load fail.
2017-08-30 02:23:10
113.15.148.207

/index.php
/controller/images load fail.
2017-08-30 02:23:58
111.206.221.70

/index.php
/controller/script load fail.
2017-08-30 02:32:22
42.236.72.133

/index.php
/controller/script load fail.
2017-08-30 02:32:23
42.236.72.133

/index.php
/controller/script load fail.
2017-08-30 02:32:23
1.82.190.53

/index.php
/controller/script load fail.
2017-08-30 02:32:23
42.236.72.133

/index.php
/controller/script load fail.
2017-08-30 02:32:24
1.82.190.53

/index.php
/controller/images load fail.
2017-08-30 02:35:57
42.236.44.25

/index.php
/controller/images load fail.
2017-08-30 02:36:28
220.181.108.100

/index.php
/controller/images load fail.
2017-08-30 02:36:28
220.181.108.116

/index.php
/controller/images load fail.
2017-08-30 02:44:58
66.249.73.76

/index.php
/controller/images load fail.
2017-08-30 02:51:59
42.236.44.26

/index.php
/controller/images load fail.
2017-08-30 03:02:44
220.181.108.123

/index.php
/controller/p load fail.
2017-08-30 03:09:23
68.180.229.247

/index.php
/controller/images load fail.
2017-08-30 03:22:12
220.181.108.105

/index.php
/controller/ask load fail.
2017-08-30 03:30:19
68.180.229.247

/index.php
/controller/images load fail.
2017-08-30 03:33:31
220.181.108.109

/index.php
/controller/images load fail.
2017-08-30 03:51:36
14.215.161.55

/index.php
/controller/bbs load fail.
2017-08-30 04:01:19
115.182.24.15

/index.php
/controller/images load fail.
2017-08-30 04:19:11
123.125.71.44

/index.php
/controller/images load fail.
2017-08-30 04:19:11
123.125.71.94

/index.php
/controller/images load fail.
2017-08-30 04:27:19
220.181.108.104

/index.php
/controller/npddzcg load fail.
2017-08-30 04:27:27
42.236.99.72

/index.php
/controller/fwqpyx load fail.
2017-08-30 04:27:27
42.236.99.230

/index.php
/controller/fzmjzmw load fail.
2017-08-30 04:27:27
42.236.12.170

/index.php
/controller/3mby load fail.
2017-08-30 04:27:28
42.236.99.58

/index.php
/controller/hlddzdnmfb load fail.
2017-08-30 04:27:28
42.236.99.58

/index.php
/controller/zjhfpjq load fail.
2017-08-30 04:27:28
42.236.55.41

/index.php
/controller/p load fail.
2017-08-30 04:27:28
42.236.99.154

/index.php
/controller/jyqpdtaz load fail.
2017-08-30 04:27:28
42.236.99.2

/index.php
/controller/ddzxhcj load fail.
2017-08-30 04:27:28
42.236.99.86

/index.php
/controller/456qpgfwz load fail.
2017-08-30 04:27:28
42.236.12.170

/index.php
/controller/eqwlx load fail.
2017-08-30 04:27:28
42.236.12.190

/index.php
/controller/jlqpyxzxgw load fail.
2017-08-30 04:27:28
42.236.54.2

/index.php
/controller/p load fail.
2017-08-30 04:27:28
42.236.99.44

/index.php
/controller/gqtqjjxz load fail.
2017-08-30 04:27:28
42.236.99.86

/index.php
/controller/jlsmjyx load fail.
2017-08-30 04:27:28
42.236.54.2

/index.php
/controller/tcmjzmd load fail.
2017-08-30 04:27:28
42.236.99.154

/index.php
/controller/ask load fail.
2017-08-30 04:27:28
42.236.99.79

/index.php
/controller/p load fail.
2017-08-30 04:27:28
42.236.99.37

/index.php
/controller/bbtqply load fail.
2017-08-30 04:27:28
42.236.12.150

/index.php
/controller/ask load fail.
2017-08-30 04:27:28
42.236.54.2

/index.php
/controller/jlqpzcsq load fail.
2017-08-30 04:27:28
42.236.12.190

/index.php
/controller/qpzxsgjyx load fail.
2017-08-30 04:27:28
42.236.101.194

/index.php
/controller/ask load fail.
2017-08-30 04:27:28
42.236.54.2

/index.php
/controller/qpzxyx load fail.
2017-08-30 04:27:28
42.236.103.106

/index.php
/controller/qpjby load fail.
2017-08-30 04:27:28
42.236.99.230

/index.php
/controller/azsjdjbllk load fail.
2017-08-30 04:27:29
42.236.99.44

/index.php
/controller/mjpmnka load fail.
2017-08-30 04:27:29
42.236.99.58

/index.php
/controller/1qppc load fail.
2017-08-30 04:27:29
42.236.99.230

/index.php
/controller/qppcwqppcw load fail.
2017-08-30 04:27:29
42.236.12.190

/index.php
/controller/azsjqpxyx load fail.
2017-08-30 04:27:29
42.236.99.30

/index.php
/controller/ddzgjrj load fail.
2017-08-30 04:27:30
42.236.99.79

/index.php
/controller/sjqpdlt load fail.
2017-08-30 04:27:35
42.236.99.16

/index.php
/controller/wrqpdnyxxz load fail.
2017-08-30 04:27:42
42.236.12.130

/index.php
/controller/ask load fail.
2017-08-30 04:27:44
42.236.99.51

/index.php
/controller/sjqpyxl load fail.
2017-08-30 04:27:52
42.236.99.218

/index.php
/controller/gjgsfzjsp load fail.
2017-08-30 04:27:54
42.236.99.178

/index.php
/controller/wxddzgs load fail.
2017-08-30 04:27:55
42.236.99.242

/index.php
/controller/gqp load fail.
2017-08-30 04:27:57
42.236.99.218

/index.php
/controller/p load fail.
2017-08-30 04:28:09
42.236.12.130

/index.php
/controller/yyddzmc load fail.
2017-08-30 04:28:09
42.236.46.85

/index.php
/controller/p load fail.
2017-08-30 04:28:14
42.236.99.218

/index.php
/controller/ask load fail.
2017-08-30 04:28:14
42.236.99.218

/index.php
/controller/ddzksfp load fail.
2017-08-30 04:28:16
42.236.99.23

/index.php
/controller/mnermj4 load fail.
2017-08-30 04:28:16
42.236.99.23

/index.php
/controller/ask load fail.
2017-08-30 04:28:20
42.236.102.23

/index.php
/controller/qpsgsmys load fail.
2017-08-30 04:28:20
42.236.102.23

/index.php
/controller/images load fail.
2017-08-30 04:29:22
220.181.108.110

/index.php
/controller/bbs load fail.
2017-08-30 04:32:17
115.182.25.62

/index.php
/controller/images load fail.
2017-08-30 04:34:56
123.125.71.102

/index.php
/controller/images load fail.
2017-08-30 04:34:56
123.125.71.56

/index.php
/controller/images load fail.
2017-08-30 04:34:56
220.181.108.154

/index.php
/controller/images load fail.
2017-08-30 04:34:56
123.125.71.41

/index.php
/controller/images load fail.
2017-08-30 04:36:43
123.125.71.30

/index.php
/controller/images load fail.
2017-08-30 04:36:58
123.125.71.102

/index.php
/controller/images load fail.
2017-08-30 04:36:58
123.125.71.52

/index.php
/controller/images load fail.
2017-08-30 04:37:44
220.181.108.119

/index.php
/controller/images load fail.
2017-08-30 04:38:25
220.181.108.111

/index.php
/controller/images load fail.
2017-08-30 04:41:09
220.181.108.106

/index.php
/controller/images load fail.
2017-08-30 04:41:09
220.181.108.100

/index.php
/controller/images load fail.
2017-08-30 04:41:13
123.125.71.95

/index.php
/controller/images load fail.
2017-08-30 04:41:13
220.181.108.183

/index.php
/controller/images load fail.
2017-08-30 04:43:46
220.181.108.106

/index.php
/controller/images load fail.
2017-08-30 04:44:09
123.125.71.36

/index.php
/controller/images load fail.
2017-08-30 04:44:09
123.125.71.60

/index.php
/controller/images load fail.
2017-08-30 04:44:09
220.181.108.105

/index.php
/controller/images load fail.
2017-08-30 04:49:07
220.181.108.112

/index.php
/controller/images load fail.
2017-08-30 04:49:07
220.181.108.185

/index.php
/controller/images load fail.
2017-08-30 04:49:07
123.125.71.116

/index.php
/controller/images load fail.
2017-08-30 04:49:07
123.125.71.44

/index.php
/controller/images load fail.
2017-08-30 04:49:07
220.181.108.147

/index.php
/controller/images load fail.
2017-08-30 04:54:38
220.181.108.185

/index.php
/controller/images load fail.
2017-08-30 04:57:47
220.181.108.177

/index.php
/controller/images load fail.
2017-08-30 04:57:58
42.236.44.16

/index.php
/controller/bbs load fail.
2017-08-30 05:01:47
115.182.25.36

/index.php
/controller/images load fail.
2017-08-30 05:02:15
123.125.71.90

/index.php
/controller/images load fail.
2017-08-30 05:07:47
123.125.71.95

/index.php
/controller/images load fail.
2017-08-30 05:08:18
123.125.71.48

/index.php
/controller/images load fail.
2017-08-30 05:08:18
220.181.108.123

/index.php
/controller/images load fail.
2017-08-30 05:08:18
220.181.108.110

/index.php
/controller/images load fail.
2017-08-30 05:09:41
220.181.108.187

/index.php
/controller/images load fail.
2017-08-30 05:09:41
220.181.108.108

/index.php
/controller/images load fail.
2017-08-30 05:10:00
123.125.71.58

/index.php
/controller/images load fail.
2017-08-30 05:10:00
220.181.108.113

/index.php
/controller/images load fail.
2017-08-30 05:10:00
123.125.71.55

/index.php
/controller/images load fail.
2017-08-30 05:11:28
123.125.71.46

/index.php
/controller/images load fail.
2017-08-30 05:11:49
123.125.71.43

/index.php
/controller/images load fail.
2017-08-30 05:11:54
123.125.71.54

/index.php
/controller/images load fail.
2017-08-30 05:19:20
123.125.71.116

/index.php
/controller/images load fail.
2017-08-30 05:19:20
220.181.108.174

/index.php
/controller/images load fail.
2017-08-30 05:19:20
220.181.108.117

/index.php
/controller/images load fail.
2017-08-30 05:25:21
123.125.71.77

/index.php
/controller/images load fail.
2017-08-30 05:25:21
220.181.108.161

/index.php
/controller/images load fail.
2017-08-30 05:25:21
123.125.71.78

/index.php
/controller/images load fail.
2017-08-30 05:25:21
123.125.71.45

/index.php
/controller/images load fail.
2017-08-30 05:25:22
123.125.71.86

/index.php
/controller/images load fail.
2017-08-30 05:25:34
123.125.71.38

/index.php
/controller/images load fail.
2017-08-30 05:25:34
220.181.108.123

/index.php
/controller/images load fail.
2017-08-30 05:25:57
123.125.71.112

/index.php
/controller/images load fail.
2017-08-30 05:25:57
220.181.108.152

/index.php
/controller/images load fail.
2017-08-30 05:25:57
123.125.71.76

/index.php
/controller/images load fail.
2017-08-30 05:31:58
220.181.108.121

/index.php
/controller/images load fail.
2017-08-30 05:31:58
220.181.108.123

/index.php
/controller/uploads load fail.
2017-08-30 05:32:17
111.202.100.179

/index.php
/controller/uploads load fail.
2017-08-30 05:32:17
111.202.103.81

/index.php
/controller/uploads load fail.
2017-08-30 05:32:17
218.30.103.250

/index.php
/controller/uploads load fail.
2017-08-30 05:32:18
111.202.103.88

/index.php
/controller/bbs load fail.
2017-08-30 05:32:56
115.182.24.11

/index.php
/controller/images load fail.
2017-08-30 05:34:15
220.181.108.103

/index.php
/controller/images load fail.
2017-08-30 05:36:54
123.125.71.31

/index.php
/controller/images load fail.
2017-08-30 05:37:14
106.120.173.222

/index.php
/controller/images load fail.
2017-08-30 05:37:15
111.202.102.7

/index.php
/controller/images load fail.
2017-08-30 05:37:46
123.125.71.45

/index.php
/controller/images load fail.
2017-08-30 05:37:46
220.181.108.171

/index.php
/controller/images load fail.
2017-08-30 05:41:35
123.125.71.95

/index.php
/controller/images load fail.
2017-08-30 05:41:35
220.181.108.105

/index.php
/controller/images load fail.
2017-08-30 05:42:07
123.125.71.30

/index.php
/controller/images load fail.
2017-08-30 05:42:13
220.181.108.161

/index.php
/controller/images load fail.
2017-08-30 05:42:13
220.181.108.102

/index.php
/controller/images load fail.
2017-08-30 05:47:26
123.125.71.34

/index.php
/controller/images load fail.
2017-08-30 05:47:26
220.181.108.96

/index.php
/controller/images load fail.
2017-08-30 06:01:54
123.125.71.54

/index.php
/controller/images load fail.
2017-08-30 06:01:54
123.125.71.36

/index.php
/controller/images load fail.
2017-08-30 06:01:54
123.125.71.45

/index.php
/controller/bbs load fail.
2017-08-30 06:04:52
115.182.25.73

/index.php
/controller/images load fail.
2017-08-30 06:09:23
183.57.53.222

/index.php
/controller/images load fail.
2017-08-30 06:11:48
111.202.103.99

/index.php
/controller/images load fail.
2017-08-30 06:11:49
111.202.102.92

/index.php
/controller/images load fail.
2017-08-30 06:20:42
123.125.71.39

/index.php
/controller/images load fail.
2017-08-30 06:20:42
123.125.71.116

/index.php
/controller/images load fail.
2017-08-30 06:23:38
220.181.108.141

/index.php
/controller/images load fail.
2017-08-30 06:30:45
123.125.71.40

/index.php
/controller/images load fail.
2017-08-30 06:30:45
220.181.108.141

/index.php
/controller/images load fail.
2017-08-30 06:37:03
123.125.71.36

/index.php
/controller/images load fail.
2017-08-30 06:37:03
220.181.108.106

/index.php
/controller/bbs load fail.
2017-08-30 06:41:47
115.182.25.41

/index.php
/controller/p load fail.
2017-08-30 06:43:29
14.17.3.64

/index.php
/controller/images load fail.
2017-08-30 06:45:21
123.125.71.70

/index.php
/controller/images load fail.
2017-08-30 06:45:21
220.181.108.151

/index.php
/controller/images load fail.
2017-08-30 06:46:59
123.125.71.41

/index.php
/controller/images load fail.
2017-08-30 06:46:59
220.181.108.118

/index.php
/controller/images load fail.
2017-08-30 06:47:00
220.181.108.187

/index.php
/controller/images load fail.
2017-08-30 06:51:47
123.125.71.43

/index.php
/controller/images load fail.
2017-08-30 06:52:38
123.125.71.33

/index.php
/controller/images load fail.
2017-08-30 06:54:30
220.181.108.182

/index.php
/controller/images load fail.
2017-08-30 06:54:40
220.181.108.116

/index.php
/controller/images load fail.
2017-08-30 06:54:52
111.202.103.112

/index.php
/controller/images load fail.
2017-08-30 06:54:53
218.30.103.250

/index.php
/controller/images load fail.
2017-08-30 06:56:19
220.181.108.181

/index.php
/controller/images load fail.
2017-08-30 06:58:19
42.236.44.32

/index.php
/controller/images load fail.
2017-08-30 06:58:35
220.181.108.177

/index.php
/controller/images load fail.
2017-08-30 06:58:35
220.181.108.104

/index.php
/controller/images load fail.
2017-08-30 06:58:35
220.181.108.97

/index.php
/controller/images load fail.
2017-08-30 07:00:22
123.125.71.46

/index.php
/controller/images load fail.
2017-08-30 07:00:22
220.181.108.155

/index.php
/controller/images load fail.
2017-08-30 07:02:13
220.181.108.144

/index.php
/controller/qpsgsmys load fail.
2017-08-30 07:04:48
183.57.53.177

/index.php
/controller/images load fail.
2017-08-30 07:09:01
123.125.71.84

/index.php
/controller/mnermjq load fail.
2017-08-30 07:11:49
112.90.82.218

/index.php
/controller/images load fail.
2017-08-30 07:11:58
123.125.71.38

/index.php
/controller/images load fail.
2017-08-30 07:12:40
220.181.108.97

/index.php
/controller/npddzcg load fail.
2017-08-30 07:13:13
14.17.3.64

/index.php
/controller/sjqpdlt load fail.
2017-08-30 07:14:56
183.57.53.196

/index.php
/controller/p load fail.
2017-08-30 07:16:07
119.147.207.152

/index.php
/controller/images load fail.
2017-08-30 07:16:24
123.125.71.45

/index.php
/controller/images load fail.
2017-08-30 07:16:34
220.181.108.99

/index.php
/controller/bbs load fail.
2017-08-30 07:16:52
115.182.25.33

/index.php
/controller/images load fail.
2017-08-30 07:20:00
220.181.108.115

/index.php
/controller/p load fail.
2017-08-30 07:20:13
14.17.21.58

/index.php
/controller/images load fail.
2017-08-30 07:20:40
220.181.108.143

/index.php
/controller/images load fail.
2017-08-30 07:21:02
220.181.108.104

/index.php
/controller/images load fail.
2017-08-30 07:25:25
220.181.108.160

/index.php
/controller/images load fail.
2017-08-30 07:25:25
220.181.108.146

/index.php
/controller/images load fail.
2017-08-30 07:25:25
123.125.71.58

/index.php
/controller/images load fail.
2017-08-30 07:26:22
123.125.71.41

/index.php
/controller/azsjdjbllk load fail.
2017-08-30 07:27:46
112.90.82.196

/index.php
/controller/images load fail.
2017-08-30 07:30:33
123.125.71.44

/index.php
/controller/jlqpyxzxgw load fail.
2017-08-30 07:33:35
112.90.82.218

/index.php
/controller/images load fail.
2017-08-30 07:34:29
220.181.108.178

/index.php
/controller/images load fail.
2017-08-30 07:35:03
123.125.71.104

/index.php
/controller/images load fail.
2017-08-30 07:35:03
220.181.108.178

/index.php
/controller/images load fail.
2017-08-30 07:35:25
111.202.102.92

/index.php
/controller/images load fail.
2017-08-30 07:35:26
220.181.124.250

/index.php
/controller/images load fail.
2017-08-30 07:36:11
220.181.108.149

/index.php
/controller/images load fail.
2017-08-30 07:38:09
123.125.71.80

/index.php
/controller/images load fail.
2017-08-30 07:38:09
220.181.108.187

/index.php
/controller/images load fail.
2017-08-30 07:42:05
220.181.108.122

/index.php
/controller/images load fail.
2017-08-30 07:43:22
123.125.71.48

/index.php
/controller/images load fail.
2017-08-30 07:43:22
220.181.108.139

/index.php
/controller/images load fail.
2017-08-30 07:43:22
220.181.108.163

/index.php
/controller/images load fail.
2017-08-30 07:43:31
123.125.71.82

/index.php
/controller/images load fail.
2017-08-30 07:43:31
220.181.108.160

/index.php
/controller/images load fail.
2017-08-30 07:46:10
123.125.71.100

/index.php
/controller/bbs load fail.
2017-08-30 07:48:38
115.182.24.11

/index.php
/controller/3mby load fail.
2017-08-30 07:49:06
183.57.53.197

/index.php
/controller/images load fail.
2017-08-30 07:53:18
123.125.71.117

/index.php
/controller/images load fail.
2017-08-30 07:53:18
123.125.71.30

/index.php
/controller/images load fail.
2017-08-30 07:53:18
123.125.71.73

/index.php
/controller/images load fail.
2017-08-30 07:53:18
123.125.71.76

/index.php
/controller/images load fail.
2017-08-30 07:53:18
123.125.71.39

/index.php
/controller/images load fail.
2017-08-30 07:53:48
123.125.71.72

/index.php
/controller/images load fail.
2017-08-30 07:55:16
123.125.71.55

/index.php
/controller/images load fail.
2017-08-30 07:55:16
220.181.108.120

/index.php
/controller/images load fail.
2017-08-30 07:58:50
99.229.227.57

/index.php
/controller/images load fail.
2017-08-30 07:58:52
99.229.227.57

/index.php
/controller/images load fail.
2017-08-30 07:58:57
99.229.227.57

/index.php
/controller/images load fail.
2017-08-30 08:00:30
123.125.71.39

/index.php
/controller/images load fail.
2017-08-30 08:00:30
123.125.71.87

/index.php
/controller/images load fail.
2017-08-30 08:09:19
220.181.108.167

/index.php
/controller/images load fail.
2017-08-30 08:11:54
123.125.71.31

/index.php
/controller/images load fail.
2017-08-30 08:12:52
123.125.71.50

/index.php
/controller/yyddzmc load fail.
2017-08-30 08:16:59
14.17.3.65

/index.php
/controller/images load fail.
2017-08-30 08:17:01
218.30.103.250

/index.php
/controller/bbs load fail.
2017-08-30 08:20:01
115.182.25.32

/index.php
/controller/images load fail.
2017-08-30 08:23:27
124.93.197.129

/index.php
/controller/images load fail.
2017-08-30 08:23:27
124.93.197.129

/index.php
/controller/images load fail.
2017-08-30 08:23:27
124.93.197.129

/index.php
/controller/images load fail.
2017-08-30 08:23:28
124.93.197.129

/index.php
/controller/images load fail.
2017-08-30 08:26:54
123.125.71.111

/index.php
/controller/images load fail.
2017-08-30 08:26:54
220.181.108.147

/index.php
/controller/cache load fail.
2017-08-30 08:27:07
80.82.78.38

/index.php
/controller/images load fail.
2017-08-30 08:27:42
111.202.103.112

/index.php
/controller/images load fail.
2017-08-30 08:28:46
123.125.71.52

/index.php
/controller/script load fail.
2017-08-30 08:30:50
117.174.158.83

/index.php
/controller/static load fail.
2017-08-30 08:31:07
117.174.158.83

/index.php
/controller/static load fail.
2017-08-30 08:31:28
117.174.158.83

/index.php
/controller/static load fail.
2017-08-30 08:31:28
117.174.158.83

/index.php
/controller/static load fail.
2017-08-30 08:31:29
117.174.158.83

/index.php
/controller/script load fail.
2017-08-30 08:31:53
117.174.158.83

/index.php
/controller/demo load fail.
2017-08-30 08:31:57
117.174.158.83

/index.php
/controller/demo load fail.
2017-08-30 08:32:46
117.174.158.83

/index.php
/controller/demo load fail.
2017-08-30 08:34:03
117.174.158.83

/index.php
/controller/demo load fail.
2017-08-30 08:34:06
117.174.158.83

/index.php
/controller/script load fail.
2017-08-30 08:34:08
117.174.158.83

/index.php
/controller/images load fail.
2017-08-30 08:34:22
123.125.71.72

/index.php
/controller/images load fail.
2017-08-30 08:34:22
220.181.108.154

/index.php
/controller/script load fail.
2017-08-30 08:34:54
117.174.158.83

/index.php
/controller/script load fail.
2017-08-30 08:35:01
117.174.158.83

/index.php
/controller/script load fail.
2017-08-30 08:35:07
117.174.158.83

/index.php
/controller/images load fail.
2017-08-30 08:38:20
220.181.108.106

/index.php
/controller/images load fail.
2017-08-30 08:38:21
123.125.71.47

/index.php
/controller/script load fail.
2017-08-30 08:41:19
117.174.158.83

/index.php
/controller/static load fail.
2017-08-30 08:41:26
117.174.158.83

/index.php
/controller/static load fail.
2017-08-30 08:41:34
117.174.158.83

/index.php
/controller/static load fail.
2017-08-30 08:41:35
117.174.158.83

/index.php
/controller/static load fail.
2017-08-30 08:41:37
117.174.158.83

/index.php
/controller/static load fail.
2017-08-30 08:41:40
117.174.158.83

/index.php
/controller/static load fail.
2017-08-30 08:41:43
117.174.158.83

/index.php
/controller/static load fail.
2017-08-30 08:41:45
117.174.158.83

/index.php
/controller/static load fail.
2017-08-30 08:41:52
117.174.158.83

/index.php
/controller/images load fail.
2017-08-30 08:42:10
42.236.43.245

/index.php
/controller/static load fail.
2017-08-30 08:42:29
117.174.158.83

/index.php
/controller/static load fail.
2017-08-30 08:42:32
117.174.158.83

/index.php
/controller/static load fail.
2017-08-30 08:42:33
117.174.158.83

/index.php
/controller/static load fail.
2017-08-30 08:42:33
117.174.158.83

/index.php
/controller/static load fail.
2017-08-30 08:42:34
117.174.158.83

/index.php
/controller/static load fail.
2017-08-30 08:42:44
117.174.158.83

/index.php
/controller/static load fail.
2017-08-30 08:42:45
117.174.158.83

/index.php
/controller/static load fail.
2017-08-30 08:42:46
117.174.158.83

/index.php
/controller/static load fail.
2017-08-30 08:42:47
117.174.158.83

/index.php
/controller/static load fail.
2017-08-30 08:42:48
117.174.158.83

/index.php
/controller/static load fail.
2017-08-30 08:42:49
117.174.158.83

/index.php
/controller/static load fail.
2017-08-30 08:42:50
117.174.158.83

/index.php
/controller/static load fail.
2017-08-30 08:42:51
117.174.158.83

/index.php
/controller/static load fail.
2017-08-30 08:42:52
117.174.158.83

/index.php
/controller/static load fail.
2017-08-30 08:42:54
117.174.158.83

/index.php
/controller/static load fail.
2017-08-30 08:42:55
117.174.158.83

/index.php
/controller/static load fail.
2017-08-30 08:42:56
117.174.158.83

/index.php
/controller/static load fail.
2017-08-30 08:42:57
117.174.158.83

/index.php
/controller/static load fail.
2017-08-30 08:42:59
117.174.158.83

/index.php
/controller/static load fail.
2017-08-30 08:43:02
117.174.158.83

/index.php
/controller/static load fail.
2017-08-30 08:43:04
117.174.158.83

/index.php
/controller/static load fail.
2017-08-30 08:43:06
117.174.158.83

/index.php
/controller/static load fail.
2017-08-30 08:43:10
117.174.158.83

/index.php
/controller/static load fail.
2017-08-30 08:43:11
117.174.158.83

/index.php
/controller/images load fail.
2017-08-30 08:43:12
123.125.71.58

/index.php
/controller/images load fail.
2017-08-30 08:43:12
220.181.108.107

/index.php
/controller/script load fail.
2017-08-30 08:43:14
117.174.158.83

/index.php
/controller/demo load fail.
2017-08-30 08:43:16
117.174.158.83

/index.php
/controller/images load fail.
2017-08-30 08:45:13
218.30.103.250

/index.php
/controller/images load fail.
2017-08-30 08:45:13
220.181.124.250

/index.php
/controller/static load fail.
2017-08-30 08:48:04
117.174.158.83

/index.php
/controller/static load fail.
2017-08-30 08:48:59
117.174.158.83

/index.php
/controller/static load fail.
2017-08-30 08:49:00
117.174.158.83

/index.php
/controller/script load fail.
2017-08-30 08:50:21
117.174.158.83

/index.php
/controller/bbs load fail.
2017-08-30 08:53:39
115.182.24.209

/index.php
/controller/static load fail.
2017-08-30 08:57:06
117.174.158.83

/index.php
/controller/static load fail.
2017-08-30 08:57:07
117.174.158.83

/index.php
/controller/static load fail.
2017-08-30 08:57:07
117.174.158.83

/index.php
/controller/static load fail.
2017-08-30 08:57:09
117.174.158.83

/index.php
/controller/static load fail.
2017-08-30 08:57:10
117.174.158.83

/index.php
/controller/static load fail.
2017-08-30 08:57:11
117.174.158.83

/index.php
/controller/images load fail.
2017-08-30 08:59:37
220.181.108.115

/index.php
/controller/images load fail.
2017-08-30 08:59:55
123.125.71.45

/index.php
/controller/images load fail.
2017-08-30 08:59:55
220.181.108.118

/index.php
/controller/images load fail.
2017-08-30 08:59:55
220.181.108.113

/index.php
/controller/images load fail.
2017-08-30 09:01:51
220.181.108.112

/index.php
/controller/script load fail.
2017-08-30 09:01:52
182.200.38.147

/index.php
/controller/images load fail.
2017-08-30 09:01:53
220.181.108.116

/index.php
/controller/images load fail.
2017-08-30 09:02:08
220.181.108.167

/index.php
/controller/images load fail.
2017-08-30 09:03:48
220.181.108.100

/index.php
/controller/images load fail.
2017-08-30 09:03:48
123.125.71.58

/index.php
/controller/images load fail.
2017-08-30 09:09:57
171.114.58.171

/index.php
/controller/images load fail.
2017-08-30 09:18:16
220.181.108.141

/index.php
/controller/images load fail.
2017-08-30 09:23:13
111.202.103.88

/index.php
/controller/bbs load fail.
2017-08-30 09:25:47
115.182.24.74

/index.php
/controller/images load fail.
2017-08-30 09:26:54
171.114.59.144

/index.php
/controller/script load fail.
2017-08-30 09:34:35
171.35.80.233

/index.php
/controller/script load fail.
2017-08-30 09:35:37
111.167.109.138

/index.php
/controller/script load fail.
2017-08-30 09:35:37
111.167.109.138

/index.php
/controller/script load fail.
2017-08-30 09:35:42
111.167.109.138

/index.php
/controller/script load fail.
2017-08-30 09:37:41
111.167.109.138

/index.php
/controller/uploads load fail.
2017-08-30 09:47:46
36.62.60.54

/index.php
/controller/images load fail.
2017-08-30 09:49:07
218.30.103.250

/index.php
/controller/images load fail.
2017-08-30 09:49:08
106.120.151.11

/index.php
/controller/images load fail.
2017-08-30 09:53:33
42.91.168.208

/index.php
/controller/script load fail.
2017-08-30 09:55:44
112.20.214.31

/index.php
/controller/bbs load fail.
2017-08-30 09:57:09
115.182.24.101

/index.php
/controller/images load fail.
2017-08-30 10:07:16
113.195.24.38

/index.php
/controller/images load fail.
2017-08-30 10:07:16
113.195.24.38

/index.php
/controller/images load fail.
2017-08-30 10:08:26
42.236.44.27

/index.php
/controller/images load fail.
2017-08-30 10:15:27
111.202.103.99

/index.php
/controller/images load fail.
2017-08-30 10:15:28
106.120.173.221

/index.php
/controller/images load fail.
2017-08-30 10:20:45
203.208.60.215

/index.php
/controller/images load fail.
2017-08-30 10:25:41
42.236.43.247

/index.php
/controller/bbs load fail.
2017-08-30 10:30:53
115.182.25.77

/index.php
/controller/images load fail.
2017-08-30 10:39:01
36.110.171.111

/index.php
/controller/images load fail.
2017-08-30 10:39:02
218.30.103.250

/index.php
/controller/mnermjq load fail.
2017-08-30 10:40:03
112.90.82.236

/index.php
/controller/images load fail.
2017-08-30 10:43:20
125.93.108.102

/index.php
/controller/images load fail.
2017-08-30 10:43:21
125.93.108.102

/index.php
/controller/p load fail.
2017-08-30 10:47:06
203.208.60.215

/index.php
/controller/images load fail.
2017-08-30 10:49:56
36.110.171.180

/index.php
/controller/images load fail.
2017-08-30 10:49:57
111.202.103.21

/index.php
/controller/images load fail.
2017-08-30 10:52:48
171.114.59.144

/index.php
/controller/uploads load fail.
2017-08-30 10:55:43
202.109.166.161

/index.php
/controller/uploads load fail.
2017-08-30 10:55:43
202.109.166.161

/index.php
/controller/uploads load fail.
2017-08-30 10:55:44
202.109.166.161

/index.php
/controller/uploads load fail.
2017-08-30 10:55:50
202.109.166.161

/index.php
/controller/uploads load fail.
2017-08-30 10:55:50
202.109.166.160

/index.php
/controller/uploads load fail.
2017-08-30 10:55:51
202.109.166.161

/index.php
/controller/bbs load fail.
2017-08-30 11:03:02
115.182.25.42

/index.php
/controller/images load fail.
2017-08-30 11:09:03
111.202.100.94

/index.php
/controller/images load fail.
2017-08-30 11:09:03
111.202.101.162

/index.php
/controller/images load fail.
2017-08-30 11:09:04
106.39.246.143

/index.php
/controller/images load fail.
2017-08-30 11:19:42
111.202.103.112

/index.php
/controller/images load fail.
2017-08-30 11:19:43
106.120.173.219

/index.php
/controller/uploads load fail.
2017-08-30 11:24:49
111.202.102.7

/index.php
/controller/uploads load fail.
2017-08-30 11:24:50
111.202.103.21

/index.php
/controller/bbs load fail.
2017-08-30 11:34:43
115.182.25.18

/index.php
/controller/images load fail.
2017-08-30 11:35:23
171.114.59.94

/index.php
/controller/images load fail.
2017-08-30 11:45:12
36.102.208.87

/index.php
/controller/images load fail.
2017-08-30 11:45:14
36.102.208.87

/index.php
/controller/images load fail.
2017-08-30 11:45:14
36.102.208.87

/index.php
/controller/images load fail.
2017-08-30 11:45:15
36.102.208.87

/index.php
/controller/images load fail.
2017-08-30 11:48:37
36.110.170.156

/index.php
/controller/images load fail.
2017-08-30 11:48:38
111.202.103.88

/index.php
/controller/images load fail.
2017-08-30 11:49:19
112.90.82.236

/index.php
/controller/images load fail.
2017-08-30 11:59:31
223.146.41.97

/index.php
/controller/images load fail.
2017-08-30 12:02:01
111.202.103.105

/index.php
/controller/bbs load fail.
2017-08-30 12:08:23
115.182.24.248

/index.php
/controller/images load fail.
2017-08-30 12:11:07
218.30.103.250

/index.php
/controller/images load fail.
2017-08-30 12:13:42
125.82.165.89

/index.php
/controller/images load fail.
2017-08-30 12:13:43
125.82.165.89

/index.php
/controller/images load fail.
2017-08-30 12:13:43
125.82.165.89

/index.php
/controller/images load fail.
2017-08-30 12:13:46
125.82.165.89

/index.php
/controller/script load fail.
2017-08-30 12:20:55
125.84.83.126

/index.php
/controller/static load fail.
2017-08-30 12:21:19
125.84.83.126

/index.php
/controller/script load fail.
2017-08-30 12:21:24
125.84.83.126

/index.php
/controller/script load fail.
2017-08-30 12:21:37
101.199.108.50

/index.php
/controller/script load fail.
2017-08-30 12:21:41
101.199.108.58

/index.php
/controller/script load fail.
2017-08-30 12:21:45
106.120.162.108

/index.php
/controller/script load fail.
2017-08-30 12:21:47
125.84.83.126

/index.php
/controller/static load fail.
2017-08-30 12:21:55
125.84.83.126

/index.php
/controller/script load fail.
2017-08-30 12:21:58
125.84.83.126

/index.php
/controller/script load fail.
2017-08-30 12:22:02
125.84.83.126

/index.php
/controller/script load fail.
2017-08-30 12:22:59
101.199.108.119

/index.php
/controller/script load fail.
2017-08-30 12:24:01
125.84.83.126

/index.php
/controller/images load fail.
2017-08-30 12:28:48
111.202.103.95

/index.php
/controller/script load fail.
2017-08-30 12:31:06
125.84.83.126

/index.php
/controller/script load fail.
2017-08-30 12:31:58
125.84.83.126

/index.php
/controller/script load fail.
2017-08-30 12:32:00
125.84.83.126

/index.php
/controller/images load fail.
2017-08-30 12:40:37
106.120.173.219

/index.php
/controller/bbs load fail.
2017-08-30 12:41:35
115.182.25.38

/index.php
/controller/images load fail.
2017-08-30 12:50:33
58.58.176.82

/index.php
/controller/images load fail.
2017-08-30 12:55:27
14.208.8.148

/index.php
/controller/images load fail.
2017-08-30 12:55:27
14.208.8.148

/index.php
/controller/images load fail.
2017-08-30 12:57:11
111.202.102.7

/index.php
/controller/images load fail.
2017-08-30 12:57:12
111.202.103.105

/index.php
/controller/images load fail.
2017-08-30 12:59:18
183.249.216.0

/index.php
/controller/images load fail.
2017-08-30 13:02:58
121.15.120.28

/index.php
/controller/images load fail.
2017-08-30 13:03:04
121.15.120.28

/index.php
/controller/images load fail.
2017-08-30 13:03:04
121.15.120.28

/index.php
/controller/images load fail.
2017-08-30 13:03:08
121.15.120.28

/index.php
/controller/manager load fail.
2017-08-30 13:04:43
60.173.8.104

/index.php
/controller/images load fail.
2017-08-30 13:06:25
106.120.173.219

/index.php
/controller/images load fail.
2017-08-30 13:06:25
36.110.171.65

/index.php
/controller/images load fail.
2017-08-30 13:09:06
221.202.66.77

/index.php
/controller/images load fail.
2017-08-30 13:09:07
221.202.66.77

/index.php
/controller/images load fail.
2017-08-30 13:10:11
221.202.66.77

/index.php
/controller/images load fail.
2017-08-30 13:10:17
221.202.66.77

/index.php
/controller/bbs load fail.
2017-08-30 13:15:48
115.182.25.91

/index.php
/controller/images load fail.
2017-08-30 13:17:16
36.110.170.146

/index.php
/controller/images load fail.
2017-08-30 13:17:16
36.110.171.82

/index.php
/controller/images load fail.
2017-08-30 13:17:17
36.110.171.82

/index.php
/controller/images load fail.
2017-08-30 13:17:22
218.75.114.166

/index.php
/controller/uploads load fail.
2017-08-30 13:23:19
123.152.90.134

/index.php
/controller/images load fail.
2017-08-30 13:29:45
111.61.66.45

/index.php
/controller/images load fail.
2017-08-30 13:29:47
111.61.66.45

/index.php
/controller/images load fail.
2017-08-30 13:29:47
111.61.66.45

/index.php
/controller/images load fail.
2017-08-30 13:29:49
111.61.66.45

/index.php
/controller/images load fail.
2017-08-30 13:29:59
222.219.8.105

/index.php
/controller/images load fail.
2017-08-30 13:30:00
222.219.8.105

/index.php
/controller/images load fail.
2017-08-30 13:31:06
116.5.30.242

/index.php
/controller/images load fail.
2017-08-30 13:32:16
59.53.67.203

/index.php
/controller/images load fail.
2017-08-30 13:32:17
59.53.67.203

/index.php
/controller/images load fail.
2017-08-30 13:32:17
59.53.67.203

/index.php
/controller/uploads load fail.
2017-08-30 13:33:27
220.181.124.250

/index.php
/controller/images load fail.
2017-08-30 13:34:43
116.5.30.242

/index.php
/controller/mnermjq load fail.
2017-08-30 13:35:10
113.108.21.80

/index.php
/controller/images load fail.
2017-08-30 13:35:44
111.193.253.99

/index.php
/controller/images load fail.
2017-08-30 13:35:45
111.193.253.99

/index.php
/controller/images load fail.
2017-08-30 13:35:45
111.193.253.99

/index.php
/controller/images load fail.
2017-08-30 13:35:46
111.193.253.99

/index.php
/controller/images load fail.
2017-08-30 13:37:01
106.120.173.220

/index.php
/controller/images load fail.
2017-08-30 13:37:02
106.120.173.220

/index.php
/controller/images load fail.
2017-08-30 13:43:13
183.142.113.253

/index.php
/controller/images load fail.
2017-08-30 13:45:56
106.39.190.71

/index.php
/controller/images load fail.
2017-08-30 13:50:58
106.39.246.136

/index.php
/controller/images load fail.
2017-08-30 13:51:00
106.120.173.216

/index.php
/controller/bbs load fail.
2017-08-30 13:52:04
115.182.24.229

/index.php
/controller/images load fail.
2017-08-30 13:55:46
115.45.114.101

/index.php
/controller/images load fail.
2017-08-30 13:55:47
115.45.114.101

/index.php
/controller/images load fail.
2017-08-30 13:55:47
115.45.114.101

/index.php
/controller/images load fail.
2017-08-30 13:55:48
115.45.114.101

/index.php
/controller/baby load fail.
2017-08-30 13:56:43
217.69.133.84

/index.php
/controller/images load fail.
2017-08-30 13:57:32
222.179.227.194

/index.php
/controller/images load fail.
2017-08-30 13:57:34
222.179.227.194

/index.php
/controller/images load fail.
2017-08-30 14:04:54
123.151.153.118

/index.php
/controller/images load fail.
2017-08-30 14:06:07
119.129.226.73

/index.php
/controller/images load fail.
2017-08-30 14:06:07
119.129.226.73

/index.php
/controller/images load fail.
2017-08-30 14:06:14
119.129.226.73

/index.php
/controller/images load fail.
2017-08-30 14:06:14
119.129.226.73

/index.php
/controller/script load fail.
2017-08-30 14:10:51
157.55.39.201

/index.php
/controller/bbs load fail.
2017-08-30 14:25:51
115.182.24.91

/index.php
/controller/script load fail.
2017-08-30 14:38:26
125.84.83.126

/index.php
/controller/images load fail.
2017-08-30 14:40:29
171.106.199.153

/index.php
/controller/images load fail.
2017-08-30 14:45:30
123.164.146.228

/index.php
/controller/images load fail.
2017-08-30 14:45:31
123.164.146.228

/index.php
/controller/images load fail.
2017-08-30 14:45:31
123.164.146.228

/index.php
/controller/images load fail.
2017-08-30 14:45:33
123.164.146.228

/index.php
/controller/images load fail.
2017-08-30 14:47:37
59.59.183.252

/index.php
/controller/images load fail.
2017-08-30 14:47:38
59.59.183.252

/index.php
/controller/images load fail.
2017-08-30 14:47:38
59.59.183.252

/index.php
/controller/images load fail.
2017-08-30 14:47:40
59.59.183.252

/index.php
/controller/images load fail.
2017-08-30 14:50:57
116.5.30.242

/index.php
/controller/images load fail.
2017-08-30 14:50:59
116.5.30.242

/index.php
/controller/script load fail.
2017-08-30 14:53:48
125.84.83.126

/index.php
/controller/static load fail.
2017-08-30 14:54:10
125.84.83.126

/index.php
/controller/script load fail.
2017-08-30 14:54:16
125.84.83.126

/index.php
/controller/static load fail.
2017-08-30 14:54:18
125.84.83.126

/index.php
/controller/script load fail.
2017-08-30 14:54:51
125.84.83.126

/index.php
/controller/bbs load fail.
2017-08-30 15:01:57
115.182.24.11

/index.php
/controller/images load fail.
2017-08-30 15:09:55
116.5.30.242

/index.php
/controller/images load fail.
2017-08-30 15:09:56
116.5.30.242

/index.php
/controller/images load fail.
2017-08-30 15:12:58
116.5.30.242

/index.php
/controller/css load fail.
2017-08-30 15:13:42
207.46.13.146

/index.php
/controller/script load fail.
2017-08-30 15:20:15
199.30.24.150

/index.php
/controller/css load fail.
2017-08-30 15:20:24
65.55.210.180

/index.php
/controller/js load fail.
2017-08-30 15:20:42
199.30.24.71

/index.php
/controller/images load fail.
2017-08-30 15:21:19
182.201.117.196

/index.php
/controller/images load fail.
2017-08-30 15:21:19
182.201.117.196

/index.php
/controller/script load fail.
2017-08-30 15:21:19
125.84.83.126

/index.php
/controller/images load fail.
2017-08-30 15:21:20
182.201.117.196

/index.php
/controller/images load fail.
2017-08-30 15:21:20
182.201.117.196

/index.php
/controller/script load fail.
2017-08-30 15:22:00
125.84.83.126

/index.php
/controller/script load fail.
2017-08-30 15:22:30
125.84.83.126

/index.php
/controller/script load fail.
2017-08-30 15:22:51
123.53.190.186

/index.php
/controller/js load fail.
2017-08-30 15:22:51
123.53.190.186

/index.php
/controller/css load fail.
2017-08-30 15:22:51
123.53.190.186

/index.php
/controller/css load fail.
2017-08-30 15:22:51
123.53.190.186

/index.php
/controller/script load fail.
2017-08-30 15:23:02
125.84.83.126

/index.php
/controller/script load fail.
2017-08-30 15:23:40
101.199.108.120

/index.php
/controller/script load fail.
2017-08-30 15:24:07
125.84.83.126

/index.php
/controller/script load fail.
2017-08-30 15:24:43
125.84.83.126

/index.php
/controller/script load fail.
2017-08-30 15:24:48
125.84.83.126

/index.php
/controller/script load fail.
2017-08-30 15:25:16
125.84.83.126

/index.php
/controller/images load fail.
2017-08-30 15:32:54
111.202.102.11

/index.php
/controller/images load fail.
2017-08-30 15:32:56
106.120.173.222

/index.php
/controller/static load fail.
2017-08-30 15:34:13
183.57.53.222

/index.php
/controller/images load fail.
2017-08-30 15:34:36
27.154.25.52

/index.php
/controller/bbs load fail.
2017-08-30 15:35:42
115.182.24.202

/index.php
/controller/images load fail.
2017-08-30 15:38:56
111.202.100.84

/index.php
/controller/images load fail.
2017-08-30 15:38:58
106.39.246.136

/index.php
/controller/images load fail.
2017-08-30 15:43:45
218.4.198.2

/index.php
/controller/images load fail.
2017-08-30 15:45:19
116.5.30.242

/index.php
/controller/images load fail.
2017-08-30 15:45:21
116.5.30.242

/index.php
/controller/images load fail.
2017-08-30 15:51:09
106.120.173.215

/index.php
/controller/images load fail.
2017-08-30 15:51:10
220.181.124.250

/index.php
/controller/images load fail.
2017-08-30 15:53:23
116.5.30.242

/index.php
/controller/images load fail.
2017-08-30 15:53:25
116.5.30.242

/index.php
/controller/uploads load fail.
2017-08-30 15:55:12
220.181.124.250

/index.php
/controller/uploads load fail.
2017-08-30 15:55:12
111.202.102.157

/index.php
/controller/uploads load fail.
2017-08-30 15:55:12
36.110.170.184

/index.php
/controller/images load fail.
2017-08-30 15:57:24
14.114.211.219

/index.php
/controller/images load fail.
2017-08-30 15:57:40
14.114.211.219

/index.php
/controller/images load fail.
2017-08-30 15:58:02
14.114.211.219

/index.php
/controller/images load fail.
2017-08-30 15:58:49
14.114.211.219

/index.php
/controller/images load fail.
2017-08-30 15:59:14
183.47.203.58

/index.php
/controller/images load fail.
2017-08-30 15:59:15
183.47.203.58

/index.php
/controller/images load fail.
2017-08-30 16:03:46
171.114.59.94

/index.php
/controller/images load fail.
2017-08-30 16:03:53
171.114.59.94

/index.php
/controller/post load fail.
2017-08-30 16:06:16
203.208.60.239

/index.php
/controller/images load fail.
2017-08-30 16:08:19
218.23.114.5

/index.php
/controller/images load fail.
2017-08-30 16:08:53
111.202.101.123

/index.php
/controller/images load fail.
2017-08-30 16:09:01
36.110.171.111

/index.php
/controller/uploads load fail.
2017-08-30 16:10:10
111.202.103.95

/index.php
/controller/uploads load fail.
2017-08-30 16:10:10
36.110.170.146

/index.php
/controller/bbs load fail.
2017-08-30 16:10:26
115.182.24.208

/index.php
/controller/images load fail.
2017-08-30 16:23:17
183.47.203.58

/index.php
/controller/images load fail.
2017-08-30 16:23:18
183.47.203.58

/index.php
/controller/images load fail.
2017-08-30 16:23:27
183.47.203.58

/index.php
/controller/images load fail.
2017-08-30 16:23:32
183.47.203.58

/index.php
/controller/images load fail.
2017-08-30 16:24:22
183.47.203.58

/index.php
/controller/images load fail.
2017-08-30 16:24:29
183.47.203.59

/index.php
/controller/images load fail.
2017-08-30 16:24:33
111.202.101.123

/index.php
/controller/images load fail.
2017-08-30 16:24:34
111.202.100.94

/index.php
/controller/images load fail.
2017-08-30 16:25:42
180.162.202.167

/index.php
/controller/images load fail.
2017-08-30 16:25:43
180.162.202.167

/index.php
/controller/images load fail.
2017-08-30 16:25:43
180.162.202.167

/index.php
/controller/images load fail.
2017-08-30 16:25:46
180.162.202.167

/index.php
/controller/images load fail.
2017-08-30 16:25:53
14.152.69.236

/index.php
/controller/images load fail.
2017-08-30 16:26:08
183.47.203.59

/index.php
/controller/images load fail.
2017-08-30 16:26:09
183.47.203.59

/index.php
/controller/images load fail.
2017-08-30 16:26:10
183.47.203.59

/index.php
/controller/images load fail.
2017-08-30 16:26:15
183.47.203.59

/index.php
/controller/images load fail.
2017-08-30 16:36:58
106.120.173.222

/index.php
/controller/images load fail.
2017-08-30 16:38:35
171.114.58.253

/index.php
/controller/images load fail.
2017-08-30 16:46:37
27.202.151.47

/index.php
/controller/bbs load fail.
2017-08-30 16:47:15
115.182.24.99

/index.php
/controller/images load fail.
2017-08-30 16:53:03
14.116.142.69

/index.php
/controller/images load fail.
2017-08-30 16:57:47
106.39.246.133

/index.php
/controller/images load fail.
2017-08-30 16:57:48
36.110.171.65

/index.php
/controller/images load fail.
2017-08-30 16:58:01
14.116.142.65

/index.php
/controller/uploads load fail.
2017-08-30 17:03:05
112.0.182.132

/index.php
/controller/uploads load fail.
2017-08-30 17:03:14
112.0.182.132

/index.php
/controller/uploads load fail.
2017-08-30 17:03:15
112.0.182.132

/index.php
/controller/uploads load fail.
2017-08-30 17:03:16
112.0.182.132

/index.php
/controller/uploads load fail.
2017-08-30 17:04:00
112.0.182.132

/index.php
/controller/images load fail.
2017-08-30 17:09:35
121.56.77.133

/index.php
/controller/images load fail.
2017-08-30 17:09:37
121.56.77.133

/index.php
/controller/images load fail.
2017-08-30 17:10:48
121.56.77.133

/index.php
/controller/images load fail.
2017-08-30 17:10:51
121.56.77.133

/index.php
/controller/images load fail.
2017-08-30 17:10:56
121.56.77.133

/index.php
/controller/images load fail.
2017-08-30 17:11:29
106.39.189.125

/index.php
/controller/images load fail.
2017-08-30 17:11:29
106.39.189.125

/index.php
/controller/images load fail.
2017-08-30 17:14:55
171.114.58.253

/index.php
/controller/images load fail.
2017-08-30 17:14:56
171.114.58.253

/index.php
/controller/images load fail.
2017-08-30 17:18:43
111.202.100.179

/index.php
/controller/images load fail.
2017-08-30 17:18:43
36.110.170.156

/index.php
/controller/images load fail.
2017-08-30 17:19:27
36.110.171.130

/index.php
/controller/images load fail.
2017-08-30 17:19:28
218.30.103.250

/index.php
/controller/bbs load fail.
2017-08-30 17:24:58
115.182.25.25

/index.php
/controller/images load fail.
2017-08-30 17:29:08
14.204.123.43

/index.php
/controller/images load fail.
2017-08-30 17:29:09
14.204.123.43

/index.php
/controller/images load fail.
2017-08-30 17:29:09
14.204.123.43

/index.php
/controller/images load fail.
2017-08-30 17:29:09
14.204.123.43

/index.php
/controller/static load fail.
2017-08-30 17:30:05
125.84.83.126

/index.php
/controller/script load fail.
2017-08-30 17:31:45
125.84.83.126

/index.php
/controller/images load fail.
2017-08-30 17:34:07
111.202.100.94

/index.php
/controller/images load fail.
2017-08-30 17:34:08
111.202.103.18

/index.php
/controller/images load fail.
2017-08-30 17:47:34
42.236.44.28

/index.php
/controller/images load fail.
2017-08-30 17:50:42
106.120.173.218

/index.php
/controller/uploads load fail.
2017-08-30 17:55:57
106.120.173.215

/index.php
/controller/uploads load fail.
2017-08-30 17:55:58
106.120.173.219

/index.php
/controller/images load fail.
2017-08-30 17:59:19
218.30.103.250

/index.php
/controller/images load fail.
2017-08-30 18:02:35
42.91.162.87

/index.php
/controller/images load fail.
2017-08-30 18:02:35
42.91.162.87

/index.php
/controller/images load fail.
2017-08-30 18:07:05
153.35.230.243

/index.php
/controller/images load fail.
2017-08-30 18:07:06
153.35.230.243

/index.php
/controller/images load fail.
2017-08-30 18:08:54
111.202.103.18

/index.php
/controller/images load fail.
2017-08-30 18:08:55
106.39.246.103

/index.php
/controller/bbs load fail.
2017-08-30 18:10:21
115.182.24.231

/index.php
/controller/IMAGE load fail.
2017-08-30 18:13:07
111.202.101.123

/index.php
/controller/IMAGE load fail.
2017-08-30 18:13:07
111.202.103.172

/index.php
/controller/images load fail.
2017-08-30 18:13:17
171.113.204.96

/index.php
/controller/images load fail.
2017-08-30 18:13:19
171.113.204.96

/index.php
/controller/images load fail.
2017-08-30 18:13:50
123.150.182.226

/index.php
/controller/images load fail.
2017-08-30 18:13:51
123.150.182.229

/index.php
/controller/images load fail.
2017-08-30 18:17:34
42.236.44.26

/index.php
/controller/images load fail.
2017-08-30 18:36:54
106.120.151.11

/index.php
/controller/images load fail.
2017-08-30 18:36:56
111.202.102.7

/index.php
/controller/images load fail.
2017-08-30 18:38:40
110.184.20.242

/index.php
/controller/images load fail.
2017-08-30 18:38:41
110.184.20.242

/index.php
/controller/script load fail.
2017-08-30 18:38:58
106.120.188.165

/index.php
/controller/css load fail.
2017-08-30 18:38:58
106.120.188.165

/index.php
/controller/images load fail.
2017-08-30 18:46:01
60.20.117.83

/index.php
/controller/images load fail.
2017-08-30 18:46:01
60.20.117.83

/index.php
/controller/images load fail.
2017-08-30 18:46:02
60.20.117.83

/index.php
/controller/images load fail.
2017-08-30 18:51:47
42.236.44.29

/index.php
/controller/images load fail.
2017-08-30 18:52:05
42.236.43.245

/index.php
/controller/images load fail.
2017-08-30 18:54:21
171.114.58.253

/index.php
/controller/images load fail.
2017-08-30 18:54:22
171.114.58.253

/index.php
/controller/script load fail.
2017-08-30 18:58:58
175.42.86.212

/index.php
/controller/script load fail.
2017-08-30 18:58:59
14.215.176.15

/index.php
/controller/script load fail.
2017-08-30 19:01:25
117.136.53.194

/index.php
/controller/script load fail.
2017-08-30 19:01:28
117.136.53.194

/index.php
/controller/script load fail.
2017-08-30 19:01:32
220.181.132.198

/index.php
/controller/script load fail.
2017-08-30 19:01:36
106.120.162.96

/index.php
/controller/script load fail.
2017-08-30 19:01:38
101.199.112.53

/index.php
/controller/js load fail.
2017-08-30 19:01:38
101.199.112.53

/index.php
/controller/css load fail.
2017-08-30 19:01:52
117.136.53.194

/index.php
/controller/script load fail.
2017-08-30 19:02:10
117.136.53.194

/index.php
/controller/css load fail.
2017-08-30 19:02:31
117.136.53.194

/index.php
/controller/images load fail.
2017-08-30 19:02:32
203.208.60.216

/index.php
/controller/css load fail.
2017-08-30 19:02:35
117.136.53.194

/index.php
/controller/images load fail.
2017-08-30 19:02:42
203.208.60.216

/index.php
/controller/images load fail.
2017-08-30 19:02:50
203.208.60.216

/index.php
/controller/js load fail.
2017-08-30 19:03:12
117.136.53.194

/index.php
/controller/script load fail.
2017-08-30 19:07:21
175.42.86.212

/index.php
/controller/script load fail.
2017-08-30 19:09:00
175.42.86.212

/index.php
/controller/bbs load fail.
2017-08-30 19:10:39
115.182.24.67

/index.php
/controller/images load fail.
2017-08-30 19:13:40
171.114.58.253

/index.php
/controller/images load fail.
2017-08-30 19:20:05
219.153.167.19

/index.php
/controller/images load fail.
2017-08-30 19:20:07
219.153.167.19

/index.php
/controller/images load fail.
2017-08-30 19:20:17
219.153.167.19

/index.php
/controller/images load fail.
2017-08-30 19:20:18
219.153.167.19

/index.php
/controller/images load fail.
2017-08-30 19:20:30
219.153.167.19

/index.php
/controller/images load fail.
2017-08-30 19:20:54
219.153.167.19

/index.php
/controller/images load fail.
2017-08-30 19:20:59
219.153.167.19

/index.php
/controller/images load fail.
2017-08-30 19:21:03
219.153.167.19

/index.php
/controller/script load fail.
2017-08-30 19:21:26
183.228.107.253

/index.php
/controller/js load fail.
2017-08-30 19:21:29
183.228.107.253

/index.php
/controller/css load fail.
2017-08-30 19:21:29
183.228.107.253

/index.php
/controller/css load fail.
2017-08-30 19:21:29
183.228.107.253

/index.php
/controller/images load fail.
2017-08-30 19:25:08
111.202.102.7

/index.php
/controller/images load fail.
2017-08-30 19:25:09
106.120.173.217

/index.php
/controller/script load fail.
2017-08-30 19:25:32
175.42.86.212

/index.php
/controller/uploads load fail.
2017-08-30 19:26:02
106.120.173.217

/index.php
/controller/uploads load fail.
2017-08-30 19:26:03
106.120.173.217

/index.php
/controller/script load fail.
2017-08-30 19:26:56
175.42.86.212

/index.php
/controller/static load fail.
2017-08-30 19:27:23
175.42.86.212

/index.php
/controller/static load fail.
2017-08-30 19:39:10
175.42.86.212

/index.php
/controller/static load fail.
2017-08-30 19:39:25
175.42.86.212

/index.php
/controller/static load fail.
2017-08-30 19:40:30
175.42.86.212

/index.php
/controller/script load fail.
2017-08-30 19:40:48
101.226.66.180

/index.php
/controller/script load fail.
2017-08-30 19:40:48
101.226.66.180

/index.php
/controller/script load fail.
2017-08-30 19:40:48
101.226.66.180

/index.php
/controller/script load fail.
2017-08-30 19:40:48
101.226.66.180

/index.php
/controller/js load fail.
2017-08-30 19:40:49
101.226.66.180

/index.php
/controller/css load fail.
2017-08-30 19:40:49
101.226.66.180

/index.php
/controller/css load fail.
2017-08-30 19:40:49
101.226.66.180

/index.php
/controller/static load fail.
2017-08-30 19:40:55
175.42.86.212

/index.php
/controller/static load fail.
2017-08-30 19:40:56
175.42.86.212

/index.php
/controller/static load fail.
2017-08-30 19:40:56
175.42.86.212

/index.php
/controller/static load fail.
2017-08-30 19:40:57
175.42.86.212

/index.php
/controller/script load fail.
2017-08-30 19:41:00
175.42.86.212

/index.php
/controller/p load fail.
2017-08-30 19:41:22
45.34.83.122

/index.php
/controller/p load fail.
2017-08-30 19:41:25
45.34.83.122

/index.php
/controller/script load fail.
2017-08-30 19:48:39
175.42.86.212

/index.php
/controller/css load fail.
2017-08-30 19:49:08
175.42.86.212

/index.php
/controller/css load fail.
2017-08-30 19:49:15
14.215.176.12

/index.php
/controller/script load fail.
2017-08-30 19:51:10
175.42.86.212

/index.php
/controller/script load fail.
2017-08-30 19:51:14
175.42.86.212

/index.php
/controller/script load fail.
2017-08-30 19:51:15
14.215.176.137

/index.php
/controller/script load fail.
2017-08-30 19:51:15
14.215.176.144

/index.php
/controller/script load fail.
2017-08-30 19:51:16
175.42.86.212

/index.php
/controller/script load fail.
2017-08-30 19:51:24
175.42.86.212

/index.php
/controller/script load fail.
2017-08-30 19:53:21
175.42.86.212

/index.php
/controller/images load fail.
2017-08-30 19:55:18
36.110.170.184

/index.php
/controller/images load fail.
2017-08-30 19:55:18
106.120.173.220

/index.php
/controller/images load fail.
2017-08-30 19:58:23
111.202.103.67

/index.php
/controller/images load fail.
2017-08-30 19:59:20
42.242.15.137

/index.php
/controller/images load fail.
2017-08-30 19:59:25
42.242.15.137

/index.php
/controller/images load fail.
2017-08-30 19:59:47
42.242.15.137

/index.php
/controller/images load fail.
2017-08-30 19:59:49
42.242.15.137

/index.php
/controller/images load fail.
2017-08-30 20:03:06
106.120.173.220

/index.php
/controller/bbs load fail.
2017-08-30 20:05:28
115.182.24.7

/index.php
/controller/uploads load fail.
2017-08-30 20:05:31
111.202.103.99

/index.php
/controller/uploads load fail.
2017-08-30 20:05:31
111.202.103.88

/index.php
/controller/uploads load fail.
2017-08-30 20:05:31
36.110.171.111

/index.php
/controller/uploads load fail.
2017-08-30 20:05:31
106.39.246.103

/index.php
/controller/images load fail.
2017-08-30 20:13:05
223.64.182.46

/index.php
/controller/images load fail.
2017-08-30 20:13:06
223.64.182.46

/index.php
/controller/images load fail.
2017-08-30 20:13:06
223.64.182.46

/index.php
/controller/images load fail.
2017-08-30 20:13:07
223.64.182.46

/index.php
/controller/images load fail.
2017-08-30 20:15:13
223.64.182.46

/index.php
/controller/images load fail.
2017-08-30 20:15:13
223.64.182.46

/index.php
/controller/images load fail.
2017-08-30 20:15:22
223.64.182.46

/index.php
/controller/images load fail.
2017-08-30 20:15:23
223.64.182.46

/index.php
/controller/images load fail.
2017-08-30 20:23:46
106.120.173.221

/index.php
/controller/images load fail.
2017-08-30 20:23:47
36.110.170.149

/index.php
/controller/images load fail.
2017-08-30 20:23:47
36.110.170.184

/index.php
/controller/images load fail.
2017-08-30 20:27:11
219.128.76.2

/index.php
/controller/images load fail.
2017-08-30 20:27:11
219.128.76.2

/index.php
/controller/images load fail.
2017-08-30 20:27:12
219.128.76.2

/index.php
/controller/images load fail.
2017-08-30 20:27:36
203.208.60.213

/index.php
/controller/images load fail.
2017-08-30 20:29:22
219.128.76.2

/index.php
/controller/images load fail.
2017-08-30 20:29:22
219.128.76.2

/index.php
/controller/images load fail.
2017-08-30 20:29:22
219.128.76.2

/index.php
/controller/static load fail.
2017-08-30 20:31:15
113.108.21.80

/index.php
/controller/images load fail.
2017-08-30 20:32:54
27.38.21.6

/index.php
/controller/images load fail.
2017-08-30 20:39:51
111.202.102.157

/index.php
/controller/images load fail.
2017-08-30 20:39:53
111.202.102.11

/index.php
/controller/images load fail.
2017-08-30 20:47:28
58.55.181.147

/index.php
/controller/images load fail.
2017-08-30 20:47:29
58.55.181.147

/index.php
/controller/images load fail.
2017-08-30 20:47:29
58.55.181.147

/index.php
/controller/images load fail.
2017-08-30 20:47:32
58.55.181.147

/index.php
/controller/uploads load fail.
2017-08-30 20:50:22
106.120.173.217

/index.php
/controller/uploads load fail.
2017-08-30 20:50:22
111.202.103.95

/index.php
/controller/images load fail.
2017-08-30 20:54:58
182.131.11.234

/index.php
/controller/images load fail.
2017-08-30 20:54:59
182.131.11.234

/index.php
/controller/images load fail.
2017-08-30 20:59:52
106.120.173.218

/index.php
/controller/images load fail.
2017-08-30 21:06:16
60.223.252.158

/index.php
/controller/images load fail.
2017-08-30 21:06:18
60.223.252.158

/index.php
/controller/manager load fail.
2017-08-30 21:06:56
116.196.81.45

/index.php
/controller/bbs load fail.
2017-08-30 21:07:14
115.182.24.217

/index.php
/controller/images load fail.
2017-08-30 21:07:17
60.223.252.158

/index.php
/controller/images load fail.
2017-08-30 21:26:34
59.63.28.160

/index.php
/controller/images load fail.
2017-08-30 21:26:41
59.63.28.160

/index.php
/controller/images load fail.
2017-08-30 21:31:28
223.96.158.170

/index.php
/controller/images load fail.
2017-08-30 21:31:35
223.96.158.170

/index.php
/controller/images load fail.
2017-08-30 21:31:35
223.96.158.170

/index.php
/controller/images load fail.
2017-08-30 21:31:35
223.96.158.170

/index.php
/controller/post load fail.
2017-08-30 21:50:11
217.69.133.85

/index.php
/controller/images load fail.
2017-08-30 21:51:07
116.249.178.122

/index.php
/controller/images load fail.
2017-08-30 21:51:08
116.249.178.122

/index.php
/controller/images load fail.
2017-08-30 21:51:08
116.249.178.122

/index.php
/controller/images load fail.
2017-08-30 21:51:10
116.249.178.122

/index.php
/controller/images load fail.
2017-08-30 21:54:40
124.127.108.131

/index.php
/controller/images load fail.
2017-08-30 21:57:54
203.208.60.213

/index.php
/controller/uploads load fail.
2017-08-30 22:00:58
111.202.103.88

/index.php
/controller/uploads load fail.
2017-08-30 22:00:59
111.202.103.172

/index.php
/controller/images load fail.
2017-08-30 22:01:24
39.89.231.155

/index.php
/controller/images load fail.
2017-08-30 22:01:42
106.39.190.3

/index.php
/controller/images load fail.
2017-08-30 22:01:43
106.39.189.238

/index.php
/controller/images load fail.
2017-08-30 22:04:19
113.75.203.232

/index.php
/controller/images load fail.
2017-08-30 22:04:20
113.75.203.232

/index.php
/controller/images load fail.
2017-08-30 22:04:20
113.75.203.232

/index.php
/controller/images load fail.
2017-08-30 22:04:21
113.75.203.232

/index.php
/controller/bbs load fail.
2017-08-30 22:08:30
115.182.24.176

/index.php
/controller/images load fail.
2017-08-30 22:15:56
36.110.171.111

/index.php
/controller/images load fail.
2017-08-30 22:15:56
36.110.170.184

/index.php
/controller/images load fail.
2017-08-30 22:18:26
106.120.151.11

/index.php
/controller/images load fail.
2017-08-30 22:18:28
111.202.103.18

/index.php
/controller/images load fail.
2017-08-30 22:24:47
42.236.43.245

/index.php
/controller/css load fail.
2017-08-30 22:37:06
113.108.21.80

/index.php
/controller/images load fail.
2017-08-30 22:38:30
113.65.120.117

/index.php
/controller/images load fail.
2017-08-30 22:38:31
113.65.120.117

/index.php
/controller/images load fail.
2017-08-30 22:38:31
113.65.120.117

/index.php
/controller/images load fail.
2017-08-30 22:38:33
113.65.120.117

/index.php
/controller/images load fail.
2017-08-30 22:46:37
119.123.177.191

/index.php
/controller/images load fail.
2017-08-30 22:50:12
218.241.251.148

/index.php
/controller/images load fail.
2017-08-30 22:54:48
218.30.103.250

/index.php
/controller/images load fail.
2017-08-30 22:54:48
111.202.103.81

/index.php
/controller/images load fail.
2017-08-30 22:54:49
111.202.102.157

/index.php
/controller/images load fail.
2017-08-30 23:05:35
211.103.82.137

/index.php
/controller/uploads load fail.
2017-08-30 23:07:40
111.202.102.127

/index.php
/controller/uploads load fail.
2017-08-30 23:07:40
111.202.103.18

/index.php
/controller/bbs load fail.
2017-08-30 23:09:30
115.182.24.38

/index.php
/controller/script load fail.
2017-08-30 23:15:21
175.42.86.212

/index.php
/controller/images load fail.
2017-08-30 23:16:12
218.30.103.163

/index.php
/controller/script load fail.
2017-08-30 23:16:16
175.42.86.212

/index.php
/controller/static load fail.
2017-08-30 23:16:18
175.42.86.212

/index.php
/controller/static load fail.
2017-08-30 23:17:12
175.42.86.212

/index.php
/controller/css load fail.
2017-08-30 23:17:59
183.57.53.222

/index.php
/controller/static load fail.
2017-08-30 23:18:24
175.42.86.212

/index.php
/controller/static load fail.
2017-08-30 23:18:32
175.42.86.212

/index.php
/controller/static load fail.
2017-08-30 23:18:35
175.42.86.212

/index.php
/controller/static load fail.
2017-08-30 23:18:39
175.42.86.212

/index.php
/controller/static load fail.
2017-08-30 23:18:42
175.42.86.212

/index.php
/controller/static load fail.
2017-08-30 23:18:49
175.42.86.212

/index.php
/controller/static load fail.
2017-08-30 23:20:31
175.42.86.212

/index.php
/controller/static load fail.
2017-08-30 23:20:33
175.42.86.212

/index.php
/controller/static load fail.
2017-08-30 23:20:35
175.42.86.212

/index.php
/controller/static load fail.
2017-08-30 23:20:47
175.42.86.212

/index.php
/controller/script load fail.
2017-08-30 23:24:23
111.61.66.54

/index.php
/controller/uploads load fail.
2017-08-30 23:28:19
106.39.246.143

/index.php
/controller/uploads load fail.
2017-08-30 23:28:19
106.120.173.222

/index.php
/controller/images load fail.
2017-08-30 23:28:33
203.208.60.214

/index.php
/controller/images load fail.
2017-08-30 23:29:55
111.202.103.112

/index.php
/controller/images load fail.
2017-08-30 23:29:57
36.110.170.156

/index.php
/controller/images load fail.
2017-08-30 23:35:46
221.178.182.172

/index.php
/controller/images load fail.
2017-08-30 23:37:01
221.178.182.172

/index.php
/controller/bbs load fail.
2017-08-30 23:38:35
113.108.21.80

/index.php
/controller/images load fail.
2017-08-30 23:43:05
220.181.108.160

/index.php
/controller/images load fail.
2017-08-30 23:49:37
106.39.191.173

/index.php
/controller/images load fail.
2017-08-30 23:49:51
36.110.170.149

/index.php
/controller/images load fail.
2017-08-30 23:49:53
106.120.173.222

/index.php
/controller/images load fail.
2017-08-30 23:50:38
115.58.71.57

/index.php
/controller/uploads load fail.
2017-08-30 23:54:30
220.181.124.250

/index.php
/controller/uploads load fail.
2017-08-30 23:54:31
111.202.103.67

