/index.php
/controller/static load fail.
2017-08-26 00:10:29
220.166.211.10

/index.php
/controller/static load fail.
2017-08-26 00:30:13
220.166.211.10

/index.php
/controller/static load fail.
2017-08-26 00:31:36
220.166.211.10

/index.php
/controller/static load fail.
2017-08-26 00:35:53
220.166.211.10

/index.php
/controller/static load fail.
2017-08-26 00:39:02
220.166.211.10

/index.php
/controller/static load fail.
2017-08-26 00:39:04
220.166.211.10

/index.php
/controller/static load fail.
2017-08-26 00:39:05
220.166.211.10

/index.php
/controller/static load fail.
2017-08-26 00:39:06
220.166.211.10

/index.php
/controller/static load fail.
2017-08-26 00:48:24
125.69.67.109

/index.php
/controller/static load fail.
2017-08-26 01:10:52
220.166.211.10

/index.php
/controller/static load fail.
2017-08-26 01:36:55
220.166.211.10

/index.php
/controller/static load fail.
2017-08-26 01:37:57
220.166.211.10

/index.php
/controller/static load fail.
2017-08-26 01:38:23
220.166.211.10

/index.php
/controller/static load fail.
2017-08-26 01:38:25
220.166.211.10

/index.php
/controller/static load fail.
2017-08-26 01:38:27
220.166.211.10

/index.php
/controller/static load fail.
2017-08-26 01:38:28
220.166.211.10

/index.php
/controller/static load fail.
2017-08-26 01:38:30
220.166.211.10

/index.php
/controller/static load fail.
2017-08-26 01:38:31
220.166.211.10

/index.php
/controller/static load fail.
2017-08-26 01:38:53
125.69.67.109

/index.php
/controller/static load fail.
2017-08-26 01:40:43
220.166.211.10

/index.php
/controller/hdikarwuxolf load fail.
2017-08-26 02:09:51
140.205.225.190

/index.php
/controller/ganglia load fail.
2017-08-26 02:09:52
140.205.225.190

/index.php
/controller/showcase load fail.
2017-08-26 02:10:13
140.205.225.190

/index.php
/controller/integration load fail.
2017-08-26 02:10:14
140.205.225.190

/index.php
/controller/hwi load fail.
2017-08-26 02:13:08
140.205.225.190

/index.php
/controller/info load fail.
2017-08-26 02:18:12
140.205.225.190

/index.php
/controller/jenkins load fail.
2017-08-26 02:18:44
140.205.225.190

/index.php
/controller/zabbix load fail.
2017-08-26 02:18:49
140.205.225.190

/index.php
/controller/solr load fail.
2017-08-26 02:18:50
140.205.225.190

/index.php
/controller/warning load fail.
2017-08-26 02:18:54
140.205.225.190

/index.php
/controller/pleasereadthis load fail.
2017-08-26 02:18:59
140.205.225.190

/index.php
/controller/please_read load fail.
2017-08-26 02:19:02
140.205.225.190

/index.php
/controller/hadoop load fail.
2017-08-26 02:19:06
140.205.225.190

/index.php
/controller/static load fail.
2017-08-26 02:20:39
220.166.211.10

/index.php
/controller/static load fail.
2017-08-26 02:20:44
220.166.211.10

/index.php
/controller/static load fail.
2017-08-26 02:20:45
220.166.211.10

/index.php
/controller/static load fail.
2017-08-26 02:20:46
220.166.211.10

/index.php
/controller/static load fail.
2017-08-26 02:29:43
125.69.67.109

/index.php
/controller/static load fail.
2017-08-26 02:29:44
125.69.67.109

/index.php
/controller/static load fail.
2017-08-26 02:29:45
125.69.67.109

/index.php
/controller/static load fail.
2017-08-26 02:34:57
220.166.211.10

/index.php
/controller/static load fail.
2017-08-26 02:34:59
220.166.211.10

/index.php
/controller/static load fail.
2017-08-26 02:34:59
220.166.211.10

/index.php
/controller/static load fail.
2017-08-26 02:36:57
220.166.211.10

/index.php
/controller/static load fail.
2017-08-26 02:37:02
220.166.211.10

/index.php
/controller/static load fail.
2017-08-26 02:37:18
125.69.67.109

/index.php
/controller/static load fail.
2017-08-26 02:37:26
125.69.67.109

/index.php
/controller/static load fail.
2017-08-26 02:38:35
220.166.211.10

/index.php
/controller/static load fail.
2017-08-26 02:38:37
220.166.211.10

/index.php
/controller/static load fail.
2017-08-26 02:39:14
220.166.211.10

/index.php
/controller/static load fail.
2017-08-26 02:39:14
125.69.67.109

/index.php
/controller/static load fail.
2017-08-26 02:39:29
125.69.67.109

/index.php
/controller/static load fail.
2017-08-26 02:45:39
144.0.142.238

/index.php
/controller/static load fail.
2017-08-26 02:45:39
144.0.142.238

/index.php
/controller/static load fail.
2017-08-26 02:45:39
144.0.142.238

/index.php
/controller/static load fail.
2017-08-26 02:48:58
144.0.142.238

/index.php
/controller/static load fail.
2017-08-26 02:48:59
144.0.142.238

/index.php
/controller/static load fail.
2017-08-26 02:49:27
220.166.211.10

/index.php
/controller/static load fail.
2017-08-26 02:49:27
125.69.67.109

/index.php
/controller/static load fail.
2017-08-26 02:49:27
125.69.67.109

/index.php
/controller/static load fail.
2017-08-26 02:50:54
36.102.210.236

/index.php
/controller/static load fail.
2017-08-26 02:51:39
220.166.211.10

/index.php
/controller/static load fail.
2017-08-26 02:58:31
220.166.211.10

/index.php
/controller/static load fail.
2017-08-26 02:58:31
220.166.211.10

/index.php
/controller/static load fail.
2017-08-26 02:58:32
220.166.211.10

/index.php
/controller/static load fail.
2017-08-26 02:58:33
220.166.211.10

/index.php
/controller/static load fail.
2017-08-26 02:58:35
220.166.211.10

/index.php
/controller/static load fail.
2017-08-26 03:00:51
36.102.210.236

/index.php
/controller/static load fail.
2017-08-26 03:01:06
125.69.67.109

/index.php
/controller/static load fail.
2017-08-26 03:01:28
220.166.211.10

/index.php
/controller/static load fail.
2017-08-26 03:01:44
220.166.211.10

/index.php
/controller/static load fail.
2017-08-26 03:04:28
36.102.210.236

/index.php
/controller/static load fail.
2017-08-26 03:05:29
36.102.210.236

/index.php
/controller/static load fail.
2017-08-26 03:05:49
36.102.210.236

/index.php
/controller/static load fail.
2017-08-26 03:08:18
36.102.210.236

/index.php
/controller/static load fail.
2017-08-26 03:08:29
36.102.210.236

/index.php
/controller/static load fail.
2017-08-26 03:26:00
36.102.210.236

/index.php
/controller/static load fail.
2017-08-26 03:26:48
220.166.211.10

/index.php
/controller/static load fail.
2017-08-26 03:26:48
125.69.67.109

/index.php
/controller/static load fail.
2017-08-26 03:26:48
125.69.67.109

/index.php
/controller/static load fail.
2017-08-26 03:26:49
220.166.211.10

/index.php
/controller/static load fail.
2017-08-26 03:26:50
220.166.211.10

/index.php
/controller/administrator load fail.
2017-08-26 03:37:17
212.83.152.183

/index.php
/controller/static load fail.
2017-08-26 03:40:49
220.166.211.10

/index.php
/controller/static load fail.
2017-08-26 03:40:49
220.166.211.10

/index.php
/controller/static load fail.
2017-08-26 04:05:44
70.42.131.170

/index.php
/controller/static load fail.
2017-08-26 04:05:45
70.42.131.170

/index.php
/controller/static load fail.
2017-08-26 08:44:03
70.42.131.170

/index.php
/controller/static load fail.
2017-08-26 08:44:04
70.42.131.170

/index.php
/controller/static load fail.
2017-08-26 11:05:30
59.54.118.230

/index.php
/controller/static load fail.
2017-08-26 11:05:31
59.54.118.230

/index.php
/controller/static load fail.
2017-08-26 11:05:31
59.54.118.230

/index.php
/controller/static load fail.
2017-08-26 11:17:09
59.54.118.230

/index.php
/controller/static load fail.
2017-08-26 11:17:09
59.54.118.230

/index.php
/controller/static load fail.
2017-08-26 11:17:10
59.54.118.230

/index.php
/controller/static load fail.
2017-08-26 11:17:25
59.54.118.230

/index.php
/controller/static load fail.
2017-08-26 11:17:26
59.54.118.230

/index.php
/controller/static load fail.
2017-08-26 11:43:46
59.54.118.230

/index.php
/controller/static load fail.
2017-08-26 11:43:46
59.54.118.230

/index.php
/controller/static load fail.
2017-08-26 11:43:46
59.54.118.230

/index.php
/controller/static load fail.
2017-08-26 12:30:52
123.120.69.112

/index.php
/controller/static load fail.
2017-08-26 12:30:52
123.120.69.112

/index.php
/controller/static load fail.
2017-08-26 12:30:52
123.120.69.112

/index.php
/controller/static load fail.
2017-08-26 12:31:03
123.120.69.112

/index.php
/controller/static load fail.
2017-08-26 12:31:08
123.120.69.112

/index.php
/controller/static load fail.
2017-08-26 12:31:15
123.120.69.112

/index.php
/controller/static load fail.
2017-08-26 12:32:44
123.120.69.112

/index.php
/controller/static load fail.
2017-08-26 12:32:45
123.120.69.112

/index.php
/controller/static load fail.
2017-08-26 12:32:53
123.120.69.112

/index.php
/controller/static load fail.
2017-08-26 12:32:54
123.120.69.112

/index.php
/controller/static load fail.
2017-08-26 12:34:35
123.120.69.112

/index.php
/controller/static load fail.
2017-08-26 12:34:38
123.120.69.112

/index.php
/controller/static load fail.
2017-08-26 12:34:59
123.120.69.112

/index.php
/controller/static load fail.
2017-08-26 12:34:59
123.120.69.112

/index.php
/controller/static load fail.
2017-08-26 12:34:59
123.120.69.112

/index.php
/controller/static load fail.
2017-08-26 12:43:28
123.120.69.112

/index.php
/controller/aabcdsgsgshsft load fail.
2017-08-26 13:18:41
112.74.174.23

/index.php
/controller/static load fail.
2017-08-26 13:32:53
123.120.69.112

/index.php
/controller/static load fail.
2017-08-26 13:32:53
123.120.69.112

/index.php
/controller/static load fail.
2017-08-26 13:32:53
123.120.69.112

/index.php
/controller/static load fail.
2017-08-26 13:33:43
123.120.69.112

/index.php
/controller/static load fail.
2017-08-26 13:33:45
123.120.69.112

/index.php
/controller/static load fail.
2017-08-26 14:00:33
123.120.69.112

/index.php
/controller/static load fail.
2017-08-26 14:00:36
123.120.69.112

/index.php
/controller/static load fail.
2017-08-26 14:00:38
123.120.69.112

/index.php
/controller/static load fail.
2017-08-26 14:00:52
123.120.69.112

/index.php
/controller/static load fail.
2017-08-26 14:00:58
123.120.69.112

/index.php
/controller/static load fail.
2017-08-26 14:01:13
123.120.69.112

/index.php
/controller/static load fail.
2017-08-26 14:05:41
123.120.69.112

/index.php
/controller/static load fail.
2017-08-26 14:22:29
123.120.69.112

/index.php
/controller/static load fail.
2017-08-26 14:22:32
123.120.69.112

/index.php
/controller/static load fail.
2017-08-26 14:22:40
123.120.69.112

/index.php
/controller/static load fail.
2017-08-26 14:22:43
123.120.69.112

/index.php
/controller/static load fail.
2017-08-26 14:22:43
123.120.69.112

/index.php
/controller/static load fail.
2017-08-26 14:22:44
123.120.69.112

/index.php
/controller/static load fail.
2017-08-26 14:22:45
123.120.69.112

/index.php
/controller/static load fail.
2017-08-26 14:22:46
123.120.69.112

/index.php
/controller/static load fail.
2017-08-26 14:22:46
123.120.69.112

/index.php
/controller/static load fail.
2017-08-26 14:22:47
123.120.69.112

/index.php
/controller/static load fail.
2017-08-26 14:22:51
123.120.69.112

/index.php
/controller/static load fail.
2017-08-26 14:41:12
123.120.69.112

/index.php
/controller/static load fail.
2017-08-26 14:41:12
123.120.69.112

/index.php
/controller/static load fail.
2017-08-26 14:41:12
123.120.69.112

/index.php
/controller/static load fail.
2017-08-26 14:41:14
123.120.69.112

/index.php
/controller/static load fail.
2017-08-26 14:42:49
59.54.118.230

/index.php
/controller/static load fail.
2017-08-26 14:42:49
59.54.118.230

/index.php
/controller/static load fail.
2017-08-26 14:42:50
59.54.118.230

/index.php
/controller/static load fail.
2017-08-26 15:00:29
123.120.69.112

/index.php
/controller/static load fail.
2017-08-26 15:01:18
117.136.79.24

/index.php
/controller/static load fail.
2017-08-26 15:01:45
123.120.69.112

/index.php
/controller/static load fail.
2017-08-26 15:02:24
123.120.69.112

/index.php
/controller/admfor035/loginadmin123456 load fail.
2017-08-26 15:05:06
140.207.185.112

/index.php
/controller/static load fail.
2017-08-26 15:08:05
123.120.69.112

/index.php
/controller/static load fail.
2017-08-26 16:55:21
123.120.69.112

/index.php
/controller/static load fail.
2017-08-26 16:55:21
123.120.69.112

/index.php
/controller/static load fail.
2017-08-26 16:55:22
123.120.69.112

/index.php
/controller/static load fail.
2017-08-26 16:56:02
123.120.69.112

/index.php
/controller/static load fail.
2017-08-26 16:56:02
123.120.69.112

/index.php
/controller/static load fail.
2017-08-26 17:11:42
123.120.69.112

/index.php
/controller/static load fail.
2017-08-26 17:11:42
123.120.69.112

/index.php
/controller/static load fail.
2017-08-26 17:11:43
123.120.69.112

/index.php
/controller/static load fail.
2017-08-26 17:11:43
123.120.69.112

/index.php
/controller/static load fail.
2017-08-26 17:11:45
123.120.69.112

/index.php
/controller/static load fail.
2017-08-26 17:11:45
123.120.69.112

/index.php
/controller/static load fail.
2017-08-26 17:12:16
220.166.211.10

/index.php
/controller/static load fail.
2017-08-26 17:12:16
125.69.67.109

/index.php
/controller/static load fail.
2017-08-26 17:12:17
125.69.67.109

/index.php
/controller/images load fail.
2017-08-26 17:12:53
220.166.211.10

/index.php
/controller/js load fail.
2017-08-26 17:12:58
101.226.89.119

/index.php
/controller/css load fail.
2017-08-26 17:12:58
101.226.89.119

/index.php
/controller/css load fail.
2017-08-26 17:13:03
123.120.69.112

/index.php
/controller/js load fail.
2017-08-26 17:13:03
123.120.69.112

/index.php
/controller/css load fail.
2017-08-26 17:13:22
123.120.69.112

/index.php
/controller/js load fail.
2017-08-26 17:13:22
123.120.69.112

/index.php
/controller/css load fail.
2017-08-26 17:13:46
123.120.69.112

/index.php
/controller/js load fail.
2017-08-26 17:13:47
123.120.69.112

/index.php
/controller/appcenterdemo load fail.
2017-08-26 17:14:05
123.120.69.112

/index.php
/controller/appcenterdemo load fail.
2017-08-26 17:14:06
183.57.53.177

/index.php
/controller/css load fail.
2017-08-26 17:14:06
123.120.69.112

/index.php
/controller/js load fail.
2017-08-26 17:14:06
123.120.69.112

/index.php
/controller/appcenterdemo load fail.
2017-08-26 17:14:15
140.207.185.107

/index.php
/controller/css load fail.
2017-08-26 17:14:24
123.120.69.112

/index.php
/controller/js load fail.
2017-08-26 17:15:07
123.120.69.112

/index.php
/controller/images load fail.
2017-08-26 17:15:07
123.120.69.112

/index.php
/controller/js load fail.
2017-08-26 17:15:23
220.166.211.10

/index.php
/controller/js load fail.
2017-08-26 17:15:23
220.166.211.10

/index.php
/controller/images load fail.
2017-08-26 17:15:23
125.69.67.109

/index.php
/controller/js load fail.
2017-08-26 17:15:30
123.120.69.112

/index.php
/controller/images load fail.
2017-08-26 17:15:30
123.120.69.112

/index.php
/controller/images load fail.
2017-08-26 17:15:39
123.120.69.112

/index.php
/controller/images load fail.
2017-08-26 17:16:10
123.120.69.112

/index.php
/controller/js load fail.
2017-08-26 17:16:37
220.166.211.10

/index.php
/controller/js load fail.
2017-08-26 17:16:37
220.166.211.10

/index.php
/controller/images load fail.
2017-08-26 17:16:37
220.166.211.10

/index.php
/controller/js load fail.
2017-08-26 17:17:16
220.166.211.10

/index.php
/controller/js load fail.
2017-08-26 17:17:16
220.166.211.10

/index.php
/controller/images load fail.
2017-08-26 17:17:16
220.166.211.10

/index.php
/controller/images load fail.
2017-08-26 17:17:53
220.166.211.10

/index.php
/controller/js load fail.
2017-08-26 17:17:56
220.166.211.10

/index.php
/controller/js load fail.
2017-08-26 17:17:56
220.166.211.10

/index.php
/controller/images load fail.
2017-08-26 17:17:56
220.166.211.10

/index.php
/controller/images load fail.
2017-08-26 17:18:00
220.166.211.10

/index.php
/controller/images load fail.
2017-08-26 17:18:03
220.166.211.10

/index.php
/controller/js load fail.
2017-08-26 17:19:18
220.166.211.10

/index.php
/controller/js load fail.
2017-08-26 17:19:18
220.166.211.10

/index.php
/controller/images load fail.
2017-08-26 17:19:19
125.69.67.109

/index.php
/controller/js load fail.
2017-08-26 17:20:23
220.166.211.10

/index.php
/controller/js load fail.
2017-08-26 17:20:23
220.166.211.10

/index.php
/controller/images load fail.
2017-08-26 17:20:23
220.166.211.10

/index.php
/controller/js load fail.
2017-08-26 17:20:38
123.120.69.112

/index.php
/controller/js load fail.
2017-08-26 17:20:38
123.120.69.112

/index.php
/controller/images load fail.
2017-08-26 17:20:38
123.120.69.112

/index.php
/controller/images load fail.
2017-08-26 17:20:47
123.120.69.112

/index.php
/controller/images load fail.
2017-08-26 17:20:56
123.120.69.112

/index.php
/controller/js load fail.
2017-08-26 17:21:08
125.84.83.140

/index.php
/controller/js load fail.
2017-08-26 17:21:08
125.84.83.140

/index.php
/controller/images load fail.
2017-08-26 17:21:08
125.84.83.140

/index.php
/controller/images load fail.
2017-08-26 17:22:16
123.120.69.112

/index.php
/controller/appcenterdemo load fail.
2017-08-26 17:22:19
123.120.69.112

/index.php
/controller/images load fail.
2017-08-26 17:22:22
123.120.69.112

/index.php
/controller/images load fail.
2017-08-26 17:22:36
123.120.69.112

/index.php
/controller/images load fail.
2017-08-26 17:22:41
123.120.69.112

/index.php
/controller/images load fail.
2017-08-26 17:24:09
123.120.69.112

/index.php
/controller/js load fail.
2017-08-26 17:24:11
220.166.211.10

/index.php
/controller/js load fail.
2017-08-26 17:24:11
220.166.211.10

/index.php
/controller/images load fail.
2017-08-26 17:24:11
220.166.211.10

/index.php
/controller/js load fail.
2017-08-26 17:25:03
220.166.211.10

/index.php
/controller/js load fail.
2017-08-26 17:25:03
220.166.211.10

/index.php
/controller/images load fail.
2017-08-26 17:25:03
220.166.211.10

/index.php
/controller/js load fail.
2017-08-26 17:26:45
123.120.69.112

/index.php
/controller/js load fail.
2017-08-26 17:26:45
123.120.69.112

/index.php
/controller/images load fail.
2017-08-26 17:26:45
123.120.69.112

/index.php
/controller/js load fail.
2017-08-26 17:26:48
220.166.211.10

/index.php
/controller/images load fail.
2017-08-26 17:26:48
220.166.211.10

/index.php
/controller/images load fail.
2017-08-26 17:26:58
123.120.69.112

/index.php
/controller/images load fail.
2017-08-26 17:26:59
220.166.211.10

/index.php
/controller/images load fail.
2017-08-26 17:27:02
123.120.69.112

/index.php
/controller/images load fail.
2017-08-26 17:27:12
123.120.69.112

/index.php
/controller/css load fail.
2017-08-26 17:28:37
123.120.69.112

/index.php
/controller/images load fail.
2017-08-26 17:28:38
123.120.69.112

/index.php
/controller/images load fail.
2017-08-26 17:29:05
220.166.211.10

/index.php
/controller/images load fail.
2017-08-26 17:29:08
220.166.211.10

/index.php
/controller/images load fail.
2017-08-26 17:29:09
123.120.69.112

/index.php
/controller/images load fail.
2017-08-26 17:29:44
220.166.211.10

/index.php
/controller/images load fail.
2017-08-26 17:31:09
123.120.69.112

/index.php
/controller/images load fail.
2017-08-26 17:32:14
123.120.69.112

/index.php
/controller/images load fail.
2017-08-26 17:32:46
123.120.69.112

/index.php
/controller/images load fail.
2017-08-26 17:32:46
123.120.69.112

/index.php
/controller/images load fail.
2017-08-26 17:32:50
123.120.69.112

/index.php
/controller/images load fail.
2017-08-26 17:33:02
220.166.211.10

/index.php
/controller/images load fail.
2017-08-26 17:33:05
220.166.211.10

/index.php
/controller/images load fail.
2017-08-26 17:33:11
220.166.211.10

/index.php
/controller/images load fail.
2017-08-26 17:34:15
220.166.211.10

/index.php
/controller/images load fail.
2017-08-26 17:34:17
220.166.211.10

/index.php
/controller/images load fail.
2017-08-26 17:35:32
220.166.211.10

/index.php
/controller/images load fail.
2017-08-26 17:35:44
125.69.67.109

/index.php
/controller/images load fail.
2017-08-26 17:35:58
220.166.211.10

/index.php
/controller/images load fail.
2017-08-26 17:35:59
220.166.211.10

/index.php
/controller/images load fail.
2017-08-26 17:37:00
220.166.211.10

/index.php
/controller/images load fail.
2017-08-26 17:37:24
220.166.211.10

/index.php
/controller/images load fail.
2017-08-26 17:37:42
220.166.211.10

/index.php
/controller/images load fail.
2017-08-26 17:37:46
220.166.211.10

/index.php
/controller/images load fail.
2017-08-26 17:38:17
220.166.211.10

/index.php
/controller/images load fail.
2017-08-26 17:38:30
220.166.211.10

/index.php
/controller/images load fail.
2017-08-26 17:38:31
220.166.211.10

/index.php
/controller/images load fail.
2017-08-26 17:38:32
220.166.211.10

/index.php
/controller/images load fail.
2017-08-26 17:38:52
123.120.69.112

/index.php
/controller/images load fail.
2017-08-26 17:38:54
123.120.69.112

/index.php
/controller/images load fail.
2017-08-26 17:38:57
123.120.69.112

/index.php
/controller/images load fail.
2017-08-26 17:39:28
123.120.69.112

/index.php
/controller/images load fail.
2017-08-26 17:40:51
220.166.211.10

/index.php
/controller/appcenterdemo load fail.
2017-08-26 17:42:17
123.120.69.112

/index.php
/controller/images load fail.
2017-08-26 17:42:21
123.120.69.112

/index.php
/controller/images load fail.
2017-08-26 17:43:18
220.166.211.10

/index.php
/controller/images load fail.
2017-08-26 17:43:21
220.166.211.10

/index.php
/controller/images load fail.
2017-08-26 17:45:59
125.69.67.109

/index.php
/controller/images load fail.
2017-08-26 17:46:01
125.69.67.109

/index.php
/controller/images load fail.
2017-08-26 17:46:20
220.166.211.10

/index.php
/controller/images load fail.
2017-08-26 17:46:27
220.166.211.10

/index.php
/controller/images load fail.
2017-08-26 17:46:42
123.120.69.112

/index.php
/controller/images load fail.
2017-08-26 17:46:47
123.120.69.112

/index.php
/controller/images load fail.
2017-08-26 17:46:58
123.120.69.112

/index.php
/controller/images load fail.
2017-08-26 17:47:24
123.120.69.112

/index.php
/controller/images load fail.
2017-08-26 17:47:24
123.120.69.112

/index.php
/controller/images load fail.
2017-08-26 17:47:24
123.120.69.112

/index.php
/controller/images load fail.
2017-08-26 17:47:28
123.120.69.112

/index.php
/controller/images load fail.
2017-08-26 17:47:29
123.120.69.112

/index.php
/controller/images load fail.
2017-08-26 17:48:23
123.120.69.112

/index.php
/controller/images load fail.
2017-08-26 17:48:36
123.120.69.112

/index.php
/controller/images load fail.
2017-08-26 17:48:45
123.120.69.112

/index.php
/controller/images load fail.
2017-08-26 17:53:33
144.0.142.238

/index.php
/controller/images load fail.
2017-08-26 17:53:41
144.0.142.238

/index.php
/controller/images load fail.
2017-08-26 17:53:43
144.0.142.238

/index.php
/controller/images load fail.
2017-08-26 17:54:15
144.0.142.238

/index.php
/controller/images load fail.
2017-08-26 17:54:16
144.0.142.238

/index.php
/controller/images load fail.
2017-08-26 17:54:18
144.0.142.238

/index.php
/controller/images load fail.
2017-08-26 17:54:23
144.0.142.238

/index.php
/controller/images load fail.
2017-08-26 17:54:24
144.0.142.238

/index.php
/controller/images load fail.
2017-08-26 17:54:44
144.0.142.238

/index.php
/controller/images load fail.
2017-08-26 17:54:54
144.0.142.238

/index.php
/controller/images load fail.
2017-08-26 17:54:57
144.0.142.238

/index.php
/controller/images load fail.
2017-08-26 17:55:09
144.0.142.238

/index.php
/controller/images load fail.
2017-08-26 17:55:13
123.120.69.112

/index.php
/controller/images load fail.
2017-08-26 17:55:34
144.0.142.238

/index.php
/controller/images load fail.
2017-08-26 17:57:11
123.120.69.112

/index.php
/controller/static load fail.
2017-08-26 17:58:15
123.120.69.112

/index.php
/controller/static load fail.
2017-08-26 18:01:43
123.120.69.112

/index.php
/controller/static load fail.
2017-08-26 18:30:49
123.120.69.112

/index.php
/controller/static load fail.
2017-08-26 18:30:50
123.120.69.112

/index.php
/controller/static load fail.
2017-08-26 18:30:51
123.120.69.112

/index.php
/controller/static load fail.
2017-08-26 18:30:51
123.120.69.112

/index.php
/controller/images load fail.
2017-08-26 18:31:02
123.120.69.112

/index.php
/controller/appcenter load fail.
2017-08-26 18:33:08
66.249.69.19

/index.php
/controller/pay load fail.
2017-08-26 18:56:13
220.166.211.10

/index.php
/controller/static load fail.
2017-08-26 18:56:55
112.65.189.78

/index.php
/controller/static load fail.
2017-08-26 18:57:00
112.65.189.78

/index.php
/controller/pay load fail.
2017-08-26 18:57:11
220.166.211.10

/index.php
/controller/static load fail.
2017-08-26 19:26:46
112.65.189.78

/index.php
/controller/static load fail.
2017-08-26 19:26:54
112.65.189.78

/index.php
/controller/static load fail.
2017-08-26 19:27:29
112.65.189.78

/index.php
/controller/images load fail.
2017-08-26 20:57:15
144.0.142.238

/index.php
/controller/pay load fail.
2017-08-26 21:04:08
101.226.125.103

/index.php
/controller/pay load fail.
2017-08-26 21:04:09
14.17.3.65

/index.php
/controller/pay load fail.
2017-08-26 21:04:18
101.226.33.219

/index.php
/controller/pay load fail.
2017-08-26 21:04:19
61.151.218.119

/index.php
/controller/pay load fail.
2017-08-26 21:12:02
117.185.27.114

/index.php
/controller/images load fail.
2017-08-26 21:12:24
144.0.142.238

/index.php
/controller/pay load fail.
2017-08-26 21:14:28
183.240.196.126

/index.php
/controller/pay load fail.
2017-08-26 21:14:30
183.240.196.126

/index.php
/controller/images load fail.
2017-08-26 21:20:35
36.102.210.236

/index.php
/controller/images load fail.
2017-08-26 21:21:14
36.102.210.236

/index.php
/controller/static load fail.
2017-08-26 21:21:37
36.102.210.236

/index.php
/controller/static load fail.
2017-08-26 21:21:47
36.102.210.236

/index.php
/controller/static load fail.
2017-08-26 21:21:59
36.102.210.236

/index.php
/controller/static load fail.
2017-08-26 21:22:03
36.102.210.236

/index.php
/controller/static load fail.
2017-08-26 21:22:11
36.102.210.236

/index.php
/controller/static load fail.
2017-08-26 21:22:14
36.102.210.236

/index.php
/controller/static load fail.
2017-08-26 21:22:18
36.102.210.236

/index.php
/controller/static load fail.
2017-08-26 21:22:23
36.102.210.236

/index.php
/controller/static load fail.
2017-08-26 21:22:24
36.102.210.236

/index.php
/controller/static load fail.
2017-08-26 21:27:32
36.102.210.236

/index.php
/controller/images load fail.
2017-08-26 21:27:39
36.102.210.236

/index.php
/controller/pay load fail.
2017-08-26 21:32:28
101.226.99.195

/index.php
/controller/pay load fail.
2017-08-26 21:32:37
101.226.33.221

/index.php
/controller/pay load fail.
2017-08-26 21:32:38
180.163.2.118

/index.php
/controller/pay load fail.
2017-08-26 21:32:45
101.226.33.239

/index.php
/controller/pay load fail.
2017-08-26 21:32:47
101.226.66.173

/index.php
/controller/pay load fail.
2017-08-26 21:33:14
180.163.2.118

/index.php
/controller/pay load fail.
2017-08-26 21:33:14
101.226.68.215

/index.php
/controller/pay load fail.
2017-08-26 21:33:24
101.226.64.177

/index.php
/controller/pay load fail.
2017-08-26 21:33:26
101.226.33.228

/index.php
/controller/images load fail.
2017-08-26 21:36:40
36.102.210.236

/index.php
/controller/images load fail.
2017-08-26 21:36:49
36.102.210.236

/index.php
/controller/images load fail.
2017-08-26 21:36:52
144.0.142.238

/index.php
/controller/images load fail.
2017-08-26 21:37:26
220.166.211.10

/index.php
/controller/css load fail.
2017-08-26 21:37:30
220.166.211.10

/index.php
/controller/images load fail.
2017-08-26 21:37:39
220.166.211.10

/index.php
/controller/images load fail.
2017-08-26 21:37:43
220.166.211.10

/index.php
/controller/images load fail.
2017-08-26 21:38:04
220.166.211.10

/index.php
/controller/blog load fail.
2017-08-26 21:38:44
91.210.145.24

/index.php
/controller/appcenterdemo load fail.
2017-08-26 21:38:45
144.0.142.238

/index.php
/controller/images load fail.
2017-08-26 21:38:47
144.0.142.238

/index.php
/controller/css load fail.
2017-08-26 21:39:30
144.0.142.238

/index.php
/controller/images load fail.
2017-08-26 21:41:17
144.0.142.238

/index.php
/controller/pay load fail.
2017-08-26 21:41:53
101.226.64.174

/index.php
/controller/images load fail.
2017-08-26 21:41:57
36.102.210.236

/index.php
/controller/pay load fail.
2017-08-26 21:42:16
101.226.99.197

/index.php
/controller/images load fail.
2017-08-26 21:44:57
36.102.210.236

/index.php
/controller/images load fail.
2017-08-26 21:45:15
144.0.142.238

/index.php
/controller/css load fail.
2017-08-26 21:46:42
144.0.142.238

/index.php
/controller/pay load fail.
2017-08-26 21:50:10
101.226.89.116

/index.php
/controller/images load fail.
2017-08-26 21:50:48
144.0.142.238

/index.php
/controller/images load fail.
2017-08-26 21:50:55
144.0.142.238

/index.php
/controller/images load fail.
2017-08-26 21:50:59
144.0.142.238

/index.php
/controller/images load fail.
2017-08-26 21:51:21
144.0.142.238

/index.php
/controller/images load fail.
2017-08-26 21:54:25
59.54.118.230

/index.php
/controller/images load fail.
2017-08-26 21:57:36
59.54.118.230

/index.php
/controller/images load fail.
2017-08-26 21:58:51
59.54.118.230

/index.php
/controller/images load fail.
2017-08-26 22:00:39
59.54.118.230

/index.php
/controller/images load fail.
2017-08-26 22:01:21
59.54.118.230

/index.php
/controller/css load fail.
2017-08-26 22:01:51
59.54.118.230

/index.php
/controller/images load fail.
2017-08-26 22:01:57
59.54.118.230

/index.php
/controller/images load fail.
2017-08-26 22:02:14
59.54.118.230

/index.php
/controller/images load fail.
2017-08-26 22:02:25
59.54.118.230

/index.php
/controller/images load fail.
2017-08-26 22:02:31
59.54.118.230

/index.php
/controller/images load fail.
2017-08-26 22:02:35
59.54.118.230

/index.php
/controller/pay load fail.
2017-08-26 22:04:25
220.166.211.10

/index.php
/controller/images load fail.
2017-08-26 22:07:17
59.54.118.230

/index.php
/controller/images load fail.
2017-08-26 22:19:36
144.0.142.238

/index.php
/controller/static load fail.
2017-08-26 22:25:18
36.102.210.236

/index.php
/controller/static load fail.
2017-08-26 22:25:18
36.102.210.236

/index.php
/controller/static load fail.
2017-08-26 22:25:18
36.102.210.236

/index.php
/controller/moo load fail.
2017-08-26 22:31:32
187.22.29.52

/index.php
/controller/images load fail.
2017-08-26 22:33:03
144.0.142.238

/index.php
/controller/pay load fail.
2017-08-26 22:33:22
125.69.67.109

/index.php
/controller/images load fail.
2017-08-26 22:34:14
144.0.142.238

/index.php
/controller/images load fail.
2017-08-26 22:34:27
144.0.142.238

/index.php
/controller/images load fail.
2017-08-26 22:34:42
36.102.210.236

/index.php
/controller/images load fail.
2017-08-26 22:39:07
144.0.142.238

/index.php
/controller/images load fail.
2017-08-26 22:39:55
144.0.142.238

/index.php
/controller/images load fail.
2017-08-26 22:39:59
144.0.142.238

/index.php
/controller/images load fail.
2017-08-26 22:40:08
144.0.142.238

/index.php
/controller/images load fail.
2017-08-26 22:40:36
144.0.142.238

/index.php
/controller/css load fail.
2017-08-26 22:40:51
144.0.142.238

/index.php
/controller/images load fail.
2017-08-26 22:41:57
144.0.142.238

/index.php
/controller/images load fail.
2017-08-26 22:43:02
36.102.210.236

/index.php
/controller/images load fail.
2017-08-26 22:43:07
36.102.210.236

/index.php
/controller/images load fail.
2017-08-26 22:43:20
144.0.142.238

/index.php
/controller/images load fail.
2017-08-26 22:43:50
144.0.142.238

/index.php
/controller/images load fail.
2017-08-26 22:45:27
36.102.210.236

/index.php
/controller/images load fail.
2017-08-26 22:46:08
36.102.210.236

/index.php
/controller/images load fail.
2017-08-26 22:46:16
36.102.210.236

/index.php
/controller/images load fail.
2017-08-26 22:46:18
59.54.118.230

/index.php
/controller/images load fail.
2017-08-26 22:47:25
36.102.210.236

/index.php
/controller/images load fail.
2017-08-26 22:47:52
144.0.142.238

/index.php
/controller/images load fail.
2017-08-26 22:50:47
144.0.142.238

/index.php
/controller/images load fail.
2017-08-26 22:59:18
36.102.210.236

/index.php
/controller/images load fail.
2017-08-26 23:04:53
144.0.142.238

/index.php
/controller/images load fail.
2017-08-26 23:06:12
144.0.142.238

/index.php
/controller/images load fail.
2017-08-26 23:07:37
144.0.142.238

/index.php
/controller/images load fail.
2017-08-26 23:07:53
36.102.210.236

/index.php
/controller/images load fail.
2017-08-26 23:07:59
144.0.142.238

/index.php
/controller/images load fail.
2017-08-26 23:08:26
144.0.142.238

/index.php
/controller/images load fail.
2017-08-26 23:08:52
144.0.142.238

/index.php
/controller/images load fail.
2017-08-26 23:12:20
36.102.210.236

/index.php
/controller/images load fail.
2017-08-26 23:14:26
144.0.142.238

/index.php
/controller/images load fail.
2017-08-26 23:14:26
144.0.142.238

/index.php
/controller/images load fail.
2017-08-26 23:14:26
144.0.142.238

/index.php
/controller/images load fail.
2017-08-26 23:14:26
144.0.142.238

/index.php
/controller/images load fail.
2017-08-26 23:14:27
144.0.142.238

/index.php
/controller/images load fail.
2017-08-26 23:22:09
144.0.142.238

/index.php
/controller/images load fail.
2017-08-26 23:22:09
144.0.142.238

/index.php
/controller/images load fail.
2017-08-26 23:22:09
144.0.142.238

/index.php
/controller/images load fail.
2017-08-26 23:22:09
144.0.142.238

/index.php
/controller/images load fail.
2017-08-26 23:22:10
144.0.142.238

/index.php
/controller/images load fail.
2017-08-26 23:22:32
144.0.142.238

/index.php
/controller/images load fail.
2017-08-26 23:23:36
144.0.142.238

/index.php
/controller/images load fail.
2017-08-26 23:25:26
144.0.142.238

/index.php
/controller/images load fail.
2017-08-26 23:25:47
36.102.210.236

/index.php
/controller/images load fail.
2017-08-26 23:26:00
144.0.142.238

/index.php
/controller/images load fail.
2017-08-26 23:26:14
144.0.142.238

/index.php
/controller/images load fail.
2017-08-26 23:27:18
144.0.142.238

/index.php
/controller/images load fail.
2017-08-26 23:28:23
36.102.210.236

/index.php
/controller/images load fail.
2017-08-26 23:31:31
36.102.210.236

/index.php
/controller/images load fail.
2017-08-26 23:32:28
144.0.142.238

/index.php
/controller/images load fail.
2017-08-26 23:32:47
220.166.211.10

/index.php
/controller/images load fail.
2017-08-26 23:33:58
144.0.142.238

/index.php
/controller/images load fail.
2017-08-26 23:34:50
36.102.210.236

/index.php
/controller/images load fail.
2017-08-26 23:34:51
220.166.211.10

/index.php
/controller/images load fail.
2017-08-26 23:36:26
144.0.142.238

/index.php
/controller/images load fail.
2017-08-26 23:36:55
144.0.142.238

/index.php
/controller/images load fail.
2017-08-26 23:38:30
144.0.142.238

/index.php
/controller/images load fail.
2017-08-26 23:39:22
144.0.142.238

/index.php
/controller/images load fail.
2017-08-26 23:39:57
144.0.142.238

/index.php
/controller/images load fail.
2017-08-26 23:40:10
144.0.142.238

/index.php
/controller/images load fail.
2017-08-26 23:40:42
144.0.142.238

/index.php
/controller/images load fail.
2017-08-26 23:40:58
220.166.211.10

/index.php
/controller/images load fail.
2017-08-26 23:41:04
36.102.210.236

/index.php
/controller/images load fail.
2017-08-26 23:41:09
36.102.210.236

/index.php
/controller/images load fail.
2017-08-26 23:43:23
144.0.142.238

/index.php
/controller/images load fail.
2017-08-26 23:43:33
220.166.211.10

/index.php
/controller/images load fail.
2017-08-26 23:43:42
220.166.211.10

/index.php
/controller/images load fail.
2017-08-26 23:43:51
220.166.211.10

/index.php
/controller/images load fail.
2017-08-26 23:44:07
144.0.142.238

/index.php
/controller/images load fail.
2017-08-26 23:44:46
144.0.142.238

/index.php
/controller/images load fail.
2017-08-26 23:45:01
144.0.142.238

/index.php
/controller/images load fail.
2017-08-26 23:45:25
144.0.142.238

/index.php
/controller/images load fail.
2017-08-26 23:45:45
125.69.67.109

/index.php
/controller/images load fail.
2017-08-26 23:45:53
220.166.211.10

/index.php
/controller/images load fail.
2017-08-26 23:46:06
125.69.67.109

/index.php
/controller/images load fail.
2017-08-26 23:46:07
144.0.142.238

/index.php
/controller/images load fail.
2017-08-26 23:46:12
144.0.142.238

/index.php
/controller/images load fail.
2017-08-26 23:46:56
144.0.142.238

/index.php
/controller/images load fail.
2017-08-26 23:46:58
144.0.142.238

/index.php
/controller/images load fail.
2017-08-26 23:47:03
144.0.142.238

/index.php
/controller/images load fail.
2017-08-26 23:47:26
144.0.142.238

/index.php
/controller/images load fail.
2017-08-26 23:47:38
144.0.142.238

/index.php
/controller/images load fail.
2017-08-26 23:48:26
144.0.142.238

/index.php
/controller/images load fail.
2017-08-26 23:48:33
144.0.142.238

/index.php
/controller/images load fail.
2017-08-26 23:49:10
144.0.142.238

/index.php
/controller/images load fail.
2017-08-26 23:49:13
144.0.142.238

/index.php
/controller/images load fail.
2017-08-26 23:49:25
220.166.211.10

/index.php
/controller/images load fail.
2017-08-26 23:49:55
36.102.210.236

/index.php
/controller/images load fail.
2017-08-26 23:50:31
220.166.211.10

/index.php
/controller/images load fail.
2017-08-26 23:50:36
220.166.211.10

/index.php
/controller/images load fail.
2017-08-26 23:51:33
220.166.211.10

/index.php
/controller/images load fail.
2017-08-26 23:51:36
220.166.211.10

/index.php
/controller/images load fail.
2017-08-26 23:51:39
220.166.211.10

/index.php
/controller/images load fail.
2017-08-26 23:51:41
144.0.142.238

/index.php
/controller/images load fail.
2017-08-26 23:51:56
144.0.142.238

/index.php
/controller/images load fail.
2017-08-26 23:52:02
144.0.142.238

/index.php
/controller/images load fail.
2017-08-26 23:52:08
144.0.142.238

/index.php
/controller/images load fail.
2017-08-26 23:52:19
220.166.211.10

/index.php
/controller/pay load fail.
2017-08-26 23:53:00
36.102.210.236

/index.php
/controller/pay load fail.
2017-08-26 23:53:03
36.102.210.236

/index.php
/controller/pay load fail.
2017-08-26 23:53:06
36.102.210.236

/index.php
/controller/pay load fail.
2017-08-26 23:53:09
36.102.210.236

/index.php
/controller/pay load fail.
2017-08-26 23:53:12
36.102.210.236

/index.php
/controller/pay load fail.
2017-08-26 23:53:15
36.102.210.236

/index.php
/controller/pay load fail.
2017-08-26 23:53:18
36.102.210.236

/index.php
/controller/pay load fail.
2017-08-26 23:53:21
36.102.210.236

/index.php
/controller/pay load fail.
2017-08-26 23:53:24
36.102.210.236

/index.php
/controller/pay load fail.
2017-08-26 23:53:27
36.102.210.236

/index.php
/controller/pay load fail.
2017-08-26 23:53:30
36.102.210.236

/index.php
/controller/pay load fail.
2017-08-26 23:53:33
36.102.210.236

/index.php
/controller/pay load fail.
2017-08-26 23:53:36
36.102.210.236

/index.php
/controller/pay load fail.
2017-08-26 23:53:39
36.102.210.236

/index.php
/controller/pay load fail.
2017-08-26 23:53:45
220.166.211.10

/index.php
/controller/pay load fail.
2017-08-26 23:53:48
125.69.67.109

/index.php
/controller/pay load fail.
2017-08-26 23:53:51
125.69.67.109

/index.php
/controller/pay load fail.
2017-08-26 23:53:54
125.69.67.109

/index.php
/controller/pay load fail.
2017-08-26 23:53:57
125.69.67.109

/index.php
/controller/pay load fail.
2017-08-26 23:54:00
125.69.67.109

/index.php
/controller/pay load fail.
2017-08-26 23:54:03
125.69.67.109

/index.php
/controller/pay load fail.
2017-08-26 23:54:06
125.69.67.109

/index.php
/controller/pay load fail.
2017-08-26 23:54:14
125.69.67.109

/index.php
/controller/pay load fail.
2017-08-26 23:54:17
125.69.67.109

/index.php
/controller/pay load fail.
2017-08-26 23:54:20
125.69.67.109

/index.php
/controller/pay load fail.
2017-08-26 23:54:23
125.69.67.109

/index.php
/controller/pay load fail.
2017-08-26 23:54:26
125.69.67.109

/index.php
/controller/pay load fail.
2017-08-26 23:54:29
125.69.67.109

/index.php
/controller/pay load fail.
2017-08-26 23:54:32
125.69.67.109

/index.php
/controller/pay load fail.
2017-08-26 23:54:36
125.69.67.109

/index.php
/controller/pay load fail.
2017-08-26 23:54:39
125.69.67.109

/index.php
/controller/pay load fail.
2017-08-26 23:54:42
125.69.67.109

/index.php
/controller/pay load fail.
2017-08-26 23:54:44
125.69.67.109

/index.php
/controller/pay load fail.
2017-08-26 23:54:47
125.69.67.109

/index.php
/controller/pay load fail.
2017-08-26 23:54:50
125.69.67.109

/index.php
/controller/pay load fail.
2017-08-26 23:54:53
125.69.67.109

/index.php
/controller/pay load fail.
2017-08-26 23:54:56
125.69.67.109

/index.php
/controller/pay load fail.
2017-08-26 23:54:59
125.69.67.109

/index.php
/controller/pay load fail.
2017-08-26 23:55:02
125.69.67.109

/index.php
/controller/pay load fail.
2017-08-26 23:55:05
125.69.67.109

/index.php
/controller/pay load fail.
2017-08-26 23:55:08
125.69.67.109

/index.php
/controller/pay load fail.
2017-08-26 23:55:11
125.69.67.109

/index.php
/controller/pay load fail.
2017-08-26 23:55:14
125.69.67.109

/index.php
/controller/pay load fail.
2017-08-26 23:55:17
125.69.67.109

/index.php
/controller/pay load fail.
2017-08-26 23:55:20
125.69.67.109

/index.php
/controller/pay load fail.
2017-08-26 23:55:23
125.69.67.109

/index.php
/controller/images load fail.
2017-08-26 23:55:28
144.0.142.238

/index.php
/controller/images load fail.
2017-08-26 23:55:37
144.0.142.238

/index.php
/controller/pay load fail.
2017-08-26 23:55:38
125.69.67.109

/index.php
/controller/pay load fail.
2017-08-26 23:55:41
125.69.67.109

/index.php
/controller/pay load fail.
2017-08-26 23:55:44
125.69.67.109

/index.php
/controller/pay load fail.
2017-08-26 23:55:47
125.69.67.109

/index.php
/controller/pay load fail.
2017-08-26 23:55:48
36.102.210.236

/index.php
/controller/pay load fail.
2017-08-26 23:55:50
125.69.67.109

/index.php
/controller/pay load fail.
2017-08-26 23:55:51
36.102.210.236

/index.php
/controller/pay load fail.
2017-08-26 23:55:53
125.69.67.109

/index.php
/controller/pay load fail.
2017-08-26 23:55:54
36.102.210.236

/index.php
/controller/pay load fail.
2017-08-26 23:55:56
125.69.67.109

/index.php
/controller/pay load fail.
2017-08-26 23:55:57
36.102.210.236

/index.php
/controller/pay load fail.
2017-08-26 23:55:59
125.69.67.109

/index.php
/controller/pay load fail.
2017-08-26 23:56:00
36.102.210.236

/index.php
/controller/pay load fail.
2017-08-26 23:56:02
125.69.67.109

/index.php
/controller/pay load fail.
2017-08-26 23:56:03
36.102.210.236

/index.php
/controller/pay load fail.
2017-08-26 23:56:05
125.69.67.109

/index.php
/controller/pay load fail.
2017-08-26 23:56:06
36.102.210.236

/index.php
/controller/pay load fail.
2017-08-26 23:56:08
125.69.67.109

/index.php
/controller/pay load fail.
2017-08-26 23:56:09
36.102.210.236

/index.php
/controller/pay load fail.
2017-08-26 23:56:11
125.69.67.109

/index.php
/controller/pay load fail.
2017-08-26 23:56:12
36.102.210.236

/index.php
/controller/pay load fail.
2017-08-26 23:56:14
125.69.67.109

/index.php
/controller/pay load fail.
2017-08-26 23:56:15
36.102.210.236

/index.php
/controller/pay load fail.
2017-08-26 23:56:17
125.69.67.109

/index.php
/controller/pay load fail.
2017-08-26 23:56:20
125.69.67.109

/index.php
/controller/pay load fail.
2017-08-26 23:56:23
125.69.67.109

/index.php
/controller/pay load fail.
2017-08-26 23:56:26
125.69.67.109

/index.php
/controller/pay load fail.
2017-08-26 23:56:29
125.69.67.109

/index.php
/controller/pay load fail.
2017-08-26 23:56:32
125.69.67.109

/index.php
/controller/pay load fail.
2017-08-26 23:56:35
125.69.67.109

/index.php
/controller/pay load fail.
2017-08-26 23:56:38
125.69.67.109

/index.php
/controller/pay load fail.
2017-08-26 23:56:41
125.69.67.109

/index.php
/controller/pay load fail.
2017-08-26 23:56:44
125.69.67.109

/index.php
/controller/pay load fail.
2017-08-26 23:56:47
125.69.67.109

/index.php
/controller/pay load fail.
2017-08-26 23:56:50
125.69.67.109

/index.php
/controller/pay load fail.
2017-08-26 23:56:53
125.69.67.109

/index.php
/controller/pay load fail.
2017-08-26 23:56:56
125.69.67.109

/index.php
/controller/pay load fail.
2017-08-26 23:56:59
125.69.67.109

/index.php
/controller/pay load fail.
2017-08-26 23:57:02
125.69.67.109

/index.php
/controller/pay load fail.
2017-08-26 23:57:05
125.69.67.109

/index.php
/controller/pay load fail.
2017-08-26 23:57:08
125.69.67.109

/index.php
/controller/pay load fail.
2017-08-26 23:57:11
125.69.67.109

/index.php
/controller/pay load fail.
2017-08-26 23:57:14
125.69.67.109

/index.php
/controller/pay load fail.
2017-08-26 23:57:17
125.69.67.109

/index.php
/controller/pay load fail.
2017-08-26 23:57:20
125.69.67.109

/index.php
/controller/images load fail.
2017-08-26 23:57:21
36.102.210.236

/index.php
/controller/pay load fail.
2017-08-26 23:57:23
125.69.67.109

/index.php
/controller/pay load fail.
2017-08-26 23:57:26
125.69.67.109

/index.php
/controller/pay load fail.
2017-08-26 23:57:29
125.69.67.109

/index.php
/controller/pay load fail.
2017-08-26 23:57:32
125.69.67.109

/index.php
/controller/pay load fail.
2017-08-26 23:57:35
125.69.67.109

/index.php
/controller/pay load fail.
2017-08-26 23:57:38
125.69.67.109

