/index.php
/controller/script load fail.
2017-08-29 01:28:03
66.249.64.136

/index.php
/controller/js load fail.
2017-08-29 01:33:52
66.249.64.132

/index.php
/controller/appcenter load fail.
2017-08-29 01:34:32
66.249.64.134

/index.php
/controller/l load fail.
2017-08-29 01:40:40
66.249.64.136

/index.php
/controller/404 load fail.
2017-08-29 04:42:02
120.132.3.151

/index.php
/controller/script load fail.
2017-08-29 06:31:45
66.249.79.156

/index.php
/controller/js load fail.
2017-08-29 06:36:12
66.249.79.154

/index.php
/controller/l load fail.
2017-08-29 06:40:51
66.249.79.157

/index.php
/controller/script load fail.
2017-08-29 08:05:05
112.65.189.247

/index.php
/controller/script load fail.
2017-08-29 08:05:06
112.65.189.247

/index.php
/controller/js load fail.
2017-08-29 08:05:06
112.65.189.247

/index.php
/controller/css load fail.
2017-08-29 08:05:06
112.65.189.247

/index.php
/controller/css load fail.
2017-08-29 08:05:06
112.65.189.247

/index.php
/controller/css load fail.
2017-08-29 08:05:14
112.65.189.247

/index.php
/controller/css load fail.
2017-08-29 08:05:14
112.65.189.247

/index.php
/controller/script load fail.
2017-08-29 09:11:35
140.206.88.150

/index.php
/controller/js load fail.
2017-08-29 09:11:36
140.206.88.150

/index.php
/controller/css load fail.
2017-08-29 09:11:36
140.206.88.150

/index.php
/controller/css load fail.
2017-08-29 09:11:36
140.206.88.150

/index.php
/controller/demo load fail.
2017-08-29 09:11:39
140.206.88.150

/index.php
/controller/demo load fail.
2017-08-29 09:12:02
140.206.88.150

/index.php
/controller/script load fail.
2017-08-29 09:12:04
140.206.88.150

/index.php
/controller/js load fail.
2017-08-29 09:12:04
140.206.88.150

/index.php
/controller/css load fail.
2017-08-29 09:12:04
140.206.88.150

/index.php
/controller/css load fail.
2017-08-29 09:12:04
140.206.88.150

/index.php
/controller/static load fail.
2017-08-29 10:15:36
223.86.143.187

/index.php
/controller/static load fail.
2017-08-29 10:15:42
223.86.143.187

/index.php
/controller/static load fail.
2017-08-29 10:16:44
223.86.143.187

/index.php
/controller/static load fail.
2017-08-29 10:16:50
223.86.143.187

/index.php
/controller/static load fail.
2017-08-29 10:18:10
223.86.143.187

/index.php
/controller/static load fail.
2017-08-29 10:18:14
223.86.143.187

/index.php
/controller/static load fail.
2017-08-29 10:18:17
223.86.143.187

/index.php
/controller/script load fail.
2017-08-29 10:22:31
223.86.143.187

/index.php
/controller/script load fail.
2017-08-29 10:22:50
14.17.34.237

/index.php
/controller/js load fail.
2017-08-29 10:22:51
14.17.34.237

/index.php
/controller/css load fail.
2017-08-29 10:22:51
59.54.116.246

/index.php
/controller/css load fail.
2017-08-29 10:22:51
59.54.116.246

/index.php
/controller/static load fail.
2017-08-29 10:34:41
180.175.20.40

/index.php
/controller/static load fail.
2017-08-29 10:34:46
180.175.20.40

/index.php
/controller/static load fail.
2017-08-29 10:34:47
180.175.20.40

/index.php
/controller/static load fail.
2017-08-29 10:34:50
180.175.20.40

/index.php
/controller/static load fail.
2017-08-29 10:34:51
180.175.20.40

/index.php
/controller/static load fail.
2017-08-29 10:34:52
180.175.20.40

/index.php
/controller/static load fail.
2017-08-29 10:34:55
180.175.20.40

/index.php
/controller/static load fail.
2017-08-29 10:35:28
223.86.143.187

/index.php
/controller/static load fail.
2017-08-29 10:35:31
223.86.143.187

/index.php
/controller/static load fail.
2017-08-29 10:35:42
223.86.143.187

/index.php
/controller/static load fail.
2017-08-29 10:36:33
223.86.143.187

/index.php
/controller/static load fail.
2017-08-29 10:36:41
223.86.143.187

/index.php
/controller/static load fail.
2017-08-29 10:36:52
223.86.143.187

/index.php
/controller/static load fail.
2017-08-29 10:41:07
223.86.143.187

/index.php
/controller/static load fail.
2017-08-29 10:41:21
223.86.143.187

/index.php
/controller/static load fail.
2017-08-29 10:41:24
223.86.143.187

/index.php
/controller/static load fail.
2017-08-29 10:41:26
223.86.143.187

/index.php
/controller/static load fail.
2017-08-29 10:41:36
223.86.143.187

/index.php
/controller/static load fail.
2017-08-29 10:41:38
223.86.143.187

/index.php
/controller/static load fail.
2017-08-29 10:41:40
223.86.143.187

/index.php
/controller/static load fail.
2017-08-29 10:41:47
223.86.143.187

/index.php
/controller/static load fail.
2017-08-29 10:46:16
223.86.143.187

/index.php
/controller/static load fail.
2017-08-29 10:46:25
223.86.143.187

/index.php
/controller/static load fail.
2017-08-29 10:46:27
223.86.143.187

/index.php
/controller/static load fail.
2017-08-29 10:46:29
223.86.143.187

/index.php
/controller/static load fail.
2017-08-29 10:46:30
223.86.143.187

/index.php
/controller/static load fail.
2017-08-29 10:46:32
223.86.143.187

/index.php
/controller/static load fail.
2017-08-29 10:46:33
223.86.143.187

/index.php
/controller/static load fail.
2017-08-29 10:46:35
223.86.143.187

/index.php
/controller/static load fail.
2017-08-29 10:46:47
223.86.143.187

/index.php
/controller/static load fail.
2017-08-29 10:46:52
223.86.143.187

/index.php
/controller/static load fail.
2017-08-29 10:46:56
223.86.143.187

/index.php
/controller/static load fail.
2017-08-29 10:47:01
223.86.143.187

/index.php
/controller/static load fail.
2017-08-29 10:47:07
223.86.143.187

/index.php
/controller/static load fail.
2017-08-29 10:47:09
223.86.143.187

/index.php
/controller/static load fail.
2017-08-29 10:47:10
223.86.143.187

/index.php
/controller/static load fail.
2017-08-29 10:47:12
223.86.143.187

/index.php
/controller/static load fail.
2017-08-29 10:47:14
223.86.143.187

/index.php
/controller/static load fail.
2017-08-29 10:47:16
223.86.143.187

/index.php
/controller/static load fail.
2017-08-29 10:47:20
223.86.143.187

/index.php
/controller/static load fail.
2017-08-29 10:47:25
223.86.143.187

/index.php
/controller/static load fail.
2017-08-29 10:48:26
223.86.143.187

/index.php
/controller/static load fail.
2017-08-29 10:48:29
223.86.143.187

/index.php
/controller/static load fail.
2017-08-29 10:48:33
223.86.143.187

/index.php
/controller/static load fail.
2017-08-29 10:48:36
223.86.143.187

/index.php
/controller/static load fail.
2017-08-29 10:48:38
223.86.143.187

/index.php
/controller/static load fail.
2017-08-29 10:48:39
223.86.143.187

/index.php
/controller/static load fail.
2017-08-29 10:48:41
223.86.143.187

/index.php
/controller/static load fail.
2017-08-29 10:48:52
140.206.88.150

/index.php
/controller/static load fail.
2017-08-29 10:48:56
140.206.88.150

/index.php
/controller/static load fail.
2017-08-29 10:49:15
140.206.88.150

/index.php
/controller/static load fail.
2017-08-29 10:49:21
223.86.143.187

/index.php
/controller/static load fail.
2017-08-29 10:49:22
140.206.88.150

/index.php
/controller/static load fail.
2017-08-29 10:49:30
223.86.143.187

/index.php
/controller/static load fail.
2017-08-29 10:49:34
223.86.143.187

/index.php
/controller/static load fail.
2017-08-29 10:49:35
223.86.143.187

/index.php
/controller/static load fail.
2017-08-29 10:49:37
223.86.143.187

/index.php
/controller/static load fail.
2017-08-29 10:50:41
223.86.143.187

/index.php
/controller/static load fail.
2017-08-29 10:50:47
223.86.143.187

/index.php
/controller/demo load fail.
2017-08-29 10:54:04
66.249.79.156

/index.php
/controller/static load fail.
2017-08-29 10:55:25
223.86.143.187

/index.php
/controller/script load fail.
2017-08-29 10:57:08
140.206.88.150

/index.php
/controller/js load fail.
2017-08-29 10:57:08
140.206.88.150

/index.php
/controller/css load fail.
2017-08-29 10:57:08
140.206.88.150

/index.php
/controller/css load fail.
2017-08-29 10:57:08
140.206.88.150

/index.php
/controller/css load fail.
2017-08-29 10:57:11
140.206.88.150

/index.php
/controller/css load fail.
2017-08-29 10:57:11
140.206.88.150

/index.php
/controller/script load fail.
2017-08-29 11:09:36
140.206.88.150

/index.php
/controller/js load fail.
2017-08-29 11:09:36
140.206.88.150

/index.php
/controller/css load fail.
2017-08-29 11:09:36
140.206.88.150

/index.php
/controller/css load fail.
2017-08-29 11:09:36
140.206.88.150

/index.php
/controller/static load fail.
2017-08-29 11:09:40
140.206.88.150

/index.php
/controller/static load fail.
2017-08-29 11:09:45
140.206.88.150

/index.php
/controller/static load fail.
2017-08-29 11:14:15
140.206.88.150

/index.php
/controller/script load fail.
2017-08-29 11:15:24
140.206.88.150

/index.php
/controller/js load fail.
2017-08-29 11:15:24
140.206.88.150

/index.php
/controller/css load fail.
2017-08-29 11:15:24
140.206.88.150

/index.php
/controller/css load fail.
2017-08-29 11:15:25
140.206.88.150

/index.php
/controller/static load fail.
2017-08-29 11:15:29
140.206.88.150

/index.php
/controller/demo load fail.
2017-08-29 12:09:31
101.226.65.108

/index.php
/controller/static load fail.
2017-08-29 12:15:15
223.86.143.187

/index.php
/controller/static load fail.
2017-08-29 12:15:32
223.86.143.187

/index.php
/controller/static load fail.
2017-08-29 12:15:36
223.86.143.187

/index.php
/controller/script load fail.
2017-08-29 12:28:46
144.0.142.238

/index.php
/controller/static load fail.
2017-08-29 13:53:59
223.86.143.187

/index.php
/controller/static load fail.
2017-08-29 13:55:36
223.86.143.187

/index.php
/controller/static load fail.
2017-08-29 13:56:02
223.86.143.187

/index.php
/controller/static load fail.
2017-08-29 13:56:03
223.86.143.187

/index.php
/controller/static load fail.
2017-08-29 13:56:16
223.86.143.187

/index.php
/controller/static load fail.
2017-08-29 13:56:17
223.86.143.187

/index.php
/controller/static load fail.
2017-08-29 13:58:25
223.86.143.187

/index.php
/controller/static load fail.
2017-08-29 13:58:29
223.86.143.187

/index.php
/controller/script load fail.
2017-08-29 13:59:38
223.86.143.187

/index.php
/controller/script load fail.
2017-08-29 14:00:16
223.86.143.187

/index.php
/controller/static load fail.
2017-08-29 14:00:38
223.86.143.187

/index.php
/controller/static load fail.
2017-08-29 14:00:42
223.86.143.187

/index.php
/controller/static load fail.
2017-08-29 14:02:57
219.131.129.236

/index.php
/controller/static load fail.
2017-08-29 14:04:39
219.131.129.236

/index.php
/controller/static load fail.
2017-08-29 14:04:51
219.131.129.236

/index.php
/controller/static load fail.
2017-08-29 14:05:32
223.86.143.187

/index.php
/controller/static load fail.
2017-08-29 14:05:49
219.131.129.236

/index.php
/controller/static load fail.
2017-08-29 14:05:49
223.86.143.187

/index.php
/controller/static load fail.
2017-08-29 14:05:50
219.131.129.236

/index.php
/controller/static load fail.
2017-08-29 14:05:52
219.131.129.236

/index.php
/controller/static load fail.
2017-08-29 14:05:54
219.131.129.236

/index.php
/controller/static load fail.
2017-08-29 14:05:59
219.131.129.236

/index.php
/controller/static load fail.
2017-08-29 14:06:01
219.131.129.236

/index.php
/controller/static load fail.
2017-08-29 14:06:02
219.131.129.236

/index.php
/controller/static load fail.
2017-08-29 14:06:07
219.131.129.236

/index.php
/controller/static load fail.
2017-08-29 14:06:11
219.131.129.236

/index.php
/controller/static load fail.
2017-08-29 14:06:11
223.86.143.187

/index.php
/controller/static load fail.
2017-08-29 14:06:20
219.131.129.236

/index.php
/controller/static load fail.
2017-08-29 14:07:04
223.86.143.187

/index.php
/controller/static load fail.
2017-08-29 14:07:11
219.131.129.236

/index.php
/controller/static load fail.
2017-08-29 14:07:13
219.131.129.236

/index.php
/controller/static load fail.
2017-08-29 14:07:15
219.131.129.236

/index.php
/controller/static load fail.
2017-08-29 14:07:15
219.131.129.236

/index.php
/controller/static load fail.
2017-08-29 14:07:22
223.86.143.187

/index.php
/controller/static load fail.
2017-08-29 14:07:29
219.131.129.236

/index.php
/controller/static load fail.
2017-08-29 14:07:31
219.131.129.236

/index.php
/controller/static load fail.
2017-08-29 14:07:32
219.131.129.236

/index.php
/controller/static load fail.
2017-08-29 14:07:33
219.131.129.236

/index.php
/controller/static load fail.
2017-08-29 14:07:34
219.131.129.236

/index.php
/controller/static load fail.
2017-08-29 14:07:35
219.131.129.236

/index.php
/controller/static load fail.
2017-08-29 14:07:36
219.131.129.236

/index.php
/controller/static load fail.
2017-08-29 14:07:36
219.131.129.236

/index.php
/controller/static load fail.
2017-08-29 14:07:44
219.131.129.236

/index.php
/controller/static load fail.
2017-08-29 14:07:57
223.86.143.187

/index.php
/controller/static load fail.
2017-08-29 14:07:59
223.86.143.187

/index.php
/controller/static load fail.
2017-08-29 14:08:02
223.86.143.187

/index.php
/controller/static load fail.
2017-08-29 14:08:09
219.131.129.236

/index.php
/controller/static load fail.
2017-08-29 14:08:10
219.131.129.236

/index.php
/controller/static load fail.
2017-08-29 14:08:11
219.131.129.236

/index.php
/controller/static load fail.
2017-08-29 14:08:20
219.131.129.236

/index.php
/controller/static load fail.
2017-08-29 14:08:30
223.86.143.187

/index.php
/controller/static load fail.
2017-08-29 14:08:32
223.86.143.187

/index.php
/controller/static load fail.
2017-08-29 14:08:35
223.86.143.187

/index.php
/controller/static load fail.
2017-08-29 14:11:04
223.86.143.187

/index.php
/controller/static load fail.
2017-08-29 14:11:50
223.86.143.187

/index.php
/controller/script load fail.
2017-08-29 14:12:15
223.86.143.187

/index.php
/controller/static load fail.
2017-08-29 14:12:18
223.86.143.187

/index.php
/controller/script load fail.
2017-08-29 14:13:02
223.86.143.187

/index.php
/controller/script load fail.
2017-08-29 14:17:25
223.86.143.187

/index.php
/controller/static load fail.
2017-08-29 14:17:47
223.86.143.187

/index.php
/controller/static load fail.
2017-08-29 14:17:50
223.86.143.187

/index.php
/controller/static load fail.
2017-08-29 14:18:55
223.86.143.187

/index.php
/controller/static load fail.
2017-08-29 14:20:26
223.86.143.187

/index.php
/controller/static load fail.
2017-08-29 14:21:21
219.131.129.236

/index.php
/controller/static load fail.
2017-08-29 14:21:28
219.131.129.236

/index.php
/controller/static load fail.
2017-08-29 14:21:29
219.131.129.236

/index.php
/controller/static load fail.
2017-08-29 14:21:31
219.131.129.236

/index.php
/controller/static load fail.
2017-08-29 14:21:33
219.131.129.236

/index.php
/controller/static load fail.
2017-08-29 14:21:36
219.131.129.236

/index.php
/controller/static load fail.
2017-08-29 14:21:38
219.131.129.236

/index.php
/controller/static load fail.
2017-08-29 14:28:55
219.131.129.236

/index.php
/controller/static load fail.
2017-08-29 14:28:57
219.131.129.236

/index.php
/controller/static load fail.
2017-08-29 14:28:59
219.131.129.236

/index.php
/controller/static load fail.
2017-08-29 14:29:03
219.131.129.236

/index.php
/controller/static load fail.
2017-08-29 14:29:57
36.248.71.90

/index.php
/controller/static load fail.
2017-08-29 14:29:57
36.248.71.90

/index.php
/controller/static load fail.
2017-08-29 14:30:47
223.86.143.187

/index.php
/controller/static load fail.
2017-08-29 14:31:03
223.86.143.187

/index.php
/controller/static load fail.
2017-08-29 14:31:07
223.86.143.187

/index.php
/controller/static load fail.
2017-08-29 14:31:14
36.248.71.90

/index.php
/controller/static load fail.
2017-08-29 14:31:14
36.248.71.90

/index.php
/controller/static load fail.
2017-08-29 14:31:14
223.86.143.187

/index.php
/controller/static load fail.
2017-08-29 14:31:24
223.86.143.187

/index.php
/controller/static load fail.
2017-08-29 14:31:30
223.86.143.187

/index.php
/controller/static load fail.
2017-08-29 14:31:32
223.86.143.187

/index.php
/controller/static load fail.
2017-08-29 14:31:34
223.86.143.187

/index.php
/controller/static load fail.
2017-08-29 14:31:35
223.86.143.187

/index.php
/controller/static load fail.
2017-08-29 14:31:37
223.86.143.187

/index.php
/controller/static load fail.
2017-08-29 14:31:40
223.86.143.187

/index.php
/controller/static load fail.
2017-08-29 14:31:42
223.86.143.187

/index.php
/controller/static load fail.
2017-08-29 14:31:43
223.86.143.187

/index.php
/controller/static load fail.
2017-08-29 14:31:56
223.86.143.187

/index.php
/controller/static load fail.
2017-08-29 14:31:58
219.131.129.236

/index.php
/controller/static load fail.
2017-08-29 14:32:01
219.131.129.236

/index.php
/controller/static load fail.
2017-08-29 14:32:02
219.131.129.236

/index.php
/controller/static load fail.
2017-08-29 14:32:05
219.131.129.236

/index.php
/controller/static load fail.
2017-08-29 14:32:22
219.131.129.236

/index.php
/controller/static load fail.
2017-08-29 14:32:30
223.86.143.187

/index.php
/controller/static load fail.
2017-08-29 14:32:59
219.131.129.236

/index.php
/controller/static load fail.
2017-08-29 14:33:06
223.86.143.187

/index.php
/controller/static load fail.
2017-08-29 14:33:09
219.131.129.236

/index.php
/controller/static load fail.
2017-08-29 14:33:09
219.131.129.236

/index.php
/controller/static load fail.
2017-08-29 14:33:10
219.131.129.236

/index.php
/controller/static load fail.
2017-08-29 14:33:12
219.131.129.236

/index.php
/controller/static load fail.
2017-08-29 14:33:12
223.86.143.187

/index.php
/controller/static load fail.
2017-08-29 14:33:14
219.131.129.236

/index.php
/controller/static load fail.
2017-08-29 14:33:15
219.131.129.236

/index.php
/controller/static load fail.
2017-08-29 14:33:16
219.131.129.236

/index.php
/controller/static load fail.
2017-08-29 14:33:17
219.131.129.236

/index.php
/controller/static load fail.
2017-08-29 14:33:19
219.131.129.236

/index.php
/controller/static load fail.
2017-08-29 14:33:21
219.131.129.236

/index.php
/controller/static load fail.
2017-08-29 14:33:26
219.131.129.236

/index.php
/controller/static load fail.
2017-08-29 14:33:39
223.86.143.187

/index.php
/controller/static load fail.
2017-08-29 14:34:17
219.131.129.236

/index.php
/controller/static load fail.
2017-08-29 14:35:12
223.86.143.187

/index.php
/controller/static load fail.
2017-08-29 14:42:54
223.86.143.187

/index.php
/controller/static load fail.
2017-08-29 15:23:18
223.86.143.187

/index.php
/controller/static load fail.
2017-08-29 15:23:20
223.86.143.187

/index.php
/controller/static load fail.
2017-08-29 15:23:22
223.86.143.187

/index.php
/controller/static load fail.
2017-08-29 15:23:24
223.86.143.187

/index.php
/controller/xkpyfwmnlzus load fail.
2017-08-29 15:24:30
140.205.201.31

/index.php
/controller/ganglia load fail.
2017-08-29 15:34:17
140.205.201.31

/index.php
/controller/showcase load fail.
2017-08-29 15:34:24
140.205.201.31

/index.php
/controller/integration load fail.
2017-08-29 15:34:24
140.205.201.31

/index.php
/controller/static load fail.
2017-08-29 15:41:48
223.86.143.187

/index.php
/controller/static load fail.
2017-08-29 15:41:55
223.86.143.187

/index.php
/controller/static load fail.
2017-08-29 15:41:57
223.86.143.187

/index.php
/controller/static load fail.
2017-08-29 15:57:41
223.86.143.187

/index.php
/controller/script load fail.
2017-08-29 15:57:57
36.102.210.236

/index.php
/controller/script load fail.
2017-08-29 15:57:58
36.102.210.236

/index.php
/controller/js load fail.
2017-08-29 15:57:59
36.102.210.236

/index.php
/controller/css load fail.
2017-08-29 15:57:59
36.102.210.236

/index.php
/controller/css load fail.
2017-08-29 15:57:59
36.102.210.236

/index.php
/controller/css load fail.
2017-08-29 15:58:07
36.102.210.236

/index.php
/controller/css load fail.
2017-08-29 15:58:07
36.102.210.236

/index.php
/controller/script load fail.
2017-08-29 15:59:45
101.226.66.192

/index.php
/controller/script load fail.
2017-08-29 15:59:45
101.226.66.192

/index.php
/controller/script load fail.
2017-08-29 15:59:46
101.226.66.192

/index.php
/controller/script load fail.
2017-08-29 15:59:46
101.226.66.192

/index.php
/controller/css load fail.
2017-08-29 15:59:50
101.226.66.192

/index.php
/controller/static load fail.
2017-08-29 16:03:04
223.86.143.187

/index.php
/controller/static load fail.
2017-08-29 16:03:58
223.86.143.187

/index.php
/controller/static load fail.
2017-08-29 16:04:03
223.86.143.187

/index.php
/controller/static load fail.
2017-08-29 16:18:02
183.10.72.251

/index.php
/controller/static load fail.
2017-08-29 16:18:04
183.10.72.251

/index.php
/controller/hwi load fail.
2017-08-29 16:25:42
140.205.201.31

/index.php
/controller/script load fail.
2017-08-29 16:29:03
125.84.85.122

/index.php
/controller/script load fail.
2017-08-29 16:29:15
59.41.206.98

/index.php
/controller/demo load fail.
2017-08-29 16:29:21
125.84.85.122

/index.php
/controller/script load fail.
2017-08-29 16:29:37
125.84.85.122

/index.php
/controller/script load fail.
2017-08-29 16:30:33
61.151.218.119

/index.php
/controller/script load fail.
2017-08-29 16:30:33
61.151.218.119

/index.php
/controller/script load fail.
2017-08-29 16:30:33
61.151.218.119

/index.php
/controller/script load fail.
2017-08-29 16:30:33
61.151.218.119

/index.php
/controller/js load fail.
2017-08-29 16:30:38
61.151.218.119

/index.php
/controller/css load fail.
2017-08-29 16:30:38
61.151.218.119

/index.php
/controller/css load fail.
2017-08-29 16:30:38
61.151.218.119

/index.php
/controller/script load fail.
2017-08-29 16:30:45
101.226.33.208

/index.php
/controller/script load fail.
2017-08-29 16:30:45
101.226.33.208

/index.php
/controller/script load fail.
2017-08-29 16:30:46
101.226.33.208

/index.php
/controller/script load fail.
2017-08-29 16:30:46
101.226.33.208

/index.php
/controller/css load fail.
2017-08-29 16:30:50
101.226.33.208

/index.php
/controller/demo load fail.
2017-08-29 16:31:46
125.84.85.122

/index.php
/controller/script load fail.
2017-08-29 16:32:15
101.226.125.16

/index.php
/controller/script load fail.
2017-08-29 16:32:15
101.226.125.16

/index.php
/controller/script load fail.
2017-08-29 16:32:16
101.226.125.16

/index.php
/controller/script load fail.
2017-08-29 16:32:16
101.226.125.16

/index.php
/controller/css load fail.
2017-08-29 16:32:20
101.226.125.16

/index.php
/controller/script load fail.
2017-08-29 16:32:43
119.131.178.74

/index.php
/controller/script load fail.
2017-08-29 16:32:44
119.131.178.74

/index.php
/controller/js load fail.
2017-08-29 16:32:44
119.131.178.74

/index.php
/controller/css load fail.
2017-08-29 16:32:45
119.131.178.74

/index.php
/controller/css load fail.
2017-08-29 16:32:45
119.131.178.74

/index.php
/controller/script load fail.
2017-08-29 16:32:57
119.131.178.74

/index.php
/controller/script load fail.
2017-08-29 16:32:57
119.131.178.74

/index.php
/controller/js load fail.
2017-08-29 16:32:57
119.131.178.74

/index.php
/controller/css load fail.
2017-08-29 16:32:57
119.131.178.74

/index.php
/controller/css load fail.
2017-08-29 16:32:57
119.131.178.74

/index.php
/controller/css load fail.
2017-08-29 16:33:04
119.131.178.74

/index.php
/controller/css load fail.
2017-08-29 16:33:04
119.131.178.74

/index.php
/controller/script load fail.
2017-08-29 16:34:06
59.41.206.98

/index.php
/controller/script load fail.
2017-08-29 16:35:10
125.84.85.122

/index.php
/controller/demo load fail.
2017-08-29 16:35:15
125.84.85.122

/index.php
/controller/script load fail.
2017-08-29 16:37:41
59.41.206.98

/index.php
/controller/demo load fail.
2017-08-29 16:38:02
59.41.206.98

/index.php
/controller/demo load fail.
2017-08-29 16:38:18
59.41.206.98

/index.php
/controller/script load fail.
2017-08-29 16:40:45
125.84.85.122

/index.php
/controller/info load fail.
2017-08-29 16:46:20
140.205.201.31

/index.php
/controller/jenkins load fail.
2017-08-29 16:47:04
140.205.201.31

/index.php
/controller/static load fail.
2017-08-29 16:47:50
223.86.143.187

/index.php
/controller/static load fail.
2017-08-29 16:47:54
223.86.143.187

/index.php
/controller/script load fail.
2017-08-29 16:49:02
125.84.85.122

/index.php
/controller/zabbix load fail.
2017-08-29 16:51:11
140.205.201.31

/index.php
/controller/solr load fail.
2017-08-29 16:53:20
140.205.201.31

/index.php
/controller/warning load fail.
2017-08-29 17:02:02
140.205.201.31

/index.php
/controller/pleasereadthis load fail.
2017-08-29 17:05:43
140.205.201.31

/index.php
/controller/please_read load fail.
2017-08-29 17:08:29
140.205.201.31

/index.php
/controller/hadoop load fail.
2017-08-29 17:12:41
140.205.201.31

/index.php
/controller/static load fail.
2017-08-29 17:27:59
183.10.72.251

/index.php
/controller/static load fail.
2017-08-29 17:40:34
223.86.143.187

/index.php
/controller/script load fail.
2017-08-29 17:46:22
59.41.206.98

/index.php
/controller/static load fail.
2017-08-29 17:49:44
223.86.143.187

/index.php
/controller/l load fail.
2017-08-29 18:37:06
66.249.79.68

/index.php
/controller/script load fail.
2017-08-29 20:00:42
101.226.65.104

/index.php
/controller/script load fail.
2017-08-29 20:00:42
101.226.65.104

/index.php
/controller/script load fail.
2017-08-29 20:00:42
101.226.65.104

/index.php
/controller/script load fail.
2017-08-29 20:00:42
101.226.65.104

/index.php
/controller/css load fail.
2017-08-29 20:00:46
101.226.65.104

/index.php
/controller/script load fail.
2017-08-29 20:01:15
59.41.206.98

/index.php
/controller/script load fail.
2017-08-29 20:16:51
101.226.102.97

/index.php
/controller/script load fail.
2017-08-29 20:16:51
101.226.102.97

/index.php
/controller/script load fail.
2017-08-29 20:16:52
101.226.102.97

/index.php
/controller/script load fail.
2017-08-29 20:16:52
101.226.102.97

/index.php
/controller/script load fail.
2017-08-29 20:16:52
101.226.102.97

/index.php
/controller/script load fail.
2017-08-29 20:16:52
101.226.102.97

/index.php
/controller/script load fail.
2017-08-29 20:16:52
101.226.102.97

/index.php
/controller/script load fail.
2017-08-29 20:16:52
101.226.102.97

/index.php
/controller/css load fail.
2017-08-29 20:16:56
101.226.102.97

/index.php
/controller/css load fail.
2017-08-29 20:16:56
101.226.102.97

/index.php
/controller/script load fail.
2017-08-29 20:17:25
202.131.82.168

/index.php
/controller/static load fail.
2017-08-29 20:17:50
202.131.82.168

/index.php
/controller/static load fail.
2017-08-29 20:18:41
202.131.82.168

/index.php
/controller/static load fail.
2017-08-29 20:18:42
202.131.82.168

/index.php
/controller/static load fail.
2017-08-29 20:18:59
202.131.82.168

/index.php
/controller/static load fail.
2017-08-29 20:20:53
202.131.82.168

/index.php
/controller/static load fail.
2017-08-29 20:22:56
202.131.82.168

/index.php
/controller/static load fail.
2017-08-29 20:22:58
202.131.82.168

/index.php
/controller/static load fail.
2017-08-29 20:23:06
202.131.82.168

/index.php
/controller/static load fail.
2017-08-29 20:23:09
202.131.82.168

/index.php
/controller/static load fail.
2017-08-29 20:23:10
202.131.82.168

/index.php
/controller/static load fail.
2017-08-29 20:25:04
223.86.143.187

/index.php
/controller/static load fail.
2017-08-29 20:25:17
223.86.143.187

/index.php
/controller/static load fail.
2017-08-29 20:25:55
223.86.143.187

/index.php
/controller/static load fail.
2017-08-29 20:26:22
223.86.143.187

/index.php
/controller/static load fail.
2017-08-29 20:38:44
223.86.143.187

/index.php
/controller/static load fail.
2017-08-29 20:38:49
223.86.143.187

/index.php
/controller/static load fail.
2017-08-29 20:38:52
223.86.143.187

/index.php
/controller/script load fail.
2017-08-29 20:59:54
61.154.213.112

/index.php
/controller/demo load fail.
2017-08-29 21:00:02
61.154.213.112

/index.php
/controller/demo load fail.
2017-08-29 21:01:46
61.154.213.112

/index.php
/controller/demo load fail.
2017-08-29 21:01:51
61.151.228.22

/index.php
/controller/script load fail.
2017-08-29 21:01:54
180.163.2.118

/index.php
/controller/script load fail.
2017-08-29 21:01:54
180.163.2.118

/index.php
/controller/script load fail.
2017-08-29 21:01:54
180.163.2.118

/index.php
/controller/script load fail.
2017-08-29 21:01:54
180.163.2.118

/index.php
/controller/js load fail.
2017-08-29 21:01:56
180.163.2.118

/index.php
/controller/css load fail.
2017-08-29 21:01:56
180.163.2.118

/index.php
/controller/css load fail.
2017-08-29 21:01:56
180.163.2.118

/index.php
/controller/script load fail.
2017-08-29 21:02:22
125.84.85.122

/index.php
/controller/script load fail.
2017-08-29 21:02:51
220.181.132.18

/index.php
/controller/demo load fail.
2017-08-29 21:03:24
61.154.213.112

/index.php
/controller/demo load fail.
2017-08-29 21:04:16
125.84.85.122

/index.php
/controller/script load fail.
2017-08-29 21:08:56
125.84.85.122

/index.php
/controller/demo load fail.
2017-08-29 21:11:06
125.84.85.122

/index.php
/controller/script load fail.
2017-08-29 21:11:21
125.84.85.122

/index.php
/controller/images load fail.
2017-08-29 21:14:15
27.155.135.54

/index.php
/controller/images load fail.
2017-08-29 21:14:16
27.155.135.54

/index.php
/controller/images load fail.
2017-08-29 21:14:18
27.155.135.54

/index.php
/controller/images load fail.
2017-08-29 21:14:45
182.133.182.41

/index.php
/controller/images load fail.
2017-08-29 21:14:48
182.133.182.41

/index.php
/controller/images load fail.
2017-08-29 21:14:48
182.133.182.41

/index.php
/controller/images load fail.
2017-08-29 21:14:49
182.133.182.41

/index.php
/controller/bbs load fail.
2017-08-29 21:16:33
115.182.24.175

/index.php
/controller/images load fail.
2017-08-29 21:17:36
220.181.124.250

/index.php
/controller/images load fail.
2017-08-29 21:17:46
106.120.173.218

/index.php
/controller/images load fail.
2017-08-29 21:17:50
111.202.103.67

/index.php
/controller/script load fail.
2017-08-29 21:18:48
36.60.1.206

/index.php
/controller/script load fail.
2017-08-29 21:18:48
182.129.140.77

/index.php
/controller/script load fail.
2017-08-29 21:18:48
182.129.140.77

/index.php
/controller/script load fail.
2017-08-29 21:18:48
36.60.1.206

/index.php
/controller/js load fail.
2017-08-29 21:18:49
36.60.1.206

/index.php
/controller/js load fail.
2017-08-29 21:18:49
182.129.140.77

/index.php
/controller/css load fail.
2017-08-29 21:18:49
36.60.1.206

/index.php
/controller/css load fail.
2017-08-29 21:18:49
36.60.1.206

/index.php
/controller/css load fail.
2017-08-29 21:18:49
182.129.140.77

/index.php
/controller/css load fail.
2017-08-29 21:18:49
182.129.140.77

/index.php
/controller/script load fail.
2017-08-29 21:19:24
182.129.140.77

/index.php
/controller/script load fail.
2017-08-29 21:19:24
182.129.140.77

/index.php
/controller/js load fail.
2017-08-29 21:19:25
182.129.140.77

/index.php
/controller/css load fail.
2017-08-29 21:19:25
182.129.140.77

/index.php
/controller/css load fail.
2017-08-29 21:19:25
182.129.140.77

/index.php
/controller/script load fail.
2017-08-29 21:19:33
182.129.140.77

/index.php
/controller/script load fail.
2017-08-29 21:19:33
182.129.140.77

/index.php
/controller/js load fail.
2017-08-29 21:19:33
182.129.140.77

/index.php
/controller/css load fail.
2017-08-29 21:19:33
182.129.140.77

/index.php
/controller/css load fail.
2017-08-29 21:19:33
182.129.140.77

/index.php
/controller/script load fail.
2017-08-29 21:19:36
182.129.140.77

/index.php
/controller/script load fail.
2017-08-29 21:19:36
182.129.140.77

/index.php
/controller/js load fail.
2017-08-29 21:19:36
182.129.140.77

/index.php
/controller/css load fail.
2017-08-29 21:19:36
182.129.140.77

/index.php
/controller/css load fail.
2017-08-29 21:19:36
182.129.140.77

/index.php
/controller/demo load fail.
2017-08-29 21:19:39
182.129.140.77

/index.php
/controller/script load fail.
2017-08-29 21:19:49
182.129.140.77

/index.php
/controller/script load fail.
2017-08-29 21:19:49
182.129.140.77

/index.php
/controller/js load fail.
2017-08-29 21:19:49
182.129.140.77

/index.php
/controller/css load fail.
2017-08-29 21:19:49
182.129.140.77

/index.php
/controller/css load fail.
2017-08-29 21:19:49
182.129.140.77

/index.php
/controller/demo load fail.
2017-08-29 21:19:52
182.129.140.77

/index.php
/controller/script load fail.
2017-08-29 21:24:45
125.84.85.122

/index.php
/controller/script load fail.
2017-08-29 21:24:58
125.84.85.122

/index.php
/controller/demo load fail.
2017-08-29 21:25:14
125.84.85.122

/index.php
/controller/images load fail.
2017-08-29 21:29:04
1.71.180.163

/index.php
/controller/images load fail.
2017-08-29 21:29:07
1.71.180.163

/index.php
/controller/script load fail.
2017-08-29 21:31:14
125.84.85.122

/index.php
/controller/images load fail.
2017-08-29 21:36:21
122.228.208.126

/index.php
/controller/images load fail.
2017-08-29 21:36:45
171.114.57.92

/index.php
/controller/script load fail.
2017-08-29 21:40:09
125.84.85.122

/index.php
/controller/demo load fail.
2017-08-29 21:43:37
61.154.213.112

/index.php
/controller/images load fail.
2017-08-29 21:43:40
222.64.112.86

/index.php
/controller/images load fail.
2017-08-29 21:43:41
222.64.112.86

/index.php
/controller/images load fail.
2017-08-29 21:43:41
222.64.112.86

/index.php
/controller/demo load fail.
2017-08-29 21:43:52
61.154.213.112

/index.php
/controller/pay load fail.
2017-08-29 21:44:37
61.154.213.112

/index.php
/controller/images load fail.
2017-08-29 21:48:01
111.202.103.21

/index.php
/controller/bbs load fail.
2017-08-29 21:48:18
115.182.25.88

/index.php
/controller/demo load fail.
2017-08-29 21:49:27
61.154.213.112

/index.php
/controller/demo load fail.
2017-08-29 21:49:36
61.154.213.112

/index.php
/controller/demo load fail.
2017-08-29 21:49:37
61.154.213.112

/index.php
/controller/pay load fail.
2017-08-29 21:49:39
61.154.213.112

/index.php
/controller/script load fail.
2017-08-29 21:51:10
125.84.85.122

/index.php
/controller/demo load fail.
2017-08-29 21:54:51
61.154.213.112

/index.php
/controller/demo load fail.
2017-08-29 21:55:40
61.154.213.112

/index.php
/controller/script load fail.
2017-08-29 21:55:44
125.84.85.122

/index.php
/controller/script load fail.
2017-08-29 21:56:14
113.107.251.147

/index.php
/controller/script load fail.
2017-08-29 21:56:14
113.107.251.147

/index.php
/controller/demo load fail.
2017-08-29 21:56:14
61.154.213.112

/index.php
/controller/script load fail.
2017-08-29 21:56:15
113.107.251.147

/index.php
/controller/script load fail.
2017-08-29 21:56:15
42.236.72.133

/index.php
/controller/script load fail.
2017-08-29 21:56:18
42.236.72.133

/index.php
/controller/script load fail.
2017-08-29 21:56:20
42.236.72.133

/index.php
/controller/demo load fail.
2017-08-29 21:57:01
61.154.213.112

/index.php
/controller/pay load fail.
2017-08-29 21:59:35
61.154.213.112

/index.php
/controller/images load fail.
2017-08-29 21:59:43
111.202.103.18

/index.php
/controller/images load fail.
2017-08-29 21:59:44
106.120.173.218

/index.php
/controller/images load fail.
2017-08-29 21:59:51
111.202.103.112

/index.php
/controller/images load fail.
2017-08-29 22:02:09
175.4.221.80

/index.php
/controller/images load fail.
2017-08-29 22:02:10
175.4.221.80

/index.php
/controller/images load fail.
2017-08-29 22:02:10
175.4.221.80

/index.php
/controller/images load fail.
2017-08-29 22:02:12
175.4.221.80

/index.php
/controller/script load fail.
2017-08-29 22:04:07
125.84.85.122

/index.php
/controller/demo load fail.
2017-08-29 22:05:07
61.154.213.112

/index.php
/controller/demo load fail.
2017-08-29 22:11:53
61.154.213.112

/index.php
/controller/demo load fail.
2017-08-29 22:13:13
125.84.83.126

/index.php
/controller/demo load fail.
2017-08-29 22:13:14
125.84.83.126

/index.php
/controller/pay load fail.
2017-08-29 22:13:44
47.94.58.53

/index.php
/controller/pay load fail.
2017-08-29 22:14:43
60.205.231.13

/index.php
/controller/pay load fail.
2017-08-29 22:14:46
182.131.12.36

/index.php
/controller/pay load fail.
2017-08-29 22:14:50
60.205.231.13

/index.php
/controller/pay load fail.
2017-08-29 22:14:56
60.205.231.13

/index.php
/controller/pay load fail.
2017-08-29 22:15:05
60.205.231.13

/index.php
/controller/pay load fail.
2017-08-29 22:15:14
60.205.231.13

/index.php
/controller/pay load fail.
2017-08-29 22:15:20
60.205.231.13

/index.php
/controller/pay load fail.
2017-08-29 22:15:45
60.205.231.13

/index.php
/controller/pay load fail.
2017-08-29 22:15:51
60.205.231.13

/index.php
/controller/demo load fail.
2017-08-29 22:17:20
125.84.83.126

/pay/nanshen_alipaywap/n.php
Handleorder load fail.
2017-08-29 22:17:39
47.94.58.116

/pay/nanshen_alipaywap/n.php
Handleorder load fail.
2017-08-29 22:17:53
47.94.58.116

/index.php
/controller/pay load fail.
2017-08-29 22:18:46
60.205.231.13

/index.php
/controller/pay load fail.
2017-08-29 22:18:54
60.205.231.13

/index.php
/controller/images load fail.
2017-08-29 22:20:14
171.44.178.239

/index.php
/controller/images load fail.
2017-08-29 22:20:15
171.44.178.239

/index.php
/controller/images load fail.
2017-08-29 22:20:16
171.44.178.239

/index.php
/controller/images load fail.
2017-08-29 22:20:17
171.44.178.239

/index.php
/controller/bbs load fail.
2017-08-29 22:20:30
115.182.24.23

/index.php
/controller/images load fail.
2017-08-29 22:20:33
171.44.178.239

/pay/nanshen_alipaywap/n.php
Handleorder load fail.
2017-08-29 22:26:15
61.154.213.112

/pay/nanshen_alipaywap/n.php
Handleorder load fail.
2017-08-29 22:26:47
61.154.213.112

/pay/nanshen_alipaywap/n.php
Handleorder load fail.
2017-08-29 22:27:04
61.154.213.112

/pay/nanshen_alipaywap/n.php
Handleorder load fail.
2017-08-29 22:27:06
61.154.213.112

/index.php
/controller/images load fail.
2017-08-29 22:27:17
203.93.210.11

/index.php
/controller/images load fail.
2017-08-29 22:27:18
203.93.210.11

/index.php
/controller/images load fail.
2017-08-29 22:27:23
203.93.210.11

/index.php
/controller/images load fail.
2017-08-29 22:27:24
203.93.210.11

/index.php
/controller/pay load fail.
2017-08-29 22:27:43
61.154.213.112

/pay/nanshen_alipaywap/n1.php
Handleorder load fail.
2017-08-29 22:27:50
61.154.213.112

/pay/nanshen_alipaywap/n1.php
Handleorder load fail.
2017-08-29 22:28:40
61.154.213.112

/pay/nanshen_alipaywap/n1.php
Handleorder load fail.
2017-08-29 22:29:03
61.154.213.112

/pay/nanshen_alipaywap/n1.php
Handleorder load fail.
2017-08-29 22:29:27
61.154.213.112

/pay/nanshen_alipaywap/n1.php
Handleorder load fail.
2017-08-29 22:30:15
61.154.213.112

/pay/nanshen_alipaywap/n1.php
Handleorder load fail.
2017-08-29 22:30:17
61.154.213.112

/index.php
/controller/images load fail.
2017-08-29 22:38:02
106.120.173.219

/index.php
/controller/images load fail.
2017-08-29 22:38:03
111.202.100.5

/index.php
/controller/demo load fail.
2017-08-29 22:39:06
61.154.213.112

/index.php
/controller/demo load fail.
2017-08-29 22:44:21
61.154.213.112

/index.php
/controller/pay load fail.
2017-08-29 22:46:07
61.154.213.112

/index.php
/controller/pay load fail.
2017-08-29 22:46:07
61.154.213.112

/index.php
/controller/pay load fail.
2017-08-29 22:46:07
61.154.213.112

/index.php
/controller/pay load fail.
2017-08-29 22:46:07
61.154.213.112

/index.php
/controller/pay load fail.
2017-08-29 22:46:07
61.154.213.112

/index.php
/controller/pay load fail.
2017-08-29 22:48:45
60.205.231.13

/index.php
/controller/pay load fail.
2017-08-29 22:48:53
60.205.231.13

/index.php
/controller/demo load fail.
2017-08-29 22:53:06
125.84.83.126

/index.php
/controller/images load fail.
2017-08-29 22:54:03
106.120.173.215

/index.php
/controller/images load fail.
2017-08-29 22:54:04
106.120.173.219

/pay/nanshen_alipay/n.php
Handleorder load fail.
2017-08-29 22:55:02
47.94.58.53

/index.php
/controller/bbs load fail.
2017-08-29 22:57:34
115.182.25.68

/index.php
/controller/pay load fail.
2017-08-29 22:58:59
61.154.213.112

/index.php
/controller/script load fail.
2017-08-29 22:59:44
61.154.213.112

/index.php
/controller/demo load fail.
2017-08-29 23:00:03
61.154.213.112

/index.php
/controller/images load fail.
2017-08-29 23:01:13
119.131.182.71

/index.php
/controller/images load fail.
2017-08-29 23:01:14
119.131.182.71

/index.php
/controller/images load fail.
2017-08-29 23:01:15
119.131.182.71

/index.php
/controller/images load fail.
2017-08-29 23:01:16
119.131.182.71

/index.php
/controller/script load fail.
2017-08-29 23:04:42
125.84.83.126

/index.php
/controller/demo load fail.
2017-08-29 23:07:12
61.154.213.112

/index.php
/controller/demo load fail.
2017-08-29 23:07:15
61.154.213.112

/index.php
/controller/script load fail.
2017-08-29 23:07:20
61.154.213.112

/index.php
/controller/script load fail.
2017-08-29 23:11:02
171.35.80.233

/index.php
/controller/pay load fail.
2017-08-29 23:18:47
60.205.231.13

/index.php
/controller/pay load fail.
2017-08-29 23:18:55
60.205.231.13

/index.php
/controller/script load fail.
2017-08-29 23:26:07
61.154.213.112

/index.php
/controller/demo load fail.
2017-08-29 23:26:08
61.154.213.112

/index.php
/controller/bbs load fail.
2017-08-29 23:26:53
115.182.24.22

/index.php
/controller/demo load fail.
2017-08-29 23:27:09
61.154.213.112

/index.php
/controller/script load fail.
2017-08-29 23:27:34
125.84.83.126

/index.php
/controller/images load fail.
2017-08-29 23:27:40
218.14.55.58

/index.php
/controller/images load fail.
2017-08-29 23:27:40
218.14.55.58

/index.php
/controller/script load fail.
2017-08-29 23:27:57
125.84.83.126

/index.php
/controller/script load fail.
2017-08-29 23:31:31
125.84.83.126

/index.php
/controller/static load fail.
2017-08-29 23:31:44
125.84.83.126

/index.php
/controller/static load fail.
2017-08-29 23:31:47
125.84.83.126

/index.php
/controller/static load fail.
2017-08-29 23:31:51
125.84.83.126

/index.php
/controller/static load fail.
2017-08-29 23:31:54
125.84.83.126

/index.php
/controller/static load fail.
2017-08-29 23:32:58
125.84.83.126

/index.php
/controller/static load fail.
2017-08-29 23:33:15
125.84.83.126

/index.php
/controller/static load fail.
2017-08-29 23:33:17
125.84.83.126

/index.php
/controller/static load fail.
2017-08-29 23:33:20
125.84.83.126

/index.php
/controller/static load fail.
2017-08-29 23:33:36
125.84.83.126

/index.php
/controller/images load fail.
2017-08-29 23:35:12
36.110.170.184

/index.php
/controller/script load fail.
2017-08-29 23:35:56
61.154.213.112

/index.php
/controller/demo load fail.
2017-08-29 23:35:58
61.154.213.112

/index.php
/controller/static load fail.
2017-08-29 23:36:50
125.84.83.126

/index.php
/controller/static load fail.
2017-08-29 23:36:51
125.84.83.126

/index.php
/controller/images load fail.
2017-08-29 23:46:21
36.102.225.110

/index.php
/controller/pay load fail.
2017-08-29 23:48:47
60.205.231.13

/index.php
/controller/pay load fail.
2017-08-29 23:48:56
60.205.231.13

/index.php
/controller/images load fail.
2017-08-29 23:52:28
171.44.178.239

