/index.php/static/assets/css/app1.css
/controller/static load fail.
2017-12-18 00:54:14
125.252.99.174

/index.php/static/assets/css/app1.css
/controller/static load fail.
2017-12-18 00:54:14
125.252.99.174

/index.php/pay/dlb_dalipay/images/bg-success.jpg
/controller/pay load fail.
2017-12-18 02:29:58
118.212.200.129

/index.php/captcha
/controller/captcha load fail.
2017-12-18 06:17:59
134.159.159.161

/index.php/captcha
/controller/captcha load fail.
2017-12-18 06:18:56
134.159.159.161

/index.php/captcha
/controller/captcha load fail.
2017-12-18 06:36:21
134.159.159.161

/index.php/captcha
/controller/captcha load fail.
2017-12-18 08:39:35
134.159.159.161

/index.php/static/assets/css/app1.css
/controller/static load fail.
2017-12-18 09:15:20
175.41.30.178

/index.php/static/assets/css/app1.css
/controller/static load fail.
2017-12-18 09:16:47
175.41.30.178

/index.php/demo/need/layer.css
/controller/demo load fail.
2017-12-18 09:34:47
175.161.158.20

/index.php/static/assets/css/app1.css
/controller/static load fail.
2017-12-18 10:07:43
175.41.30.178

/index.php/static/assets/css/app1.css
/controller/static load fail.
2017-12-18 10:17:13
118.118.25.154

/index.php/static/assets/css/app1.css
/controller/static load fail.
2017-12-18 10:22:46
134.159.159.162

/index.php/pay/47_qq/returnUrl.php
/controller/pay load fail.
2017-12-18 10:32:16
211.75.237.89

/index.php/pay/47_qq/returnUrl.php
/controller/pay load fail.
2017-12-18 10:32:19
211.75.237.89

/index.php/pay/47_qq/returnUrl.php
/controller/pay load fail.
2017-12-18 10:32:22
211.75.237.89

/index.php/pay/47_qq/returnUrl.php
/controller/pay load fail.
2017-12-18 10:32:25
211.75.237.89

/index.php/pay/47_qq/returnUrl.php
/controller/pay load fail.
2017-12-18 10:32:28
211.75.237.89

/index.php/pay/47_qq/returnUrl.php
/controller/pay load fail.
2017-12-18 10:32:31
211.75.237.89

/index.php/pay/47_qq/returnUrl.php
/controller/pay load fail.
2017-12-18 10:32:34
211.75.237.89

/index.php/pay/47_qq/returnUrl.php
/controller/pay load fail.
2017-12-18 10:32:37
211.75.237.89

/index.php/pay/47_qq/returnUrl.php
/controller/pay load fail.
2017-12-18 10:32:40
211.75.237.89

/index.php/pay/47_qq/returnUrl.php
/controller/pay load fail.
2017-12-18 10:32:43
211.75.237.89

/index.php/pay/47_qq/returnUrl.php
/controller/pay load fail.
2017-12-18 10:32:46
211.75.237.89

/index.php/pay/47_qq/returnUrl.php
/controller/pay load fail.
2017-12-18 10:32:49
211.75.237.89

/index.php/pay/47_qq/returnUrl.php
/controller/pay load fail.
2017-12-18 10:32:52
211.75.237.89

/index.php/pay/47_qq/returnUrl.php
/controller/pay load fail.
2017-12-18 10:32:55
211.75.237.89

/index.php/pay/47_qq/returnUrl.php
/controller/pay load fail.
2017-12-18 10:32:58
211.75.237.89

/index.php/pay/47_qq/returnUrl.php
/controller/pay load fail.
2017-12-18 10:33:01
211.75.237.89

/index.php/pay/47_qq/returnUrl.php
/controller/pay load fail.
2017-12-18 10:33:04
211.75.237.89

/index.php/pay/47_qq/returnUrl.php
/controller/pay load fail.
2017-12-18 10:33:07
211.75.237.89

/index.php/pay/47_qq/returnUrl.php
/controller/pay load fail.
2017-12-18 10:33:10
211.75.237.89

/index.php/pay/47_qq/returnUrl.php
/controller/pay load fail.
2017-12-18 10:33:13
211.75.237.89

/index.php/pay/47_qq/returnUrl.php
/controller/pay load fail.
2017-12-18 10:33:16
211.75.237.89

/index.php/pay/47_qq/returnUrl.php
/controller/pay load fail.
2017-12-18 10:33:19
211.75.237.89

/index.php/pay/47_qq/returnUrl.php
/controller/pay load fail.
2017-12-18 10:33:22
211.75.237.89

/index.php/pay/47_qq/returnUrl.php
/controller/pay load fail.
2017-12-18 10:33:25
211.75.237.89

/index.php/pay/47_qq/returnUrl.php
/controller/pay load fail.
2017-12-18 10:33:28
211.75.237.89

/index.php/pay/47_qq/returnUrl.php
/controller/pay load fail.
2017-12-18 10:33:31
211.75.237.89

/index.php/pay/47_qq/returnUrl.php
/controller/pay load fail.
2017-12-18 10:33:34
211.75.237.89

/index.php/pay/47_qq/returnUrl.php
/controller/pay load fail.
2017-12-18 10:33:37
211.75.237.89

/index.php/pay/47_qq/returnUrl.php
/controller/pay load fail.
2017-12-18 10:33:40
211.75.237.89

/index.php/pay/47_qq/returnUrl.php
/controller/pay load fail.
2017-12-18 10:33:43
211.75.237.89

/index.php/pay/47_qq/returnUrl.php
/controller/pay load fail.
2017-12-18 10:33:46
211.75.237.89

/index.php/pay/47_qq/returnUrl.php
/controller/pay load fail.
2017-12-18 10:33:49
211.75.237.89

/index.php/pay/47_qq/returnUrl.php
/controller/pay load fail.
2017-12-18 10:33:52
211.75.237.89

/index.php/pay/47_qq/returnUrl.php
/controller/pay load fail.
2017-12-18 10:33:55
211.75.237.89

/index.php/pay/47_qq/returnUrl.php
/controller/pay load fail.
2017-12-18 10:33:58
211.75.237.89

/index.php/pay/47_qq/returnUrl.php
/controller/pay load fail.
2017-12-18 10:34:01
211.75.237.89

/index.php/pay/47_qq/returnUrl.php
/controller/pay load fail.
2017-12-18 10:34:04
211.75.237.89

/index.php/pay/47_qq/returnUrl.php
/controller/pay load fail.
2017-12-18 10:34:07
211.75.237.89

/index.php/pay/47_qq/returnUrl.php
/controller/pay load fail.
2017-12-18 10:34:10
211.75.237.89

/index.php/pay/47_qq/returnUrl.php
/controller/pay load fail.
2017-12-18 10:34:13
211.75.237.89

/index.php/pay/47_qq/returnUrl.php
/controller/pay load fail.
2017-12-18 10:34:16
211.75.237.89

/index.php/pay/47_qq/returnUrl.php
/controller/pay load fail.
2017-12-18 10:34:19
211.75.237.89

/index.php/pay/47_qq/returnUrl.php
/controller/pay load fail.
2017-12-18 10:34:22
211.75.237.89

/index.php/pay/47_qq/returnUrl.php
/controller/pay load fail.
2017-12-18 10:34:25
211.75.237.89

/index.php/pay/47_qq/returnUrl.php
/controller/pay load fail.
2017-12-18 10:34:28
211.75.237.89

/index.php/pay/47_qq/returnUrl.php
/controller/pay load fail.
2017-12-18 10:34:31
211.75.237.89

/index.php/pay/47_qq/returnUrl.php
/controller/pay load fail.
2017-12-18 10:34:34
211.75.237.89

/index.php/pay/47_qq/returnUrl.php
/controller/pay load fail.
2017-12-18 10:34:37
211.75.237.89

/index.php/pay/47_qq/returnUrl.php
/controller/pay load fail.
2017-12-18 10:34:40
211.75.237.89

/index.php/pay/47_qq/returnUrl.php
/controller/pay load fail.
2017-12-18 10:34:43
211.75.237.89

/index.php/pay/47_qq/returnUrl.php
/controller/pay load fail.
2017-12-18 10:34:46
211.75.237.89

/index.php/pay/47_qq/returnUrl.php
/controller/pay load fail.
2017-12-18 10:34:49
211.75.237.89

/index.php/pay/47_qq/returnUrl.php
/controller/pay load fail.
2017-12-18 10:34:52
211.75.237.89

/index.php/pay/47_qq/returnUrl.php
/controller/pay load fail.
2017-12-18 10:34:55
211.75.237.89

/index.php/pay/47_qq/returnUrl.php
/controller/pay load fail.
2017-12-18 10:34:58
211.75.237.89

/index.php/pay/47_qq/returnUrl.php
/controller/pay load fail.
2017-12-18 10:35:01
211.75.237.89

/index.php/pay/47_qq/returnUrl.php
/controller/pay load fail.
2017-12-18 10:35:04
211.75.237.89

/index.php/pay/47_qq/returnUrl.php
/controller/pay load fail.
2017-12-18 10:35:07
211.75.237.89

/index.php/pay/47_qq/returnUrl.php
/controller/pay load fail.
2017-12-18 10:35:10
211.75.237.89

/index.php/pay/47_qq/returnUrl.php
/controller/pay load fail.
2017-12-18 10:35:13
211.75.237.89

/index.php/pay/47_qq/returnUrl.php
/controller/pay load fail.
2017-12-18 10:35:16
211.75.237.89

/index.php/pay/47_qq/returnUrl.php
/controller/pay load fail.
2017-12-18 10:35:19
211.75.237.89

/index.php/pay/47_qq/returnUrl.php
/controller/pay load fail.
2017-12-18 10:35:22
211.75.237.89

/index.php/pay/47_qq/returnUrl.php
/controller/pay load fail.
2017-12-18 10:35:25
211.75.237.89

/index.php/pay/47_qq/returnUrl.php
/controller/pay load fail.
2017-12-18 10:35:28
211.75.237.89

/index.php/pay/47_qq/returnUrl.php
/controller/pay load fail.
2017-12-18 10:35:31
211.75.237.89

/index.php/pay/47_qq/returnUrl.php
/controller/pay load fail.
2017-12-18 10:35:34
211.75.237.89

/index.php/pay/47_qq/returnUrl.php
/controller/pay load fail.
2017-12-18 10:35:37
211.75.237.89

/index.php/pay/47_qq/returnUrl.php
/controller/pay load fail.
2017-12-18 10:35:40
211.75.237.89

/index.php/pay/47_qq/returnUrl.php
/controller/pay load fail.
2017-12-18 10:35:43
211.75.237.89

/index.php/pay/47_qq/returnUrl.php
/controller/pay load fail.
2017-12-18 10:35:46
211.75.237.89

/index.php/pay/47_qq/returnUrl.php
/controller/pay load fail.
2017-12-18 10:35:49
211.75.237.89

/index.php/pay/47_qq/returnUrl.php
/controller/pay load fail.
2017-12-18 10:35:52
211.75.237.89

/index.php/pay/47_qq/returnUrl.php
/controller/pay load fail.
2017-12-18 10:35:55
211.75.237.89

/index.php/pay/47_qq/returnUrl.php
/controller/pay load fail.
2017-12-18 10:35:58
211.75.237.89

/index.php/pay/47_qq/returnUrl.php
/controller/pay load fail.
2017-12-18 10:36:01
211.75.237.89

/index.php/pay/47_qq/returnUrl.php
/controller/pay load fail.
2017-12-18 10:36:04
211.75.237.89

/index.php/pay/47_qq/returnUrl.php
/controller/pay load fail.
2017-12-18 10:36:07
211.75.237.89

/index.php/pay/47_qq/returnUrl.php
/controller/pay load fail.
2017-12-18 10:36:10
211.75.237.89

/index.php/pay/47_qq/returnUrl.php
/controller/pay load fail.
2017-12-18 10:36:13
211.75.237.89

/index.php/pay/47_qq/returnUrl.php
/controller/pay load fail.
2017-12-18 10:36:16
211.75.237.89

/index.php/pay/47_qq/returnUrl.php
/controller/pay load fail.
2017-12-18 10:36:19
211.75.237.89

/index.php/pay/47_qq/returnUrl.php
/controller/pay load fail.
2017-12-18 10:36:22
211.75.237.89

/index.php/pay/47_qq/returnUrl.php
/controller/pay load fail.
2017-12-18 10:36:25
211.75.237.89

/index.php/pay/47_qq/returnUrl.php
/controller/pay load fail.
2017-12-18 10:36:28
211.75.237.89

/index.php/pay/47_qq/returnUrl.php
/controller/pay load fail.
2017-12-18 10:36:31
211.75.237.89

/index.php/pay/47_qq/returnUrl.php
/controller/pay load fail.
2017-12-18 10:36:34
211.75.237.89

/index.php/pay/47_qq/returnUrl.php
/controller/pay load fail.
2017-12-18 10:36:37
211.75.237.89

/index.php/pay/47_qq/returnUrl.php
/controller/pay load fail.
2017-12-18 10:36:40
211.75.237.89

/index.php/pay/47_qq/returnUrl.php
/controller/pay load fail.
2017-12-18 10:36:43
211.75.237.89

/index.php/pay/47_qq/returnUrl.php
/controller/pay load fail.
2017-12-18 10:36:46
211.75.237.89

/index.php/pay/47_qq/returnUrl.php
/controller/pay load fail.
2017-12-18 10:36:49
211.75.237.89

/index.php/pay/47_qq/returnUrl.php
/controller/pay load fail.
2017-12-18 10:36:52
211.75.237.89

/index.php/pay/47_qq/returnUrl.php
/controller/pay load fail.
2017-12-18 10:36:55
211.75.237.89

/index.php/pay/47_qq/returnUrl.php
/controller/pay load fail.
2017-12-18 10:36:58
211.75.237.89

/index.php/pay/47_qq/returnUrl.php
/controller/pay load fail.
2017-12-18 10:37:01
211.75.237.89

/index.php/pay/47_qq/returnUrl.php
/controller/pay load fail.
2017-12-18 10:37:04
211.75.237.89

/index.php/pay/47_qq/returnUrl.php
/controller/pay load fail.
2017-12-18 10:37:07
211.75.237.89

/index.php/pay/47_qq/returnUrl.php
/controller/pay load fail.
2017-12-18 10:37:10
211.75.237.89

/index.php/pay/47_qq/returnUrl.php
/controller/pay load fail.
2017-12-18 10:37:13
211.75.237.89

/index.php/pay/47_qq/returnUrl.php
/controller/pay load fail.
2017-12-18 10:37:16
211.75.237.89

/index.php/pay/47_qq/returnUrl.php
/controller/pay load fail.
2017-12-18 10:37:19
211.75.237.89

/index.php/pay/47_qq/returnUrl.php
/controller/pay load fail.
2017-12-18 10:37:22
211.75.237.89

/index.php/pay/47_qq/returnUrl.php
/controller/pay load fail.
2017-12-18 10:37:25
211.75.237.89

/index.php/pay/47_qq/returnUrl.php
/controller/pay load fail.
2017-12-18 10:37:28
211.75.237.89

/index.php/pay/47_qq/returnUrl.php
/controller/pay load fail.
2017-12-18 10:37:31
211.75.237.89

/index.php/pay/47_qq/returnUrl.php
/controller/pay load fail.
2017-12-18 10:37:34
211.75.237.89

/index.php/pay/47_qq/returnUrl.php
/controller/pay load fail.
2017-12-18 10:37:37
211.75.237.89

/index.php/pay/47_qq/returnUrl.php
/controller/pay load fail.
2017-12-18 10:37:40
211.75.237.89

/index.php/pay/47_qq/returnUrl.php
/controller/pay load fail.
2017-12-18 10:37:43
211.75.237.89

/index.php/pay/47_qq/returnUrl.php
/controller/pay load fail.
2017-12-18 10:37:46
211.75.237.89

/index.php/pay/47_qq/returnUrl.php
/controller/pay load fail.
2017-12-18 10:37:49
211.75.237.89

/index.php/pay/47_qq/returnUrl.php
/controller/pay load fail.
2017-12-18 10:37:52
211.75.237.89

/index.php/pay/47_qq/returnUrl.php
/controller/pay load fail.
2017-12-18 10:37:55
211.75.237.89

/index.php/pay/47_qq/returnUrl.php
/controller/pay load fail.
2017-12-18 10:37:58
211.75.237.89

/index.php/pay/47_qq/returnUrl.php
/controller/pay load fail.
2017-12-18 10:38:01
211.75.237.89

/index.php/pay/47_qq/returnUrl.php
/controller/pay load fail.
2017-12-18 10:38:04
211.75.237.89

/index.php/pay/47_qq/returnUrl.php
/controller/pay load fail.
2017-12-18 10:38:07
211.75.237.89

/index.php/pay/47_qq/returnUrl.php
/controller/pay load fail.
2017-12-18 10:38:10
211.75.237.89

/index.php/pay/47_qq/returnUrl.php
/controller/pay load fail.
2017-12-18 10:38:13
211.75.237.89

/index.php/pay/47_qq/returnUrl.php
/controller/pay load fail.
2017-12-18 10:38:16
211.75.237.89

/index.php/pay/47_qq/returnUrl.php
/controller/pay load fail.
2017-12-18 10:38:19
211.75.237.89

/index.php/pay/47_qq/returnUrl.php
/controller/pay load fail.
2017-12-18 10:38:22
211.75.237.89

/index.php/pay/47_qq/returnUrl.php
/controller/pay load fail.
2017-12-18 10:38:25
211.75.237.89

/index.php/pay/47_qq/returnUrl.php
/controller/pay load fail.
2017-12-18 10:38:28
211.75.237.89

/index.php/pay/47_qq/returnUrl.php
/controller/pay load fail.
2017-12-18 10:38:31
211.75.237.89

/index.php/pay/47_qq/returnUrl.php
/controller/pay load fail.
2017-12-18 10:38:34
211.75.237.89

/index.php/pay/47_qq/returnUrl.php
/controller/pay load fail.
2017-12-18 10:38:37
211.75.237.89

/index.php/pay/47_qq/returnUrl.php
/controller/pay load fail.
2017-12-18 10:38:40
211.75.237.89

/index.php/pay/47_qq/returnUrl.php
/controller/pay load fail.
2017-12-18 10:38:43
211.75.237.89

/index.php/pay/47_qq/returnUrl.php
/controller/pay load fail.
2017-12-18 10:38:46
211.75.237.89

/index.php/pay/47_qq/returnUrl.php
/controller/pay load fail.
2017-12-18 10:38:49
211.75.237.89

/index.php/pay/47_qq/returnUrl.php
/controller/pay load fail.
2017-12-18 10:38:52
211.75.237.89

/index.php/pay/47_qq/returnUrl.php
/controller/pay load fail.
2017-12-18 10:38:55
211.75.237.89

/index.php/pay/47_qq/returnUrl.php
/controller/pay load fail.
2017-12-18 10:38:58
211.75.237.89

/index.php/pay/47_qq/returnUrl.php
/controller/pay load fail.
2017-12-18 10:39:01
211.75.237.89

/index.php/pay/47_qq/returnUrl.php
/controller/pay load fail.
2017-12-18 10:39:04
211.75.237.89

/index.php/pay/47_qq/returnUrl.php
/controller/pay load fail.
2017-12-18 10:39:07
211.75.237.89

/index.php/pay/47_qq/returnUrl.php
/controller/pay load fail.
2017-12-18 10:39:10
211.75.237.89

/index.php/pay/47_qq/returnUrl.php
/controller/pay load fail.
2017-12-18 10:39:13
211.75.237.89

/index.php/pay/47_qq/returnUrl.php
/controller/pay load fail.
2017-12-18 10:39:16
211.75.237.89

/index.php/pay/47_qq/returnUrl.php
/controller/pay load fail.
2017-12-18 10:39:19
211.75.237.89

/index.php/pay/47_qq/returnUrl.php
/controller/pay load fail.
2017-12-18 10:39:22
211.75.237.89

/index.php/pay/47_qq/returnUrl.php
/controller/pay load fail.
2017-12-18 10:39:25
211.75.237.89

/index.php/pay/47_qq/returnUrl.php
/controller/pay load fail.
2017-12-18 10:39:28
211.75.237.89

/index.php/pay/47_qq/returnUrl.php
/controller/pay load fail.
2017-12-18 10:39:31
211.75.237.89

/index.php/pay/47_qq/returnUrl.php
/controller/pay load fail.
2017-12-18 10:39:34
211.75.237.89

/index.php/pay/47_qq/returnUrl.php
/controller/pay load fail.
2017-12-18 10:39:37
211.75.237.89

/index.php/pay/47_qq/returnUrl.php
/controller/pay load fail.
2017-12-18 10:39:40
211.75.237.89

/index.php/pay/47_qq/returnUrl.php
/controller/pay load fail.
2017-12-18 10:39:43
211.75.237.89

/index.php/pay/47_qq/returnUrl.php
/controller/pay load fail.
2017-12-18 10:39:46
211.75.237.89

/index.php/pay/47_qq/returnUrl.php
/controller/pay load fail.
2017-12-18 10:39:49
211.75.237.89

/index.php/pay/47_qq/returnUrl.php
/controller/pay load fail.
2017-12-18 10:39:52
211.75.237.89

/index.php/pay/47_qq/returnUrl.php
/controller/pay load fail.
2017-12-18 10:39:55
211.75.237.89

/index.php/pay/47_qq/returnUrl.php
/controller/pay load fail.
2017-12-18 10:39:58
211.75.237.89

/index.php/pay/47_qq/returnUrl.php
/controller/pay load fail.
2017-12-18 10:40:01
211.75.237.89

/index.php/pay/47_qq/returnUrl.php
/controller/pay load fail.
2017-12-18 10:40:04
211.75.237.89

/index.php/pay/47_qq/returnUrl.php
/controller/pay load fail.
2017-12-18 10:40:07
211.75.237.89

/index.php/pay/47_qq/returnUrl.php
/controller/pay load fail.
2017-12-18 10:40:10
211.75.237.89

/index.php/pay/47_qq/returnUrl.php
/controller/pay load fail.
2017-12-18 10:40:13
211.75.237.89

/index.php/pay/47_qq/returnUrl.php
/controller/pay load fail.
2017-12-18 10:40:16
211.75.237.89

/index.php/pay/47_qq/returnUrl.php
/controller/pay load fail.
2017-12-18 10:40:19
211.75.237.89

/index.php/pay/47_qq/returnUrl.php
/controller/pay load fail.
2017-12-18 10:40:22
211.75.237.89

/index.php/pay/47_qq/returnUrl.php
/controller/pay load fail.
2017-12-18 10:40:25
211.75.237.89

/index.php/pay/47_qq/returnUrl.php
/controller/pay load fail.
2017-12-18 10:40:28
211.75.237.89

/index.php/pay/47_qq/returnUrl.php
/controller/pay load fail.
2017-12-18 10:40:31
211.75.237.89

/index.php/pay/47_qq/returnUrl.php
/controller/pay load fail.
2017-12-18 10:40:34
211.75.237.89

/index.php/pay/47_qq/returnUrl.php
/controller/pay load fail.
2017-12-18 10:40:37
211.75.237.89

/index.php/pay/47_qq/returnUrl.php
/controller/pay load fail.
2017-12-18 10:40:40
211.75.237.89

/index.php/pay/47_qq/returnUrl.php
/controller/pay load fail.
2017-12-18 10:40:43
211.75.237.89

/index.php/pay/47_qq/returnUrl.php
/controller/pay load fail.
2017-12-18 10:40:46
211.75.237.89

/index.php/pay/47_qq/returnUrl.php
/controller/pay load fail.
2017-12-18 10:40:49
211.75.237.89

/index.php/pay/47_qq/returnUrl.php
/controller/pay load fail.
2017-12-18 10:40:52
211.75.237.89

/index.php/pay/47_qq/returnUrl.php
/controller/pay load fail.
2017-12-18 10:40:55
211.75.237.89

/index.php/pay/47_qq/returnUrl.php
/controller/pay load fail.
2017-12-18 10:40:58
211.75.237.89

/index.php/pay/47_qq/returnUrl.php
/controller/pay load fail.
2017-12-18 10:41:01
211.75.237.89

/index.php/pay/47_qq/returnUrl.php
/controller/pay load fail.
2017-12-18 10:41:04
211.75.237.89

/index.php/pay/47_qq/returnUrl.php
/controller/pay load fail.
2017-12-18 10:41:07
211.75.237.89

/index.php/pay/47_qq/returnUrl.php
/controller/pay load fail.
2017-12-18 10:41:10
211.75.237.89

/index.php/pay/47_qq/returnUrl.php
/controller/pay load fail.
2017-12-18 10:41:13
211.75.237.89

/index.php/pay/47_qq/returnUrl.php
/controller/pay load fail.
2017-12-18 10:41:16
211.75.237.89

/index.php/pay/47_qq/returnUrl.php
/controller/pay load fail.
2017-12-18 10:41:19
211.75.237.89

/index.php/pay/47_qq/returnUrl.php
/controller/pay load fail.
2017-12-18 10:41:22
211.75.237.89

/index.php/pay/47_qq/returnUrl.php
/controller/pay load fail.
2017-12-18 10:41:25
211.75.237.89

/index.php/pay/47_qq/returnUrl.php
/controller/pay load fail.
2017-12-18 10:41:28
211.75.237.89

/index.php/pay/47_qq/returnUrl.php
/controller/pay load fail.
2017-12-18 10:41:31
211.75.237.89

/index.php/pay/47_qq/returnUrl.php
/controller/pay load fail.
2017-12-18 10:41:34
211.75.237.89

/index.php/pay/47_qq/returnUrl.php
/controller/pay load fail.
2017-12-18 10:41:37
211.75.237.89

/index.php/pay/47_qq/returnUrl.php
/controller/pay load fail.
2017-12-18 10:55:20
111.235.135.54

/index.php/pay/47_qq/returnUrl.php
/controller/pay load fail.
2017-12-18 10:55:23
111.235.135.54

/index.php/pay/47_qq/returnUrl.php
/controller/pay load fail.
2017-12-18 10:55:26
111.235.135.54

/index.php/pay/47_qq/returnUrl.php
/controller/pay load fail.
2017-12-18 10:55:29
111.235.135.54

/index.php/pay/47_qq/returnUrl.php
/controller/pay load fail.
2017-12-18 10:55:32
111.235.135.54

/index.php/static/assets/css/app1.css
/controller/static load fail.
2017-12-18 10:59:41
202.108.53.120

/index.php/pay/pf_code/send.php
/controller/pay load fail.
2017-12-18 11:06:11
218.25.67.246

/index.php/pay/pf_code/send.php
/controller/pay load fail.
2017-12-18 11:06:11
218.25.67.246

/index.php/pay/pf_code/send.php
/controller/pay load fail.
2017-12-18 11:06:13
183.136.238.214

/index.php/static/assets/css/app1.css
/controller/static load fail.
2017-12-18 11:09:28
115.216.125.142

/index.php/static/assets/css/app1.css
/controller/static load fail.
2017-12-18 11:10:20
183.3.239.163

/index.php/static/assets/css/app1.css
/controller/static load fail.
2017-12-18 11:10:24
115.216.125.142

/index.php/pay/pf_code/returnUrl.php
/controller/pay load fail.
2017-12-18 11:10:39
218.25.67.246

/index.php/pay/pf_code/returnUrl.php
/controller/pay load fail.
2017-12-18 11:10:42
218.25.67.246

/index.php/pay/pf_code/returnUrl.php
/controller/pay load fail.
2017-12-18 11:10:45
218.25.67.246

/index.php/pay/pf_code/returnUrl.php
/controller/pay load fail.
2017-12-18 11:10:48
218.25.67.246

/index.php/pay/pf_code/returnUrl.php
/controller/pay load fail.
2017-12-18 11:10:51
218.25.67.246

/index.php/pay/pf_code/returnUrl.php
/controller/pay load fail.
2017-12-18 11:10:54
218.25.67.246

/index.php/pay/pf_code/returnUrl.php
/controller/pay load fail.
2017-12-18 11:10:57
218.25.67.246

/index.php/pay/pf_code/returnUrl.php
/controller/pay load fail.
2017-12-18 11:11:00
218.25.67.246

/index.php/pay/pf_code/returnUrl.php
/controller/pay load fail.
2017-12-18 11:11:03
218.25.67.246

/index.php/pay/pf_code/returnUrl.php
/controller/pay load fail.
2017-12-18 11:11:06
218.25.67.246

/index.php/pay/pf_code/returnUrl.php
/controller/pay load fail.
2017-12-18 11:11:09
218.25.67.246

/index.php/pay/pf_code/returnUrl.php
/controller/pay load fail.
2017-12-18 11:11:12
218.25.67.246

/index.php/pay/pf_code/returnUrl.php
/controller/pay load fail.
2017-12-18 11:11:15
218.25.67.246

/index.php/pay/pf_code/returnUrl.php
/controller/pay load fail.
2017-12-18 11:11:18
218.25.67.246

/index.php/pay/pf_code/returnUrl.php
/controller/pay load fail.
2017-12-18 11:11:21
218.25.67.246

/index.php/pay/pf_code/returnUrl.php
/controller/pay load fail.
2017-12-18 11:11:24
218.25.67.246

/index.php/pay/pf_code/returnUrl.php
/controller/pay load fail.
2017-12-18 11:11:27
218.25.67.246

/index.php/pay/pf_code/returnUrl.php
/controller/pay load fail.
2017-12-18 11:11:30
218.25.67.246

/index.php/pay/pf_code/returnUrl.php
/controller/pay load fail.
2017-12-18 11:11:33
218.25.67.246

/index.php/pay/pf_code/returnUrl.php
/controller/pay load fail.
2017-12-18 11:11:36
218.25.67.246

/index.php/pay/pf_code/returnUrl.php
/controller/pay load fail.
2017-12-18 11:11:39
218.25.67.246

/index.php/pay/pf_code/returnUrl.php
/controller/pay load fail.
2017-12-18 11:11:42
218.25.67.246

/index.php/pay/pf_code/returnUrl.php
/controller/pay load fail.
2017-12-18 11:11:45
218.25.67.246

/index.php/pay/pf_code/returnUrl.php
/controller/pay load fail.
2017-12-18 11:11:48
218.25.67.246

/index.php/pay/pf_code/returnUrl.php
/controller/pay load fail.
2017-12-18 11:11:51
218.25.67.246

/index.php/pay/pf_code/returnUrl.php
/controller/pay load fail.
2017-12-18 11:11:54
218.25.67.246

/index.php/pay/pf_code/returnUrl.php
/controller/pay load fail.
2017-12-18 11:11:57
218.25.67.246

/index.php/pay/pf_code/returnUrl.php
/controller/pay load fail.
2017-12-18 11:12:00
218.25.67.246

/index.php/pay/pf_code/returnUrl.php
/controller/pay load fail.
2017-12-18 11:12:03
218.25.67.246

/index.php/pay/pf_code/returnUrl.php
/controller/pay load fail.
2017-12-18 11:12:06
218.25.67.246

/index.php/pay/pf_code/returnUrl.php
/controller/pay load fail.
2017-12-18 11:12:09
218.25.67.246

/index.php/pay/pf_code/returnUrl.php
/controller/pay load fail.
2017-12-18 11:12:12
218.25.67.246

/index.php/pay/pf_code/returnUrl.php
/controller/pay load fail.
2017-12-18 11:12:15
218.25.67.246

/index.php/pay/pf_code/returnUrl.php
/controller/pay load fail.
2017-12-18 11:12:18
218.25.67.246

/index.php/pay/pf_code/returnUrl.php
/controller/pay load fail.
2017-12-18 11:12:21
218.25.67.246

/index.php/pay/pf_code/returnUrl.php
/controller/pay load fail.
2017-12-18 11:12:24
218.25.67.246

/index.php/pay/pf_code/returnUrl.php
/controller/pay load fail.
2017-12-18 11:12:27
218.25.67.246

/index.php/pay/pf_code/returnUrl.php
/controller/pay load fail.
2017-12-18 11:12:30
218.25.67.246

/index.php/pay/pf_code/returnUrl.php
/controller/pay load fail.
2017-12-18 11:12:33
218.25.67.246

/index.php/pay/pf_code/returnUrl.php
/controller/pay load fail.
2017-12-18 11:12:36
218.25.67.246

/index.php/pay/pf_code/returnUrl.php
/controller/pay load fail.
2017-12-18 11:12:39
218.25.67.246

/index.php/pay/pf_code/returnUrl.php
/controller/pay load fail.
2017-12-18 11:12:42
218.25.67.246

/index.php/pay/pf_code/returnUrl.php
/controller/pay load fail.
2017-12-18 11:12:45
218.25.67.246

/index.php/pay/pf_code/returnUrl.php
/controller/pay load fail.
2017-12-18 11:12:48
218.25.67.246

/index.php/pay/pf_code/returnUrl.php
/controller/pay load fail.
2017-12-18 11:12:51
218.25.67.246

/index.php/pay/pf_code/returnUrl.php
/controller/pay load fail.
2017-12-18 11:12:54
218.25.67.246

/index.php/pay/pf_code/returnUrl.php
/controller/pay load fail.
2017-12-18 11:12:57
218.25.67.246

/index.php/pay/pf_code/returnUrl.php
/controller/pay load fail.
2017-12-18 11:13:00
218.25.67.246

/index.php/pay/pf_code/returnUrl.php
/controller/pay load fail.
2017-12-18 11:13:03
218.25.67.246

/index.php/pay/pf_code/returnUrl.php
/controller/pay load fail.
2017-12-18 11:13:06
218.25.67.246

/index.php/pay/pf_code/returnUrl.php
/controller/pay load fail.
2017-12-18 11:13:09
218.25.67.246

/index.php/pay/pf_code/returnUrl.php
/controller/pay load fail.
2017-12-18 11:13:12
218.25.67.246

/index.php/pay/pf_code/returnUrl.php
/controller/pay load fail.
2017-12-18 11:13:15
218.25.67.246

/index.php/pay/pf_code/returnUrl.php
/controller/pay load fail.
2017-12-18 11:13:18
218.25.67.246

/index.php/pay/pf_code/returnUrl.php
/controller/pay load fail.
2017-12-18 11:13:21
218.25.67.246

/index.php/pay/pf_code/returnUrl.php
/controller/pay load fail.
2017-12-18 11:13:24
218.25.67.246

/index.php/pay/pf_code/returnUrl.php
/controller/pay load fail.
2017-12-18 11:13:27
218.25.67.246

/index.php/pay/pf_code/returnUrl.php
/controller/pay load fail.
2017-12-18 11:13:30
218.25.67.246

/index.php/pay/pf_code/returnUrl.php
/controller/pay load fail.
2017-12-18 11:13:33
218.25.67.246

/index.php/pay/pf_code/returnUrl.php
/controller/pay load fail.
2017-12-18 11:13:36
218.25.67.246

/index.php/pay/pf_code/returnUrl.php
/controller/pay load fail.
2017-12-18 11:13:39
218.25.67.246

/index.php/pay/pf_code/returnUrl.php
/controller/pay load fail.
2017-12-18 11:13:42
218.25.67.246

/index.php/pay/pf_code/returnUrl.php
/controller/pay load fail.
2017-12-18 11:13:45
218.25.67.246

/index.php/pay/pf_code/returnUrl.php
/controller/pay load fail.
2017-12-18 11:13:48
218.25.67.246

/index.php/pay/pf_code/returnUrl.php
/controller/pay load fail.
2017-12-18 11:13:51
218.25.67.246

/index.php/pay/pf_code/returnUrl.php
/controller/pay load fail.
2017-12-18 11:13:54
218.25.67.246

/index.php/pay/pf_code/returnUrl.php
/controller/pay load fail.
2017-12-18 11:13:57
218.25.67.246

/index.php/pay/pf_code/returnUrl.php
/controller/pay load fail.
2017-12-18 11:14:00
218.25.67.246

/index.php/pay/pf_code/returnUrl.php
/controller/pay load fail.
2017-12-18 11:14:03
218.25.67.246

/index.php/pay/pf_code/returnUrl.php
/controller/pay load fail.
2017-12-18 11:14:06
218.25.67.246

/index.php/pay/pf_code/returnUrl.php
/controller/pay load fail.
2017-12-18 11:14:09
218.25.67.246

/index.php/pay/pf_code/returnUrl.php
/controller/pay load fail.
2017-12-18 11:14:12
218.25.67.246

/index.php/pay/pf_code/returnUrl.php
/controller/pay load fail.
2017-12-18 11:14:15
218.25.67.246

/index.php/pay/pf_code/returnUrl.php
/controller/pay load fail.
2017-12-18 11:14:18
218.25.67.246

/index.php/pay/pf_code/returnUrl.php
/controller/pay load fail.
2017-12-18 11:14:21
218.25.67.246

/index.php/pay/pf_code/returnUrl.php
/controller/pay load fail.
2017-12-18 11:14:24
218.25.67.246

/index.php/pay/pf_code/returnUrl.php
/controller/pay load fail.
2017-12-18 11:14:27
218.25.67.246

/index.php/pay/pf_code/returnUrl.php
/controller/pay load fail.
2017-12-18 11:14:30
218.25.67.246

/index.php/pay/pf_code/returnUrl.php
/controller/pay load fail.
2017-12-18 11:14:33
218.25.67.246

/index.php/pay/pf_code/returnUrl.php
/controller/pay load fail.
2017-12-18 11:14:36
218.25.67.246

/index.php/pay/pf_code/returnUrl.php
/controller/pay load fail.
2017-12-18 11:14:39
218.25.67.246

/index.php/pay/pf_code/returnUrl.php
/controller/pay load fail.
2017-12-18 11:14:42
218.25.67.246

/index.php/pay/pf_code/returnUrl.php
/controller/pay load fail.
2017-12-18 11:14:45
218.25.67.246

/index.php/pay/pf_code/returnUrl.php
/controller/pay load fail.
2017-12-18 11:14:48
218.25.67.246

/index.php/pay/pf_code/returnUrl.php
/controller/pay load fail.
2017-12-18 11:14:51
218.25.67.246

/index.php/pay/pf_code/returnUrl.php
/controller/pay load fail.
2017-12-18 11:14:54
218.25.67.246

/index.php/pay/pf_code/returnUrl.php
/controller/pay load fail.
2017-12-18 11:14:57
218.25.67.246

/index.php/pay/pf_code/returnUrl.php
/controller/pay load fail.
2017-12-18 11:15:00
218.25.67.246

/index.php/pay/pf_code/returnUrl.php
/controller/pay load fail.
2017-12-18 11:15:03
218.25.67.246

/index.php/pay/pf_code/returnUrl.php
/controller/pay load fail.
2017-12-18 11:15:06
218.25.67.246

/index.php/pay/pf_code/returnUrl.php
/controller/pay load fail.
2017-12-18 11:15:09
218.25.67.246

/index.php/pay/pf_code/returnUrl.php
/controller/pay load fail.
2017-12-18 11:15:12
218.25.67.246

/index.php/pay/pf_code/returnUrl.php
/controller/pay load fail.
2017-12-18 11:15:15
218.25.67.246

/index.php/pay/pf_code/returnUrl.php
/controller/pay load fail.
2017-12-18 11:15:18
218.25.67.246

/index.php/pay/pf_code/returnUrl.php
/controller/pay load fail.
2017-12-18 11:15:21
218.25.67.246

/index.php/pay/pf_code/returnUrl.php
/controller/pay load fail.
2017-12-18 11:15:24
218.25.67.246

/index.php/pay/pf_code/returnUrl.php
/controller/pay load fail.
2017-12-18 11:15:27
218.25.67.246

/index.php/pay/pf_code/returnUrl.php
/controller/pay load fail.
2017-12-18 11:15:30
218.25.67.246

/index.php/pay/pf_code/returnUrl.php
/controller/pay load fail.
2017-12-18 11:15:33
218.25.67.246

/index.php/static/assets/css/app1.css
/controller/static load fail.
2017-12-18 11:15:36
113.61.35.194

/index.php/pay/pf_code/returnUrl.php
/controller/pay load fail.
2017-12-18 11:15:36
218.25.67.246

/index.php/pay/pf_code/returnUrl.php
/controller/pay load fail.
2017-12-18 11:15:39
218.25.67.246

/index.php/pay/pf_code/returnUrl.php
/controller/pay load fail.
2017-12-18 11:15:42
218.25.67.246

/index.php/pay/pf_code/returnUrl.php
/controller/pay load fail.
2017-12-18 11:15:45
218.25.67.246

/index.php/pay/pf_code/returnUrl.php
/controller/pay load fail.
2017-12-18 11:15:48
218.25.67.246

/index.php/pay/pf_code/returnUrl.php
/controller/pay load fail.
2017-12-18 11:15:51
218.25.67.246

/index.php/pay/pf_code/returnUrl.php
/controller/pay load fail.
2017-12-18 11:15:54
218.25.67.246

/index.php/pay/pf_code/returnUrl.php
/controller/pay load fail.
2017-12-18 11:15:57
218.25.67.246

/index.php/pay/pf_code/returnUrl.php
/controller/pay load fail.
2017-12-18 11:16:00
218.25.67.246

/index.php/pay/pf_code/returnUrl.php
/controller/pay load fail.
2017-12-18 11:16:03
218.25.67.246

/index.php/pay/pf_code/returnUrl.php
/controller/pay load fail.
2017-12-18 11:16:06
218.25.67.246

/index.php/pay/pf_code/returnUrl.php
/controller/pay load fail.
2017-12-18 11:16:09
218.25.67.246

/index.php/pay/pf_code/returnUrl.php
/controller/pay load fail.
2017-12-18 11:16:12
218.25.67.246

/index.php/pay/pf_code/returnUrl.php
/controller/pay load fail.
2017-12-18 11:16:15
218.25.67.246

/index.php/pay/pf_code/returnUrl.php
/controller/pay load fail.
2017-12-18 11:16:18
218.25.67.246

/index.php/pay/pf_code/returnUrl.php
/controller/pay load fail.
2017-12-18 11:16:21
218.25.67.246

/index.php/pay/pf_code/returnUrl.php
/controller/pay load fail.
2017-12-18 11:16:24
218.25.67.246

/index.php/pay/pf_code/returnUrl.php
/controller/pay load fail.
2017-12-18 11:16:27
218.25.67.246

/index.php/pay/pf_code/returnUrl.php
/controller/pay load fail.
2017-12-18 11:16:30
218.25.67.246

/index.php/pay/pf_code/returnUrl.php
/controller/pay load fail.
2017-12-18 11:16:33
218.25.67.246

/index.php/pay/pf_code/returnUrl.php
/controller/pay load fail.
2017-12-18 11:16:36
218.25.67.246

/index.php/pay/pf_code/returnUrl.php
/controller/pay load fail.
2017-12-18 11:16:39
218.25.67.246

/index.php/pay/pf_code/returnUrl.php
/controller/pay load fail.
2017-12-18 11:16:42
218.25.67.246

/index.php/pay/pf_code/returnUrl.php
/controller/pay load fail.
2017-12-18 11:16:45
218.25.67.246

/index.php/pay/pf_code/returnUrl.php
/controller/pay load fail.
2017-12-18 11:16:48
218.25.67.246

/index.php/pay/pf_code/returnUrl.php
/controller/pay load fail.
2017-12-18 11:16:51
218.25.67.246

/index.php/pay/pf_code/returnUrl.php
/controller/pay load fail.
2017-12-18 11:16:54
218.25.67.246

/index.php/pay/pf_code/returnUrl.php
/controller/pay load fail.
2017-12-18 11:16:57
218.25.67.246

/index.php/pay/pf_code/returnUrl.php
/controller/pay load fail.
2017-12-18 11:17:00
218.25.67.246

/index.php/pay/pf_code/returnUrl.php
/controller/pay load fail.
2017-12-18 11:17:03
218.25.67.246

/index.php/pay/pf_code/returnUrl.php
/controller/pay load fail.
2017-12-18 11:17:06
218.25.67.246

/index.php/pay/pf_code/returnUrl.php
/controller/pay load fail.
2017-12-18 11:17:09
218.25.67.246

/index.php/pay/pf_code/returnUrl.php
/controller/pay load fail.
2017-12-18 11:17:12
218.25.67.246

/index.php/pay/pf_code/returnUrl.php
/controller/pay load fail.
2017-12-18 11:17:15
218.25.67.246

/index.php/pay/pf_code/returnUrl.php
/controller/pay load fail.
2017-12-18 11:17:18
218.25.67.246

/index.php/pay/pf_code/returnUrl.php
/controller/pay load fail.
2017-12-18 11:17:21
218.25.67.246

/index.php/pay/pf_code/returnUrl.php
/controller/pay load fail.
2017-12-18 11:17:24
218.25.67.246

/index.php/pay/pf_code/returnUrl.php
/controller/pay load fail.
2017-12-18 11:17:27
218.25.67.246

/index.php/pay/pf_code/returnUrl.php
/controller/pay load fail.
2017-12-18 11:17:30
218.25.67.246

/index.php/pay/pf_code/returnUrl.php
/controller/pay load fail.
2017-12-18 11:17:33
218.25.67.246

/index.php/pay/pf_code/returnUrl.php
/controller/pay load fail.
2017-12-18 11:17:36
218.25.67.246

/index.php/pay/pf_code/returnUrl.php
/controller/pay load fail.
2017-12-18 11:17:39
218.25.67.246

/index.php/pay/pf_code/returnUrl.php
/controller/pay load fail.
2017-12-18 11:17:42
218.25.67.246

/index.php/pay/pf_code/returnUrl.php
/controller/pay load fail.
2017-12-18 11:17:45
218.25.67.246

/index.php/pay/pf_code/returnUrl.php
/controller/pay load fail.
2017-12-18 11:17:48
218.25.67.246

/index.php/pay/pf_code/returnUrl.php
/controller/pay load fail.
2017-12-18 11:17:51
218.25.67.246

/index.php/pay/pf_code/returnUrl.php
/controller/pay load fail.
2017-12-18 11:17:54
218.25.67.246

/index.php/pay/pf_code/returnUrl.php
/controller/pay load fail.
2017-12-18 11:17:57
218.25.67.246

/index.php/pay/pf_code/returnUrl.php
/controller/pay load fail.
2017-12-18 11:18:00
218.25.67.246

/index.php/pay/pf_code/returnUrl.php
/controller/pay load fail.
2017-12-18 11:18:03
218.25.67.246

/index.php/pay/pf_code/returnUrl.php
/controller/pay load fail.
2017-12-18 11:18:06
218.25.67.246

/index.php/pay/pf_code/returnUrl.php
/controller/pay load fail.
2017-12-18 11:18:09
218.25.67.246

/index.php/pay/pf_code/returnUrl.php
/controller/pay load fail.
2017-12-18 11:18:12
218.25.67.246

/index.php/pay/pf_code/returnUrl.php
/controller/pay load fail.
2017-12-18 11:18:15
218.25.67.246

/index.php/pay/pf_code/returnUrl.php
/controller/pay load fail.
2017-12-18 11:18:18
218.25.67.246

/index.php/pay/pf_code/returnUrl.php
/controller/pay load fail.
2017-12-18 11:18:21
218.25.67.246

/index.php/pay/pf_code/returnUrl.php
/controller/pay load fail.
2017-12-18 11:18:24
218.25.67.246

/index.php/pay/pf_code/returnUrl.php
/controller/pay load fail.
2017-12-18 11:18:27
218.25.67.246

/index.php/pay/pf_code/returnUrl.php
/controller/pay load fail.
2017-12-18 11:18:30
218.25.67.246

/index.php/pay/pf_code/returnUrl.php
/controller/pay load fail.
2017-12-18 11:18:33
218.25.67.246

/index.php/pay/pf_code/returnUrl.php
/controller/pay load fail.
2017-12-18 11:18:36
218.25.67.246

/index.php/pay/pf_code/returnUrl.php
/controller/pay load fail.
2017-12-18 11:18:39
218.25.67.246

/index.php/pay/pf_code/returnUrl.php
/controller/pay load fail.
2017-12-18 11:18:42
218.25.67.246

/index.php/pay/pf_code/returnUrl.php
/controller/pay load fail.
2017-12-18 11:18:45
218.25.67.246

/index.php/pay/pf_code/returnUrl.php
/controller/pay load fail.
2017-12-18 11:18:48
218.25.67.246

/index.php/pay/pf_code/returnUrl.php
/controller/pay load fail.
2017-12-18 11:18:51
218.25.67.246

/index.php/pay/pf_code/returnUrl.php
/controller/pay load fail.
2017-12-18 11:18:54
218.25.67.246

/index.php/pay/pf_code/returnUrl.php
/controller/pay load fail.
2017-12-18 11:18:57
218.25.67.246

/index.php/pay/pf_code/returnUrl.php
/controller/pay load fail.
2017-12-18 11:19:00
218.25.67.246

/index.php/pay/pf_code/returnUrl.php
/controller/pay load fail.
2017-12-18 11:19:03
218.25.67.246

/index.php/pay/pf_code/returnUrl.php
/controller/pay load fail.
2017-12-18 11:19:06
218.25.67.246

/index.php/pay/pf_code/returnUrl.php
/controller/pay load fail.
2017-12-18 11:19:09
218.25.67.246

/index.php/pay/pf_code/returnUrl.php
/controller/pay load fail.
2017-12-18 11:19:12
218.25.67.246

/index.php/pay/pf_code/returnUrl.php
/controller/pay load fail.
2017-12-18 11:19:15
218.25.67.246

/index.php/pay/pf_code/returnUrl.php
/controller/pay load fail.
2017-12-18 11:19:18
218.25.67.246

/index.php/pay/pf_code/returnUrl.php
/controller/pay load fail.
2017-12-18 11:19:21
218.25.67.246

/index.php/pay/pf_code/returnUrl.php
/controller/pay load fail.
2017-12-18 11:19:24
218.25.67.246

/index.php/pay/pf_code/returnUrl.php
/controller/pay load fail.
2017-12-18 11:19:27
218.25.67.246

/index.php/pay/pf_code/returnUrl.php
/controller/pay load fail.
2017-12-18 11:19:30
218.25.67.246

/index.php/pay/pf_code/returnUrl.php
/controller/pay load fail.
2017-12-18 11:19:33
218.25.67.246

/index.php/pay/pf_code/returnUrl.php
/controller/pay load fail.
2017-12-18 11:19:36
218.25.67.246

/index.php/pay/pf_code/returnUrl.php
/controller/pay load fail.
2017-12-18 11:19:39
218.25.67.246

/index.php/pay/pf_code/returnUrl.php
/controller/pay load fail.
2017-12-18 11:19:42
218.25.67.246

/index.php/pay/pf_code/returnUrl.php
/controller/pay load fail.
2017-12-18 11:19:45
218.25.67.246

/index.php/pay/pf_code/returnUrl.php
/controller/pay load fail.
2017-12-18 11:19:48
218.25.67.246

/index.php/pay/pf_code/returnUrl.php
/controller/pay load fail.
2017-12-18 11:19:51
218.25.67.246

/index.php/pay/pf_code/returnUrl.php
/controller/pay load fail.
2017-12-18 11:19:54
218.25.67.246

/index.php/pay/pf_code/returnUrl.php
/controller/pay load fail.
2017-12-18 11:19:57
218.25.67.246

/index.php/pay/pf_code/returnUrl.php
/controller/pay load fail.
2017-12-18 11:20:00
218.25.67.246

/index.php/pay/pf_code/returnUrl.php
/controller/pay load fail.
2017-12-18 11:20:03
218.25.67.246

/index.php/pay/pf_code/returnUrl.php
/controller/pay load fail.
2017-12-18 11:20:06
218.25.67.246

/index.php/pay/pf_code/returnUrl.php
/controller/pay load fail.
2017-12-18 11:20:09
218.25.67.246

/index.php/pay/pf_code/returnUrl.php
/controller/pay load fail.
2017-12-18 11:20:12
218.25.67.246

/index.php/pay/pf_code/returnUrl.php
/controller/pay load fail.
2017-12-18 11:20:15
218.25.67.246

/index.php/pay/pf_code/returnUrl.php
/controller/pay load fail.
2017-12-18 11:20:18
218.25.67.246

/index.php/pay/pf_code/returnUrl.php
/controller/pay load fail.
2017-12-18 11:20:21
218.25.67.246

/index.php/pay/pf_code/returnUrl.php
/controller/pay load fail.
2017-12-18 11:20:24
218.25.67.246

/index.php/pay/pf_code/returnUrl.php
/controller/pay load fail.
2017-12-18 11:20:27
218.25.67.246

/index.php/pay/pf_code/returnUrl.php
/controller/pay load fail.
2017-12-18 11:20:30
218.25.67.246

/index.php/pay/pf_code/returnUrl.php
/controller/pay load fail.
2017-12-18 11:20:33
218.25.67.246

/index.php/pay/pf_code/returnUrl.php
/controller/pay load fail.
2017-12-18 11:20:36
218.25.67.246

/index.php/pay/pf_code/returnUrl.php
/controller/pay load fail.
2017-12-18 11:20:39
218.25.67.246

/index.php/pay/pf_code/returnUrl.php
/controller/pay load fail.
2017-12-18 11:20:42
218.25.67.246

/index.php/pay/pf_code/returnUrl.php
/controller/pay load fail.
2017-12-18 11:20:45
218.25.67.246

/index.php/pay/pf_code/returnUrl.php
/controller/pay load fail.
2017-12-18 11:20:48
218.25.67.246

/index.php/pay/pf_code/returnUrl.php
/controller/pay load fail.
2017-12-18 11:20:51
218.25.67.246

/index.php/pay/pf_code/returnUrl.php
/controller/pay load fail.
2017-12-18 11:20:54
218.25.67.246

/index.php/pay/pf_code/returnUrl.php
/controller/pay load fail.
2017-12-18 11:20:57
218.25.67.246

/index.php/pay/pf_code/returnUrl.php
/controller/pay load fail.
2017-12-18 11:21:00
218.25.67.246

/index.php/pay/pf_code/returnUrl.php
/controller/pay load fail.
2017-12-18 11:21:03
218.25.67.246

/index.php/pay/pf_code/returnUrl.php
/controller/pay load fail.
2017-12-18 11:21:06
218.25.67.246

/index.php/pay/pf_code/returnUrl.php
/controller/pay load fail.
2017-12-18 11:21:09
218.25.67.246

/index.php/pay/pf_code/returnUrl.php
/controller/pay load fail.
2017-12-18 11:21:12
218.25.67.246

/index.php/pay/pf_code/returnUrl.php
/controller/pay load fail.
2017-12-18 11:21:15
218.25.67.246

/index.php/pay/pf_code/returnUrl.php
/controller/pay load fail.
2017-12-18 11:21:18
218.25.67.246

/index.php/pay/pf_code/returnUrl.php
/controller/pay load fail.
2017-12-18 11:21:21
218.25.67.246

/index.php/pay/pf_code/returnUrl.php
/controller/pay load fail.
2017-12-18 11:21:24
218.25.67.246

/index.php/pay/pf_code/returnUrl.php
/controller/pay load fail.
2017-12-18 11:21:27
218.25.67.246

/index.php/pay/pf_code/returnUrl.php
/controller/pay load fail.
2017-12-18 11:21:30
218.25.67.246

/index.php/pay/pf_code/returnUrl.php
/controller/pay load fail.
2017-12-18 11:21:33
218.25.67.246

/index.php/pay/pf_code/returnUrl.php
/controller/pay load fail.
2017-12-18 11:21:36
218.25.67.246

/index.php/pay/pf_code/returnUrl.php
/controller/pay load fail.
2017-12-18 11:21:39
218.25.67.246

/index.php/pay/pf_code/returnUrl.php
/controller/pay load fail.
2017-12-18 11:21:42
218.25.67.246

/index.php/pay/pf_code/returnUrl.php
/controller/pay load fail.
2017-12-18 11:21:45
218.25.67.246

/index.php/pay/pf_code/returnUrl.php
/controller/pay load fail.
2017-12-18 11:21:48
218.25.67.246

/index.php/pay/pf_code/returnUrl.php
/controller/pay load fail.
2017-12-18 11:21:51
218.25.67.246

/index.php/pay/pf_code/returnUrl.php
/controller/pay load fail.
2017-12-18 11:21:54
218.25.67.246

/index.php/pay/pf_code/returnUrl.php
/controller/pay load fail.
2017-12-18 11:21:57
218.25.67.246

/index.php/pay/pf_code/returnUrl.php
/controller/pay load fail.
2017-12-18 11:22:00
218.25.67.246

/index.php/pay/pf_code/returnUrl.php
/controller/pay load fail.
2017-12-18 11:22:03
218.25.67.246

/index.php/pay/pf_code/returnUrl.php
/controller/pay load fail.
2017-12-18 11:22:06
218.25.67.246

/index.php/pay/pf_code/returnUrl.php
/controller/pay load fail.
2017-12-18 11:22:09
218.25.67.246

/index.php/pay/pf_code/returnUrl.php
/controller/pay load fail.
2017-12-18 11:22:12
218.25.67.246

/index.php/pay/pf_code/returnUrl.php
/controller/pay load fail.
2017-12-18 11:22:15
218.25.67.246

/index.php/pay/pf_code/returnUrl.php
/controller/pay load fail.
2017-12-18 11:22:18
218.25.67.246

/index.php/pay/pf_code/returnUrl.php
/controller/pay load fail.
2017-12-18 11:22:21
218.25.67.246

/index.php/pay/pf_code/returnUrl.php
/controller/pay load fail.
2017-12-18 11:22:24
218.25.67.246

/index.php/pay/pf_code/returnUrl.php
/controller/pay load fail.
2017-12-18 11:22:27
218.25.67.246

/index.php/pay/pf_code/returnUrl.php
/controller/pay load fail.
2017-12-18 11:22:30
218.25.67.246

/index.php/pay/pf_code/returnUrl.php
/controller/pay load fail.
2017-12-18 11:22:33
218.25.67.246

/index.php/pay/pf_code/returnUrl.php
/controller/pay load fail.
2017-12-18 11:22:36
218.25.67.246

/index.php/pay/pf_code/returnUrl.php
/controller/pay load fail.
2017-12-18 11:22:39
218.25.67.246

/index.php/pay/pf_code/returnUrl.php
/controller/pay load fail.
2017-12-18 11:22:42
218.25.67.246

/index.php/pay/pf_code/returnUrl.php
/controller/pay load fail.
2017-12-18 11:22:45
218.25.67.246

/index.php/pay/pf_code/returnUrl.php
/controller/pay load fail.
2017-12-18 11:22:48
218.25.67.246

/index.php/pay/pf_code/returnUrl.php
/controller/pay load fail.
2017-12-18 11:22:51
218.25.67.246

/index.php/pay/pf_code/returnUrl.php
/controller/pay load fail.
2017-12-18 11:22:54
218.25.67.246

/index.php/pay/pf_code/returnUrl.php
/controller/pay load fail.
2017-12-18 11:22:57
218.25.67.246

/index.php/pay/pf_code/returnUrl.php
/controller/pay load fail.
2017-12-18 11:23:00
218.25.67.246

/index.php/pay/pf_code/returnUrl.php
/controller/pay load fail.
2017-12-18 11:23:03
218.25.67.246

/index.php/pay/pf_code/returnUrl.php
/controller/pay load fail.
2017-12-18 11:23:06
218.25.67.246

/index.php/pay/pf_code/returnUrl.php
/controller/pay load fail.
2017-12-18 11:23:09
218.25.67.246

/index.php/pay/pf_code/returnUrl.php
/controller/pay load fail.
2017-12-18 11:23:12
218.25.67.246

/index.php/pay/pf_code/returnUrl.php
/controller/pay load fail.
2017-12-18 11:23:15
218.25.67.246

/index.php/pay/pf_code/returnUrl.php
/controller/pay load fail.
2017-12-18 11:23:18
218.25.67.246

/index.php/pay/pf_code/returnUrl.php
/controller/pay load fail.
2017-12-18 11:23:21
218.25.67.246

/index.php/pay/pf_code/returnUrl.php
/controller/pay load fail.
2017-12-18 11:23:24
218.25.67.246

/index.php/pay/pf_code/returnUrl.php
/controller/pay load fail.
2017-12-18 11:23:27
218.25.67.246

/index.php/pay/pf_code/returnUrl.php
/controller/pay load fail.
2017-12-18 11:23:30
218.25.67.246

/index.php/pay/pf_code/returnUrl.php
/controller/pay load fail.
2017-12-18 11:23:33
218.25.67.246

/index.php/pay/pf_code/returnUrl.php
/controller/pay load fail.
2017-12-18 11:23:36
218.25.67.246

/index.php/pay/pf_code/returnUrl.php
/controller/pay load fail.
2017-12-18 11:23:39
218.25.67.246

/index.php/pay/pf_code/returnUrl.php
/controller/pay load fail.
2017-12-18 11:23:42
218.25.67.246

/index.php/pay/pf_code/returnUrl.php
/controller/pay load fail.
2017-12-18 11:23:45
218.25.67.246

/index.php/pay/pf_code/returnUrl.php
/controller/pay load fail.
2017-12-18 11:23:48
218.25.67.246

/index.php/pay/pf_code/returnUrl.php
/controller/pay load fail.
2017-12-18 11:23:51
218.25.67.246

/index.php/pay/pf_code/returnUrl.php
/controller/pay load fail.
2017-12-18 11:23:54
218.25.67.246

/index.php/pay/pf_code/returnUrl.php
/controller/pay load fail.
2017-12-18 11:23:57
218.25.67.246

/index.php/pay/pf_code/returnUrl.php
/controller/pay load fail.
2017-12-18 11:24:00
218.25.67.246

/index.php/pay/pf_code/returnUrl.php
/controller/pay load fail.
2017-12-18 11:24:03
218.25.67.246

/index.php/pay/pf_code/returnUrl.php
/controller/pay load fail.
2017-12-18 11:24:06
218.25.67.246

/index.php/pay/pf_code/returnUrl.php
/controller/pay load fail.
2017-12-18 11:24:09
218.25.67.246

/index.php/pay/pf_code/returnUrl.php
/controller/pay load fail.
2017-12-18 11:24:12
218.25.67.246

/index.php/pay/pf_code/returnUrl.php
/controller/pay load fail.
2017-12-18 11:24:15
218.25.67.246

/index.php/pay/pf_code/returnUrl.php
/controller/pay load fail.
2017-12-18 11:24:18
218.25.67.246

/index.php/pay/pf_code/returnUrl.php
/controller/pay load fail.
2017-12-18 11:24:21
218.25.67.246

/index.php/pay/pf_code/returnUrl.php
/controller/pay load fail.
2017-12-18 11:24:24
218.25.67.246

/index.php/pay/pf_code/returnUrl.php
/controller/pay load fail.
2017-12-18 11:24:27
218.25.67.246

/index.php/pay/pf_code/returnUrl.php
/controller/pay load fail.
2017-12-18 11:24:30
218.25.67.246

/index.php/pay/pf_code/returnUrl.php
/controller/pay load fail.
2017-12-18 11:24:33
218.25.67.246

/index.php/pay/pf_code/returnUrl.php
/controller/pay load fail.
2017-12-18 11:24:36
218.25.67.246

/index.php/pay/pf_code/returnUrl.php
/controller/pay load fail.
2017-12-18 11:24:39
218.25.67.246

/index.php/pay/pf_code/returnUrl.php
/controller/pay load fail.
2017-12-18 11:24:42
218.25.67.246

/index.php/pay/pf_code/returnUrl.php
/controller/pay load fail.
2017-12-18 11:24:45
218.25.67.246

/index.php/pay/pf_code/returnUrl.php
/controller/pay load fail.
2017-12-18 11:24:48
218.25.67.246

/index.php/pay/pf_code/returnUrl.php
/controller/pay load fail.
2017-12-18 11:24:51
218.25.67.246

/index.php/pay/pf_code/returnUrl.php
/controller/pay load fail.
2017-12-18 11:24:54
218.25.67.246

/index.php/pay/pf_code/returnUrl.php
/controller/pay load fail.
2017-12-18 11:24:57
218.25.67.246

/index.php/pay/pf_code/returnUrl.php
/controller/pay load fail.
2017-12-18 11:25:00
218.25.67.246

/index.php/pay/pf_code/returnUrl.php
/controller/pay load fail.
2017-12-18 11:25:03
218.25.67.246

/index.php/pay/pf_code/returnUrl.php
/controller/pay load fail.
2017-12-18 11:25:06
218.25.67.246

/index.php/pay/pf_code/returnUrl.php
/controller/pay load fail.
2017-12-18 11:25:09
218.25.67.246

/index.php/pay/pf_code/returnUrl.php
/controller/pay load fail.
2017-12-18 11:25:12
218.25.67.246

/index.php/pay/pf_code/returnUrl.php
/controller/pay load fail.
2017-12-18 11:25:15
218.25.67.246

/index.php/pay/pf_code/returnUrl.php
/controller/pay load fail.
2017-12-18 11:25:18
218.25.67.246

/index.php/pay/pf_code/returnUrl.php
/controller/pay load fail.
2017-12-18 11:25:21
218.25.67.246

/index.php/pay/pf_code/returnUrl.php
/controller/pay load fail.
2017-12-18 11:25:24
218.25.67.246

/index.php/pay/pf_code/returnUrl.php
/controller/pay load fail.
2017-12-18 11:25:27
218.25.67.246

/index.php/pay/pf_code/returnUrl.php
/controller/pay load fail.
2017-12-18 11:25:30
218.25.67.246

/index.php/pay/pf_code/returnUrl.php
/controller/pay load fail.
2017-12-18 11:25:33
218.25.67.246

/index.php/pay/pf_code/returnUrl.php
/controller/pay load fail.
2017-12-18 11:25:36
218.25.67.246

/index.php/pay/pf_code/returnUrl.php
/controller/pay load fail.
2017-12-18 11:25:39
218.25.67.246

/index.php/pay/pf_code/returnUrl.php
/controller/pay load fail.
2017-12-18 11:25:42
218.25.67.246

/index.php/pay/pf_code/returnUrl.php
/controller/pay load fail.
2017-12-18 11:25:45
218.25.67.246

/index.php/pay/pf_code/returnUrl.php
/controller/pay load fail.
2017-12-18 11:25:48
218.25.67.246

/index.php/pay/pf_code/returnUrl.php
/controller/pay load fail.
2017-12-18 11:25:51
218.25.67.246

/index.php/pay/pf_code/returnUrl.php
/controller/pay load fail.
2017-12-18 11:25:54
218.25.67.246

/index.php/pay/pf_code/returnUrl.php
/controller/pay load fail.
2017-12-18 11:25:57
218.25.67.246

/index.php/pay/pf_code/returnUrl.php
/controller/pay load fail.
2017-12-18 11:26:01
218.25.67.246

/index.php/pay/pf_code/returnUrl.php
/controller/pay load fail.
2017-12-18 11:26:03
218.25.67.246

/index.php/pay/pf_code/returnUrl.php
/controller/pay load fail.
2017-12-18 11:26:06
218.25.67.246

/index.php/pay/pf_code/returnUrl.php
/controller/pay load fail.
2017-12-18 11:26:09
218.25.67.246

/index.php/pay/pf_code/returnUrl.php
/controller/pay load fail.
2017-12-18 11:26:12
218.25.67.246

/index.php/pay/pf_code/returnUrl.php
/controller/pay load fail.
2017-12-18 11:26:15
218.25.67.246

/index.php/pay/pf_code/returnUrl.php
/controller/pay load fail.
2017-12-18 11:26:18
218.25.67.246

/index.php/pay/pf_code/returnUrl.php
/controller/pay load fail.
2017-12-18 11:26:21
218.25.67.246

/index.php/pay/pf_code/returnUrl.php
/controller/pay load fail.
2017-12-18 11:26:24
218.25.67.246

/index.php/pay/pf_code/returnUrl.php
/controller/pay load fail.
2017-12-18 11:26:27
218.25.67.246

/index.php/pay/pf_code/returnUrl.php
/controller/pay load fail.
2017-12-18 11:26:30
218.25.67.246

/index.php/pay/pf_code/returnUrl.php
/controller/pay load fail.
2017-12-18 11:26:33
218.25.67.246

/index.php/pay/pf_code/returnUrl.php
/controller/pay load fail.
2017-12-18 11:26:36
218.25.67.246

/index.php/pay/pf_code/returnUrl.php
/controller/pay load fail.
2017-12-18 11:26:39
218.25.67.246

/index.php/pay/pf_code/returnUrl.php
/controller/pay load fail.
2017-12-18 11:26:42
218.25.67.246

/index.php/pay/pf_code/returnUrl.php
/controller/pay load fail.
2017-12-18 11:26:45
218.25.67.246

/index.php/pay/pf_code/returnUrl.php
/controller/pay load fail.
2017-12-18 11:26:48
218.25.67.246

/index.php/pay/pf_code/returnUrl.php
/controller/pay load fail.
2017-12-18 11:26:51
218.25.67.246

/index.php/pay/pf_code/returnUrl.php
/controller/pay load fail.
2017-12-18 11:26:54
218.25.67.246

/index.php/pay/pf_code/returnUrl.php
/controller/pay load fail.
2017-12-18 11:26:57
218.25.67.246

/index.php/pay/pf_code/returnUrl.php
/controller/pay load fail.
2017-12-18 11:27:00
218.25.67.246

/index.php/pay/pf_code/returnUrl.php
/controller/pay load fail.
2017-12-18 11:27:03
218.25.67.246

/index.php/pay/pf_code/returnUrl.php
/controller/pay load fail.
2017-12-18 11:27:07
218.25.67.246

/index.php/pay/pf_code/returnUrl.php
/controller/pay load fail.
2017-12-18 11:27:10
218.25.67.246

/index.php/pay/pf_code/returnUrl.php
/controller/pay load fail.
2017-12-18 11:27:13
218.25.67.246

/index.php/pay/pf_code/returnUrl.php
/controller/pay load fail.
2017-12-18 11:27:16
218.25.67.246

/index.php/pay/pf_code/returnUrl.php
/controller/pay load fail.
2017-12-18 11:27:19
218.25.67.246

/index.php/pay/pf_code/returnUrl.php
/controller/pay load fail.
2017-12-18 11:27:22
218.25.67.246

/index.php/pay/pf_code/returnUrl.php
/controller/pay load fail.
2017-12-18 11:27:25
218.25.67.246

/index.php/pay/pf_code/returnUrl.php
/controller/pay load fail.
2017-12-18 11:27:28
218.25.67.246

/index.php/pay/pf_code/returnUrl.php
/controller/pay load fail.
2017-12-18 11:27:31
218.25.67.246

/index.php/pay/pf_code/returnUrl.php
/controller/pay load fail.
2017-12-18 11:27:34
218.25.67.246

/index.php/pay/pf_code/returnUrl.php
/controller/pay load fail.
2017-12-18 11:27:37
218.25.67.246

/index.php/pay/pf_code/returnUrl.php
/controller/pay load fail.
2017-12-18 11:27:40
218.25.67.246

/index.php/pay/pf_code/returnUrl.php
/controller/pay load fail.
2017-12-18 11:27:43
218.25.67.246

/index.php/pay/pf_code/returnUrl.php
/controller/pay load fail.
2017-12-18 11:27:46
218.25.67.246

/index.php/pay/pf_code/returnUrl.php
/controller/pay load fail.
2017-12-18 11:27:49
218.25.67.246

/index.php/pay/pf_code/returnUrl.php
/controller/pay load fail.
2017-12-18 11:27:52
218.25.67.246

/index.php/pay/pf_code/returnUrl.php
/controller/pay load fail.
2017-12-18 11:27:55
218.25.67.246

/index.php/pay/pf_code/returnUrl.php
/controller/pay load fail.
2017-12-18 11:27:58
218.25.67.246

/index.php/pay/pf_code/returnUrl.php
/controller/pay load fail.
2017-12-18 11:28:01
218.25.67.246

/index.php/pay/pf_code/returnUrl.php
/controller/pay load fail.
2017-12-18 11:28:04
218.25.67.246

/index.php/pay/pf_code/returnUrl.php
/controller/pay load fail.
2017-12-18 11:28:07
218.25.67.246

/index.php/pay/pf_code/returnUrl.php
/controller/pay load fail.
2017-12-18 11:28:10
218.25.67.246

/index.php/pay/pf_code/returnUrl.php
/controller/pay load fail.
2017-12-18 11:28:13
218.25.67.246

/index.php/pay/pf_code/returnUrl.php
/controller/pay load fail.
2017-12-18 11:28:16
218.25.67.246

/index.php/pay/pf_code/returnUrl.php
/controller/pay load fail.
2017-12-18 11:28:19
218.25.67.246

/index.php/pay/pf_code/returnUrl.php
/controller/pay load fail.
2017-12-18 11:28:22
218.25.67.246

/index.php/pay/pf_code/returnUrl.php
/controller/pay load fail.
2017-12-18 11:28:25
218.25.67.246

/index.php/pay/pf_code/returnUrl.php
/controller/pay load fail.
2017-12-18 11:28:28
218.25.67.246

/index.php/pay/pf_code/returnUrl.php
/controller/pay load fail.
2017-12-18 11:28:31
218.25.67.246

/index.php/pay/pf_code/returnUrl.php
/controller/pay load fail.
2017-12-18 11:28:34
218.25.67.246

/index.php/pay/pf_code/returnUrl.php
/controller/pay load fail.
2017-12-18 11:28:37
218.25.67.246

/index.php/pay/pf_code/returnUrl.php
/controller/pay load fail.
2017-12-18 11:28:40
218.25.67.246

/index.php/pay/pf_code/returnUrl.php
/controller/pay load fail.
2017-12-18 11:28:43
218.25.67.246

/index.php/pay/pf_code/returnUrl.php
/controller/pay load fail.
2017-12-18 11:28:46
218.25.67.246

/index.php/pay/pf_code/returnUrl.php
/controller/pay load fail.
2017-12-18 11:28:49
218.25.67.246

/index.php/pay/pf_code/returnUrl.php
/controller/pay load fail.
2017-12-18 11:28:52
218.25.67.246

/index.php/pay/pf_code/returnUrl.php
/controller/pay load fail.
2017-12-18 11:28:55
218.25.67.246

/index.php/pay/pf_code/returnUrl.php
/controller/pay load fail.
2017-12-18 11:28:58
218.25.67.246

/index.php/pay/pf_code/returnUrl.php
/controller/pay load fail.
2017-12-18 11:29:01
218.25.67.246

/index.php/pay/pf_code/returnUrl.php
/controller/pay load fail.
2017-12-18 11:29:04
218.25.67.246

/index.php/pay/pf_code/returnUrl.php
/controller/pay load fail.
2017-12-18 11:29:07
218.25.67.246

/index.php/pay/pf_code/returnUrl.php
/controller/pay load fail.
2017-12-18 11:29:10
218.25.67.246

/index.php/pay/pf_code/returnUrl.php
/controller/pay load fail.
2017-12-18 11:29:13
218.25.67.246

/index.php/pay/pf_code/returnUrl.php
/controller/pay load fail.
2017-12-18 11:29:16
218.25.67.246

/index.php/pay/pf_code/returnUrl.php
/controller/pay load fail.
2017-12-18 11:29:19
218.25.67.246

/index.php/pay/pf_code/returnUrl.php
/controller/pay load fail.
2017-12-18 11:29:22
218.25.67.246

/index.php/pay/pf_code/returnUrl.php
/controller/pay load fail.
2017-12-18 11:29:25
218.25.67.246

/index.php/pay/pf_code/returnUrl.php
/controller/pay load fail.
2017-12-18 11:29:28
218.25.67.246

/index.php/pay/pf_code/returnUrl.php
/controller/pay load fail.
2017-12-18 11:29:31
218.25.67.246

/index.php/pay/pf_code/returnUrl.php
/controller/pay load fail.
2017-12-18 11:29:34
218.25.67.246

/index.php/pay/pf_code/returnUrl.php
/controller/pay load fail.
2017-12-18 11:29:37
218.25.67.246

/index.php/pay/pf_code/returnUrl.php
/controller/pay load fail.
2017-12-18 11:29:40
218.25.67.246

/index.php/pay/pf_code/returnUrl.php
/controller/pay load fail.
2017-12-18 11:29:43
218.25.67.246

/index.php/pay/pf_code/returnUrl.php
/controller/pay load fail.
2017-12-18 11:29:46
218.25.67.246

/index.php/pay/pf_code/returnUrl.php
/controller/pay load fail.
2017-12-18 11:29:49
218.25.67.246

/index.php/pay/pf_code/returnUrl.php
/controller/pay load fail.
2017-12-18 11:29:52
218.25.67.246

/index.php/pay/pf_code/returnUrl.php
/controller/pay load fail.
2017-12-18 11:29:55
218.25.67.246

/index.php/pay/pf_code/returnUrl.php
/controller/pay load fail.
2017-12-18 11:29:58
218.25.67.246

/index.php/pay/pf_code/returnUrl.php
/controller/pay load fail.
2017-12-18 11:30:01
218.25.67.246

/index.php/pay/pf_code/returnUrl.php
/controller/pay load fail.
2017-12-18 11:30:04
218.25.67.246

/index.php/pay/pf_code/returnUrl.php
/controller/pay load fail.
2017-12-18 11:30:07
218.25.67.246

/index.php/pay/pf_code/returnUrl.php
/controller/pay load fail.
2017-12-18 11:30:10
218.25.67.246

/index.php/pay/pf_code/returnUrl.php
/controller/pay load fail.
2017-12-18 11:30:13
218.25.67.246

/index.php/pay/pf_code/returnUrl.php
/controller/pay load fail.
2017-12-18 11:30:16
218.25.67.246

/index.php/pay/pf_code/returnUrl.php
/controller/pay load fail.
2017-12-18 11:30:19
218.25.67.246

/index.php/pay/pf_code/returnUrl.php
/controller/pay load fail.
2017-12-18 11:30:22
218.25.67.246

/index.php/pay/pf_code/returnUrl.php
/controller/pay load fail.
2017-12-18 11:30:25
218.25.67.246

/index.php/pay/pf_code/returnUrl.php
/controller/pay load fail.
2017-12-18 11:30:28
218.25.67.246

/index.php/pay/pf_code/returnUrl.php
/controller/pay load fail.
2017-12-18 11:30:31
218.25.67.246

/index.php/pay/pf_code/returnUrl.php
/controller/pay load fail.
2017-12-18 11:30:34
218.25.67.246

/index.php/pay/pf_code/returnUrl.php
/controller/pay load fail.
2017-12-18 11:30:37
218.25.67.246

/index.php/pay/pf_code/returnUrl.php
/controller/pay load fail.
2017-12-18 11:30:40
218.25.67.246

/index.php/pay/pf_code/returnUrl.php
/controller/pay load fail.
2017-12-18 11:30:43
218.25.67.246

/index.php/pay/pf_code/returnUrl.php
/controller/pay load fail.
2017-12-18 11:30:47
218.25.67.246

/index.php/pay/pf_code/returnUrl.php
/controller/pay load fail.
2017-12-18 11:30:49
218.25.67.246

/index.php/pay/pf_code/returnUrl.php
/controller/pay load fail.
2017-12-18 11:30:52
218.25.67.246

/index.php/pay/pf_code/returnUrl.php
/controller/pay load fail.
2017-12-18 11:30:55
218.25.67.246

/index.php/pay/pf_code/returnUrl.php
/controller/pay load fail.
2017-12-18 11:30:58
218.25.67.246

/index.php/pay/pf_code/returnUrl.php
/controller/pay load fail.
2017-12-18 11:31:01
218.25.67.246

/index.php/pay/pf_code/returnUrl.php
/controller/pay load fail.
2017-12-18 11:31:04
218.25.67.246

/index.php/pay/pf_code/returnUrl.php
/controller/pay load fail.
2017-12-18 11:31:07
218.25.67.246

/index.php/pay/pf_code/returnUrl.php
/controller/pay load fail.
2017-12-18 11:31:10
218.25.67.246

/index.php/pay/pf_code/returnUrl.php
/controller/pay load fail.
2017-12-18 11:31:13
218.25.67.246

/index.php/pay/pf_code/returnUrl.php
/controller/pay load fail.
2017-12-18 11:31:16
218.25.67.246

/index.php/pay/pf_code/returnUrl.php
/controller/pay load fail.
2017-12-18 11:31:19
218.25.67.246

/index.php/pay/pf_code/returnUrl.php
/controller/pay load fail.
2017-12-18 11:31:22
218.25.67.246

/index.php/pay/pf_code/returnUrl.php
/controller/pay load fail.
2017-12-18 11:31:25
218.25.67.246

/index.php/pay/pf_code/returnUrl.php
/controller/pay load fail.
2017-12-18 11:31:28
218.25.67.246

/index.php/pay/pf_code/returnUrl.php
/controller/pay load fail.
2017-12-18 11:31:31
218.25.67.246

/index.php/pay/pf_code/returnUrl.php
/controller/pay load fail.
2017-12-18 11:31:34
218.25.67.246

/index.php/pay/pf_code/returnUrl.php
/controller/pay load fail.
2017-12-18 11:31:37
218.25.67.246

/index.php/pay/pf_code/returnUrl.php
/controller/pay load fail.
2017-12-18 11:31:40
218.25.67.246

/index.php/pay/pf_code/returnUrl.php
/controller/pay load fail.
2017-12-18 11:31:43
218.25.67.246

/index.php/pay/pf_code/returnUrl.php
/controller/pay load fail.
2017-12-18 11:31:46
218.25.67.246

/index.php/pay/pf_code/returnUrl.php
/controller/pay load fail.
2017-12-18 11:31:49
218.25.67.246

/index.php/pay/pf_code/returnUrl.php
/controller/pay load fail.
2017-12-18 11:31:52
218.25.67.246

/index.php/pay/pf_code/returnUrl.php
/controller/pay load fail.
2017-12-18 11:31:55
218.25.67.246

/index.php/pay/pf_code/returnUrl.php
/controller/pay load fail.
2017-12-18 11:31:58
218.25.67.246

/index.php/pay/pf_code/returnUrl.php
/controller/pay load fail.
2017-12-18 11:32:01
218.25.67.246

/index.php/pay/pf_code/returnUrl.php
/controller/pay load fail.
2017-12-18 11:32:04
218.25.67.246

/index.php/pay/pf_code/returnUrl.php
/controller/pay load fail.
2017-12-18 11:32:07
218.25.67.246

/index.php/pay/pf_code/returnUrl.php
/controller/pay load fail.
2017-12-18 11:32:10
218.25.67.246

/index.php/pay/pf_code/returnUrl.php
/controller/pay load fail.
2017-12-18 11:32:13
218.25.67.246

/index.php/pay/pf_code/returnUrl.php
/controller/pay load fail.
2017-12-18 11:32:16
218.25.67.246

/index.php/pay/pf_code/returnUrl.php
/controller/pay load fail.
2017-12-18 11:32:19
218.25.67.246

/index.php/pay/pf_code/returnUrl.php
/controller/pay load fail.
2017-12-18 11:32:22
218.25.67.246

/index.php/pay/pf_code/returnUrl.php
/controller/pay load fail.
2017-12-18 11:32:25
218.25.67.246

/index.php/pay/pf_code/returnUrl.php
/controller/pay load fail.
2017-12-18 11:32:28
218.25.67.246

/index.php/pay/pf_code/returnUrl.php
/controller/pay load fail.
2017-12-18 11:32:31
218.25.67.246

/index.php/pay/pf_code/returnUrl.php
/controller/pay load fail.
2017-12-18 11:32:34
218.25.67.246

/index.php/pay/pf_code/returnUrl.php
/controller/pay load fail.
2017-12-18 11:32:37
218.25.67.246

/index.php/pay/pf_code/returnUrl.php
/controller/pay load fail.
2017-12-18 11:32:40
218.25.67.246

/index.php/pay/pf_code/returnUrl.php
/controller/pay load fail.
2017-12-18 11:32:43
218.25.67.246

/index.php/pay/pf_code/returnUrl.php
/controller/pay load fail.
2017-12-18 11:32:46
218.25.67.246

/index.php/pay/pf_code/returnUrl.php
/controller/pay load fail.
2017-12-18 11:32:49
218.25.67.246

/index.php/pay/pf_code/returnUrl.php
/controller/pay load fail.
2017-12-18 11:32:52
218.25.67.246

/index.php/pay/pf_code/returnUrl.php
/controller/pay load fail.
2017-12-18 11:32:55
218.25.67.246

/index.php/pay/pf_code/returnUrl.php
/controller/pay load fail.
2017-12-18 11:32:58
218.25.67.246

/index.php/pay/pf_code/returnUrl.php
/controller/pay load fail.
2017-12-18 11:33:01
218.25.67.246

/index.php/pay/pf_code/returnUrl.php
/controller/pay load fail.
2017-12-18 11:33:04
218.25.67.246

/index.php/pay/pf_code/returnUrl.php
/controller/pay load fail.
2017-12-18 11:33:07
218.25.67.246

/index.php/pay/pf_code/returnUrl.php
/controller/pay load fail.
2017-12-18 11:33:10
218.25.67.246

/index.php/pay/pf_code/returnUrl.php
/controller/pay load fail.
2017-12-18 11:33:13
218.25.67.246

/index.php/pay/pf_code/returnUrl.php
/controller/pay load fail.
2017-12-18 11:33:16
218.25.67.246

/index.php/pay/pf_code/returnUrl.php
/controller/pay load fail.
2017-12-18 11:33:19
218.25.67.246

/index.php/pay/pf_code/returnUrl.php
/controller/pay load fail.
2017-12-18 11:33:22
218.25.67.246

/index.php/pay/pf_code/returnUrl.php
/controller/pay load fail.
2017-12-18 11:33:25
218.25.67.246

/index.php/pay/pf_code/returnUrl.php
/controller/pay load fail.
2017-12-18 11:33:28
218.25.67.246

/index.php/pay/pf_code/returnUrl.php
/controller/pay load fail.
2017-12-18 11:33:31
218.25.67.246

/index.php/pay/pf_code/returnUrl.php
/controller/pay load fail.
2017-12-18 11:33:34
218.25.67.246

/index.php/pay/pf_code/returnUrl.php
/controller/pay load fail.
2017-12-18 11:33:37
218.25.67.246

/index.php/pay/pf_code/returnUrl.php
/controller/pay load fail.
2017-12-18 11:33:40
218.25.67.246

/index.php/pay/pf_code/returnUrl.php
/controller/pay load fail.
2017-12-18 11:33:43
218.25.67.246

/index.php/pay/pf_code/returnUrl.php
/controller/pay load fail.
2017-12-18 11:33:46
218.25.67.246

/index.php/pay/pf_code/returnUrl.php
/controller/pay load fail.
2017-12-18 11:33:49
218.25.67.246

/index.php/pay/pf_code/returnUrl.php
/controller/pay load fail.
2017-12-18 11:33:52
218.25.67.246

/index.php/pay/pf_code/returnUrl.php
/controller/pay load fail.
2017-12-18 11:33:55
218.25.67.246

/index.php/pay/pf_code/returnUrl.php
/controller/pay load fail.
2017-12-18 11:33:58
218.25.67.246

/index.php/pay/pf_code/returnUrl.php
/controller/pay load fail.
2017-12-18 11:34:01
218.25.67.246

/index.php/pay/pf_code/returnUrl.php
/controller/pay load fail.
2017-12-18 11:34:04
218.25.67.246

/index.php/pay/pf_code/returnUrl.php
/controller/pay load fail.
2017-12-18 11:34:07
218.25.67.246

/index.php/pay/pf_code/returnUrl.php
/controller/pay load fail.
2017-12-18 11:34:10
218.25.67.246

/index.php/pay/pf_code/returnUrl.php
/controller/pay load fail.
2017-12-18 11:34:13
218.25.67.246

/index.php/pay/pf_code/returnUrl.php
/controller/pay load fail.
2017-12-18 11:34:16
218.25.67.246

/index.php/pay/pf_code/returnUrl.php
/controller/pay load fail.
2017-12-18 11:34:19
218.25.67.246

/index.php/pay/pf_code/returnUrl.php
/controller/pay load fail.
2017-12-18 11:34:22
218.25.67.246

/index.php/pay/pf_code/returnUrl.php
/controller/pay load fail.
2017-12-18 11:34:25
218.25.67.246

/index.php/pay/pf_code/returnUrl.php
/controller/pay load fail.
2017-12-18 11:34:28
218.25.67.246

/index.php/pay/pf_code/returnUrl.php
/controller/pay load fail.
2017-12-18 11:34:31
218.25.67.246

/index.php/pay/pf_code/returnUrl.php
/controller/pay load fail.
2017-12-18 11:34:34
218.25.67.246

/index.php/pay/pf_code/returnUrl.php
/controller/pay load fail.
2017-12-18 11:34:37
218.25.67.246

/index.php/pay/pf_code/returnUrl.php
/controller/pay load fail.
2017-12-18 11:34:40
218.25.67.246

/index.php/pay/pf_code/returnUrl.php
/controller/pay load fail.
2017-12-18 11:34:43
218.25.67.246

/index.php/pay/pf_code/returnUrl.php
/controller/pay load fail.
2017-12-18 11:34:46
218.25.67.246

/index.php/pay/pf_code/returnUrl.php
/controller/pay load fail.
2017-12-18 11:34:49
218.25.67.246

/index.php/pay/pf_code/returnUrl.php
/controller/pay load fail.
2017-12-18 11:34:52
218.25.67.246

/index.php/pay/pf_code/returnUrl.php
/controller/pay load fail.
2017-12-18 11:34:55
218.25.67.246

/index.php/pay/pf_code/returnUrl.php
/controller/pay load fail.
2017-12-18 11:34:58
218.25.67.246

/index.php/pay/pf_code/returnUrl.php
/controller/pay load fail.
2017-12-18 11:35:01
218.25.67.246

/index.php/pay/pf_code/returnUrl.php
/controller/pay load fail.
2017-12-18 11:35:04
218.25.67.246

/index.php/pay/pf_code/returnUrl.php
/controller/pay load fail.
2017-12-18 11:35:07
218.25.67.246

/index.php/pay/pf_code/returnUrl.php
/controller/pay load fail.
2017-12-18 11:35:10
218.25.67.246

/index.php/pay/pf_code/returnUrl.php
/controller/pay load fail.
2017-12-18 11:35:13
218.25.67.246

/index.php/pay/pf_code/returnUrl.php
/controller/pay load fail.
2017-12-18 11:35:16
218.25.67.246

/index.php/pay/pf_code/returnUrl.php
/controller/pay load fail.
2017-12-18 11:35:19
218.25.67.246

/index.php/pay/47_code/n.php&payType=SCAN_WX&version=2.3&key=1a52bf55617a475ca045ecb38d6f27f7
/controller/pay load fail.
2017-12-18 11:38:04
101.226.64.174

/index.php/pay/47_code/n.php&paytype=scan_wx&version=2.3&key=1a52bf55617a475ca045ecb38d6f27f7
/controller/pay load fail.
2017-12-18 11:38:04
119.147.207.152

/index.php/pay/47_code/n.php&payType=SCAN_WX&version=2.3&key=1a52bf55617a475ca045ecb38d6f27f7
/controller/pay load fail.
2017-12-18 11:38:14
61.151.178.174

/index.php/static/assets/css/app1.css
/controller/static load fail.
2017-12-18 11:54:19
36.23.87.123

/index.php/static/assets/css/app1.css
/controller/static load fail.
2017-12-18 11:56:03
116.50.137.229

/index.php/static/assets/css/app1.css
/controller/static load fail.
2017-12-18 12:10:35
47.88.173.106

/index.php/w
/controller/w load fail.
2017-12-18 12:12:18
218.25.67.246

/index.php/wo
/controller/wo load fail.
2017-12-18 12:12:18
218.25.67.246

/index.php/woq
/controller/woq load fail.
2017-12-18 12:12:18
218.25.67.246

/index.php/woqu
/controller/woqu load fail.
2017-12-18 12:12:18
218.25.67.246

/index.php/woqu
/controller/woqu load fail.
2017-12-18 12:12:19
218.25.67.246

/index.php/wo
/controller/wo load fail.
2017-12-18 12:12:20
183.136.238.203

/index.php/w
/controller/w load fail.
2017-12-18 12:12:20
183.136.238.204

/index.php/woqu
/controller/woqu load fail.
2017-12-18 12:12:20
183.136.238.218

/index.php/h
/controller/h load fail.
2017-12-18 12:12:23
218.25.67.246

/index.php/b
/controller/b load fail.
2017-12-18 12:12:24
218.25.67.246

/index.php/bi
/controller/bi load fail.
2017-12-18 12:12:24
218.25.67.246

/index.php/bie
/controller/bie load fail.
2017-12-18 12:12:25
218.25.67.246

/index.php/biel
/controller/biel load fail.
2017-12-18 12:12:25
218.25.67.246

/index.php/h
/controller/h load fail.
2017-12-18 12:12:25
183.136.238.194

/index.php/biela
/controller/biela load fail.
2017-12-18 12:12:25
218.25.67.246

/index.php/b
/controller/b load fail.
2017-12-18 12:12:27
183.136.238.194

/index.php/woqu
/controller/woqu load fail.
2017-12-18 12:12:28
58.247.212.55

/index.php/d
/controller/d load fail.
2017-12-18 12:13:05
218.25.67.246

/index.php/de
/controller/de load fail.
2017-12-18 12:13:05
218.25.67.246

/index.php/dem
/controller/dem load fail.
2017-12-18 12:13:05
218.25.67.246

/index.php/d
/controller/d load fail.
2017-12-18 12:13:08
183.136.238.194

/index.php/dem
/controller/dem load fail.
2017-12-18 12:13:08
183.136.238.218

/index.php/pay/47_qq/returnUrl.php
/controller/pay load fail.
2017-12-18 12:14:03
218.25.67.246

/index.php/pay/47_qq/returnUrl.php
/controller/pay load fail.
2017-12-18 12:14:06
218.25.67.246

/index.php/pay/47_qq/returnUrl.php
/controller/pay load fail.
2017-12-18 12:14:09
218.25.67.246

/index.php/pay/47_qq/returnUrl.php
/controller/pay load fail.
2017-12-18 12:14:14
218.25.67.246

/index.php/static/assets/css/app1.css
/controller/static load fail.
2017-12-18 12:28:18
175.41.30.178

/index.php/static/assets/css/app1.css
/controller/static load fail.
2017-12-18 12:53:44
113.61.35.194

/index.php/captcha
/controller/captcha load fail.
2017-12-18 13:07:57
180.232.84.51

/index.php/static/assets/css/app1.css
/controller/static load fail.
2017-12-18 13:20:55
180.178.61.58

/index.php/static/assets/css/app1.css
/controller/static load fail.
2017-12-18 13:25:59
125.252.99.174

/index.php/static/assets/css/app1.css
/controller/static load fail.
2017-12-18 13:25:59
125.252.99.174

/index.php/static/assets/css/app1.css
/controller/static load fail.
2017-12-18 13:36:40
116.50.137.228

/index.php/pay/dlb_dalipay/images/bg-success.jpg
/controller/pay load fail.
2017-12-18 13:50:55
118.212.200.129

/index.php/pay/47_qq/returnUrl.php
/controller/pay load fail.
2017-12-18 14:01:11
116.50.137.226

/index.php/pay/47_qq/returnUrl.php
/controller/pay load fail.
2017-12-18 14:01:15
116.50.137.226

/index.php/pay/47_qq/returnUrl.php
/controller/pay load fail.
2017-12-18 14:01:17
116.50.137.226

/index.php/pay/47_qq/returnUrl.php
/controller/pay load fail.
2017-12-18 14:01:20
116.50.137.226

/index.php/pay/47_qq/returnUrl.php
/controller/pay load fail.
2017-12-18 14:01:23
116.50.137.226

/index.php/pay/47_qq/returnUrl.php
/controller/pay load fail.
2017-12-18 14:01:26
116.50.137.226

/index.php/pay/47_qq/returnUrl.php
/controller/pay load fail.
2017-12-18 14:01:29
116.50.137.226

/index.php/pay/47_qq/returnUrl.php
/controller/pay load fail.
2017-12-18 14:01:32
116.50.137.226

/index.php/pay/47_qq/returnUrl.php
/controller/pay load fail.
2017-12-18 14:01:35
116.50.137.226

/index.php/pay/47_qq/returnUrl.php
/controller/pay load fail.
2017-12-18 14:01:38
116.50.137.226

/index.php/static/assets/css/app1.css
/controller/static load fail.
2017-12-18 14:01:39
119.123.148.236

/index.php/pay/47_qq/returnUrl.php
/controller/pay load fail.
2017-12-18 14:01:41
116.50.137.226

/index.php/pay/47_qq/returnUrl.php
/controller/pay load fail.
2017-12-18 14:01:44
116.50.137.226

/index.php/pay/47_qq/returnUrl.php
/controller/pay load fail.
2017-12-18 14:01:47
116.50.137.226

/index.php/pay/47_qq/returnUrl.php
/controller/pay load fail.
2017-12-18 14:01:50
116.50.137.226

/index.php/pay/47_qq/returnUrl.php
/controller/pay load fail.
2017-12-18 14:01:53
116.50.137.226

/index.php/pay/47_qq/returnUrl.php
/controller/pay load fail.
2017-12-18 14:01:56
116.50.137.226

/index.php/pay/47_qq/returnUrl.php
/controller/pay load fail.
2017-12-18 14:01:59
116.50.137.226

/index.php/pay/47_qq/returnUrl.php
/controller/pay load fail.
2017-12-18 14:02:02
116.50.137.226

/index.php/pay/47_qq/returnUrl.php
/controller/pay load fail.
2017-12-18 14:02:05
116.50.137.226

/index.php/pay/47_qq/returnUrl.php
/controller/pay load fail.
2017-12-18 14:02:08
116.50.137.226

/index.php/pay/47_qq/returnUrl.php
/controller/pay load fail.
2017-12-18 14:02:11
116.50.137.226

/index.php/pay/47_qq/returnUrl.php
/controller/pay load fail.
2017-12-18 14:02:14
116.50.137.226

/index.php/static/assets/css/app1.css
/controller/static load fail.
2017-12-18 14:24:08
119.123.148.236

/index.php/static/assets/css/app1.css
/controller/static load fail.
2017-12-18 14:26:12
112.198.90.216

/index.php/static/assets/css/app1.css
/controller/static load fail.
2017-12-18 14:31:02
119.123.148.236

/index.php/static/assets/css/app1.css
/controller/static load fail.
2017-12-18 14:41:24
112.198.90.216

/index.php/static/assets/css/app1.css
/controller/static load fail.
2017-12-18 14:41:42
119.123.148.236

/index.php/captcha
/controller/captcha load fail.
2017-12-18 14:45:43
180.232.84.51

/index.php/captcha
/controller/captcha load fail.
2017-12-18 14:46:31
180.232.84.51

/index.php/static/assets/css/app1.css
/controller/static load fail.
2017-12-18 14:58:38
175.41.30.178

/index.php/static/assets/css/app1.css
/controller/static load fail.
2017-12-18 15:29:47
113.111.115.106

/index.php/static/assets/css/app1.css
/controller/static load fail.
2017-12-18 15:35:35
60.50.41.33

/index.php/static/common/glyphicons-halflings-regular.eot
/controller/static load fail.
2017-12-18 15:45:30
60.50.41.33

/index.php/captcha
/controller/captcha load fail.
2017-12-18 15:48:59
180.232.84.51

/index.php/static/assets/css/app1.css
/controller/static load fail.
2017-12-18 15:50:31
113.61.35.194

/index.php/pay/47_qq/returnUrl.php
/controller/pay load fail.
2017-12-18 16:15:09
180.232.84.51

/index.php/pay/47_qq/returnUrl.php
/controller/pay load fail.
2017-12-18 16:15:12
180.232.84.51

/index.php/pay/47_qq/returnUrl.php
/controller/pay load fail.
2017-12-18 16:15:15
180.232.84.51

/index.php/pay/47_qq/returnUrl.php
/controller/pay load fail.
2017-12-18 16:15:18
180.232.84.51

/index.php/pay/47_qq/returnUrl.php
/controller/pay load fail.
2017-12-18 16:15:21
180.232.84.51

/index.php/pay/47_qq/returnUrl.php
/controller/pay load fail.
2017-12-18 16:15:24
180.232.84.51

/index.php/static/assets/css/app1.css
/controller/static load fail.
2017-12-18 17:55:15
113.61.35.194

/index.php/static/assets/css/app1.css
/controller/static load fail.
2017-12-18 18:05:43
180.178.61.58

/index.php/static/assets/css/app1.css
/controller/static load fail.
2017-12-18 18:09:00
134.159.159.161

/index.php/static/assets/css/app1.css
/controller/static load fail.
2017-12-18 19:03:27
101.226.33.218

/index.php/static/assets/css/app1.css
/controller/static load fail.
2017-12-18 19:04:47
125.252.99.174

/index.php/static/assets/css/app1.css
/controller/static load fail.
2017-12-18 19:04:47
125.252.99.174

/index.php/static/assets/css/app1.css
/controller/static load fail.
2017-12-18 19:39:30
47.88.220.56

/index.php/static/assets/css/app1.css
/controller/static load fail.
2017-12-18 19:39:30
47.88.220.56

