/index.php/script/jquery.js
/controller/script load fail.
2017-09-26 00:04:09
49.83.24.101

/index.php/css/img/iconfont.ttf
/controller/css load fail.
2017-09-26 00:04:09
49.83.24.101

/index.php/static/images/header-profile.png
/controller/static load fail.
2017-09-26 01:08:40
175.167.128.27

/index.php/static/images/header-profile.png
/controller/static load fail.
2017-09-26 01:08:55
175.167.128.27

/index.php/static/images/header-profile.png
/controller/static load fail.
2017-09-26 01:09:04
175.167.128.27

/index.php/static/images/header-profile.png
/controller/static load fail.
2017-09-26 01:10:32
175.167.128.27

/index.php/static/images/header-profile.png
/controller/static load fail.
2017-09-26 01:10:35
175.167.128.27

/index.php/static/images/header-profile.png
/controller/static load fail.
2017-09-26 01:10:47
175.167.128.27

/index.php/static/images/header-profile.png
/controller/static load fail.
2017-09-26 01:11:05
175.167.128.27

/index.php/static/images/header-profile.png
/controller/static load fail.
2017-09-26 01:11:07
175.167.128.27

/index.php/static/images/header-profile.png
/controller/static load fail.
2017-09-26 01:11:11
175.167.128.27

/index.php/static/images/header-profile.png
/controller/static load fail.
2017-09-26 01:12:12
175.167.128.27

/index.php/static/images/header-profile.png
/controller/static load fail.
2017-09-26 01:12:13
175.167.128.27

/index.php/static/images/header-profile.png
/controller/static load fail.
2017-09-26 01:12:17
175.167.128.27

/index.php/static/images/header-profile.png
/controller/static load fail.
2017-09-26 01:12:23
175.167.128.27

/index.php/static/images/header-profile.png
/controller/static load fail.
2017-09-26 01:12:26
175.167.128.27

/index.php/static/images/header-profile.png
/controller/static load fail.
2017-09-26 01:12:27
175.167.128.27

/index.php/static/images/header-profile.png
/controller/static load fail.
2017-09-26 01:12:30
175.167.128.27

/index.php/static/images/header-profile.png
/controller/static load fail.
2017-09-26 01:12:38
175.167.128.27

/index.php/static/images/header-profile.png
/controller/static load fail.
2017-09-26 01:12:42
175.167.128.27

/index.php/static/images/header-profile.png
/controller/static load fail.
2017-09-26 01:12:48
175.167.128.27

/index.php/static/images/header-profile.png
/controller/static load fail.
2017-09-26 01:13:20
175.167.128.27

/index.php/static/images/header-profile.png
/controller/static load fail.
2017-09-26 01:13:31
175.167.128.27

/index.php/static/images/header-profile.png
/controller/static load fail.
2017-09-26 01:13:36
175.167.128.27

/index.php/static/images/header-profile.png
/controller/static load fail.
2017-09-26 01:13:43
175.167.128.27

/index.php/static/images/header-profile.png
/controller/static load fail.
2017-09-26 01:14:20
175.167.128.27

/index.php/static/images/header-profile.png
/controller/static load fail.
2017-09-26 01:14:38
175.167.128.27

/index.php/static/images/header-profile.png
/controller/static load fail.
2017-09-26 01:16:05
175.167.128.27

/index.php/static/images/header-profile.png
/controller/static load fail.
2017-09-26 01:16:16
175.167.128.27

/index.php/static/images/header-profile.png
/controller/static load fail.
2017-09-26 01:17:00
175.167.128.27

/index.php/static/images/header-profile.png
/controller/static load fail.
2017-09-26 01:17:06
175.167.128.27

/index.php/static/images/header-profile.png
/controller/static load fail.
2017-09-26 01:19:20
175.167.128.27

/index.php/static/images/header-profile.png
/controller/static load fail.
2017-09-26 01:21:13
175.167.128.27

/index.php/static/images/header-profile.png
/controller/static load fail.
2017-09-26 01:21:31
175.167.128.27

/index.php/static/images/header-profile.png
/controller/static load fail.
2017-09-26 01:22:09
175.167.128.27

/index.php/static/images/header-profile.png
/controller/static load fail.
2017-09-26 01:22:28
175.167.128.27

/index.php/static/images/header-profile.png
/controller/static load fail.
2017-09-26 01:22:29
175.167.128.27

/index.php/static/images/header-profile.png
/controller/static load fail.
2017-09-26 01:22:30
175.167.128.27

/index.php/static/images/header-profile.png
/controller/static load fail.
2017-09-26 01:22:31
175.167.128.27

/index.php/static/images/header-profile.png
/controller/static load fail.
2017-09-26 01:22:38
175.167.128.27

/index.php/static/images/header-profile.png
/controller/static load fail.
2017-09-26 01:22:41
175.167.128.27

/index.php/static/images/header-profile.png
/controller/static load fail.
2017-09-26 01:22:44
175.167.128.27

/index.php/static/images/header-profile.png
/controller/static load fail.
2017-09-26 01:22:48
175.167.128.27

/index.php/static/images/header-profile.png
/controller/static load fail.
2017-09-26 01:23:06
175.167.128.27

/index.php/static/images/header-profile.png
/controller/static load fail.
2017-09-26 01:23:08
175.167.128.27

/index.php/static/images/header-profile.png
/controller/static load fail.
2017-09-26 01:26:49
175.167.128.27

/index.php/static/images/header-profile.png
/controller/static load fail.
2017-09-26 01:27:09
175.167.128.27

/index.php/static/images/header-profile.png
/controller/static load fail.
2017-09-26 01:27:20
175.167.128.27

/index.php/static/images/header-profile.png
/controller/static load fail.
2017-09-26 01:29:17
175.167.128.27

/index.php/static/images/header-profile.png
/controller/static load fail.
2017-09-26 01:33:26
175.167.128.27

/index.php/static/images/header-profile.png
/controller/static load fail.
2017-09-26 01:33:53
175.167.128.27

/index.php/static/images/header-profile.png
/controller/static load fail.
2017-09-26 01:33:58
175.167.128.27

/index.php/static/images/header-profile.png
/controller/static load fail.
2017-09-26 01:35:25
175.167.128.27

/index.php/static/images/header-profile.png
/controller/static load fail.
2017-09-26 01:36:35
175.167.128.27

/index.php/static/images/header-profile.png
/controller/static load fail.
2017-09-26 01:36:38
175.167.128.27

/index.php/static/images/header-profile.png
/controller/static load fail.
2017-09-26 01:38:33
175.167.128.27

/index.php/static/images/header-profile.png
/controller/static load fail.
2017-09-26 01:38:46
175.167.128.27

/index.php/static/images/header-profile.png
/controller/static load fail.
2017-09-26 01:38:53
175.167.128.27

/index.php/static/images/header-profile.png
/controller/static load fail.
2017-09-26 01:39:24
175.167.128.27

/index.php/static/images/header-profile.png
/controller/static load fail.
2017-09-26 01:40:22
175.167.128.27

/index.php/static/images/header-profile.png
/controller/static load fail.
2017-09-26 01:40:24
175.167.128.27

/index.php/static/images/header-profile.png
/controller/static load fail.
2017-09-26 01:45:16
175.167.128.27

/index.php/static/images/header-profile.png
/controller/static load fail.
2017-09-26 01:45:16
175.167.128.27

/index.php/static/images/header-profile.png
/controller/static load fail.
2017-09-26 01:45:50
175.167.128.27

/index.php/static/images/header-profile.png
/controller/static load fail.
2017-09-26 01:45:52
175.167.128.27

/index.php/static/images/header-profile.png
/controller/static load fail.
2017-09-26 01:46:03
175.167.128.27

/index.php/static/images/header-profile.png
/controller/static load fail.
2017-09-26 01:46:04
175.167.128.27

/index.php/static/images/header-profile.png
/controller/static load fail.
2017-09-26 01:46:37
175.167.128.27

/index.php/static/images/header-profile.png
/controller/static load fail.
2017-09-26 01:46:39
175.167.128.27

/index.php/static/images/header-profile.png
/controller/static load fail.
2017-09-26 01:46:48
175.167.128.27

/index.php/static/images/header-profile.png
/controller/static load fail.
2017-09-26 01:47:07
175.167.128.27

/index.php/static/images/header-profile.png
/controller/static load fail.
2017-09-26 01:47:14
175.167.128.27

/index.php/static/images/header-profile.png
/controller/static load fail.
2017-09-26 01:47:18
175.167.128.27

/index.php/script/jquery.js
/controller/script load fail.
2017-09-26 02:28:38
125.84.82.95

/index.php/css/img/iconfont.ttf
/controller/css load fail.
2017-09-26 02:28:38
125.84.82.95

/index.php/static/images/header-profile.png
/controller/static load fail.
2017-09-26 02:28:44
125.84.82.95

/index.php/static/images/header-profile.png
/controller/static load fail.
2017-09-26 02:28:53
125.84.82.95

/index.php/static/images/header-profile.png
/controller/static load fail.
2017-09-26 02:29:06
125.84.82.95

/index.php/static/images/header-profile.png
/controller/static load fail.
2017-09-26 02:29:10
125.84.82.95

/index.php/static/images/header-profile.png
/controller/static load fail.
2017-09-26 02:29:37
125.84.82.95

/index.php/static/images/header-profile.png
/controller/static load fail.
2017-09-26 02:29:39
125.84.82.95

/index.php/static/images/header-profile.png
/controller/static load fail.
2017-09-26 02:30:54
125.84.82.95

/index.php/static/images/header-profile.png
/controller/static load fail.
2017-09-26 02:31:18
125.84.82.95

/index.php/static/images/header-profile.png
/controller/static load fail.
2017-09-26 02:31:23
125.84.82.95

/index.php/static/images/header-profile.png
/controller/static load fail.
2017-09-26 02:32:34
125.84.82.95

/index.php/static/images/header-profile.png
/controller/static load fail.
2017-09-26 02:32:35
125.84.82.95

/index.php/static/images/header-profile.png
/controller/static load fail.
2017-09-26 02:32:37
125.84.82.95

/index.php/static/images/header-profile.png
/controller/static load fail.
2017-09-26 02:32:40
125.84.82.95

/index.php/static/images/header-profile.png
/controller/static load fail.
2017-09-26 02:32:41
125.84.82.95

/index.php/static/images/header-profile.png
/controller/static load fail.
2017-09-26 02:32:44
125.84.82.95

/index.php/script/jquery.js
/controller/script load fail.
2017-09-26 02:32:50
119.84.50.75

/index.php/css/img/iconfont.ttf
/controller/css load fail.
2017-09-26 02:32:50
119.84.50.75

/index.php/static/images/header-profile.png
/controller/static load fail.
2017-09-26 02:33:05
125.84.82.95

/index.php/admin
/controller/admin load fail.
2017-09-26 02:33:07
119.84.50.75

/index.php/static/images/header-profile.png
/controller/static load fail.
2017-09-26 02:34:58
125.84.82.95

/index.php/static/images/header-profile.png
/controller/static load fail.
2017-09-26 02:35:01
125.84.82.95

/index.php/static/images/header-profile.png
/controller/static load fail.
2017-09-26 02:35:29
125.84.82.95

/index.php/static/images/header-profile.png
/controller/static load fail.
2017-09-26 02:35:32
125.84.82.95

/index.php/static/images/header-profile.png
/controller/static load fail.
2017-09-26 02:35:34
125.84.82.95

/index.php/script/jquery.js
/controller/script load fail.
2017-09-26 02:45:02
180.97.35.21

/index.php/script/jquery.js
/controller/script load fail.
2017-09-26 02:45:02
180.97.35.90

/index.php/js/sensorsdata.min.js
/controller/js load fail.
2017-09-26 02:45:02
180.97.35.36

/index.php/css/img/iconfont.ttf
/controller/css load fail.
2017-09-26 02:45:03
180.97.35.36

/index.php/script/jquery.js
/controller/script load fail.
2017-09-26 02:48:09
115.239.212.67

/index.php/script/jquery.js
/controller/script load fail.
2017-09-26 02:48:10
115.239.212.71

/index.php/js/sensorsdata.min.js
/controller/js load fail.
2017-09-26 02:48:13
115.239.212.71

/index.php/css/img/iconfont.ttf
/controller/css load fail.
2017-09-26 02:48:13
115.239.212.71

/index.php/static/images/header-profile.png
/controller/static load fail.
2017-09-26 02:49:29
125.84.82.95

/index.php/static/images/header-profile.png
/controller/static load fail.
2017-09-26 02:50:35
125.84.82.95

/index.php/static/images/header-profile.png
/controller/static load fail.
2017-09-26 02:51:35
125.84.82.95

/index.php/static/images/header-profile.png
/controller/static load fail.
2017-09-26 02:52:00
125.84.82.95

/index.php/script/jquery.js
/controller/script load fail.
2017-09-26 02:52:27
183.198.232.78

/index.php/css/img/iconfont.ttf
/controller/css load fail.
2017-09-26 02:52:28
183.198.232.78

/index.php/css/img/nav-prd-icon.svg
/controller/css load fail.
2017-09-26 02:52:28
183.198.232.78

/index.php/css/img/scheme-nav-icon.svg
/controller/css load fail.
2017-09-26 02:52:28
183.198.232.78

/index.php/js/sensorsdata.min.js
/controller/js load fail.
2017-09-26 02:52:28
183.198.232.78

/index.php/script/jquery.js
/controller/script load fail.
2017-09-26 02:52:35
14.215.176.139

/index.php/js/sensorsdata.min.js
/controller/js load fail.
2017-09-26 02:52:35
14.215.176.139

/index.php/css/img/iconfont.ttf
/controller/css load fail.
2017-09-26 02:52:35
14.215.176.139

/index.php/script/jquery.js
/controller/script load fail.
2017-09-26 02:52:39
180.97.35.89

/index.php/css/img/iconfont.ttf
/controller/css load fail.
2017-09-26 02:52:40
180.97.35.88

/index.php/static/images/header-profile.png
/controller/static load fail.
2017-09-26 02:58:43
125.84.82.95

/index.php/static/images/header-profile.png
/controller/static load fail.
2017-09-26 03:00:13
125.84.82.95

/index.php/static/images/header-profile.png
/controller/static load fail.
2017-09-26 03:00:15
125.84.82.95

/index.php/static/images/header-profile.png
/controller/static load fail.
2017-09-26 03:03:58
125.84.82.95

/index.php/static/images/header-profile.png
/controller/static load fail.
2017-09-26 03:04:01
125.84.82.95

/index.php/static/images/header-profile.png
/controller/static load fail.
2017-09-26 03:04:13
125.84.82.95

/index.php/static/images/header-profile.png
/controller/static load fail.
2017-09-26 03:06:51
125.84.82.95

/index.php/static/images/header-profile.png
/controller/static load fail.
2017-09-26 03:10:25
125.84.82.95

/index.php/static/images/header-profile.png
/controller/static load fail.
2017-09-26 03:13:04
125.84.82.95

/index.php/static/images/header-profile.png
/controller/static load fail.
2017-09-26 03:17:44
125.84.82.95

/index.php/static/images/header-profile.png
/controller/static load fail.
2017-09-26 03:20:13
125.84.82.95

/index.php/static/images/header-profile.png
/controller/static load fail.
2017-09-26 03:23:30
125.84.82.95

/index.php/static/images/header-profile.png
/controller/static load fail.
2017-09-26 03:24:31
125.84.82.95

/index.php/static/images/header-profile.png
/controller/static load fail.
2017-09-26 03:32:52
125.84.82.95

/index.php/script/jquery.js
/controller/script load fail.
2017-09-26 03:35:44
183.198.232.78

/index.php/css/img/iconfont.ttf
/controller/css load fail.
2017-09-26 03:35:46
183.198.232.78

/index.php/script/jquery.js
/controller/script load fail.
2017-09-26 03:35:47
183.198.232.78

/index.php/js/sensorsdata.min.js
/controller/js load fail.
2017-09-26 03:35:48
183.198.232.78

/index.php/css/img/scheme-nav-icon.svg
/controller/css load fail.
2017-09-26 03:35:48
183.198.232.78

/index.php/css/img/nav-prd-icon.svg
/controller/css load fail.
2017-09-26 03:35:48
183.198.232.78

/index.php/css/img/iconfont.ttf
/controller/css load fail.
2017-09-26 03:35:48
183.198.232.78

/index.php/static/images/header-profile.png
/controller/static load fail.
2017-09-26 03:36:37
125.84.82.95

/index.php/static/images/header-profile.png
/controller/static load fail.
2017-09-26 03:47:32
125.84.82.95

/index.php/static/images/header-profile.png
/controller/static load fail.
2017-09-26 03:47:46
125.84.82.95

/index.php/static/images/header-profile.png
/controller/static load fail.
2017-09-26 03:55:01
125.84.82.95

/index.php/static/images/header-profile.png
/controller/static load fail.
2017-09-26 03:56:49
125.84.82.95

/index.php/static/images/header-profile.png
/controller/static load fail.
2017-09-26 03:56:51
125.84.82.95

/index.php/static/images/header-profile.png
/controller/static load fail.
2017-09-26 03:56:53
125.84.82.95

/index.php/script/jquery.js
/controller/script load fail.
2017-09-26 03:58:22
183.198.232.78

/index.php/css/img/iconfont.ttf
/controller/css load fail.
2017-09-26 03:58:23
183.198.232.78

/index.php/script/jquery.js
/controller/script load fail.
2017-09-26 03:58:23
183.198.232.78

/index.php/js/sensorsdata.min.js
/controller/js load fail.
2017-09-26 03:58:24
183.198.232.78

/index.php/css/img/nav-prd-icon.svg
/controller/css load fail.
2017-09-26 03:58:24
183.198.232.78

/index.php/css/img/scheme-nav-icon.svg
/controller/css load fail.
2017-09-26 03:58:24
183.198.232.78

/index.php/css/img/iconfont.ttf
/controller/css load fail.
2017-09-26 03:58:24
183.198.232.78

/index.php/static/images/header-profile.png
/controller/static load fail.
2017-09-26 03:58:26
125.84.82.95

/index.php/static/images/header-profile.png
/controller/static load fail.
2017-09-26 03:59:06
125.84.82.95

/index.php/static/images/header-profile.png
/controller/static load fail.
2017-09-26 04:01:27
125.84.82.95

/index.php/static/images/header-profile.png
/controller/static load fail.
2017-09-26 04:01:29
125.84.82.95

/index.php/static/images/header-profile.png
/controller/static load fail.
2017-09-26 04:02:48
125.84.82.95

/index.php/static/images/header-profile.png
/controller/static load fail.
2017-09-26 04:14:02
125.84.82.95

/index.php/script/jquery.js
/controller/script load fail.
2017-09-26 04:49:42
58.217.163.145

/index.php/css/img/iconfont.ttf
/controller/css load fail.
2017-09-26 04:49:42
58.217.163.145

/index.php/script/jquery.js
/controller/script load fail.
2017-09-26 04:50:52
58.217.163.145

/index.php/script/jquery.js
/controller/script load fail.
2017-09-26 04:50:52
58.217.163.145

/index.php/js/sensorsdata.min.js
/controller/js load fail.
2017-09-26 04:50:53
58.217.163.145

/index.php/css/img/scheme-nav-icon.svg
/controller/css load fail.
2017-09-26 04:50:53
58.217.163.145

/index.php/css/img/nav-prd-icon.svg
/controller/css load fail.
2017-09-26 04:50:53
58.217.163.145

/index.php/css/img/iconfont.ttf
/controller/css load fail.
2017-09-26 04:50:54
58.217.163.145

/index.php/static/images/header-profile.png
/controller/static load fail.
2017-09-26 05:00:57
125.84.82.95

/index.php/static/images/header-profile.png
/controller/static load fail.
2017-09-26 05:06:13
125.84.82.95

/index.php/static/images/header-profile.png
/controller/static load fail.
2017-09-26 05:28:05
125.84.82.95

/index.php/static/images/header-profile.png
/controller/static load fail.
2017-09-26 06:00:22
125.84.82.95

/index.php/static/images/header-profile.png
/controller/static load fail.
2017-09-26 06:04:03
125.84.82.95

/index.php/static/images/header-profile.png
/controller/static load fail.
2017-09-26 06:04:10
125.84.82.95

/index.php/static/images/header-profile.png
/controller/static load fail.
2017-09-26 06:21:09
125.84.82.95

/index.php/static/images/header-profile.png
/controller/static load fail.
2017-09-26 06:21:15
125.84.82.95

/index.php/static/images/header-profile.png
/controller/static load fail.
2017-09-26 06:21:31
125.84.82.95

/index.php/static/images/header-profile.png
/controller/static load fail.
2017-09-26 06:21:34
125.84.82.95

/index.php/static/images/header-profile.png
/controller/static load fail.
2017-09-26 06:21:45
125.84.82.95

/index.php/script/jquery.js
/controller/script load fail.
2017-09-26 06:23:53
14.215.161.210

/index.php/script/jquery.js
/controller/script load fail.
2017-09-26 06:23:53
120.239.177.184

/index.php/css/img/iconfont.ttf
/controller/css load fail.
2017-09-26 06:23:54
120.239.177.184

/index.php/js/sensorsdata.min.js
/controller/js load fail.
2017-09-26 06:23:54
120.239.177.184

/index.php/css/img/nav-prd-icon.svg
/controller/css load fail.
2017-09-26 06:23:54
120.239.177.184

/index.php/css/img/scheme-nav-icon.svg
/controller/css load fail.
2017-09-26 06:23:54
120.239.177.184

/index.php/static/images/header-profile.png
/controller/static load fail.
2017-09-26 06:24:27
125.84.82.95

/index.php/script/jquery.js
/controller/script load fail.
2017-09-26 06:31:14
125.84.82.95

/index.php/css/img/iconfont.ttf
/controller/css load fail.
2017-09-26 06:31:14
125.84.82.95

/index.php/static/images/header-profile.png
/controller/static load fail.
2017-09-26 06:31:17
125.84.82.95

/index.php/static/images/header-profile.png
/controller/static load fail.
2017-09-26 06:31:21
125.84.82.95

/index.php/static/images/header-profile.png
/controller/static load fail.
2017-09-26 06:31:26
125.84.82.95

/index.php/static/images/header-profile.png
/controller/static load fail.
2017-09-26 06:31:36
125.84.82.95

/index.php/static/images/header-profile.png
/controller/static load fail.
2017-09-26 06:31:42
125.84.82.95

/index.php/static/images/header-profile.png
/controller/static load fail.
2017-09-26 06:31:48
125.84.82.95

/index.php/script/jquery.js
/controller/script load fail.
2017-09-26 07:12:46
125.84.82.95

/index.php/script/jquery.js
/controller/script load fail.
2017-09-26 07:12:46
125.84.82.95

/index.php/css/img/iconfont.ttf
/controller/css load fail.
2017-09-26 07:12:47
125.84.82.95

/index.php/js/sensorsdata.min.js
/controller/js load fail.
2017-09-26 07:12:47
125.84.82.95

/index.php/css/img/nav-prd-icon.svg
/controller/css load fail.
2017-09-26 07:12:47
125.84.82.95

/index.php/css/img/scheme-nav-icon.svg
/controller/css load fail.
2017-09-26 07:12:47
125.84.82.95

/index.php/script/jquery.js
/controller/script load fail.
2017-09-26 07:13:09
125.84.82.95

/index.php/css/img/iconfont.ttf
/controller/css load fail.
2017-09-26 07:13:09
125.84.82.95

/index.php/js/sensorsdata.min.js
/controller/js load fail.
2017-09-26 07:13:09
125.84.82.95

/index.php/css/img/nav-prd-icon.svg
/controller/css load fail.
2017-09-26 07:13:09
125.84.82.95

/index.php/css/img/scheme-nav-icon.svg
/controller/css load fail.
2017-09-26 07:13:09
125.84.82.95

/index.php/script/jquery.js
/controller/script load fail.
2017-09-26 07:13:19
125.84.82.95

/index.php/js/sensorsdata.min.js
/controller/js load fail.
2017-09-26 07:13:20
125.84.82.95

/index.php/css/img/nav-prd-icon.svg
/controller/css load fail.
2017-09-26 07:13:20
125.84.82.95

/index.php/css/img/scheme-nav-icon.svg
/controller/css load fail.
2017-09-26 07:13:20
125.84.82.95

/index.php/css/img/iconfont.ttf
/controller/css load fail.
2017-09-26 07:13:20
125.84.82.95

/index.php/script/jquery.js
/controller/script load fail.
2017-09-26 07:13:21
125.84.82.95

/index.php/js/sensorsdata.min.js
/controller/js load fail.
2017-09-26 07:13:21
125.84.82.95

/index.php/css/img/nav-prd-icon.svg
/controller/css load fail.
2017-09-26 07:13:21
125.84.82.95

/index.php/css/img/scheme-nav-icon.svg
/controller/css load fail.
2017-09-26 07:13:21
125.84.82.95

/index.php/css/img/iconfont.ttf
/controller/css load fail.
2017-09-26 07:13:22
125.84.82.95

/index.php/script/jquery.js
/controller/script load fail.
2017-09-26 07:13:29
125.84.82.95

/index.php/script/jquery.js
/controller/script load fail.
2017-09-26 07:13:29
125.84.82.95

/index.php/js/sensorsdata.min.js
/controller/js load fail.
2017-09-26 07:13:29
125.84.82.95

/index.php/css/img/nav-prd-icon.svg
/controller/css load fail.
2017-09-26 07:13:29
125.84.82.95

/index.php/css/img/scheme-nav-icon.svg
/controller/css load fail.
2017-09-26 07:13:29
125.84.82.95

/index.php/css/img/iconfont.ttf
/controller/css load fail.
2017-09-26 07:13:29
125.84.82.95

/index.php/script/jquery.js
/controller/script load fail.
2017-09-26 07:16:48
116.2.153.196

/index.php/css/img/iconfont.ttf
/controller/css load fail.
2017-09-26 07:16:48
116.2.153.196

/index.php/static/images/header-profile.png
/controller/static load fail.
2017-09-26 07:17:09
116.2.153.196

/index.php/static/images/header-profile.png
/controller/static load fail.
2017-09-26 07:17:12
116.2.153.196

/index.php/static/images/header-profile.png
/controller/static load fail.
2017-09-26 07:17:18
116.2.153.196

/index.php/static/images/header-profile.png
/controller/static load fail.
2017-09-26 07:17:24
116.2.153.196

/index.php/static/images/header-profile.png
/controller/static load fail.
2017-09-26 07:17:26
116.2.153.196

/index.php/static/images/header-profile.png
/controller/static load fail.
2017-09-26 07:17:37
116.2.153.196

/index.php/static/images/header-profile.png
/controller/static load fail.
2017-09-26 07:17:56
116.2.153.196

/index.php/static/images/header-profile.png
/controller/static load fail.
2017-09-26 07:18:49
175.167.128.27

/index.php/static/images/header-profile.png
/controller/static load fail.
2017-09-26 07:18:58
175.167.128.27

/index.php/static/images/header-profile.png
/controller/static load fail.
2017-09-26 07:19:49
116.2.153.196

/index.php/static/images/header-profile.png
/controller/static load fail.
2017-09-26 07:20:56
175.167.128.27

/index.php/script/jquery.js
/controller/script load fail.
2017-09-26 07:23:38
116.2.153.196

/index.php/css/img/iconfont.ttf
/controller/css load fail.
2017-09-26 07:23:39
116.2.153.196

/index.php/static/images/header-profile.png
/controller/static load fail.
2017-09-26 07:23:53
116.2.153.196

/index.php/static/images/header-profile.png
/controller/static load fail.
2017-09-26 07:23:56
116.2.153.196

/index.php/static/images/header-profile.png
/controller/static load fail.
2017-09-26 07:24:07
116.2.153.196

/index.php/static/images/header-profile.png
/controller/static load fail.
2017-09-26 07:24:11
116.2.153.196

/index.php/static/images/header-profile.png
/controller/static load fail.
2017-09-26 07:24:12
116.2.153.196

/index.php/script/jquery.js
/controller/script load fail.
2017-09-26 07:26:43
116.2.153.196

/index.php/css/img/iconfont.ttf
/controller/css load fail.
2017-09-26 07:26:44
116.2.153.196

/index.php/static/images/header-profile.png
/controller/static load fail.
2017-09-26 07:26:47
116.2.153.196

/index.php/static/images/header-profile.png
/controller/static load fail.
2017-09-26 07:26:50
116.2.153.196

/index.php/static/images/header-profile.png
/controller/static load fail.
2017-09-26 07:27:00
116.2.153.196

/index.php/static/images/header-profile.png
/controller/static load fail.
2017-09-26 07:27:04
116.2.153.196

/index.php/static/images/header-profile.png
/controller/static load fail.
2017-09-26 07:27:08
116.2.153.196

/index.php/script/jquery.js
/controller/script load fail.
2017-09-26 07:27:10
101.226.33.217

/index.php/script/jquery.js
/controller/script load fail.
2017-09-26 07:27:10
101.226.33.217

/index.php/script/jquery.js
/controller/script load fail.
2017-09-26 07:27:11
101.226.33.217

/index.php/script/jquery.js
/controller/script load fail.
2017-09-26 07:27:11
101.226.33.217

/index.php/css/img/iconfont.ttf
/controller/css load fail.
2017-09-26 07:27:11
101.226.33.217

/index.php/js/sensorsdata.min.js
/controller/js load fail.
2017-09-26 07:27:11
101.226.33.217

/index.php/static/images/header-profile.png
/controller/static load fail.
2017-09-26 07:27:46
116.2.153.196

/index.php/script/jquery.js
/controller/script load fail.
2017-09-26 07:30:30
116.2.153.196

/index.php/css/img/iconfont.ttf
/controller/css load fail.
2017-09-26 07:30:31
116.2.153.196

/index.php/static/images/header-profile.png
/controller/static load fail.
2017-09-26 07:30:33
116.2.153.196

/index.php/static/images/header-profile.png
/controller/static load fail.
2017-09-26 07:30:43
116.2.153.196

/index.php/static/images/header-profile.png
/controller/static load fail.
2017-09-26 07:30:46
116.2.153.196

/index.php/static/images/header-profile.png
/controller/static load fail.
2017-09-26 07:30:50
116.2.153.196

/index.php/static/images/header-profile.png
/controller/static load fail.
2017-09-26 07:30:51
116.2.153.196

/index.php/static/images/header-profile.png
/controller/static load fail.
2017-09-26 09:06:45
175.167.128.27

/index.php/static/images/header-profile.png
/controller/static load fail.
2017-09-26 09:07:02
175.167.128.27

/index.php/static/images/header-profile.png
/controller/static load fail.
2017-09-26 09:09:22
175.167.128.27

/index.php/static/images/header-profile.png
/controller/static load fail.
2017-09-26 09:09:26
175.167.128.27

/index.php/static/images/header-profile.png
/controller/static load fail.
2017-09-26 09:09:32
175.167.128.27

/index.php/static/images/header-profile.png
/controller/static load fail.
2017-09-26 09:09:35
175.167.128.27

/index.php/static/images/header-profile.png
/controller/static load fail.
2017-09-26 09:54:36
175.167.128.27

/index.php/static/images/header-profile.png
/controller/static load fail.
2017-09-26 09:54:51
175.167.128.27

/index.php/static/images/header-profile.png
/controller/static load fail.
2017-09-26 09:55:22
175.167.128.27

/index.php/static/images/header-profile.png
/controller/static load fail.
2017-09-26 09:55:29
175.167.128.27

/index.php/static/images/header-profile.png
/controller/static load fail.
2017-09-26 09:55:33
175.167.128.27

/index.php/static/images/header-profile.png
/controller/static load fail.
2017-09-26 09:58:47
175.167.128.27

/index.php/static/images/header-profile.png
/controller/static load fail.
2017-09-26 09:58:56
175.167.128.27

/index.php/ldpay/images/OzUPukVET.png
/controller/ldpay load fail.
2017-09-26 10:08:18
117.136.45.203

/index.php/script/jquery.js
/controller/script load fail.
2017-09-26 10:12:28
111.11.6.38

/index.php/script/jquery.js
/controller/script load fail.
2017-09-26 10:12:29
111.11.6.38

/index.php/js/sensorsdata.min.js
/controller/js load fail.
2017-09-26 10:12:30
111.11.6.38

/index.php/css/img/scheme-nav-icon.svg
/controller/css load fail.
2017-09-26 10:12:30
111.11.6.38

/index.php/css/img/nav-prd-icon.svg
/controller/css load fail.
2017-09-26 10:12:30
111.11.6.38

/index.php/css/img/iconfont.ttf
/controller/css load fail.
2017-09-26 10:12:30
111.11.6.38

/index.php/script/jquery.js
/controller/script load fail.
2017-09-26 10:12:33
111.11.6.38

/index.php/js/sensorsdata.min.js
/controller/js load fail.
2017-09-26 10:12:34
111.11.6.38

/index.php/css/img/nav-prd-icon.svg
/controller/css load fail.
2017-09-26 10:12:34
111.11.6.38

/index.php/css/img/iconfont.ttf
/controller/css load fail.
2017-09-26 10:12:34
111.11.6.38

/index.php/css/img/scheme-nav-icon.svg
/controller/css load fail.
2017-09-26 10:12:34
111.11.6.38

/index.php/script/jquery.js
/controller/script load fail.
2017-09-26 10:49:28
125.84.82.95

/index.php/css/img/iconfont.ttf
/controller/css load fail.
2017-09-26 10:49:29
125.84.82.95

/index.php/js/sensorsdata.min.js
/controller/js load fail.
2017-09-26 10:49:29
125.84.82.95

/index.php/css/img/nav-prd-icon.svg
/controller/css load fail.
2017-09-26 10:49:29
125.84.82.95

/index.php/css/img/scheme-nav-icon.svg
/controller/css load fail.
2017-09-26 10:49:29
125.84.82.95

/index.php/script/jquery.js
/controller/script load fail.
2017-09-26 11:21:48
116.2.153.196

/index.php/css/img/iconfont.ttf
/controller/css load fail.
2017-09-26 11:21:48
116.2.153.196

/index.php/static/images/header-profile.png
/controller/static load fail.
2017-09-26 11:22:02
116.2.153.196

/index.php/static/images/header-profile.png
/controller/static load fail.
2017-09-26 11:22:16
116.2.153.196

/index.php/static/images/header-profile.png
/controller/static load fail.
2017-09-26 11:22:27
116.2.153.196

/index.php/static/images/header-profile.png
/controller/static load fail.
2017-09-26 11:22:31
116.2.153.196

/index.php/static/images/header-profile.png
/controller/static load fail.
2017-09-26 11:23:02
116.2.153.196

/index.php/static/images/header-profile.png
/controller/static load fail.
2017-09-26 11:23:05
116.2.153.196

/index.php/static/images/header-profile.png
/controller/static load fail.
2017-09-26 11:23:10
116.2.153.196

/index.php/static/images/header-profile.png
/controller/static load fail.
2017-09-26 11:24:31
116.2.153.196

/index.php/static/images/header-profile.png
/controller/static load fail.
2017-09-26 11:24:33
116.2.153.196

/index.php/static/images/header-profile.png
/controller/static load fail.
2017-09-26 11:24:36
116.2.153.196

/index.php/static/images/header-profile.png
/controller/static load fail.
2017-09-26 11:30:48
175.167.130.21

/index.php/static/images/header-profile.png
/controller/static load fail.
2017-09-26 11:30:52
175.167.130.21

/index.php/static/images/header-profile.png
/controller/static load fail.
2017-09-26 11:30:57
175.167.130.21

/index.php/static/images/header-profile.png
/controller/static load fail.
2017-09-26 11:42:09
175.167.130.21

/index.php/script/jquery.js
/controller/script load fail.
2017-09-26 15:06:52
125.84.82.95

/index.php/css/img/iconfont.ttf
/controller/css load fail.
2017-09-26 15:06:52
125.84.82.95

/index.php/static/images/header-profile.png
/controller/static load fail.
2017-09-26 15:06:58
125.84.82.95

/index.php/static/images/header-profile.png
/controller/static load fail.
2017-09-26 15:07:00
125.84.82.95

/index.php/static/images/header-profile.png
/controller/static load fail.
2017-09-26 15:07:07
125.84.82.95

/index.php/static/images/header-profile.png
/controller/static load fail.
2017-09-26 15:10:36
125.84.82.95

/index.php/script/jquery.js
/controller/script load fail.
2017-09-26 16:32:25
125.84.82.95

/index.php/css/img/iconfont.ttf
/controller/css load fail.
2017-09-26 16:32:25
125.84.82.95

/index.php/static/images/header-profile.png
/controller/static load fail.
2017-09-26 16:32:27
125.84.82.95

/index.php/static/images/header-profile.png
/controller/static load fail.
2017-09-26 16:32:30
125.84.82.95

/index.php/static/images/header-profile.png
/controller/static load fail.
2017-09-26 16:34:19
125.84.82.95

/index.php/static/images/header-profile.png
/controller/static load fail.
2017-09-26 16:34:39
125.84.82.95

/index.php/static/images/header-profile.png
/controller/static load fail.
2017-09-26 16:35:37
125.84.82.95

/index.php/static/images/header-profile.png
/controller/static load fail.
2017-09-26 16:36:50
125.84.82.95

/index.php/static/images/header-profile.png
/controller/static load fail.
2017-09-26 16:36:53
125.84.82.95

/index.php/static/images/header-profile.png
/controller/static load fail.
2017-09-26 16:37:07
125.84.82.95

/index.php/static/images/header-profile.png
/controller/static load fail.
2017-09-26 16:37:09
125.84.82.95

/index.php/static/images/header-profile.png
/controller/static load fail.
2017-09-26 16:37:15
125.84.82.95

/index.php/static/images/header-profile.png
/controller/static load fail.
2017-09-26 16:37:28
125.84.82.95

/index.php/static/images/header-profile.png
/controller/static load fail.
2017-09-26 16:40:22
125.84.82.95

/index.php/static/images/header-profile.png
/controller/static load fail.
2017-09-26 16:41:39
125.84.82.95

/index.php/static/images/header-profile.png
/controller/static load fail.
2017-09-26 17:07:16
175.167.130.21

/index.php/static/images/header-profile.png
/controller/static load fail.
2017-09-26 17:09:18
175.167.130.21

/index.php/static/images/header-profile.png
/controller/static load fail.
2017-09-26 17:52:17
124.92.82.127

/index.php/static/images/header-profile.png
/controller/static load fail.
2017-09-26 18:16:21
124.92.82.127

/index.php/static/images/header-profile.png
/controller/static load fail.
2017-09-26 18:16:23
124.92.82.127

/index.php/static/images/header-profile.png
/controller/static load fail.
2017-09-26 18:16:27
124.92.82.127

/index.php/script/jquery.js
/controller/script load fail.
2017-09-26 18:26:09
125.84.82.95

/index.php/static/images/header-profile.png
/controller/static load fail.
2017-09-26 18:26:25
125.84.82.95

/index.php/static/images/header-profile.png
/controller/static load fail.
2017-09-26 18:29:39
125.84.82.95

/index.php/static/images/header-profile.png
/controller/static load fail.
2017-09-26 18:30:11
124.92.82.127

/index.php/static/images/header-profile.png
/controller/static load fail.
2017-09-26 18:30:13
124.92.82.127

/index.php/static/images/header-profile.png
/controller/static load fail.
2017-09-26 18:30:44
125.84.82.95

/index.php/static/images/header-profile.png
/controller/static load fail.
2017-09-26 18:30:48
125.84.82.95

/index.php/static/images/header-profile.png
/controller/static load fail.
2017-09-26 18:30:52
125.84.82.95

/index.php/static/images/header-profile.png
/controller/static load fail.
2017-09-26 18:30:57
125.84.82.95

/index.php/script/jquery.js
/controller/script load fail.
2017-09-26 18:31:31
125.84.82.95

/index.php/css/img/iconfont.ttf
/controller/css load fail.
2017-09-26 18:31:32
125.84.82.95

/index.php/static/images/header-profile.png
/controller/static load fail.
2017-09-26 18:33:49
117.61.133.116

/index.php/static/images/header-profile.png
/controller/static load fail.
2017-09-26 18:34:03
117.61.133.116

/index.php/erweimaadmin
/controller/erweimaadmin load fail.
2017-09-26 18:35:59
182.135.168.197

/index.php/static/images/header-profile.png
/controller/static load fail.
2017-09-26 18:36:05
117.61.133.116

/index.php/static/images/header-profile.png
/controller/static load fail.
2017-09-26 18:36:16
117.61.133.116

/index.php/ewmadmin/js/skin/layer.css
/controller/ewmadmin load fail.
2017-09-26 18:36:17
182.135.168.197

/index.php/ewmadmin/js/bg5.jpg
/controller/ewmadmin load fail.
2017-09-26 18:36:17
182.135.176.222

/index.php/ewmadmin/js/skin/layer.css
/controller/ewmadmin load fail.
2017-09-26 18:36:22
118.119.101.53

/index.php/ewmadmin/js/bg5.jpg
/controller/ewmadmin load fail.
2017-09-26 18:36:22
182.135.168.197

/index.php/ewmadmin/js/default/icon.png
/controller/ewmadmin load fail.
2017-09-26 18:36:25
125.67.252.135

/index.php/ewmadmin/js/skin/layer.css
/controller/ewmadmin load fail.
2017-09-26 18:36:25
125.67.252.135

/index.php/ewmadmin/js/skin/layer.css
/controller/ewmadmin load fail.
2017-09-26 18:36:28
125.67.252.135

/index.php/static/images/header-profile.png
/controller/static load fail.
2017-09-26 18:36:32
117.61.133.116

/index.php/static/images/header-profile.png
/controller/static load fail.
2017-09-26 18:36:35
117.61.133.116

/index.php/static/images/header-profile.png
/controller/static load fail.
2017-09-26 18:39:49
117.61.133.116

/index.php/static/images/header-profile.png
/controller/static load fail.
2017-09-26 18:39:50
117.61.133.116

/index.php/static/images/header-profile.png
/controller/static load fail.
2017-09-26 18:39:52
117.61.133.116

/index.php/static/images/header-profile.png
/controller/static load fail.
2017-09-26 18:40:07
117.61.133.116

/index.php/static/images/header-profile.png
/controller/static load fail.
2017-09-26 18:40:11
117.61.133.116

/index.php/static/images/header-profile.png
/controller/static load fail.
2017-09-26 18:40:15
117.61.133.116

/index.php/static/images/header-profile.png
/controller/static load fail.
2017-09-26 18:40:18
117.61.133.116

/index.php/static/images/header-profile.png
/controller/static load fail.
2017-09-26 18:40:21
117.61.133.116

/index.php/static/images/header-profile.png
/controller/static load fail.
2017-09-26 18:40:24
117.61.133.116

/index.php/static/images/header-profile.png
/controller/static load fail.
2017-09-26 18:44:55
117.61.133.116

/index.php/static/images/header-profile.png
/controller/static load fail.
2017-09-26 18:49:17
117.61.133.116

/index.php/static/images/header-profile.png
/controller/static load fail.
2017-09-26 18:52:17
117.61.133.116

/index.php/ewmadmin/js/skin/layer.css
/controller/ewmadmin load fail.
2017-09-26 18:52:40
182.135.168.197

/index.php/ewmadmin/js/bg5.jpg
/controller/ewmadmin load fail.
2017-09-26 18:52:40
118.119.101.53

/index.php/ewmadmin/js/bg5.jpg
/controller/ewmadmin load fail.
2017-09-26 18:52:47
182.135.168.197

/index.php/ewmadmin/js/skin/layer.css
/controller/ewmadmin load fail.
2017-09-26 18:52:47
118.119.101.53

/index.php/ewmadmin/js/skin/layer.css
/controller/ewmadmin load fail.
2017-09-26 18:53:24
182.135.168.197

/index.php/ewmadmin/js/bg5.jpg
/controller/ewmadmin load fail.
2017-09-26 18:53:24
118.119.101.53

/index.php/ewmadmin/js/skin/layer.css
/controller/ewmadmin load fail.
2017-09-26 18:53:32
118.119.101.53

/index.php/ewmadmin/js/bg5.jpg
/controller/ewmadmin load fail.
2017-09-26 18:53:32
182.135.168.197

/index.php/ewmadmin/js/skin/layer.css
/controller/ewmadmin load fail.
2017-09-26 18:56:30
118.119.101.53

/index.php/ewmadmin/js/bg5.jpg
/controller/ewmadmin load fail.
2017-09-26 18:56:30
182.135.177.193

/index.php/ewmadmin/js/skin/layer.css
/controller/ewmadmin load fail.
2017-09-26 18:56:32
182.135.177.193

/index.php/ewmadmin/js/default/icon.png
/controller/ewmadmin load fail.
2017-09-26 18:56:35
118.119.101.53

/index.php/ewmadmin/js/skin/layer.css
/controller/ewmadmin load fail.
2017-09-26 18:56:35
182.135.177.193

/index.php/ewmadmin/js/skin/layer.css
/controller/ewmadmin load fail.
2017-09-26 18:57:10
182.135.177.193

/index.php/ewmadmin/js/skin/layer.css
/controller/ewmadmin load fail.
2017-09-26 18:57:57
182.135.177.193

/index.php/ewmadmin/js/skin/layer.css
/controller/ewmadmin load fail.
2017-09-26 18:58:06
182.135.177.193

/index.php/images/error.png
/controller/images load fail.
2017-09-26 18:58:13
182.135.177.193

/index.php/ewmadmin/js/skin/layer.css
/controller/ewmadmin load fail.
2017-09-26 18:58:51
182.135.177.193

/index.php/ewmadmin/js/skin/layer.css
/controller/ewmadmin load fail.
2017-09-26 18:58:54
182.135.177.193

/index.php/images/onLoad.gif
/controller/images load fail.
2017-09-26 18:59:09
182.135.176.222

/index.php/ewmadmin/js/skin/layer.css
/controller/ewmadmin load fail.
2017-09-26 18:59:14
182.135.177.193

/index.php/ewmadmin/js/skin/layer.css
/controller/ewmadmin load fail.
2017-09-26 18:59:21
182.135.177.193

/index.php/ewmadmin/js/skin/layer.css
/controller/ewmadmin load fail.
2017-09-26 18:59:24
182.135.176.222

/index.php/ewmadmin/js/skin/layer.css
/controller/ewmadmin load fail.
2017-09-26 19:33:22
125.67.252.135

/index.php/ewmadmin/js/skin/layer.css
/controller/ewmadmin load fail.
2017-09-26 19:33:25
125.67.252.135

/index.php/ewmadmin/js/skin/layer.css
/controller/ewmadmin load fail.
2017-09-26 19:33:37
125.67.252.135

/index.php/ewmadmin/js/skin/layer.css
/controller/ewmadmin load fail.
2017-09-26 19:33:40
125.67.252.135

/index.php/ewmadmin/js/skin/layer.css
/controller/ewmadmin load fail.
2017-09-26 19:33:52
125.67.252.135

/index.php/ewmadmin/js/bg5.jpg
/controller/ewmadmin load fail.
2017-09-26 19:33:52
125.67.252.135

/index.php/ewmadmin/js/default/icon.png
/controller/ewmadmin load fail.
2017-09-26 19:33:53
125.67.252.135

/index.php/ewmadmin/js/skin/layer.css
/controller/ewmadmin load fail.
2017-09-26 19:33:54
118.119.101.53

/index.php/ewmadmin/js/skin/layer.css
/controller/ewmadmin load fail.
2017-09-26 19:34:08
182.135.176.222

/index.php/ewmadmin/js/bg5.jpg
/controller/ewmadmin load fail.
2017-09-26 19:34:08
182.135.168.197

/index.php/ewmadmin/js/default/icon.png
/controller/ewmadmin load fail.
2017-09-26 19:34:10
125.67.252.135

/index.php/ewmadmin/js/skin/layer.css
/controller/ewmadmin load fail.
2017-09-26 19:34:10
222.213.223.42

/index.php/ewmadmin/js/skin/layer.css
/controller/ewmadmin load fail.
2017-09-26 19:34:54
222.213.223.42

/index.php/ewmadmin/js/bg5.jpg
/controller/ewmadmin load fail.
2017-09-26 19:34:54
182.135.168.197

/index.php/ewmadmin/js/default/icon.png
/controller/ewmadmin load fail.
2017-09-26 19:34:57
182.135.168.197

/index.php/ewmadmin/js/skin/layer.css
/controller/ewmadmin load fail.
2017-09-26 19:34:57
118.119.101.53

/index.php/ewmadmin/js/skin/layer.css
/controller/ewmadmin load fail.
2017-09-26 19:35:08
118.119.101.53

/index.php/ewmadmin/js/bg5.jpg
/controller/ewmadmin load fail.
2017-09-26 19:35:08
182.135.168.197

/index.php/ewmadmin/js/default/icon.png
/controller/ewmadmin load fail.
2017-09-26 19:35:10
182.135.168.197

/index.php/ewmadmin/js/skin/layer.css
/controller/ewmadmin load fail.
2017-09-26 19:35:10
182.135.176.222

/index.php/ewmadmin/js/skin/layer.css
/controller/ewmadmin load fail.
2017-09-26 19:35:23
182.135.176.222

/index.php/ewmadmin/js/bg5.jpg
/controller/ewmadmin load fail.
2017-09-26 19:35:23
182.135.176.222

/index.php/ewmadmin/js/default/icon.png
/controller/ewmadmin load fail.
2017-09-26 19:35:25
182.135.176.222

/index.php/ewmadmin/js/skin/layer.css
/controller/ewmadmin load fail.
2017-09-26 19:35:25
125.67.252.135

/index.php/ewmadmin/js/skin/layer.css
/controller/ewmadmin load fail.
2017-09-26 19:36:07
125.67.252.135

/index.php/ewmadmin/js/bg5.jpg
/controller/ewmadmin load fail.
2017-09-26 19:36:07
125.67.252.135

/index.php/ewmadmin/js/default/icon.png
/controller/ewmadmin load fail.
2017-09-26 19:36:07
222.213.223.42

/index.php/ewmadmin/js/skin/layer.css
/controller/ewmadmin load fail.
2017-09-26 19:36:08
222.213.223.42

/index.php/ewmadmin/js/skin/layer.css
/controller/ewmadmin load fail.
2017-09-26 19:36:21
222.213.223.42

/index.php/ewmadmin/js/bg5.jpg
/controller/ewmadmin load fail.
2017-09-26 19:36:21
222.213.223.42

/index.php/ewmadmin/js/default/icon.png
/controller/ewmadmin load fail.
2017-09-26 19:36:24
222.213.223.42

/index.php/ewmadmin/js/skin/layer.css
/controller/ewmadmin load fail.
2017-09-26 19:36:24
182.135.177.193

/index.php/ewmadmin/js/skin/layer.css
/controller/ewmadmin load fail.
2017-09-26 19:36:57
182.135.177.193

/index.php/ewmadmin/js/bg5.jpg
/controller/ewmadmin load fail.
2017-09-26 19:36:57
125.67.252.135

/index.php/ewmadmin/js/default/icon.png
/controller/ewmadmin load fail.
2017-09-26 19:36:57
182.135.177.193

/index.php/ewmadmin/js/skin/layer.css
/controller/ewmadmin load fail.
2017-09-26 19:36:58
118.119.101.53

/index.php/ewmadmin/js/skin/layer.css
/controller/ewmadmin load fail.
2017-09-26 19:37:21
118.119.101.53

/index.php/ewmadmin/js/bg5.jpg
/controller/ewmadmin load fail.
2017-09-26 19:37:21
125.67.252.135

/index.php/ewmadmin/js/skin/layer.css
/controller/ewmadmin load fail.
2017-09-26 19:37:32
222.213.223.42

/index.php/ewmadmin/js/bg5.jpg
/controller/ewmadmin load fail.
2017-09-26 19:37:32
118.119.101.53

/index.php/ewmadmin/js/default/icon.png
/controller/ewmadmin load fail.
2017-09-26 19:37:36
118.119.101.53

/index.php/ewmadmin/js/skin/layer.css
/controller/ewmadmin load fail.
2017-09-26 19:37:37
222.213.223.42

/index.php/images/onLoad.gif
/controller/images load fail.
2017-09-26 19:37:40
118.119.101.53

/index.php/ewmadmin/js/bg5.jpg
/controller/ewmadmin load fail.
2017-09-26 19:37:45
222.213.223.42

/index.php/ewmadmin/js/skin/layer.css
/controller/ewmadmin load fail.
2017-09-26 19:37:45
118.119.101.53

/index.php/ewmadmin/js/skin/layer.css
/controller/ewmadmin load fail.
2017-09-26 19:37:58
118.119.101.53

/index.php/ewmadmin/js/bg5.jpg
/controller/ewmadmin load fail.
2017-09-26 19:37:58
222.213.223.42

/index.php/ewmadmin/js/skin/layer.css
/controller/ewmadmin load fail.
2017-09-26 19:38:01
222.213.223.42

/index.php/ewmadmin/js/bg5.jpg
/controller/ewmadmin load fail.
2017-09-26 19:38:01
118.119.101.53

/index.php/ewmadmin/js/skin/layer.css
/controller/ewmadmin load fail.
2017-09-26 19:38:05
118.119.101.53

/index.php/ewmadmin/js/bg5.jpg
/controller/ewmadmin load fail.
2017-09-26 19:38:05
222.213.223.42

/index.php/ewmadmin/js/default/icon.png
/controller/ewmadmin load fail.
2017-09-26 19:38:11
222.213.223.42

/index.php/ewmadmin/js/skin/layer.css
/controller/ewmadmin load fail.
2017-09-26 19:38:12
118.119.101.53

/index.php/ewmadmin/js/skin/layer.css
/controller/ewmadmin load fail.
2017-09-26 19:38:24
118.119.101.53

/index.php/ewmadmin/js/bg5.jpg
/controller/ewmadmin load fail.
2017-09-26 19:38:24
222.213.223.42

/index.php/ewmadmin/js/default/icon.png
/controller/ewmadmin load fail.
2017-09-26 19:38:27
118.119.101.53

/index.php/ewmadmin/js/skin/layer.css
/controller/ewmadmin load fail.
2017-09-26 19:38:27
118.119.101.53

/index.php/ewmadmin/js/skin/layer.css
/controller/ewmadmin load fail.
2017-09-26 19:38:39
118.119.101.53

/index.php/ewmadmin/js/bg5.jpg
/controller/ewmadmin load fail.
2017-09-26 19:38:39
182.135.176.222

/index.php/ewmadmin/js/default/icon.png
/controller/ewmadmin load fail.
2017-09-26 19:38:41
222.213.223.42

/index.php/ewmadmin/js/skin/layer.css
/controller/ewmadmin load fail.
2017-09-26 19:38:42
222.213.223.42

/index.php/ewmadmin/js/skin/layer.css
/controller/ewmadmin load fail.
2017-09-26 19:38:54
222.213.223.42

/index.php/ewmadmin/js/bg5.jpg
/controller/ewmadmin load fail.
2017-09-26 19:38:54
182.135.176.222

/index.php/ewmadmin/js/default/icon.png
/controller/ewmadmin load fail.
2017-09-26 19:38:55
222.213.223.42

/index.php/ewmadmin/js/skin/layer.css
/controller/ewmadmin load fail.
2017-09-26 19:38:56
222.213.223.42

/index.php/ewmadmin/js/skin/layer.css
/controller/ewmadmin load fail.
2017-09-26 19:39:06
222.213.223.42

/index.php/ewmadmin/js/bg5.jpg
/controller/ewmadmin load fail.
2017-09-26 19:39:06
222.213.223.42

/index.php/ewmadmin/js/default/icon.png
/controller/ewmadmin load fail.
2017-09-26 19:39:07
222.213.223.42

/index.php/ewmadmin/js/skin/layer.css
/controller/ewmadmin load fail.
2017-09-26 19:39:08
222.213.223.42

/index.php/ewmadmin/js/skin/layer.css
/controller/ewmadmin load fail.
2017-09-26 19:39:22
222.213.223.42

/index.php/ewmadmin/js/bg5.jpg
/controller/ewmadmin load fail.
2017-09-26 19:39:22
182.135.177.193

/index.php/ewmadmin/js/default/icon.png
/controller/ewmadmin load fail.
2017-09-26 19:39:22
222.213.223.42

/index.php/ewmadmin/js/skin/layer.css
/controller/ewmadmin load fail.
2017-09-26 19:39:23
125.67.252.135

/index.php/ewmadmin/js/skin/layer.css
/controller/ewmadmin load fail.
2017-09-26 19:39:38
125.67.252.135

/index.php/ewmadmin/js/bg5.jpg
/controller/ewmadmin load fail.
2017-09-26 19:39:38
118.119.101.53

/index.php/ewmadmin/js/default/icon.png
/controller/ewmadmin load fail.
2017-09-26 19:39:39
182.135.176.222

/index.php/ewmadmin/js/skin/layer.css
/controller/ewmadmin load fail.
2017-09-26 19:39:39
182.135.177.193

/index.php/ewmadmin/js/skin/layer.css
/controller/ewmadmin load fail.
2017-09-26 19:39:50
182.135.177.193

/index.php/ewmadmin/js/bg5.jpg
/controller/ewmadmin load fail.
2017-09-26 19:39:50
182.135.177.193

/index.php/ewmadmin/js/default/icon.png
/controller/ewmadmin load fail.
2017-09-26 19:39:52
118.119.101.53

/index.php/ewmadmin/js/skin/layer.css
/controller/ewmadmin load fail.
2017-09-26 19:39:52
182.135.168.197

/index.php/ewmadmin/js/skin/layer.css
/controller/ewmadmin load fail.
2017-09-26 19:40:02
182.135.168.197

/index.php/ewmadmin/js/bg5.jpg
/controller/ewmadmin load fail.
2017-09-26 19:40:02
182.135.168.197

/index.php/ewmadmin/js/default/icon.png
/controller/ewmadmin load fail.
2017-09-26 19:40:03
125.67.252.135

/index.php/ewmadmin/js/skin/layer.css
/controller/ewmadmin load fail.
2017-09-26 19:40:04
182.135.177.193

/index.php/ewmadmin/js/skin/layer.css
/controller/ewmadmin load fail.
2017-09-26 19:40:24
182.135.177.193

/index.php/ewmadmin/js/bg5.jpg
/controller/ewmadmin load fail.
2017-09-26 19:40:24
118.119.101.53

/index.php/ewmadmin/js/default/icon.png
/controller/ewmadmin load fail.
2017-09-26 19:40:25
182.135.168.197

/index.php/ewmadmin/js/skin/layer.css
/controller/ewmadmin load fail.
2017-09-26 19:40:25
125.67.252.135

/index.php/ewmadmin/js/skin/layer.css
/controller/ewmadmin load fail.
2017-09-26 19:40:38
125.67.252.135

/index.php/ewmadmin/js/bg5.jpg
/controller/ewmadmin load fail.
2017-09-26 19:40:38
182.135.168.197

/index.php/ewmadmin/js/skin/layer.css
/controller/ewmadmin load fail.
2017-09-26 19:40:41
125.67.252.135

/index.php/ewmadmin/js/bg5.jpg
/controller/ewmadmin load fail.
2017-09-26 19:40:41
222.213.223.42

/index.php/script/jquery.js
/controller/script load fail.
2017-09-26 19:41:34
125.84.82.95

/index.php/css/img/iconfont.ttf
/controller/css load fail.
2017-09-26 19:41:34
125.84.82.95

/index.php/static/images/header-profile.png
/controller/static load fail.
2017-09-26 19:44:56
125.84.82.95

/index.php/ldpay/images/OzUPukVET.png
/controller/ldpay load fail.
2017-09-26 19:56:47
118.119.101.53

/index.php/ldpay/images/OzUPukVET.png
/controller/ldpay load fail.
2017-09-26 20:04:19
182.135.176.222

/index.php/static/images/header-profile.png
/controller/static load fail.
2017-09-26 20:07:12
125.84.82.95

/index.php/ewmadmin/js/skin/layer.css
/controller/ewmadmin load fail.
2017-09-26 20:07:25
182.135.168.197

/index.php/ewmadmin/js/bg5.jpg
/controller/ewmadmin load fail.
2017-09-26 20:07:25
182.135.176.222

/index.php/ewmadmin/js/skin/layer.css
/controller/ewmadmin load fail.
2017-09-26 20:07:28
182.135.176.222

/index.php/ewmadmin/js/skin/layer.css
/controller/ewmadmin load fail.
2017-09-26 20:07:44
182.135.176.222

/index.php/ewmadmin/js/skin/layer.css
/controller/ewmadmin load fail.
2017-09-26 20:07:48
182.135.176.222

/index.php/ewmadmin/js/skin/layer.css
/controller/ewmadmin load fail.
2017-09-26 20:07:51
182.135.176.222

/index.php/ewmadmin/js/skin/layer.css
/controller/ewmadmin load fail.
2017-09-26 20:08:07
182.135.176.222

/index.php/script/jquery.js
/controller/script load fail.
2017-09-26 20:11:21
171.82.225.62

/index.php/css/img/iconfont.ttf
/controller/css load fail.
2017-09-26 20:11:22
171.82.225.62

/index.php/js/sensorsdata.min.js
/controller/js load fail.
2017-09-26 20:11:24
171.82.225.62

/index.php/css/img/scheme-nav-icon.svg
/controller/css load fail.
2017-09-26 20:11:24
171.82.225.62

/index.php/css/img/nav-prd-icon.svg
/controller/css load fail.
2017-09-26 20:11:24
171.82.225.62

/index.php/script/jquery.js
/controller/script load fail.
2017-09-26 20:11:30
171.82.225.62

/index.php/css/img/iconfont.ttf
/controller/css load fail.
2017-09-26 20:11:31
171.82.225.62

/index.php/js/sensorsdata.min.js
/controller/js load fail.
2017-09-26 20:11:31
171.82.225.62

/index.php/css/img/nav-prd-icon.svg
/controller/css load fail.
2017-09-26 20:11:31
171.82.225.62

/index.php/css/img/scheme-nav-icon.svg
/controller/css load fail.
2017-09-26 20:11:31
171.82.225.62

/index.php/script/jquery.js
/controller/script load fail.
2017-09-26 20:42:32
101.226.125.120

/index.php/script/jquery.js
/controller/script load fail.
2017-09-26 20:42:33
101.226.125.120

/index.php/css/img/iconfont.ttf
/controller/css load fail.
2017-09-26 20:42:33
117.152.246.239

/index.php/css/img/nav-prd-icon.svg
/controller/css load fail.
2017-09-26 20:42:34
117.152.246.239

/index.php/css/img/scheme-nav-icon.svg
/controller/css load fail.
2017-09-26 20:42:34
117.152.246.239

/index.php/js/sensorsdata.min.js
/controller/js load fail.
2017-09-26 20:42:34
101.226.125.120

/index.php/script/jquery.js
/controller/script load fail.
2017-09-26 20:42:40
101.226.125.120

/index.php/css/img/iconfont.ttf
/controller/css load fail.
2017-09-26 20:42:40
117.152.246.239

/index.php/css/img/nav-prd-icon.svg
/controller/css load fail.
2017-09-26 20:42:40
117.152.246.239

/index.php/css/img/scheme-nav-icon.svg
/controller/css load fail.
2017-09-26 20:42:40
117.152.246.239

/index.php/js/sensorsdata.min.js
/controller/js load fail.
2017-09-26 20:42:41
101.226.125.120

/index.php/script/jquery.js
/controller/script load fail.
2017-09-26 20:42:47
101.226.33.203

/index.php/script/jquery.js
/controller/script load fail.
2017-09-26 20:42:47
101.226.33.203

/index.php/script/jquery.js
/controller/script load fail.
2017-09-26 20:42:48
101.226.33.203

/index.php/script/jquery.js
/controller/script load fail.
2017-09-26 20:42:48
101.226.33.203

/index.php/css/img/iconfont.ttf
/controller/css load fail.
2017-09-26 20:42:48
101.226.33.203

/index.php/js/sensorsdata.min.js
/controller/js load fail.
2017-09-26 20:42:49
101.226.33.203

/index.php/script/jquery.js
/controller/script load fail.
2017-09-26 20:43:13
101.226.33.240

/index.php/script/jquery.js
/controller/script load fail.
2017-09-26 20:43:13
101.226.33.240

/index.php/script/jquery.js
/controller/script load fail.
2017-09-26 20:43:13
101.226.33.240

/index.php/script/jquery.js
/controller/script load fail.
2017-09-26 20:43:13
101.226.33.240

/index.php/css/img/iconfont.ttf
/controller/css load fail.
2017-09-26 20:43:14
101.226.33.240

/index.php/js/sensorsdata.min.js
/controller/js load fail.
2017-09-26 20:43:14
101.226.33.240

/index.php/css/img/scheme-nav-icon.svg
/controller/css load fail.
2017-09-26 20:43:14
101.226.33.240

/index.php/css/img/nav-prd-icon.svg
/controller/css load fail.
2017-09-26 20:43:14
101.226.33.240

/index.php/script/jquery.js
/controller/script load fail.
2017-09-26 20:43:25
101.226.33.240

/index.php/script/jquery.js
/controller/script load fail.
2017-09-26 20:43:25
101.226.33.240

/index.php/script/jquery.js
/controller/script load fail.
2017-09-26 20:43:25
101.226.33.240

/index.php/script/jquery.js
/controller/script load fail.
2017-09-26 20:43:25
101.226.33.240

/index.php/css/img/iconfont.ttf
/controller/css load fail.
2017-09-26 20:43:26
101.226.33.240

/index.php/js/sensorsdata.min.js
/controller/js load fail.
2017-09-26 20:43:26
101.226.33.240

/index.php/css/img/nav-prd-icon.svg
/controller/css load fail.
2017-09-26 20:43:26
101.226.33.240

/index.php/css/img/scheme-nav-icon.svg
/controller/css load fail.
2017-09-26 20:43:26
101.226.33.240

/index.php/script/jquery.js
/controller/script load fail.
2017-09-26 20:43:28
101.226.89.116

/index.php/script/jquery.js
/controller/script load fail.
2017-09-26 20:43:28
101.226.89.116

/index.php/script/jquery.js
/controller/script load fail.
2017-09-26 20:43:28
101.226.89.116

/index.php/script/jquery.js
/controller/script load fail.
2017-09-26 20:43:28
101.226.89.116

/index.php/css/img/iconfont.ttf
/controller/css load fail.
2017-09-26 20:43:29
101.226.89.116

/index.php/js/sensorsdata.min.js
/controller/js load fail.
2017-09-26 20:43:29
101.226.89.116

/index.php/static/images/header-profile.png
/controller/static load fail.
2017-09-26 21:12:14
175.167.128.101

/index.php/static/images/header-profile.png
/controller/static load fail.
2017-09-26 21:12:19
124.92.82.127

/index.php/static/images/header-profile.png
/controller/static load fail.
2017-09-26 21:12:31
124.92.82.127

/index.php/static/images/header-profile.png
/controller/static load fail.
2017-09-26 21:12:33
124.92.82.127

/index.php/static/images/header-profile.png
/controller/static load fail.
2017-09-26 21:13:27
175.167.128.101

/index.php/static/images/header-profile.png
/controller/static load fail.
2017-09-26 21:14:33
175.167.128.101

/index.php/script/jquery.js
/controller/script load fail.
2017-09-26 21:18:31
218.20.218.34

/index.php/script/jquery.js
/controller/script load fail.
2017-09-26 21:18:31
218.20.218.34

/index.php/css/img/iconfont.ttf
/controller/css load fail.
2017-09-26 21:18:32
218.20.218.34

/index.php/js/sensorsdata.min.js
/controller/js load fail.
2017-09-26 21:18:34
218.20.218.34

/index.php/css/img/nav-prd-icon.svg
/controller/css load fail.
2017-09-26 21:18:34
218.20.218.34

/index.php/css/img/scheme-nav-icon.svg
/controller/css load fail.
2017-09-26 21:18:34
218.20.218.34

/index.php/script/jquery.js
/controller/script load fail.
2017-09-26 21:18:47
218.20.218.34

/index.php/css/img/iconfont.ttf
/controller/css load fail.
2017-09-26 21:18:47
218.20.218.34

/index.php/js/sensorsdata.min.js
/controller/js load fail.
2017-09-26 21:18:47
218.20.218.34

/index.php/css/img/nav-prd-icon.svg
/controller/css load fail.
2017-09-26 21:18:47
218.20.218.34

/index.php/css/img/scheme-nav-icon.svg
/controller/css load fail.
2017-09-26 21:18:47
218.20.218.34

/index.php/script/jquery.js
/controller/script load fail.
2017-09-26 21:18:53
218.20.218.34

/index.php/css/img/iconfont.ttf
/controller/css load fail.
2017-09-26 21:18:53
218.20.218.34

/index.php/js/sensorsdata.min.js
/controller/js load fail.
2017-09-26 21:18:53
218.20.218.34

/index.php/css/img/nav-prd-icon.svg
/controller/css load fail.
2017-09-26 21:18:53
218.20.218.34

/index.php/css/img/scheme-nav-icon.svg
/controller/css load fail.
2017-09-26 21:18:54
218.20.218.34

/index.php/script/jquery.js
/controller/script load fail.
2017-09-26 21:19:18
111.11.6.41

/index.php/js/sensorsdata.min.js
/controller/js load fail.
2017-09-26 21:19:19
223.104.95.69

/index.php/css/img/scheme-nav-icon.svg
/controller/css load fail.
2017-09-26 21:19:19
223.104.95.69

/index.php/css/img/nav-prd-icon.svg
/controller/css load fail.
2017-09-26 21:19:19
223.104.95.69

/index.php/css/img/iconfont.ttf
/controller/css load fail.
2017-09-26 21:19:19
223.104.95.69

/index.php/script/jquery.js
/controller/script load fail.
2017-09-26 21:19:28
111.11.6.41

/index.php/js/sensorsdata.min.js
/controller/js load fail.
2017-09-26 21:19:29
111.11.6.44

/index.php/css/img/iconfont.ttf
/controller/css load fail.
2017-09-26 21:19:29
111.11.6.44

/index.php/css/img/nav-prd-icon.svg
/controller/css load fail.
2017-09-26 21:19:29
111.11.6.44

/index.php/css/img/scheme-nav-icon.svg
/controller/css load fail.
2017-09-26 21:19:30
111.11.6.44

/index.php/script/jquery.js
/controller/script load fail.
2017-09-26 21:19:33
111.11.6.25

/index.php/js/sensorsdata.min.js
/controller/js load fail.
2017-09-26 21:19:33
111.11.6.47

/index.php/css/img/nav-prd-icon.svg
/controller/css load fail.
2017-09-26 21:19:33
111.11.6.44

/index.php/css/img/scheme-nav-icon.svg
/controller/css load fail.
2017-09-26 21:19:33
111.11.6.30

/index.php/css/img/iconfont.ttf
/controller/css load fail.
2017-09-26 21:19:33
111.11.6.47

/index.php/script/jquery.js
/controller/script load fail.
2017-09-26 21:19:38
119.96.6.79

/index.php/css/img/iconfont.ttf
/controller/css load fail.
2017-09-26 21:19:39
119.96.6.79

/index.php/js/sensorsdata.min.js
/controller/js load fail.
2017-09-26 21:19:39
119.96.6.79

/index.php/css/img/scheme-nav-icon.svg
/controller/css load fail.
2017-09-26 21:19:39
119.96.6.79

/index.php/css/img/nav-prd-icon.svg
/controller/css load fail.
2017-09-26 21:19:39
119.96.6.79

/index.php/script/jquery.js
/controller/script load fail.
2017-09-26 21:19:41
119.96.6.79

/index.php/js/sensorsdata.min.js
/controller/js load fail.
2017-09-26 21:19:41
119.96.6.79

/index.php/css/img/scheme-nav-icon.svg
/controller/css load fail.
2017-09-26 21:19:41
119.96.6.79

/index.php/css/img/nav-prd-icon.svg
/controller/css load fail.
2017-09-26 21:19:41
119.96.6.79

/index.php/css/img/iconfont.ttf
/controller/css load fail.
2017-09-26 21:19:41
119.96.6.79

/index.php/script/jquery.js
/controller/script load fail.
2017-09-26 21:19:42
119.96.6.79

/index.php/js/sensorsdata.min.js
/controller/js load fail.
2017-09-26 21:19:43
119.96.6.79

/index.php/css/img/nav-prd-icon.svg
/controller/css load fail.
2017-09-26 21:19:43
119.96.6.79

/index.php/css/img/scheme-nav-icon.svg
/controller/css load fail.
2017-09-26 21:19:43
119.96.6.79

/index.php/css/img/iconfont.ttf
/controller/css load fail.
2017-09-26 21:19:43
119.96.6.79

/index.php/script/jquery.js
/controller/script load fail.
2017-09-26 21:20:33
111.11.6.42

/index.php/js/sensorsdata.min.js
/controller/js load fail.
2017-09-26 21:20:33
223.104.95.69

/index.php/css/img/nav-prd-icon.svg
/controller/css load fail.
2017-09-26 21:20:34
111.11.6.30

/index.php/css/img/scheme-nav-icon.svg
/controller/css load fail.
2017-09-26 21:20:34
111.11.6.30

/index.php/css/img/iconfont.ttf
/controller/css load fail.
2017-09-26 21:20:34
111.11.6.30

/index.php/css/moblie/img/jjfa-icon_2.png
/controller/css load fail.
2017-09-26 21:20:43
111.11.6.41

/index.php/css/moblie/img/jjfa-bga.png
/controller/css load fail.
2017-09-26 21:20:43
111.11.6.25

/index.php/script/jquery.js
/controller/script load fail.
2017-09-26 21:20:47
223.104.63.255

/index.php/script/jquery.js
/controller/script load fail.
2017-09-26 21:20:48
223.104.63.255

/index.php/js/sensorsdata.min.js
/controller/js load fail.
2017-09-26 21:20:54
223.104.63.255

/index.php/css/img/iconfont.ttf
/controller/css load fail.
2017-09-26 21:20:54
223.104.63.255

/index.php/static/images/header-profile.png
/controller/static load fail.
2017-09-26 21:25:08
124.92.82.127

/index.php/static/images/header-profile.png
/controller/static load fail.
2017-09-26 21:25:10
124.92.82.127

/index.php/static/images/header-profile.png
/controller/static load fail.
2017-09-26 21:25:25
117.61.4.200

/index.php/static/images/header-profile.png
/controller/static load fail.
2017-09-26 21:25:46
124.92.82.127

/index.php/static/images/header-profile.png
/controller/static load fail.
2017-09-26 21:26:01
124.92.82.127

/index.php/static/images/header-profile.png
/controller/static load fail.
2017-09-26 21:26:44
124.92.82.127

/index.php/static/images/header-profile.png
/controller/static load fail.
2017-09-26 21:27:06
124.92.82.127

/index.php/static/images/header-profile.png
/controller/static load fail.
2017-09-26 21:27:48
124.92.82.127

/index.php/static/images/header-profile.png
/controller/static load fail.
2017-09-26 21:30:25
124.92.82.127

/index.php/static/images/header-profile.png
/controller/static load fail.
2017-09-26 21:30:28
124.92.82.127

/index.php/static/images/header-profile.png
/controller/static load fail.
2017-09-26 21:32:32
124.92.82.127

/index.php/script/jquery.js
/controller/script load fail.
2017-09-26 21:34:41
124.92.82.127

/index.php/css/img/iconfont.ttf
/controller/css load fail.
2017-09-26 21:34:41
124.92.82.127

/index.php/static/images/header-profile.png
/controller/static load fail.
2017-09-26 21:34:53
124.92.82.127

/index.php/static/images/header-profile.png
/controller/static load fail.
2017-09-26 21:35:10
124.92.82.127

/index.php/static/images/header-profile.png
/controller/static load fail.
2017-09-26 21:35:14
124.92.82.127

/index.php/static/images/header-profile.png
/controller/static load fail.
2017-09-26 21:35:55
124.92.82.127

/index.php/static/images/header-profile.png
/controller/static load fail.
2017-09-26 21:38:57
125.84.82.95

/index.php/static/images/header-profile.png
/controller/static load fail.
2017-09-26 21:39:15
125.84.82.95

/index.php/static/images/header-profile.png
/controller/static load fail.
2017-09-26 21:39:19
125.84.82.95

/index.php/static/images/header-profile.png
/controller/static load fail.
2017-09-26 21:39:27
124.92.82.127

/index.php/static/images/header-profile.png
/controller/static load fail.
2017-09-26 21:39:29
124.92.82.127

/index.php/static/images/header-profile.png
/controller/static load fail.
2017-09-26 21:39:30
125.84.82.95

/index.php/static/images/header-profile.png
/controller/static load fail.
2017-09-26 21:39:33
124.92.82.127

/index.php/static/images/header-profile.png
/controller/static load fail.
2017-09-26 21:39:34
125.84.82.95

/index.php/static/images/header-profile.png
/controller/static load fail.
2017-09-26 21:39:35
124.92.82.127

/index.php/static/images/header-profile.png
/controller/static load fail.
2017-09-26 21:39:38
125.84.82.95

/index.php/static/images/header-profile.png
/controller/static load fail.
2017-09-26 21:39:45
125.84.82.95

/index.php/static/images/header-profile.png
/controller/static load fail.
2017-09-26 21:39:47
125.84.82.95

/index.php/static/images/header-profile.png
/controller/static load fail.
2017-09-26 21:39:50
125.84.82.95

/index.php/static/images/header-profile.png
/controller/static load fail.
2017-09-26 21:39:57
125.84.82.95

/index.php/static/images/header-profile.png
/controller/static load fail.
2017-09-26 21:41:01
124.92.82.127

/index.php/static/images/header-profile.png
/controller/static load fail.
2017-09-26 21:41:37
124.92.82.127

/index.php/static/images/header-profile.png
/controller/static load fail.
2017-09-26 21:42:01
124.92.82.127

/index.php/static/images/header-profile.png
/controller/static load fail.
2017-09-26 21:42:15
124.92.82.127

/index.php/static/images/header-profile.png
/controller/static load fail.
2017-09-26 21:42:32
124.92.82.127

/index.php/static/images/header-profile.png
/controller/static load fail.
2017-09-26 21:42:39
124.92.82.127

/index.php/static/images/header-profile.png
/controller/static load fail.
2017-09-26 21:43:08
124.92.82.127

/index.php/static/images/header-profile.png
/controller/static load fail.
2017-09-26 21:45:27
124.92.82.127

/index.php/static/images/header-profile.png
/controller/static load fail.
2017-09-26 21:45:30
124.92.82.127

/index.php/static/images/header-profile.png
/controller/static load fail.
2017-09-26 21:50:39
124.92.82.127

/index.php/static/images/header-profile.png
/controller/static load fail.
2017-09-26 21:51:06
124.92.82.127

/index.php/script/jquery.js
/controller/script load fail.
2017-09-26 21:51:11
111.11.6.41

/index.php/css/img/iconfont.ttf
/controller/css load fail.
2017-09-26 21:51:11
223.104.95.69

/index.php/static/images/header-profile.png
/controller/static load fail.
2017-09-26 21:51:11
124.92.82.127

/index.php/css/img/iconfont.ttf
/controller/css load fail.
2017-09-26 21:51:13
111.11.6.47

/index.php/js/sensorsdata.min.js
/controller/js load fail.
2017-09-26 21:51:13
111.11.6.26

/index.php/css/img/nav-prd-icon.svg
/controller/css load fail.
2017-09-26 21:51:13
111.11.6.47

/index.php/css/img/scheme-nav-icon.svg
/controller/css load fail.
2017-09-26 21:51:13
111.11.6.30

/index.php/static/images/header-profile.png
/controller/static load fail.
2017-09-26 21:51:16
124.92.82.127

/index.php/static/images/header-profile.png
/controller/static load fail.
2017-09-26 21:51:19
124.92.82.127

/index.php/script/jquery.js
/controller/script load fail.
2017-09-26 21:51:30
117.31.74.81

/index.php/script/jquery.js
/controller/script load fail.
2017-09-26 21:51:31
117.31.74.81

/index.php/js/sensorsdata.min.js
/controller/js load fail.
2017-09-26 21:51:33
117.31.74.81

/index.php/css/img/iconfont.ttf
/controller/css load fail.
2017-09-26 21:51:34
117.31.74.81

/index.php/css/img/scheme-nav-icon.svg
/controller/css load fail.
2017-09-26 21:51:34
117.31.74.81

/index.php/css/img/nav-prd-icon.svg
/controller/css load fail.
2017-09-26 21:51:34
117.31.74.81

/index.php/static/images/header-profile.png
/controller/static load fail.
2017-09-26 21:51:36
124.92.82.127

/index.php/css/moblie/img/jjfa-icon_8.png
/controller/css load fail.
2017-09-26 21:51:48
117.31.74.81

/index.php/css/moblie/img/jjfa-bga.png
/controller/css load fail.
2017-09-26 21:51:48
117.31.74.81

/index.php/static/images/header-profile.png
/controller/static load fail.
2017-09-26 21:51:49
124.92.82.127

/index.php/static/images/header-profile.png
/controller/static load fail.
2017-09-26 21:51:51
124.92.82.127

/index.php/static/images/header-profile.png
/controller/static load fail.
2017-09-26 21:51:59
124.92.82.127

/index.php/script/jquery.js
/controller/script load fail.
2017-09-26 21:52:00
220.181.132.181

/index.php/css/img/iconfont.ttf
/controller/css load fail.
2017-09-26 21:52:01
220.181.132.181

/index.php/script/jquery.js
/controller/script load fail.
2017-09-26 21:52:01
117.31.74.81

/index.php/css/img/iconfont.ttf
/controller/css load fail.
2017-09-26 21:52:02
117.31.74.81

/index.php/js/sensorsdata.min.js
/controller/js load fail.
2017-09-26 21:52:02
117.31.74.81

/index.php/css/img/nav-prd-icon.svg
/controller/css load fail.
2017-09-26 21:52:03
117.31.74.81

/index.php/css/img/scheme-nav-icon.svg
/controller/css load fail.
2017-09-26 21:52:03
117.31.74.81

/index.php/script/jquery.js
/controller/script load fail.
2017-09-26 21:52:06
106.120.162.96

/index.php/css/img/iconfont.ttf
/controller/css load fail.
2017-09-26 21:52:07
106.120.162.96

/index.php/script/jquery.js
/controller/script load fail.
2017-09-26 21:52:10
101.199.108.59

/index.php/js/sensorsdata.min.js
/controller/js load fail.
2017-09-26 21:52:11
101.199.108.59

/index.php/css/img/iconfont.ttf
/controller/css load fail.
2017-09-26 21:52:11
101.199.108.59

/index.php/script/jquery.js
/controller/script load fail.
2017-09-26 21:52:14
101.199.108.118

/index.php/script/jquery.js
/controller/script load fail.
2017-09-26 21:52:14
101.199.108.118

/index.php/css/img/iconfont.ttf
/controller/css load fail.
2017-09-26 21:52:15
101.199.108.118

/index.php/js/sensorsdata.min.js
/controller/js load fail.
2017-09-26 21:52:15
101.199.108.118

/index.php/static/images/header-profile.png
/controller/static load fail.
2017-09-26 21:52:19
124.92.82.127

/index.php/static/images/header-profile.png
/controller/static load fail.
2017-09-26 21:52:55
124.92.82.127

/index.php/static/images/header-profile.png
/controller/static load fail.
2017-09-26 21:52:56
124.92.82.127

/index.php/static/images/header-profile.png
/controller/static load fail.
2017-09-26 21:53:09
124.92.82.127

/index.php/static/images/header-profile.png
/controller/static load fail.
2017-09-26 21:53:21
124.92.82.127

/index.php/static/images/header-profile.png
/controller/static load fail.
2017-09-26 21:53:25
124.92.82.127

/index.php/static/images/header-profile.png
/controller/static load fail.
2017-09-26 21:53:49
124.92.82.127

/index.php/static/images/header-profile.png
/controller/static load fail.
2017-09-26 21:53:52
124.92.82.127

/index.php/script/jquery.js
/controller/script load fail.
2017-09-26 21:54:00
58.18.139.211

/index.php/js/sensorsdata.min.js
/controller/js load fail.
2017-09-26 21:54:01
58.18.139.211

/index.php/css/img/scheme-nav-icon.svg
/controller/css load fail.
2017-09-26 21:54:01
58.18.139.211

/index.php/css/img/nav-prd-icon.svg
/controller/css load fail.
2017-09-26 21:54:01
58.18.139.211

/index.php/css/img/iconfont.ttf
/controller/css load fail.
2017-09-26 21:54:01
58.18.139.211

/index.php/script/jquery.js
/controller/script load fail.
2017-09-26 21:54:03
58.18.139.211

/index.php/js/sensorsdata.min.js
/controller/js load fail.
2017-09-26 21:54:03
58.18.139.211

/index.php/css/img/nav-prd-icon.svg
/controller/css load fail.
2017-09-26 21:54:03
58.18.139.211

/index.php/css/img/scheme-nav-icon.svg
/controller/css load fail.
2017-09-26 21:54:03
58.18.139.211

/index.php/css/img/iconfont.ttf
/controller/css load fail.
2017-09-26 21:54:03
58.18.139.211

/index.php/script/jquery.js
/controller/script load fail.
2017-09-26 21:54:05
58.18.139.211

/index.php/js/sensorsdata.min.js
/controller/js load fail.
2017-09-26 21:54:05
58.18.139.211

/index.php/css/img/scheme-nav-icon.svg
/controller/css load fail.
2017-09-26 21:54:05
58.18.139.211

/index.php/css/img/nav-prd-icon.svg
/controller/css load fail.
2017-09-26 21:54:05
58.18.139.211

/index.php/css/img/iconfont.ttf
/controller/css load fail.
2017-09-26 21:54:05
58.18.139.211

/index.php/static/images/header-profile.png
/controller/static load fail.
2017-09-26 21:54:18
124.92.82.127

/index.php/static/images/header-profile.png
/controller/static load fail.
2017-09-26 21:55:03
124.92.82.127

/index.php/static/images/header-profile.png
/controller/static load fail.
2017-09-26 21:55:12
124.92.82.127

/index.php/static/images/header-profile.png
/controller/static load fail.
2017-09-26 21:55:29
124.92.82.127

/index.php/static/images/header-profile.png
/controller/static load fail.
2017-09-26 21:56:54
124.92.82.127

/index.php/static/images/header-profile.png
/controller/static load fail.
2017-09-26 21:57:08
124.92.82.127

/index.php/script/jquery.js
/controller/script load fail.
2017-09-26 21:58:56
114.100.52.192

/index.php/css/img/iconfont.ttf
/controller/css load fail.
2017-09-26 21:58:56
114.100.52.192

/index.php/script/jquery.js
/controller/script load fail.
2017-09-26 21:58:57
114.100.52.192

/index.php/js/sensorsdata.min.js
/controller/js load fail.
2017-09-26 21:58:58
114.100.52.192

/index.php/css/img/nav-prd-icon.svg
/controller/css load fail.
2017-09-26 21:58:58
114.100.52.192

/index.php/css/img/scheme-nav-icon.svg
/controller/css load fail.
2017-09-26 21:58:58
114.100.52.192

/index.php/css/img/iconfont.ttf
/controller/css load fail.
2017-09-26 21:58:58
114.100.52.192

/index.php/script/jquery.js
/controller/script load fail.
2017-09-26 21:59:11
114.100.52.192

/index.php/css/img/iconfont.ttf
/controller/css load fail.
2017-09-26 21:59:12
114.100.52.192

/index.php/script/jquery.js
/controller/script load fail.
2017-09-26 21:59:12
114.100.52.192

/index.php/js/sensorsdata.min.js
/controller/js load fail.
2017-09-26 21:59:12
114.100.52.192

/index.php/css/img/scheme-nav-icon.svg
/controller/css load fail.
2017-09-26 21:59:12
114.100.52.192

/index.php/css/img/nav-prd-icon.svg
/controller/css load fail.
2017-09-26 21:59:12
114.100.52.192

/index.php/css/img/iconfont.ttf
/controller/css load fail.
2017-09-26 21:59:12
114.100.52.192

/index.php/script/jquery.js
/controller/script load fail.
2017-09-26 21:59:35
114.100.52.192

/index.php/script/jquery.js
/controller/script load fail.
2017-09-26 21:59:35
114.100.52.192

/index.php/js/sensorsdata.min.js
/controller/js load fail.
2017-09-26 21:59:35
114.100.52.192

/index.php/css/img/nav-prd-icon.svg
/controller/css load fail.
2017-09-26 21:59:35
114.100.52.192

/index.php/css/img/scheme-nav-icon.svg
/controller/css load fail.
2017-09-26 21:59:35
114.100.52.192

/index.php/css/img/iconfont.ttf
/controller/css load fail.
2017-09-26 21:59:35
114.100.52.192

/index.php/script/jquery.js
/controller/script load fail.
2017-09-26 21:59:37
114.100.52.192

/index.php/js/sensorsdata.min.js
/controller/js load fail.
2017-09-26 21:59:37
114.100.52.192

/index.php/css/img/nav-prd-icon.svg
/controller/css load fail.
2017-09-26 21:59:37
114.100.52.192

/index.php/css/img/scheme-nav-icon.svg
/controller/css load fail.
2017-09-26 21:59:37
114.100.52.192

/index.php/css/img/iconfont.ttf
/controller/css load fail.
2017-09-26 21:59:37
114.100.52.192

/index.php/script/jquery.js
/controller/script load fail.
2017-09-26 21:59:55
114.100.52.192

/index.php/css/img/iconfont.ttf
/controller/css load fail.
2017-09-26 21:59:56
114.100.52.192

/index.php/script/jquery.js
/controller/script load fail.
2017-09-26 21:59:56
114.100.52.192

/index.php/js/sensorsdata.min.js
/controller/js load fail.
2017-09-26 21:59:56
114.100.52.192

/index.php/css/img/nav-prd-icon.svg
/controller/css load fail.
2017-09-26 21:59:56
114.100.52.192

/index.php/css/img/scheme-nav-icon.svg
/controller/css load fail.
2017-09-26 21:59:56
114.100.52.192

/index.php/css/img/iconfont.ttf
/controller/css load fail.
2017-09-26 21:59:56
114.100.52.192

/index.php/static/images/header-profile.png
/controller/static load fail.
2017-09-26 22:00:19
124.92.82.127

/index.php/static/images/header-profile.png
/controller/static load fail.
2017-09-26 22:00:21
124.92.82.127

/index.php/static/images/header-profile.png
/controller/static load fail.
2017-09-26 22:01:44
124.92.82.127

/index.php/static/images/header-profile.png
/controller/static load fail.
2017-09-26 22:01:50
124.92.82.127

/index.php/static/images/header-profile.png
/controller/static load fail.
2017-09-26 22:02:35
124.92.82.127

/index.php/static/images/header-profile.png
/controller/static load fail.
2017-09-26 22:02:38
124.92.82.127

/index.php/static/images/header-profile.png
/controller/static load fail.
2017-09-26 22:03:07
124.92.82.127

/index.php/static/images/header-profile.png
/controller/static load fail.
2017-09-26 22:03:27
124.92.82.127

/index.php/static/images/header-profile.png
/controller/static load fail.
2017-09-26 22:03:34
124.92.82.127

/index.php/static/images/header-profile.png
/controller/static load fail.
2017-09-26 22:03:38
124.92.82.127

/index.php/static/images/header-profile.png
/controller/static load fail.
2017-09-26 22:04:17
124.92.82.127

/index.php/static/images/header-profile.png
/controller/static load fail.
2017-09-26 22:04:19
124.92.82.127

/index.php/static/images/header-profile.png
/controller/static load fail.
2017-09-26 22:04:23
124.92.82.127

/index.php/static/images/header-profile.png
/controller/static load fail.
2017-09-26 22:04:58
124.92.82.127

/index.php/static/images/header-profile.png
/controller/static load fail.
2017-09-26 22:05:03
124.92.82.127

/index.php/static/images/header-profile.png
/controller/static load fail.
2017-09-26 22:05:34
124.92.82.127

/index.php/static/images/header-profile.png
/controller/static load fail.
2017-09-26 22:06:52
124.92.82.127

/index.php/static/images/header-profile.png
/controller/static load fail.
2017-09-26 22:06:55
124.92.82.127

/index.php/static/images/header-profile.png
/controller/static load fail.
2017-09-26 22:07:11
124.92.82.127

/index.php/static/images/header-profile.png
/controller/static load fail.
2017-09-26 22:07:17
124.92.82.127

/index.php/static/images/header-profile.png
/controller/static load fail.
2017-09-26 22:07:20
124.92.82.127

/index.php/static/images/header-profile.png
/controller/static load fail.
2017-09-26 22:08:40
124.92.82.127

/index.php/static/images/header-profile.png
/controller/static load fail.
2017-09-26 22:21:23
124.92.82.127

/index.php/static/images/header-profile.png
/controller/static load fail.
2017-09-26 22:33:46
124.92.82.127

