/index.php/demo/need/layer.css
/controller/demo load fail.
2018-01-10 06:17:53
113.65.36.101

/index.php/demo/need/layer.css
/controller/demo load fail.
2018-01-10 06:17:58
113.65.36.101

/index.php/woqu
/controller/woqu load fail.
2018-01-10 06:18:04
113.65.36.101

/index.php/pay/zyf_wap/send.php
/controller/pay load fail.
2018-01-10 06:20:49
113.65.36.101

/index.php/demo/need/layer.css
/controller/demo load fail.
2018-01-10 06:29:02
113.65.36.101

/index.php/demo/need/layer.css
/controller/demo load fail.
2018-01-10 06:29:18
113.65.36.101

/index.php/demo/need/layer.css
/controller/demo load fail.
2018-01-10 06:29:54
113.65.36.101

/index.php/demo/need/layer.css
/controller/demo load fail.
2018-01-10 06:30:45
113.65.36.101

/index.php/demo/need/layer.css
/controller/demo load fail.
2018-01-10 07:22:50
122.224.32.73

/index.php/demo/need/layer.css
/controller/demo load fail.
2018-01-10 07:24:53
122.224.32.74

/index.php/demo/need/layer.css
/controller/demo load fail.
2018-01-10 07:28:23
36.102.208.121

/index.php/demo/need/layer.css
/controller/demo load fail.
2018-01-10 07:28:59
36.102.208.121

/index.php/demo/need/layer.css
/controller/demo load fail.
2018-01-10 09:38:39
36.102.208.121

/index.php/static/assets/css/app1.css
/controller/static load fail.
2018-01-10 10:39:15
101.226.66.181

/index.php/static/assets/css/app1.css
/controller/static load fail.
2018-01-10 10:39:17
106.2.234.13

/index.php/static/assets/css/app1.css
/controller/static load fail.
2018-01-10 10:39:28
115.171.17.118

/index.php/static/assets/css/app1.css
/controller/static load fail.
2018-01-10 11:16:50
106.2.234.14

/index.php/static/assets/css/app1.css
/controller/static load fail.
2018-01-10 11:55:05
36.17.45.236

/index.php/static/assets/css/app1.css
/controller/static load fail.
2018-01-10 14:21:25
36.17.45.236

/index.php/demo/need/layer.css
/controller/demo load fail.
2018-01-10 14:30:28
221.178.90.84

/index.php/demo/need/layer.css
/controller/demo load fail.
2018-01-10 15:55:07
59.41.147.120

/index.php/demo/need/layer.css
/controller/demo load fail.
2018-01-10 15:55:12
59.41.147.120

/index.php/demo/need/layer.css
/controller/demo load fail.
2018-01-10 15:55:34
59.41.147.120

/index.php/demo/need/layer.css
/controller/demo load fail.
2018-01-10 15:55:44
106.2.234.14

/index.php/demo/need/layer.css
/controller/demo load fail.
2018-01-10 15:58:42
106.2.234.14

/index.php/demo/need/layer.css
/controller/demo load fail.
2018-01-10 15:59:13
106.2.234.14

/index.php/demo/need/layer.css
/controller/demo load fail.
2018-01-10 15:59:40
106.2.234.14

/index.php/pay/zyf_wap/n.php
/controller/pay load fail.
2018-01-10 15:59:51
120.76.197.2

/index.php/pay/zyf_wap/n.php
/controller/pay load fail.
2018-01-10 15:59:59
120.76.197.2

/index.php/demo/need/layer.css
/controller/demo load fail.
2018-01-10 16:00:45
106.2.234.14

/index.php/pay/zyf_wap/n.php
/controller/pay load fail.
2018-01-10 16:00:54
120.76.197.2

/index.php/pay/zyf_wap/n.php
/controller/pay load fail.
2018-01-10 16:00:54
120.76.197.2

/index.php/pay/zyf_wap/n.php
/controller/pay load fail.
2018-01-10 16:00:55
120.76.197.2

/index.php/pay/zyf_wap/n.php
/controller/pay load fail.
2018-01-10 16:01:55
120.76.197.2

/index.php/pay/zyf_wap/n.php
/controller/pay load fail.
2018-01-10 16:01:55
120.76.197.2

/index.php/demo/need/layer.css
/controller/demo load fail.
2018-01-10 16:06:31
106.2.234.14

/index.php/demo/need/layer.css
/controller/demo load fail.
2018-01-10 16:08:23
106.2.234.14

/index.php/demo/need/layer.css
/controller/demo load fail.
2018-01-10 16:14:21
106.2.234.14

/index.php/demo/need/layer.css
/controller/demo load fail.
2018-01-10 16:14:32
106.2.234.14

/index.php/demo/need/layer.css
/controller/demo load fail.
2018-01-10 16:14:52
223.104.25.65

/index.php/demo/need/layer.css
/controller/demo load fail.
2018-01-10 16:28:14
106.2.234.14

/index.php/demo/need/layer.css
/controller/demo load fail.
2018-01-10 16:28:34
106.2.234.14

/index.php/demo/need/layer.css
/controller/demo load fail.
2018-01-10 16:36:23
223.104.25.65

/index.php/demo/need/layer.css
/controller/demo load fail.
2018-01-10 16:36:46
223.104.25.65

/index.php/static/assets/css/app1.css
/controller/static load fail.
2018-01-10 16:46:32
106.8.89.182

/index.php/demo/need/layer.css
/controller/demo load fail.
2018-01-10 16:46:52
106.2.234.14

/index.php/static/assets/css/app1.css
/controller/static load fail.
2018-01-10 16:57:31
171.88.41.101

/index.php/static/assets/css/app1.css
/controller/static load fail.
2018-01-10 17:00:33
223.240.166.125

/index.php/static/assets/css/app1.css
/controller/static load fail.
2018-01-10 17:08:34
171.88.41.101

/index.php/static/assets/css/app1.css
/controller/static load fail.
2018-01-10 17:12:31
171.88.41.101

/index.php/static/assets/css/app1.css
/controller/static load fail.
2018-01-10 17:17:47
171.88.41.101

/index.php/static/assets/css/app1.css
/controller/static load fail.
2018-01-10 17:19:40
171.88.41.101

/index.php/static/assets/css/app1.css
/controller/static load fail.
2018-01-10 17:40:19
171.88.41.101

/index.php/static/assets/css/app1.css
/controller/static load fail.
2018-01-10 18:02:01
115.60.80.236

/index.php/static/assets/css/app1.css
/controller/static load fail.
2018-01-10 18:02:58
115.60.80.236

/index.php/static/assets/css/app1.css
/controller/static load fail.
2018-01-10 18:08:28
171.88.41.101

/index.php/static/assets/css/app1.css
/controller/static load fail.
2018-01-10 18:13:29
171.88.41.101

/index.php/static/assets/css/app1.css
/controller/static load fail.
2018-01-10 18:18:16
223.223.194.233

/index.php/static/assets/css/app1.css
/controller/static load fail.
2018-01-10 18:18:24
223.223.194.233

/index.php/static/assets/css/app1.css
/controller/static load fail.
2018-01-10 18:18:26
223.223.194.233

/index.php/static/assets/css/app1.css
/controller/static load fail.
2018-01-10 18:18:45
223.223.194.233

/index.php/static/assets/css/app1.css
/controller/static load fail.
2018-01-10 18:20:04
171.88.41.101

/index.php/static/assets/css/app1.css
/controller/static load fail.
2018-01-10 18:21:24
171.88.41.101

/index.php/static/assets/css/app1.css
/controller/static load fail.
2018-01-10 18:22:58
171.88.41.101

/index.php/static/assets/css/app1.css
/controller/static load fail.
2018-01-10 18:23:14
171.88.41.101

/index.php/static/assets/css/app1.css
/controller/static load fail.
2018-01-10 18:25:15
171.88.41.101

/index.php/static/assets/css/app1.css
/controller/static load fail.
2018-01-10 18:30:07
139.212.177.119

/index.php/demo/need/layer.css
/controller/demo load fail.
2018-01-10 18:48:21
106.2.234.13

/index.php/demo/need/layer.css
/controller/demo load fail.
2018-01-10 18:48:41
219.155.97.98

/index.php/pay/47_qq/returnUrl.php
/controller/pay load fail.
2018-01-10 18:49:24
219.155.97.98

/index.php/pay/47_qq/returnUrl.php
/controller/pay load fail.
2018-01-10 18:49:28
219.155.97.98

/index.php/pay/47_qq/returnUrl.php
/controller/pay load fail.
2018-01-10 18:49:31
219.155.97.98

/index.php/pay/47_qq/returnUrl.php
/controller/pay load fail.
2018-01-10 18:49:34
219.155.97.98

/index.php/pay/47_qq/returnUrl.php
/controller/pay load fail.
2018-01-10 18:49:37
219.155.97.98

/index.php/pay/47_qq/returnUrl.php
/controller/pay load fail.
2018-01-10 18:49:40
219.155.97.98

/index.php/pay/47_qq/returnUrl.php
/controller/pay load fail.
2018-01-10 18:49:44
219.155.97.98

/index.php/pay/47_qq/returnUrl.php
/controller/pay load fail.
2018-01-10 18:49:46
219.155.97.98

/index.php/pay/47_qq/returnUrl.php
/controller/pay load fail.
2018-01-10 18:49:49
219.155.97.98

/index.php/pay/47_qq/returnUrl.php
/controller/pay load fail.
2018-01-10 18:49:52
219.155.97.98

/index.php/pay/47_qq/returnUrl.php
/controller/pay load fail.
2018-01-10 18:49:55
219.155.97.98

/index.php/pay/47_qq/returnUrl.php
/controller/pay load fail.
2018-01-10 18:49:58
219.155.97.98

/index.php/pay/47_qq/returnUrl.php
/controller/pay load fail.
2018-01-10 18:50:01
219.155.97.98

/index.php/pay/47_qq/returnUrl.php
/controller/pay load fail.
2018-01-10 18:50:04
219.155.97.98

/index.php/pay/47_qq/returnUrl.php
/controller/pay load fail.
2018-01-10 18:50:07
219.155.97.98

/index.php/pay/47_qq/returnUrl.php
/controller/pay load fail.
2018-01-10 18:50:10
219.155.97.98

/index.php/pay/47_qq/returnUrl.php
/controller/pay load fail.
2018-01-10 18:50:13
219.155.97.98

/index.php/pay/47_qq/returnUrl.php
/controller/pay load fail.
2018-01-10 18:50:16
219.155.97.98

/index.php/pay/47_qq/returnUrl.php
/controller/pay load fail.
2018-01-10 18:50:19
219.155.97.98

/index.php/pay/47_qq/returnUrl.php
/controller/pay load fail.
2018-01-10 18:50:22
219.155.97.98

/index.php/pay/47_qq/returnUrl.php
/controller/pay load fail.
2018-01-10 18:50:25
219.155.97.98

/index.php/pay/47_qq/returnUrl.php
/controller/pay load fail.
2018-01-10 18:50:28
219.155.97.98

/index.php/pay/47_qq/returnUrl.php
/controller/pay load fail.
2018-01-10 18:50:31
219.155.97.98

/index.php/pay/47_qq/returnUrl.php
/controller/pay load fail.
2018-01-10 18:50:34
219.155.97.98

/index.php/pay/47_qq/returnUrl.php
/controller/pay load fail.
2018-01-10 18:50:37
219.155.97.98

/index.php/pay/47_qq/returnUrl.php
/controller/pay load fail.
2018-01-10 18:50:40
219.155.97.98

/index.php/pay/47_qq/returnUrl.php
/controller/pay load fail.
2018-01-10 18:50:43
219.155.97.98

/index.php/pay/47_qq/returnUrl.php
/controller/pay load fail.
2018-01-10 18:50:46
219.155.97.98

/index.php/pay/47_qq/returnUrl.php
/controller/pay load fail.
2018-01-10 18:50:49
219.155.97.98

/index.php/pay/47_qq/returnUrl.php
/controller/pay load fail.
2018-01-10 18:50:52
219.155.97.98

/index.php/pay/47_qq/returnUrl.php
/controller/pay load fail.
2018-01-10 18:50:55
219.155.97.98

/index.php/pay/47_qq/returnUrl.php
/controller/pay load fail.
2018-01-10 18:50:58
219.155.97.98

/index.php/pay/47_qq/returnUrl.php
/controller/pay load fail.
2018-01-10 18:51:01
219.155.97.98

/index.php/pay/47_qq/returnUrl.php
/controller/pay load fail.
2018-01-10 18:51:04
219.155.97.98

/index.php/pay/47_qq/returnUrl.php
/controller/pay load fail.
2018-01-10 18:51:07
219.155.97.98

/index.php/pay/47_qq/returnUrl.php
/controller/pay load fail.
2018-01-10 18:51:10
219.155.97.98

/index.php/pay/47_qq/returnUrl.php
/controller/pay load fail.
2018-01-10 18:51:12
219.155.97.98

/index.php/pay/47_qq/returnUrl.php
/controller/pay load fail.
2018-01-10 18:51:15
219.155.97.98

/index.php/demo/need/layer.css
/controller/demo load fail.
2018-01-10 18:51:17
106.2.234.13

/index.php/pay/47_qq/returnUrl.php
/controller/pay load fail.
2018-01-10 18:51:18
219.155.97.98

/index.php/pay/47_qq/returnUrl.php
/controller/pay load fail.
2018-01-10 18:51:21
219.155.97.98

/index.php/pay/47_qq/returnUrl.php
/controller/pay load fail.
2018-01-10 18:51:24
219.155.97.98

/index.php/pay/47_qq/returnUrl.php
/controller/pay load fail.
2018-01-10 18:51:27
219.155.97.98

/index.php/pay/47_qq/returnUrl.php
/controller/pay load fail.
2018-01-10 18:51:30
219.155.97.98

/index.php/pay/47_qq/returnUrl.php
/controller/pay load fail.
2018-01-10 18:51:33
219.155.97.98

/index.php/pay/47_qq/returnUrl.php
/controller/pay load fail.
2018-01-10 18:51:36
219.155.97.98

/index.php/pay/47_qq/returnUrl.php
/controller/pay load fail.
2018-01-10 18:51:39
219.155.97.98

/index.php/pay/47_qq/returnUrl.php
/controller/pay load fail.
2018-01-10 18:51:43
219.155.97.98

/index.php/pay/47_qq/returnUrl.php
/controller/pay load fail.
2018-01-10 18:51:46
219.155.97.98

/index.php/pay/47_qq/returnUrl.php
/controller/pay load fail.
2018-01-10 18:51:49
219.155.97.98

/index.php/pay/47_qq/returnUrl.php
/controller/pay load fail.
2018-01-10 18:51:52
219.155.97.98

/index.php/pay/47_qq/returnUrl.php
/controller/pay load fail.
2018-01-10 18:51:55
219.155.97.98

/index.php/pay/47_qq/returnUrl.php
/controller/pay load fail.
2018-01-10 18:51:58
219.155.97.98

/index.php/pay/47_qq/returnUrl.php
/controller/pay load fail.
2018-01-10 18:52:01
219.155.97.98

/index.php/pay/47_qq/returnUrl.php
/controller/pay load fail.
2018-01-10 18:52:04
219.155.97.98

/index.php/pay/47_qq/returnUrl.php
/controller/pay load fail.
2018-01-10 18:52:07
219.155.97.98

/index.php/pay/47_qq/returnUrl.php
/controller/pay load fail.
2018-01-10 18:52:10
219.155.97.98

/index.php/pay/47_qq/returnUrl.php
/controller/pay load fail.
2018-01-10 18:52:13
219.155.97.98

/index.php/pay/47_qq/returnUrl.php
/controller/pay load fail.
2018-01-10 18:52:16
219.155.97.98

/index.php/pay/47_qq/returnUrl.php
/controller/pay load fail.
2018-01-10 18:52:19
219.155.97.98

/index.php/pay/47_qq/returnUrl.php
/controller/pay load fail.
2018-01-10 18:52:22
219.155.97.98

/index.php/pay/47_qq/returnUrl.php
/controller/pay load fail.
2018-01-10 18:52:25
219.155.97.98

/index.php/pay/47_qq/returnUrl.php
/controller/pay load fail.
2018-01-10 18:52:28
219.155.97.98

/index.php/pay/47_qq/returnUrl.php
/controller/pay load fail.
2018-01-10 18:52:31
219.155.97.98

/index.php/pay/47_qq/returnUrl.php
/controller/pay load fail.
2018-01-10 18:52:34
219.155.97.98

/index.php/pay/47_qq/returnUrl.php
/controller/pay load fail.
2018-01-10 18:52:37
219.155.97.98

/index.php/pay/47_qq/returnUrl.php
/controller/pay load fail.
2018-01-10 18:52:40
219.155.97.98

/index.php/pay/47_qq/returnUrl.php
/controller/pay load fail.
2018-01-10 18:52:43
219.155.97.98

/index.php/pay/47_qq/returnUrl.php
/controller/pay load fail.
2018-01-10 18:52:46
219.155.97.98

/index.php/pay/47_qq/returnUrl.php
/controller/pay load fail.
2018-01-10 18:52:49
219.155.97.98

/index.php/pay/47_qq/returnUrl.php
/controller/pay load fail.
2018-01-10 18:52:52
219.155.97.98

/index.php/pay/47_qq/returnUrl.php
/controller/pay load fail.
2018-01-10 18:52:55
219.155.97.98

/index.php/pay/47_qq/returnUrl.php
/controller/pay load fail.
2018-01-10 18:52:58
219.155.97.98

/index.php/pay/47_qq/returnUrl.php
/controller/pay load fail.
2018-01-10 18:53:01
219.155.97.98

/index.php/pay/47_qq/returnUrl.php
/controller/pay load fail.
2018-01-10 18:53:04
219.155.97.98

/index.php/pay/47_qq/returnUrl.php
/controller/pay load fail.
2018-01-10 18:53:07
219.155.97.98

/index.php/pay/47_qq/returnUrl.php
/controller/pay load fail.
2018-01-10 18:53:10
219.155.97.98

/index.php/demo/need/layer.css
/controller/demo load fail.
2018-01-10 18:53:10
219.155.97.98

/index.php/pay/47_qq/returnUrl.php
/controller/pay load fail.
2018-01-10 18:53:13
219.155.97.98

/index.php/pay/47_qq/returnUrl.php
/controller/pay load fail.
2018-01-10 18:53:16
219.155.97.98

/index.php/pay/47_qq/returnUrl.php
/controller/pay load fail.
2018-01-10 18:53:19
219.155.97.98

/index.php/pay/47_qq/returnUrl.php
/controller/pay load fail.
2018-01-10 18:53:22
219.155.97.98

/index.php/pay/47_qq/returnUrl.php
/controller/pay load fail.
2018-01-10 18:53:25
219.155.97.98

/index.php/pay/47_qq/returnUrl.php
/controller/pay load fail.
2018-01-10 18:53:28
219.155.97.98

/index.php/pay/47_qq/returnUrl.php
/controller/pay load fail.
2018-01-10 18:53:31
219.155.97.98

/index.php/pay/47_qq/returnUrl.php
/controller/pay load fail.
2018-01-10 18:53:34
219.155.97.98

/index.php/demo/need/layer.css
/controller/demo load fail.
2018-01-10 18:53:34
219.155.97.98

/index.php/pay/47_qq/returnUrl.php
/controller/pay load fail.
2018-01-10 18:53:37
219.155.97.98

/index.php/pay/47_qq/returnUrl.php
/controller/pay load fail.
2018-01-10 18:53:40
219.155.97.98

/index.php/pay/47_qq/returnUrl.php
/controller/pay load fail.
2018-01-10 18:53:43
219.155.97.98

/index.php/pay/47_qq/returnUrl.php
/controller/pay load fail.
2018-01-10 18:53:46
219.155.97.98

/index.php/pay/47_qq/returnUrl.php
/controller/pay load fail.
2018-01-10 18:53:49
219.155.97.98

/index.php/pay/47_qq/returnUrl.php
/controller/pay load fail.
2018-01-10 18:53:52
219.155.97.98

/index.php/pay/47_qq/returnUrl.php
/controller/pay load fail.
2018-01-10 18:53:55
219.155.97.98

/index.php/pay/47_qq/returnUrl.php
/controller/pay load fail.
2018-01-10 18:53:58
219.155.97.98

/index.php/pay/47_qq/returnUrl.php
/controller/pay load fail.
2018-01-10 18:54:01
219.155.97.98

/index.php/pay/47_qq/returnUrl.php
/controller/pay load fail.
2018-01-10 18:54:04
219.155.97.98

/index.php/pay/47_qq/returnUrl.php
/controller/pay load fail.
2018-01-10 18:54:07
219.155.97.98

/index.php/pay/47_qq/returnUrl.php
/controller/pay load fail.
2018-01-10 18:54:10
219.155.97.98

/index.php/pay/47_qq/returnUrl.php
/controller/pay load fail.
2018-01-10 18:54:13
219.155.97.98

/index.php/pay/47_qq/returnUrl.php
/controller/pay load fail.
2018-01-10 18:54:16
219.155.97.98

/index.php/pay/47_qq/returnUrl.php
/controller/pay load fail.
2018-01-10 18:54:19
219.155.97.98

/index.php/pay/47_qq/returnUrl.php
/controller/pay load fail.
2018-01-10 18:54:22
219.155.97.98

/index.php/pay/47_qq/returnUrl.php
/controller/pay load fail.
2018-01-10 18:54:25
219.155.97.98

/index.php/pay/47_qq/returnUrl.php
/controller/pay load fail.
2018-01-10 18:54:28
219.155.97.98

/index.php/pay/47_qq/returnUrl.php
/controller/pay load fail.
2018-01-10 18:54:31
219.155.97.98

/index.php/pay/47_qq/returnUrl.php
/controller/pay load fail.
2018-01-10 18:54:34
219.155.97.98

/index.php/pay/47_qq/returnUrl.php
/controller/pay load fail.
2018-01-10 18:54:37
219.155.97.98

/index.php/pay/47_qq/returnUrl.php
/controller/pay load fail.
2018-01-10 18:54:40
219.155.97.98

/index.php/pay/47_qq/returnUrl.php
/controller/pay load fail.
2018-01-10 18:54:43
219.155.97.98

/index.php/pay/47_qq/returnUrl.php
/controller/pay load fail.
2018-01-10 18:54:46
219.155.97.98

/index.php/pay/47_qq/returnUrl.php
/controller/pay load fail.
2018-01-10 18:54:49
219.155.97.98

/index.php/pay/47_qq/returnUrl.php
/controller/pay load fail.
2018-01-10 18:54:52
219.155.97.98

/index.php/pay/47_qq/returnUrl.php
/controller/pay load fail.
2018-01-10 18:54:55
219.155.97.98

/index.php/pay/47_qq/returnUrl.php
/controller/pay load fail.
2018-01-10 18:54:58
219.155.97.98

/index.php/pay/47_qq/returnUrl.php
/controller/pay load fail.
2018-01-10 18:55:01
219.155.97.98

/index.php/pay/47_qq/returnUrl.php
/controller/pay load fail.
2018-01-10 18:55:04
219.155.97.98

/index.php/pay/47_qq/returnUrl.php
/controller/pay load fail.
2018-01-10 18:55:07
219.155.97.98

/index.php/pay/47_qq/returnUrl.php
/controller/pay load fail.
2018-01-10 18:55:10
219.155.97.98

/index.php/pay/47_qq/returnUrl.php
/controller/pay load fail.
2018-01-10 18:55:13
219.155.97.98

/index.php/pay/47_qq/returnUrl.php
/controller/pay load fail.
2018-01-10 18:55:16
219.155.97.98

/index.php/pay/47_qq/returnUrl.php
/controller/pay load fail.
2018-01-10 18:55:19
219.155.97.98

/index.php/pay/47_qq/returnUrl.php
/controller/pay load fail.
2018-01-10 18:55:22
219.155.97.98

/index.php/pay/47_qq/returnUrl.php
/controller/pay load fail.
2018-01-10 18:55:25
219.155.97.98

/index.php/pay/47_qq/returnUrl.php
/controller/pay load fail.
2018-01-10 18:55:28
219.155.97.98

/index.php/pay/47_qq/returnUrl.php
/controller/pay load fail.
2018-01-10 18:55:31
219.155.97.98

/index.php/pay/47_qq/returnUrl.php
/controller/pay load fail.
2018-01-10 18:55:34
219.155.97.98

/index.php/pay/47_qq/returnUrl.php
/controller/pay load fail.
2018-01-10 18:55:37
219.155.97.98

/index.php/pay/47_qq/returnUrl.php
/controller/pay load fail.
2018-01-10 18:55:40
219.155.97.98

/index.php/pay/47_qq/returnUrl.php
/controller/pay load fail.
2018-01-10 18:55:43
219.155.97.98

/index.php/pay/47_qq/returnUrl.php
/controller/pay load fail.
2018-01-10 18:55:46
219.155.97.98

/index.php/pay/47_qq/returnUrl.php
/controller/pay load fail.
2018-01-10 18:55:49
219.155.97.98

/index.php/pay/47_qq/returnUrl.php
/controller/pay load fail.
2018-01-10 18:55:52
219.155.97.98

/index.php/pay/47_qq/returnUrl.php
/controller/pay load fail.
2018-01-10 18:55:55
219.155.97.98

/index.php/pay/47_qq/returnUrl.php
/controller/pay load fail.
2018-01-10 18:55:58
219.155.97.98

/index.php/pay/47_qq/returnUrl.php
/controller/pay load fail.
2018-01-10 18:56:01
219.155.97.98

/index.php/pay/47_qq/returnUrl.php
/controller/pay load fail.
2018-01-10 18:56:04
219.155.97.98

/index.php/pay/47_qq/returnUrl.php
/controller/pay load fail.
2018-01-10 18:56:07
219.155.97.98

/index.php/pay/47_qq/returnUrl.php
/controller/pay load fail.
2018-01-10 18:56:10
219.155.97.98

/index.php/pay/47_qq/returnUrl.php
/controller/pay load fail.
2018-01-10 18:56:13
219.155.97.98

/index.php/pay/47_qq/returnUrl.php
/controller/pay load fail.
2018-01-10 18:56:16
219.155.97.98

/index.php/pay/47_qq/returnUrl.php
/controller/pay load fail.
2018-01-10 18:56:19
219.155.97.98

/index.php/pay/47_qq/returnUrl.php
/controller/pay load fail.
2018-01-10 18:56:22
219.155.97.98

/index.php/pay/47_qq/returnUrl.php
/controller/pay load fail.
2018-01-10 18:56:25
219.155.97.98

/index.php/pay/47_qq/returnUrl.php
/controller/pay load fail.
2018-01-10 18:56:28
219.155.97.98

/index.php/pay/47_qq/returnUrl.php
/controller/pay load fail.
2018-01-10 18:56:31
219.155.97.98

/index.php/pay/47_qq/returnUrl.php
/controller/pay load fail.
2018-01-10 18:56:34
219.155.97.98

/index.php/pay/47_qq/returnUrl.php
/controller/pay load fail.
2018-01-10 18:56:37
219.155.97.98

/index.php/pay/47_qq/returnUrl.php
/controller/pay load fail.
2018-01-10 18:56:40
219.155.97.98

/index.php/pay/47_qq/returnUrl.php
/controller/pay load fail.
2018-01-10 18:56:43
219.155.97.98

/index.php/pay/47_qq/returnUrl.php
/controller/pay load fail.
2018-01-10 18:56:46
219.155.97.98

/index.php/pay/47_qq/returnUrl.php
/controller/pay load fail.
2018-01-10 18:56:49
219.155.97.98

/index.php/pay/47_qq/returnUrl.php
/controller/pay load fail.
2018-01-10 18:56:52
219.155.97.98

/index.php/pay/47_qq/returnUrl.php
/controller/pay load fail.
2018-01-10 18:56:55
219.155.97.98

/index.php/pay/47_qq/returnUrl.php
/controller/pay load fail.
2018-01-10 18:56:58
219.155.97.98

/index.php/pay/47_qq/returnUrl.php
/controller/pay load fail.
2018-01-10 18:57:01
219.155.97.98

/index.php/pay/47_qq/returnUrl.php
/controller/pay load fail.
2018-01-10 18:57:04
219.155.97.98

/index.php/pay/47_qq/returnUrl.php
/controller/pay load fail.
2018-01-10 18:57:07
219.155.97.98

/index.php/pay/47_qq/returnUrl.php
/controller/pay load fail.
2018-01-10 18:57:10
219.155.97.98

/index.php/pay/47_qq/returnUrl.php
/controller/pay load fail.
2018-01-10 18:57:13
219.155.97.98

/index.php/pay/47_qq/returnUrl.php
/controller/pay load fail.
2018-01-10 18:57:16
219.155.97.98

/index.php/pay/47_qq/returnUrl.php
/controller/pay load fail.
2018-01-10 18:57:19
219.155.97.98

/index.php/pay/47_qq/returnUrl.php
/controller/pay load fail.
2018-01-10 18:57:22
219.155.97.98

/index.php/pay/47_qq/returnUrl.php
/controller/pay load fail.
2018-01-10 18:57:25
219.155.97.98

/index.php/pay/47_qq/returnUrl.php
/controller/pay load fail.
2018-01-10 18:57:28
219.155.97.98

/index.php/pay/47_qq/returnUrl.php
/controller/pay load fail.
2018-01-10 18:57:31
219.155.97.98

/index.php/pay/47_qq/returnUrl.php
/controller/pay load fail.
2018-01-10 18:57:34
219.155.97.98

/index.php/pay/47_qq/returnUrl.php
/controller/pay load fail.
2018-01-10 18:57:37
219.155.97.98

/index.php/demo/need/layer.css
/controller/demo load fail.
2018-01-10 18:57:38
219.155.97.98

/index.php/pay/47_qq/returnUrl.php
/controller/pay load fail.
2018-01-10 18:57:40
219.155.97.98

/index.php/pay/47_qq/returnUrl.php
/controller/pay load fail.
2018-01-10 18:57:43
219.155.97.98

/index.php/pay/47_qq/returnUrl.php
/controller/pay load fail.
2018-01-10 18:57:46
219.155.97.98

/index.php/pay/47_qq/returnUrl.php
/controller/pay load fail.
2018-01-10 18:57:49
219.155.97.98

/index.php/pay/47_qq/returnUrl.php
/controller/pay load fail.
2018-01-10 18:57:52
219.155.97.98

/index.php/pay/47_qq/returnUrl.php
/controller/pay load fail.
2018-01-10 18:57:55
219.155.97.98

/index.php/pay/47_qq/returnUrl.php
/controller/pay load fail.
2018-01-10 18:57:58
219.155.97.98

/index.php/pay/47_qq/returnUrl.php
/controller/pay load fail.
2018-01-10 18:58:01
219.155.97.98

/index.php/pay/47_qq/returnUrl.php
/controller/pay load fail.
2018-01-10 18:58:04
219.155.97.98

/index.php/pay/47_qq/returnUrl.php
/controller/pay load fail.
2018-01-10 18:58:07
219.155.97.98

/index.php/pay/47_qq/returnUrl.php
/controller/pay load fail.
2018-01-10 18:58:10
219.155.97.98

/index.php/pay/47_qq/returnUrl.php
/controller/pay load fail.
2018-01-10 18:58:13
219.155.97.98

/index.php/pay/47_qq/returnUrl.php
/controller/pay load fail.
2018-01-10 18:58:16
219.155.97.98

/index.php/pay/47_qq/returnUrl.php
/controller/pay load fail.
2018-01-10 18:58:19
219.155.97.98

/index.php/pay/47_qq/returnUrl.php
/controller/pay load fail.
2018-01-10 18:58:22
219.155.97.98

/index.php/pay/47_qq/returnUrl.php
/controller/pay load fail.
2018-01-10 18:58:25
219.155.97.98

/index.php/pay/47_qq/returnUrl.php
/controller/pay load fail.
2018-01-10 18:58:28
219.155.97.98

/index.php/pay/47_qq/returnUrl.php
/controller/pay load fail.
2018-01-10 18:58:31
219.155.97.98

/index.php/pay/47_qq/returnUrl.php
/controller/pay load fail.
2018-01-10 18:58:34
219.155.97.98

/index.php/pay/47_qq/returnUrl.php
/controller/pay load fail.
2018-01-10 18:58:37
219.155.97.98

/index.php/pay/47_qq/returnUrl.php
/controller/pay load fail.
2018-01-10 18:58:40
219.155.97.98

/index.php/pay/47_qq/returnUrl.php
/controller/pay load fail.
2018-01-10 18:58:43
219.155.97.98

/index.php/pay/47_qq/returnUrl.php
/controller/pay load fail.
2018-01-10 18:58:46
219.155.97.98

/index.php/pay/47_qq/returnUrl.php
/controller/pay load fail.
2018-01-10 18:58:49
219.155.97.98

/index.php/pay/47_qq/returnUrl.php
/controller/pay load fail.
2018-01-10 18:58:52
219.155.97.98

/index.php/pay/47_qq/returnUrl.php
/controller/pay load fail.
2018-01-10 18:58:55
219.155.97.98

/index.php/pay/47_qq/returnUrl.php
/controller/pay load fail.
2018-01-10 18:58:58
219.155.97.98

/index.php/pay/47_qq/returnUrl.php
/controller/pay load fail.
2018-01-10 18:59:01
219.155.97.98

/index.php/pay/47_qq/returnUrl.php
/controller/pay load fail.
2018-01-10 18:59:04
219.155.97.98

/index.php/pay/47_qq/returnUrl.php
/controller/pay load fail.
2018-01-10 18:59:07
219.155.97.98

/index.php/pay/47_qq/returnUrl.php
/controller/pay load fail.
2018-01-10 18:59:10
219.155.97.98

/index.php/pay/47_qq/returnUrl.php
/controller/pay load fail.
2018-01-10 18:59:13
219.155.97.98

/index.php/pay/47_qq/returnUrl.php
/controller/pay load fail.
2018-01-10 18:59:16
219.155.97.98

/index.php/pay/47_qq/returnUrl.php
/controller/pay load fail.
2018-01-10 18:59:19
219.155.97.98

/index.php/pay/47_qq/returnUrl.php
/controller/pay load fail.
2018-01-10 18:59:22
219.155.97.98

/index.php/pay/47_qq/returnUrl.php
/controller/pay load fail.
2018-01-10 18:59:25
219.155.97.98

/index.php/pay/47_qq/returnUrl.php
/controller/pay load fail.
2018-01-10 18:59:28
219.155.97.98

/index.php/pay/47_qq/returnUrl.php
/controller/pay load fail.
2018-01-10 18:59:31
219.155.97.98

/index.php/pay/47_qq/returnUrl.php
/controller/pay load fail.
2018-01-10 18:59:34
219.155.97.98

/index.php/pay/47_qq/returnUrl.php
/controller/pay load fail.
2018-01-10 18:59:37
219.155.97.98

/index.php/pay/47_qq/returnUrl.php
/controller/pay load fail.
2018-01-10 18:59:40
219.155.97.98

/index.php/pay/47_qq/returnUrl.php
/controller/pay load fail.
2018-01-10 18:59:43
219.155.97.98

/index.php/pay/47_qq/returnUrl.php
/controller/pay load fail.
2018-01-10 18:59:46
219.155.97.98

/index.php/pay/47_qq/returnUrl.php
/controller/pay load fail.
2018-01-10 18:59:49
219.155.97.98

/index.php/pay/47_qq/returnUrl.php
/controller/pay load fail.
2018-01-10 18:59:52
219.155.97.98

/index.php/pay/47_qq/returnUrl.php
/controller/pay load fail.
2018-01-10 18:59:55
219.155.97.98

/index.php/pay/47_qq/returnUrl.php
/controller/pay load fail.
2018-01-10 18:59:58
219.155.97.98

/index.php/pay/47_qq/returnUrl.php
/controller/pay load fail.
2018-01-10 19:00:01
219.155.97.98

/index.php/pay/47_qq/returnUrl.php
/controller/pay load fail.
2018-01-10 19:00:04
219.155.97.98

/index.php/pay/47_qq/returnUrl.php
/controller/pay load fail.
2018-01-10 19:00:07
219.155.97.98

/index.php/pay/47_qq/returnUrl.php
/controller/pay load fail.
2018-01-10 19:00:10
219.155.97.98

/index.php/pay/47_qq/returnUrl.php
/controller/pay load fail.
2018-01-10 19:00:13
219.155.97.98

/index.php/pay/47_qq/returnUrl.php
/controller/pay load fail.
2018-01-10 19:00:16
219.155.97.98

/index.php/pay/47_qq/returnUrl.php
/controller/pay load fail.
2018-01-10 19:00:19
219.155.97.98

/index.php/pay/47_qq/returnUrl.php
/controller/pay load fail.
2018-01-10 19:00:22
219.155.97.98

/index.php/pay/47_qq/returnUrl.php
/controller/pay load fail.
2018-01-10 19:00:25
219.155.97.98

/index.php/pay/47_qq/returnUrl.php
/controller/pay load fail.
2018-01-10 19:00:28
219.155.97.98

/index.php/pay/47_qq/returnUrl.php
/controller/pay load fail.
2018-01-10 19:00:31
219.155.97.98

/index.php/pay/47_qq/returnUrl.php
/controller/pay load fail.
2018-01-10 19:00:34
219.155.97.98

/index.php/pay/47_qq/returnUrl.php
/controller/pay load fail.
2018-01-10 19:00:37
219.155.97.98

/index.php/pay/47_qq/returnUrl.php
/controller/pay load fail.
2018-01-10 19:00:40
219.155.97.98

/index.php/pay/47_qq/returnUrl.php
/controller/pay load fail.
2018-01-10 19:00:43
219.155.97.98

/index.php/pay/47_qq/returnUrl.php
/controller/pay load fail.
2018-01-10 19:00:46
219.155.97.98

/index.php/pay/47_qq/returnUrl.php
/controller/pay load fail.
2018-01-10 19:00:49
219.155.97.98

/index.php/pay/47_qq/returnUrl.php
/controller/pay load fail.
2018-01-10 19:00:52
219.155.97.98

/index.php/pay/47_qq/returnUrl.php
/controller/pay load fail.
2018-01-10 19:00:55
219.155.97.98

/index.php/pay/47_qq/returnUrl.php
/controller/pay load fail.
2018-01-10 19:00:58
219.155.97.98

/index.php/pay/47_qq/returnUrl.php
/controller/pay load fail.
2018-01-10 19:01:01
219.155.97.98

/index.php/pay/47_qq/returnUrl.php
/controller/pay load fail.
2018-01-10 19:01:04
219.155.97.98

/index.php/pay/47_qq/returnUrl.php
/controller/pay load fail.
2018-01-10 19:01:07
219.155.97.98

/index.php/pay/47_qq/returnUrl.php
/controller/pay load fail.
2018-01-10 19:01:10
219.155.97.98

/index.php/pay/47_qq/returnUrl.php
/controller/pay load fail.
2018-01-10 19:01:13
219.155.97.98

/index.php/pay/47_qq/returnUrl.php
/controller/pay load fail.
2018-01-10 19:01:16
219.155.97.98

/index.php/pay/47_qq/returnUrl.php
/controller/pay load fail.
2018-01-10 19:01:19
219.155.97.98

/index.php/pay/47_qq/returnUrl.php
/controller/pay load fail.
2018-01-10 19:01:22
219.155.97.98

/index.php/pay/47_qq/returnUrl.php
/controller/pay load fail.
2018-01-10 19:01:25
219.155.97.98

/index.php/pay/47_qq/returnUrl.php
/controller/pay load fail.
2018-01-10 19:01:28
219.155.97.98

/index.php/pay/47_qq/returnUrl.php
/controller/pay load fail.
2018-01-10 19:01:31
219.155.97.98

/index.php/pay/47_qq/returnUrl.php
/controller/pay load fail.
2018-01-10 19:01:34
219.155.97.98

/index.php/pay/47_qq/returnUrl.php
/controller/pay load fail.
2018-01-10 19:01:37
219.155.97.98

/index.php/pay/47_qq/returnUrl.php
/controller/pay load fail.
2018-01-10 19:01:40
219.155.97.98

/index.php/pay/47_qq/returnUrl.php
/controller/pay load fail.
2018-01-10 19:01:43
219.155.97.98

/index.php/pay/47_qq/returnUrl.php
/controller/pay load fail.
2018-01-10 19:01:46
219.155.97.98

/index.php/pay/47_qq/returnUrl.php
/controller/pay load fail.
2018-01-10 19:01:49
219.155.97.98

/index.php/pay/47_qq/returnUrl.php
/controller/pay load fail.
2018-01-10 19:01:52
219.155.97.98

/index.php/pay/47_qq/returnUrl.php
/controller/pay load fail.
2018-01-10 19:01:55
219.155.97.98

/index.php/pay/47_qq/returnUrl.php
/controller/pay load fail.
2018-01-10 19:01:58
219.155.97.98

/index.php/pay/47_qq/returnUrl.php
/controller/pay load fail.
2018-01-10 19:02:01
219.155.97.98

/index.php/pay/47_qq/returnUrl.php
/controller/pay load fail.
2018-01-10 19:02:04
219.155.97.98

/index.php/pay/47_qq/returnUrl.php
/controller/pay load fail.
2018-01-10 19:02:07
219.155.97.98

/index.php/pay/47_qq/returnUrl.php
/controller/pay load fail.
2018-01-10 19:02:10
219.155.97.98

/index.php/pay/47_qq/returnUrl.php
/controller/pay load fail.
2018-01-10 19:02:13
219.155.97.98

/index.php/pay/47_qq/returnUrl.php
/controller/pay load fail.
2018-01-10 19:02:16
219.155.97.98

/index.php/pay/47_qq/returnUrl.php
/controller/pay load fail.
2018-01-10 19:02:19
219.155.97.98

/index.php/pay/47_qq/returnUrl.php
/controller/pay load fail.
2018-01-10 19:02:22
219.155.97.98

/index.php/pay/47_qq/returnUrl.php
/controller/pay load fail.
2018-01-10 19:02:25
219.155.97.98

/index.php/pay/47_qq/returnUrl.php
/controller/pay load fail.
2018-01-10 19:02:28
219.155.97.98

/index.php/pay/47_qq/returnUrl.php
/controller/pay load fail.
2018-01-10 19:02:31
219.155.97.98

/index.php/pay/47_qq/returnUrl.php
/controller/pay load fail.
2018-01-10 19:02:34
219.155.97.98

/index.php/pay/47_qq/returnUrl.php
/controller/pay load fail.
2018-01-10 19:02:37
219.155.97.98

/index.php/pay/47_qq/returnUrl.php
/controller/pay load fail.
2018-01-10 19:02:40
219.155.97.98

/index.php/pay/47_qq/returnUrl.php
/controller/pay load fail.
2018-01-10 19:02:43
219.155.97.98

/index.php/pay/47_qq/returnUrl.php
/controller/pay load fail.
2018-01-10 19:02:46
219.155.97.98

/index.php/pay/47_qq/returnUrl.php
/controller/pay load fail.
2018-01-10 19:02:49
219.155.97.98

/index.php/pay/47_qq/returnUrl.php
/controller/pay load fail.
2018-01-10 19:02:52
219.155.97.98

/index.php/pay/47_qq/returnUrl.php
/controller/pay load fail.
2018-01-10 19:02:55
219.155.97.98

/index.php/pay/47_qq/returnUrl.php
/controller/pay load fail.
2018-01-10 19:02:58
219.155.97.98

/index.php/pay/47_qq/returnUrl.php
/controller/pay load fail.
2018-01-10 19:03:01
219.155.97.98

/index.php/pay/47_qq/returnUrl.php
/controller/pay load fail.
2018-01-10 19:03:04
219.155.97.98

/index.php/pay/47_qq/returnUrl.php
/controller/pay load fail.
2018-01-10 19:03:07
219.155.97.98

/index.php/pay/47_qq/returnUrl.php
/controller/pay load fail.
2018-01-10 19:03:10
219.155.97.98

/index.php/pay/47_qq/returnUrl.php
/controller/pay load fail.
2018-01-10 19:03:13
219.155.97.98

/index.php/pay/47_qq/returnUrl.php
/controller/pay load fail.
2018-01-10 19:03:16
219.155.97.98

/index.php/demo/need/layer.css
/controller/demo load fail.
2018-01-10 19:03:16
106.39.191.18

/index.php/pay/47_qq/returnUrl.php
/controller/pay load fail.
2018-01-10 19:03:19
219.155.97.98

/index.php/pay/47_qq/returnUrl.php
/controller/pay load fail.
2018-01-10 19:03:22
219.155.97.98

/index.php/pay/47_qq/returnUrl.php
/controller/pay load fail.
2018-01-10 19:03:25
219.155.97.98

/index.php/pay/47_qq/returnUrl.php
/controller/pay load fail.
2018-01-10 19:03:28
219.155.97.98

/index.php/pay/47_qq/returnUrl.php
/controller/pay load fail.
2018-01-10 19:03:31
219.155.97.98

/index.php/pay/47_qq/returnUrl.php
/controller/pay load fail.
2018-01-10 19:03:34
219.155.97.98

/index.php/pay/47_qq/returnUrl.php
/controller/pay load fail.
2018-01-10 19:03:37
219.155.97.98

/index.php/demo/need/layer.css
/controller/demo load fail.
2018-01-10 19:03:38
219.155.97.98

/index.php/pay/47_qq/returnUrl.php
/controller/pay load fail.
2018-01-10 19:03:40
219.155.97.98

/index.php/pay/47_qq/returnUrl.php
/controller/pay load fail.
2018-01-10 19:03:43
219.155.97.98

/index.php/pay/47_qq/returnUrl.php
/controller/pay load fail.
2018-01-10 19:03:46
219.155.97.98

/index.php/pay/47_qq/returnUrl.php
/controller/pay load fail.
2018-01-10 19:03:49
219.155.97.98

/index.php/pay/47_qq/returnUrl.php
/controller/pay load fail.
2018-01-10 19:03:52
219.155.97.98

/index.php/pay/47_qq/returnUrl.php
/controller/pay load fail.
2018-01-10 19:03:55
219.155.97.98

/index.php/pay/47_qq/returnUrl.php
/controller/pay load fail.
2018-01-10 19:03:58
219.155.97.98

/index.php/pay/47_qq/returnUrl.php
/controller/pay load fail.
2018-01-10 19:04:01
219.155.97.98

/index.php/pay/47_qq/returnUrl.php
/controller/pay load fail.
2018-01-10 19:04:04
219.155.97.98

/index.php/pay/47_qq/returnUrl.php
/controller/pay load fail.
2018-01-10 19:04:07
219.155.97.98

/index.php/pay/47_qq/returnUrl.php
/controller/pay load fail.
2018-01-10 19:04:10
219.155.97.98

/index.php/pay/47_qq/returnUrl.php
/controller/pay load fail.
2018-01-10 19:04:13
219.155.97.98

/index.php/pay/47_qq/returnUrl.php
/controller/pay load fail.
2018-01-10 19:04:16
219.155.97.98

/index.php/pay/47_qq/returnUrl.php
/controller/pay load fail.
2018-01-10 19:04:19
219.155.97.98

/index.php/pay/47_qq/returnUrl.php
/controller/pay load fail.
2018-01-10 19:04:22
219.155.97.98

/index.php/pay/47_qq/returnUrl.php
/controller/pay load fail.
2018-01-10 19:04:25
219.155.97.98

/index.php/pay/47_qq/returnUrl.php
/controller/pay load fail.
2018-01-10 19:04:28
219.155.97.98

/index.php/pay/47_qq/returnUrl.php
/controller/pay load fail.
2018-01-10 19:04:31
219.155.97.98

/index.php/pay/47_qq/returnUrl.php
/controller/pay load fail.
2018-01-10 19:04:34
219.155.97.98

/index.php/pay/47_qq/returnUrl.php
/controller/pay load fail.
2018-01-10 19:04:37
219.155.97.98

/index.php/demo/need/layer.css
/controller/demo load fail.
2018-01-10 19:04:38
219.155.97.98

/index.php/pay/47_qq/returnUrl.php
/controller/pay load fail.
2018-01-10 19:04:40
219.155.97.98

/index.php/pay/47_qq/returnUrl.php
/controller/pay load fail.
2018-01-10 19:04:43
219.155.97.98

/index.php/pay/47_qq/returnUrl.php
/controller/pay load fail.
2018-01-10 19:04:46
219.155.97.98

/index.php/pay/47_qq/returnUrl.php
/controller/pay load fail.
2018-01-10 19:04:49
219.155.97.98

/index.php/pay/47_qq/returnUrl.php
/controller/pay load fail.
2018-01-10 19:04:52
219.155.97.98

/index.php/pay/47_qq/returnUrl.php
/controller/pay load fail.
2018-01-10 19:04:55
219.155.97.98

/index.php/pay/47_qq/returnUrl.php
/controller/pay load fail.
2018-01-10 19:04:58
219.155.97.98

/index.php/pay/47_qq/returnUrl.php
/controller/pay load fail.
2018-01-10 19:05:01
219.155.97.98

/index.php/pay/47_qq/returnUrl.php
/controller/pay load fail.
2018-01-10 19:05:04
219.155.97.98

/index.php/pay/47_qq/returnUrl.php
/controller/pay load fail.
2018-01-10 19:05:07
219.155.97.98

/index.php/pay/47_qq/returnUrl.php
/controller/pay load fail.
2018-01-10 19:05:10
219.155.97.98

/index.php/pay/47_qq/returnUrl.php
/controller/pay load fail.
2018-01-10 19:05:13
219.155.97.98

/index.php/pay/47_qq/returnUrl.php
/controller/pay load fail.
2018-01-10 19:05:16
219.155.97.98

/index.php/pay/47_qq/returnUrl.php
/controller/pay load fail.
2018-01-10 19:05:19
219.155.97.98

/index.php/pay/47_qq/returnUrl.php
/controller/pay load fail.
2018-01-10 19:05:22
219.155.97.98

/index.php/pay/47_qq/returnUrl.php
/controller/pay load fail.
2018-01-10 19:05:25
219.155.97.98

/index.php/pay/47_qq/returnUrl.php
/controller/pay load fail.
2018-01-10 19:05:28
219.155.97.98

/index.php/pay/47_qq/returnUrl.php
/controller/pay load fail.
2018-01-10 19:05:31
219.155.97.98

/index.php/pay/47_qq/returnUrl.php
/controller/pay load fail.
2018-01-10 19:05:34
219.155.97.98

/index.php/pay/47_qq/returnUrl.php
/controller/pay load fail.
2018-01-10 19:05:37
219.155.97.98

/index.php/pay/47_qq/returnUrl.php
/controller/pay load fail.
2018-01-10 19:05:40
219.155.97.98

/index.php/pay/47_qq/returnUrl.php
/controller/pay load fail.
2018-01-10 19:05:43
219.155.97.98

/index.php/pay/47_qq/returnUrl.php
/controller/pay load fail.
2018-01-10 19:05:46
219.155.97.98

/index.php/pay/47_qq/returnUrl.php
/controller/pay load fail.
2018-01-10 19:05:49
219.155.97.98

/index.php/pay/47_qq/returnUrl.php
/controller/pay load fail.
2018-01-10 19:05:52
219.155.97.98

/index.php/pay/47_qq/returnUrl.php
/controller/pay load fail.
2018-01-10 19:05:55
219.155.97.98

/index.php/pay/47_qq/returnUrl.php
/controller/pay load fail.
2018-01-10 19:05:58
219.155.97.98

/index.php/pay/47_qq/returnUrl.php
/controller/pay load fail.
2018-01-10 19:06:01
219.155.97.98

/index.php/pay/47_qq/returnUrl.php
/controller/pay load fail.
2018-01-10 19:06:04
219.155.97.98

/index.php/pay/47_qq/returnUrl.php
/controller/pay load fail.
2018-01-10 19:06:07
219.155.97.98

/index.php/pay/47_qq/returnUrl.php
/controller/pay load fail.
2018-01-10 19:06:10
219.155.97.98

/index.php/pay/47_qq/returnUrl.php
/controller/pay load fail.
2018-01-10 19:06:13
219.155.97.98

/index.php/pay/47_qq/returnUrl.php
/controller/pay load fail.
2018-01-10 19:06:16
219.155.97.98

/index.php/pay/47_qq/returnUrl.php
/controller/pay load fail.
2018-01-10 19:06:19
219.155.97.98

/index.php/pay/47_qq/returnUrl.php
/controller/pay load fail.
2018-01-10 19:06:22
219.155.97.98

/index.php/pay/47_qq/returnUrl.php
/controller/pay load fail.
2018-01-10 19:06:25
219.155.97.98

/index.php/pay/47_qq/returnUrl.php
/controller/pay load fail.
2018-01-10 19:06:28
219.155.97.98

/index.php/demo/need/layer.css
/controller/demo load fail.
2018-01-10 19:16:51
153.0.4.181

/index.php/demo/need/layer.css
/controller/demo load fail.
2018-01-10 19:18:28
153.0.4.181

/index.php/captcha
/controller/captcha load fail.
2018-01-10 19:19:52
223.223.194.233

/index.php/captcha
/controller/captcha load fail.
2018-01-10 19:20:52
112.65.193.15

/index.php/upload/api.pdf
/controller/upload load fail.
2018-01-10 19:21:36
223.223.194.233

/index.php/static/assets/css/app1.css
/controller/static load fail.
2018-01-10 19:24:00
223.223.194.233

/index.php/upload/api.pdf
/controller/upload load fail.
2018-01-10 19:25:15
101.226.65.107

/index.php/upload/api.pdf
/controller/upload load fail.
2018-01-10 19:25:32
223.223.194.233

/index.php/demo/need/layer.css
/controller/demo load fail.
2018-01-10 19:40:20
115.60.195.132

/index.php/demo/need/layer.css
/controller/demo load fail.
2018-01-10 22:34:45
115.60.195.132

/index.php/demo/need/layer.css
/controller/demo load fail.
2018-01-10 22:35:13
115.60.195.132

