/index.php/assets/css/amazeui.min.css
/controller/assets load fail.
2017-10-03 11:37:09
123.144.94.129

/index.php/assets/css/app.css
/controller/assets load fail.
2017-10-03 11:37:09
123.144.94.129

/index.php/assets/css/amazeui.datatables.min.css
/controller/assets load fail.
2017-10-03 11:37:09
123.144.94.129

/index.php/assets/js/app.js
/controller/assets load fail.
2017-10-03 11:37:09
123.144.94.129

/index.php/assets/js/jquery.min.js
/controller/assets load fail.
2017-10-03 11:37:09
123.144.94.129

/index.php/assets/js/theme.js
/controller/assets load fail.
2017-10-03 11:37:09
123.144.94.129

/index.php/assets/js/amazeui.min.js
/controller/assets load fail.
2017-10-03 11:37:09
123.144.94.129

/index.php/assets/i/favicon.png
/controller/assets load fail.
2017-10-03 11:37:09
123.144.94.129

/index.php/reg
/controller/reg load fail.
2017-10-03 12:07:27
123.144.94.129

/index.php/assets/css/app.css
/controller/assets load fail.
2017-10-03 12:17:30
123.144.94.129

/index.php/assets/js/theme.js
/controller/assets load fail.
2017-10-03 12:17:30
123.144.94.129

/index.php/assets/js/app.js
/controller/assets load fail.
2017-10-03 12:17:30
123.144.94.129

/index.php/assets/js/jquery.min.js
/controller/assets load fail.
2017-10-03 12:17:30
123.144.94.129

/index.php/assets/css/amazeui.datatables.min.css
/controller/assets load fail.
2017-10-03 12:17:30
123.144.94.129

/index.php/assets/css/amazeui.min.css
/controller/assets load fail.
2017-10-03 12:17:30
123.144.94.129

/index.php/assets/js/amazeui.min.js
/controller/assets load fail.
2017-10-03 12:17:30
123.144.94.129

/index.php/assets/i/favicon.png
/controller/assets load fail.
2017-10-03 12:17:30
123.144.94.129

/index.php/register/savetwo
error in D:\新平台\app\libs\Db.php 80
SQLSTATE[23000]: Integrity constraint violation: 1048 Column 'superid' cannot be null
INSERT INTO wy_users (username,userpass,addtime,token,apikey,is_verify_email,superid,ship_type) VALUES(?,?,?,?,?,?,?,?)
[file]D:\新平台\app\libs\Model.php
[line]199
[class]WY\app\libs\Db
2017-10-03 13:27:10
123.144.94.129

/index.php/register/savetwo
error in D:\新平台\app\libs\Db.php 80
SQLSTATE[23000]: Integrity constraint violation: 1048 Column 'superid' cannot be null
INSERT INTO wy_users (username,userpass,addtime,token,apikey,is_verify_email,superid,ship_type) VALUES(?,?,?,?,?,?,?,?)
[file]D:\新平台\app\libs\Model.php
[line]199
[class]WY\app\libs\Db
2017-10-03 13:27:47
123.144.94.129

/index.php/register/savetwo
error in D:\新平台\app\libs\Db.php 80
SQLSTATE[23000]: Integrity constraint violation: 1048 Column 'superid' cannot be null
INSERT INTO wy_users (username,userpass,addtime,token,apikey,is_verify_email,superid,ship_type) VALUES(?,?,?,?,?,?,?,?)
[file]D:\新平台\app\libs\Model.php
[line]199
[class]WY\app\libs\Db
2017-10-03 13:27:53
123.144.94.129

/index.php/register/savetwo
error in D:\新平台\app\libs\Db.php 80
SQLSTATE[23000]: Integrity constraint violation: 1048 Column 'superid' cannot be null
INSERT INTO wy_users (username,userpass,addtime,token,apikey,is_verify_email,superid,ship_type) VALUES(?,?,?,?,?,?,?,?)
[file]D:\新平台\app\libs\Model.php
[line]199
[class]WY\app\libs\Db
2017-10-03 13:32:56
123.144.94.129

/index.php/register/savetwo
error in D:\新平台\app\libs\Db.php 80
SQLSTATE[23000]: Integrity constraint violation: 1048 Column 'superid' cannot be null
INSERT INTO wy_users (username,userpass,addtime,token,apikey,is_verify_email,superid,ship_type) VALUES(?,?,?,?,?,?,?,?)
[file]D:\新平台\app\libs\Model.php
[line]199
[class]WY\app\libs\Db
2017-10-03 13:36:24
123.144.94.129

/index.php/register/savetwo
error in D:\新平台\app\libs\Db.php 80
SQLSTATE[23000]: Integrity constraint violation: 1048 Column 'superid' cannot be null
INSERT INTO wy_users (username,userpass,addtime,token,apikey,is_verify_email,superid,ship_type) VALUES(?,?,?,?,?,?,?,?)
[file]D:\新平台\app\libs\Model.php
[line]199
[class]WY\app\libs\Db
2017-10-03 13:37:03
123.144.94.129

/index.php/register/savetwo
error in D:\新平台\app\libs\Db.php 80
SQLSTATE[23000]: Integrity constraint violation: 1048 Column 'superid' cannot be null
INSERT INTO wy_users (username,userpass,addtime,token,apikey,is_verify_email,superid,ship_type) VALUES(?,?,?,?,?,?,?,?)
[file]D:\新平台\app\libs\Model.php
[line]199
[class]WY\app\libs\Db
2017-10-03 13:40:27
123.144.94.129

/index.php/register/savetwo
error in D:\新平台\app\libs\Db.php 80
SQLSTATE[23000]: Integrity constraint violation: 1048 Column 'superid' cannot be null
INSERT INTO wy_users (username,userpass,addtime,token,apikey,is_verify_email,superid,ship_type) VALUES(?,?,?,?,?,?,?,?)
[file]D:\新平台\app\libs\Model.php
[line]199
[class]WY\app\libs\Db
2017-10-03 13:41:04
123.144.94.129

/index.php/register/savetwo
error in D:\新平台\app\libs\Db.php 80
SQLSTATE[23000]: Integrity constraint violation: 1048 Column 'superid' cannot be null
INSERT INTO wy_users (username,userpass,addtime,token,apikey,is_verify_email,superid,ship_type) VALUES(?,?,?,?,?,?,?,?)
[file]D:\新平台\app\libs\Model.php
[line]199
[class]WY\app\libs\Db
2017-10-03 13:41:36
123.144.94.129

/index.php/register/savetwo
error in D:\新平台\app\libs\Db.php 80
SQLSTATE[23000]: Integrity constraint violation: 1048 Column 'superid' cannot be null
INSERT INTO wy_users (username,userpass,addtime,token,apikey,is_verify_email,superid,ship_type) VALUES(?,?,?,?,?,?,?,?)
[file]D:\新平台\app\libs\Model.php
[line]199
[class]WY\app\libs\Db
2017-10-03 13:41:58
123.144.94.129

/index.php/register/savetwo
error in D:\新平台\app\libs\Db.php 80
SQLSTATE[23000]: Integrity constraint violation: 1048 Column 'superid' cannot be null
INSERT INTO wy_users (username,userpass,addtime,token,apikey,is_verify_email,superid,ship_type) VALUES(?,?,?,?,?,?,?,?)
[file]D:\新平台\app\libs\Model.php
[line]199
[class]WY\app\libs\Db
2017-10-03 13:43:07
123.144.94.129

/index.php/register/savetwo
error in D:\新平台\app\libs\Db.php 80
SQLSTATE[23000]: Integrity constraint violation: 1048 Column 'superid' cannot be null
INSERT INTO wy_users (username,userpass,addtime,token,apikey,is_verify_email,superid,ship_type) VALUES(?,?,?,?,?,?,?,?)
[file]D:\新平台\app\libs\Model.php
[line]199
[class]WY\app\libs\Db
2017-10-03 13:43:24
123.144.94.129

/index.php/static/default/animate.min.css
/controller/static load fail.
2017-10-03 14:06:03
123.144.94.129

/index.php/static/default/bootstrap.min.css
/controller/static load fail.
2017-10-03 14:06:03
123.144.94.129

/index.php/static/default/fontawesome/css/font-awesome.min.css
/controller/static load fail.
2017-10-03 14:06:03
123.144.94.129

/index.php/static/default/swiper.min.css
/controller/static load fail.
2017-10-03 14:06:03
123.144.94.129

/index.php/static/default/style.css
/controller/static load fail.
2017-10-03 14:06:03
123.144.94.129

/index.php/static/images/header-profile.png
/controller/static load fail.
2017-10-03 14:06:21
123.144.94.129

/index.php/static/images/header-profile.png
/controller/static load fail.
2017-10-03 14:06:23
123.144.94.129

/index.php/static/images/header-profile.png
/controller/static load fail.
2017-10-03 14:06:23
123.144.94.129

/index.php/static/images/header-profile.png
/controller/static load fail.
2017-10-03 14:06:24
123.144.94.129

/index.php/static/images/header-profile.png
/controller/static load fail.
2017-10-03 14:06:24
123.144.94.129

/index.php/static/images/header-profile.png
/controller/static load fail.
2017-10-03 14:06:27
123.144.94.129

/index.php/static/images/header-profile.png
/controller/static load fail.
2017-10-03 14:06:28
123.144.94.129

/index.php/assets/js/echarts.min.js
/controller/assets load fail.
2017-10-03 14:08:05
123.144.94.129

/index.php/assets/css/amazeui.min.css
/controller/assets load fail.
2017-10-03 14:08:05
123.144.94.129

/index.php/assets/css/amazeui.datatables.min.css
/controller/assets load fail.
2017-10-03 14:08:05
123.144.94.129

/index.php/assets/css/app.css
/controller/assets load fail.
2017-10-03 14:08:05
123.144.94.129

/index.php/assets/js/jquery.min.js
/controller/assets load fail.
2017-10-03 14:08:05
123.144.94.129

/index.php/assets/i/favicon.png
/controller/assets load fail.
2017-10-03 14:08:05
123.144.94.129

/index.php/assets/css/amazeui.min.css
/controller/assets load fail.
2017-10-03 14:08:54
123.144.94.129

/index.php/assets/js/echarts.min.js
/controller/assets load fail.
2017-10-03 14:08:54
123.144.94.129

/index.php/assets/css/app.css
/controller/assets load fail.
2017-10-03 14:08:54
123.144.94.129

/index.php/assets/css/amazeui.datatables.min.css
/controller/assets load fail.
2017-10-03 14:08:54
123.144.94.129

/index.php/assets/js/jquery.min.js
/controller/assets load fail.
2017-10-03 14:08:54
123.144.94.129

/index.php/assets/js/theme.js
/controller/assets load fail.
2017-10-03 14:08:54
123.144.94.129

/index.php/assets/img/logo.png
/controller/assets load fail.
2017-10-03 14:08:54
123.144.94.129

/index.php/assets/img/user04.png
/controller/assets load fail.
2017-10-03 14:08:54
123.144.94.129

/index.php/assets/img/user02.png
/controller/assets load fail.
2017-10-03 14:08:54
123.144.94.129

/index.php/assets/i/favicon.png
/controller/assets load fail.
2017-10-03 14:08:54
123.144.94.129

/index.php/assets/img/user04.png
/controller/assets load fail.
2017-10-03 14:11:22
123.144.94.129

/index.php/assets/img/user04.png
/controller/assets load fail.
2017-10-03 14:12:25
123.144.94.129

/index.php/member/member
/controller/member/member load fail.
2017-10-03 21:38:51
123.144.94.129

/index.php/member/assets/js/amazeui.min.js
/controller/member/assets load fail.
2017-10-03 21:50:42
123.144.94.129

/index.php/member/assets/js/amazeui.datatables.min.js
/controller/member/assets load fail.
2017-10-03 21:50:42
123.144.94.129

/index.php/member/assets/js/dataTables.responsive.min.js
/controller/member/assets load fail.
2017-10-03 21:50:43
123.144.94.129

/index.php/member/assets/js/app.js
/controller/member/assets load fail.
2017-10-03 21:50:43
123.144.94.129

/index.php/member/assets/js/amazeui.datatables.min.js
/controller/member/assets load fail.
2017-10-03 21:50:44
123.144.94.129

/index.php/member/assets/js/amazeui.min.js
/controller/member/assets load fail.
2017-10-03 21:50:44
123.144.94.129

/index.php/member/assets/js/dataTables.responsive.min.js
/controller/member/assets load fail.
2017-10-03 21:50:44
123.144.94.129

/index.php/member/assets/js/app.js
/controller/member/assets load fail.
2017-10-03 21:50:44
123.144.94.129

/index.php/member/assets/js/amazeui.min.js
/controller/member/assets load fail.
2017-10-03 21:51:07
123.144.94.129

/index.php/member/assets/js/amazeui.datatables.min.js
/controller/member/assets load fail.
2017-10-03 21:51:07
123.144.94.129

/index.php/member/assets/js/dataTables.responsive.min.js
/controller/member/assets load fail.
2017-10-03 21:51:07
123.144.94.129

/index.php/member/assets/js/app.js
/controller/member/assets load fail.
2017-10-03 21:51:07
123.144.94.129

/index.php/member/assets/js/dataTables.responsive.min.js
/controller/member/assets load fail.
2017-10-03 21:52:08
123.144.94.129

/index.php/member/assets/js/amazeui.datatables.min.js
/controller/member/assets load fail.
2017-10-03 21:52:08
123.144.94.129

/index.php/member/assets/js/app.js
/controller/member/assets load fail.
2017-10-03 21:52:08
123.144.94.129

/index.php/member/assets/js/amazeui.min.js
/controller/member/assets load fail.
2017-10-03 21:52:08
123.144.94.129

/index.php/member/assets/js/amazeui.min.js
/controller/member/assets load fail.
2017-10-03 21:52:44
123.144.94.129

/index.php/member/assets/js/amazeui.datatables.min.js
/controller/member/assets load fail.
2017-10-03 21:52:44
123.144.94.129

/index.php/member/assets/js/dataTables.responsive.min.js
/controller/member/assets load fail.
2017-10-03 21:52:44
123.144.94.129

/index.php/member/assets/js/app.js
/controller/member/assets load fail.
2017-10-03 21:52:44
123.144.94.129

/index.php/member/assets/js/amazeui.min.js
/controller/member/assets load fail.
2017-10-03 21:52:46
123.144.94.129

/index.php/member/assets/js/amazeui.datatables.min.js
/controller/member/assets load fail.
2017-10-03 21:52:46
123.144.94.129

/index.php/member/assets/js/dataTables.responsive.min.js
/controller/member/assets load fail.
2017-10-03 21:52:46
123.144.94.129

/index.php/member/assets/js/app.js
/controller/member/assets load fail.
2017-10-03 21:52:46
123.144.94.129

/index.php/member/assets/js/amazeui.min.js
/controller/member/assets load fail.
2017-10-03 21:52:47
123.144.94.129

/index.php/member/assets/js/dataTables.responsive.min.js
/controller/member/assets load fail.
2017-10-03 21:52:47
123.144.94.129

/index.php/member/assets/js/app.js
/controller/member/assets load fail.
2017-10-03 21:52:47
123.144.94.129

/index.php/member/assets/js/amazeui.datatables.min.js
/controller/member/assets load fail.
2017-10-03 21:52:47
123.144.94.129

/index.php/member/assets/js/amazeui.min.js
/controller/member/assets load fail.
2017-10-03 21:52:50
123.144.94.129

/index.php/member/assets/js/amazeui.datatables.min.js
/controller/member/assets load fail.
2017-10-03 21:52:50
123.144.94.129

/index.php/member/assets/js/dataTables.responsive.min.js
/controller/member/assets load fail.
2017-10-03 21:52:50
123.144.94.129

/index.php/member/assets/js/app.js
/controller/member/assets load fail.
2017-10-03 21:52:50
123.144.94.129

/index.php/member/assets/js/amazeui.min.js
/controller/member/assets load fail.
2017-10-03 21:53:24
123.144.94.129

/index.php/member/assets/js/amazeui.datatables.min.js
/controller/member/assets load fail.
2017-10-03 21:53:24
123.144.94.129

/index.php/member/assets/js/dataTables.responsive.min.js
/controller/member/assets load fail.
2017-10-03 21:53:24
123.144.94.129

/index.php/member/assets/js/app.js
/controller/member/assets load fail.
2017-10-03 21:53:24
123.144.94.129

/index.php/member/assets/js/amazeui.min.js
/controller/member/assets load fail.
2017-10-03 21:54:20
123.144.94.129

/index.php/member/assets/js/app.js
/controller/member/assets load fail.
2017-10-03 21:54:20
123.144.94.129

/index.php/member/assets/js/dataTables.responsive.min.js
/controller/member/assets load fail.
2017-10-03 21:54:20
123.144.94.129

/index.php/member/assets/js/amazeui.datatables.min.js
/controller/member/assets load fail.
2017-10-03 21:54:20
123.144.94.129

