/index.php
/controller/bbs load fail.
2017-08-31 00:08:30
115.182.24.9

/index.php
/controller/uploads load fail.
2017-08-31 00:10:53
183.67.48.168

/index.php
/controller/uploads load fail.
2017-08-31 00:10:58
183.67.48.168

/index.php
/controller/uploads load fail.
2017-08-31 00:11:00
183.67.48.168

/index.php
/controller/manager load fail.
2017-08-31 00:18:55
163.177.90.152

/index.php
/controller/images load fail.
2017-08-31 00:43:31
61.159.85.88

/index.php
/controller/images load fail.
2017-08-31 00:49:05
171.114.58.62

/index.php
/controller/images load fail.
2017-08-31 00:51:21
220.181.108.162

/index.php
/controller/images load fail.
2017-08-31 00:58:35
203.208.60.213

/index.php
/controller/post load fail.
2017-08-31 01:12:37
203.208.60.238

/index.php
/controller/images load fail.
2017-08-31 01:13:57
220.181.108.147

/index.php
/controller/images load fail.
2017-08-31 01:13:57
123.125.71.103

/index.php
/controller/images load fail.
2017-08-31 01:22:48
123.125.71.85

/index.php
/controller/images load fail.
2017-08-31 01:23:44
123.125.71.112

/index.php
/controller/images load fail.
2017-08-31 01:23:45
123.125.71.33

/index.php
/controller/images load fail.
2017-08-31 01:24:17
220.181.108.149

/index.php
/controller/images load fail.
2017-08-31 01:24:42
123.125.71.38

/index.php
/controller/images load fail.
2017-08-31 01:26:02
123.125.71.96

/index.php
/controller/images load fail.
2017-08-31 01:27:09
220.181.108.117

/index.php
/controller/images load fail.
2017-08-31 01:27:12
220.181.108.100

/index.php
/controller/images load fail.
2017-08-31 01:27:12
220.181.108.168

/index.php
/controller/images load fail.
2017-08-31 01:27:13
123.125.71.95

/index.php
/controller/images load fail.
2017-08-31 01:27:36
220.181.108.171

/index.php
/controller/images load fail.
2017-08-31 01:27:43
220.181.108.122

/index.php
/controller/images load fail.
2017-08-31 01:27:43
123.125.71.100

/index.php
/controller/images load fail.
2017-08-31 01:29:24
220.181.108.177

/index.php
/controller/images load fail.
2017-08-31 01:29:24
123.125.71.33

/index.php
/controller/images load fail.
2017-08-31 01:34:24
123.125.71.45

/index.php
/controller/images load fail.
2017-08-31 01:35:08
220.181.108.141

/index.php
/controller/images load fail.
2017-08-31 01:40:46
101.226.102.89

/index.php
/controller/images load fail.
2017-08-31 01:42:56
220.181.108.104

/index.php
/controller/post load fail.
2017-08-31 01:43:29
203.208.60.240

/index.php
/controller/images load fail.
2017-08-31 01:43:49
123.125.71.104

/index.php
/controller/images load fail.
2017-08-31 01:47:49
220.181.108.169

/index.php
/controller/images load fail.
2017-08-31 01:47:49
220.181.108.182

/index.php
/controller/images load fail.
2017-08-31 01:47:50
123.125.71.116

/index.php
/controller/images load fail.
2017-08-31 01:48:15
123.125.71.42

/index.php
/controller/images load fail.
2017-08-31 01:48:16
123.125.71.75

/index.php
/controller/images load fail.
2017-08-31 01:49:13
220.181.108.110

/index.php
/controller/images load fail.
2017-08-31 01:49:13
123.125.71.47

/index.php
/controller/images load fail.
2017-08-31 01:49:41
220.181.108.96

/index.php
/controller/images load fail.
2017-08-31 01:50:49
123.125.71.52

/index.php
/controller/images load fail.
2017-08-31 01:50:49
123.125.71.100

/index.php
/controller/images load fail.
2017-08-31 01:50:49
220.181.108.96

/index.php
/controller/images load fail.
2017-08-31 01:52:24
220.181.108.173

/index.php
/controller/images load fail.
2017-08-31 01:53:06
111.202.103.172

/index.php
/controller/images load fail.
2017-08-31 01:54:26
220.181.108.101

/index.php
/controller/dbs load fail.
2017-08-31 01:54:26
220.181.108.119

/index.php
/controller/images load fail.
2017-08-31 01:54:27
123.125.71.57

/index.php
/controller/uploads load fail.
2017-08-31 01:58:07
183.67.48.168

/index.php
/controller/images load fail.
2017-08-31 02:02:09
220.181.108.106

/index.php
/controller/images load fail.
2017-08-31 02:03:57
220.181.108.121

/index.php
/controller/images load fail.
2017-08-31 02:05:58
123.125.71.39

/index.php
/controller/images load fail.
2017-08-31 02:05:59
123.125.71.60

/index.php
/controller/images load fail.
2017-08-31 02:06:30
220.181.108.96

/index.php
/controller/images load fail.
2017-08-31 02:06:31
123.125.71.87

/index.php
/controller/images load fail.
2017-08-31 02:06:31
123.125.71.43

/index.php
/controller/images load fail.
2017-08-31 02:06:33
123.125.71.88

/index.php
/controller/images load fail.
2017-08-31 02:06:33
123.125.71.105

/index.php
/controller/uploads load fail.
2017-08-31 02:06:43
111.202.103.21

/index.php
/controller/uploads load fail.
2017-08-31 02:06:43
106.39.246.133

/index.php
/controller/images load fail.
2017-08-31 02:07:04
123.125.71.38

/index.php
/controller/images load fail.
2017-08-31 02:07:32
220.181.108.107

/index.php
/controller/images load fail.
2017-08-31 02:08:19
220.181.108.101

/index.php
/controller/images load fail.
2017-08-31 02:08:19
123.125.71.76

/index.php
/controller/images load fail.
2017-08-31 02:09:02
220.181.108.167

/index.php
/controller/images load fail.
2017-08-31 02:09:31
42.236.43.245

/index.php
/controller/images load fail.
2017-08-31 02:10:32
220.181.108.117

/index.php
/controller/images load fail.
2017-08-31 02:10:32
123.125.71.85

/index.php
/controller/images load fail.
2017-08-31 02:10:32
220.181.108.145

/index.php
/controller/images load fail.
2017-08-31 02:10:38
123.125.71.58

/index.php
/controller/images load fail.
2017-08-31 02:16:48
123.125.71.88

/index.php
/controller/images load fail.
2017-08-31 02:16:59
123.125.71.53

/index.php
/controller/post load fail.
2017-08-31 02:24:16
203.208.60.240

/index.php
/controller/images load fail.
2017-08-31 02:24:20
220.181.108.96

/index.php
/controller/images load fail.
2017-08-31 02:24:20
123.125.71.117

/index.php
/controller/images load fail.
2017-08-31 02:24:20
123.125.71.76

/index.php
/controller/images load fail.
2017-08-31 02:25:46
14.134.126.215

/index.php
/controller/images load fail.
2017-08-31 02:25:50
14.134.126.215

/index.php
/controller/images load fail.
2017-08-31 02:29:28
123.125.71.115

/index.php
/controller/images load fail.
2017-08-31 02:29:29
123.125.71.97

/index.php
/controller/images load fail.
2017-08-31 02:31:08
123.125.71.36

/index.php
/controller/images load fail.
2017-08-31 02:31:09
123.125.71.56

/index.php
/controller/images load fail.
2017-08-31 02:32:15
123.125.71.32

/index.php
/controller/images load fail.
2017-08-31 02:34:55
220.181.108.108

/index.php
/controller/images load fail.
2017-08-31 02:34:55
220.181.108.147

/index.php
/controller/baby load fail.
2017-08-31 02:35:27
217.69.133.215

/index.php
/controller/images load fail.
2017-08-31 02:41:49
220.181.108.103

/index.php
/controller/images load fail.
2017-08-31 02:41:49
123.125.71.112

/index.php
/controller/check_proxy load fail.
2017-08-31 02:43:32
180.97.106.39

/index.php
/controller/images load fail.
2017-08-31 02:45:54
123.125.71.53

/index.php
/controller/images load fail.
2017-08-31 02:47:02
220.181.108.152

/index.php
/controller/images load fail.
2017-08-31 02:48:25
123.125.71.102

/index.php
/controller/images load fail.
2017-08-31 02:49:24
123.125.71.55

/index.php
/controller/images load fail.
2017-08-31 02:50:14
42.236.44.18

/index.php
/controller/images load fail.
2017-08-31 02:51:02
123.125.71.55

/index.php
/controller/images load fail.
2017-08-31 02:51:02
123.125.71.74

/index.php
/controller/images load fail.
2017-08-31 02:51:21
220.181.108.181

/index.php
/controller/images load fail.
2017-08-31 02:51:21
220.181.108.175

/index.php
/controller/images load fail.
2017-08-31 02:51:21
123.125.71.36

/index.php
/controller/images load fail.
2017-08-31 02:51:21
123.125.71.106

/index.php
/controller/images load fail.
2017-08-31 02:51:21
123.125.71.58

/index.php
/controller/images load fail.
2017-08-31 02:51:32
123.125.71.33

/index.php
/controller/images load fail.
2017-08-31 02:53:30
220.181.108.175

/index.php
/controller/images load fail.
2017-08-31 02:53:30
123.125.71.42

/index.php
/controller/images load fail.
2017-08-31 02:54:42
123.125.71.80

/index.php
/controller/images load fail.
2017-08-31 02:56:27
220.181.108.162

/index.php
/controller/images load fail.
2017-08-31 02:56:39
220.181.108.105

/index.php
/controller/images load fail.
2017-08-31 02:58:17
123.125.71.114

/index.php
/controller/images load fail.
2017-08-31 02:58:40
220.181.108.151

/index.php
/controller/images load fail.
2017-08-31 02:58:40
220.181.108.117

/index.php
/controller/images load fail.
2017-08-31 02:58:40
220.181.108.151

/index.php
/controller/images load fail.
2017-08-31 02:58:40
123.125.71.45

/index.php
/controller/images load fail.
2017-08-31 02:59:38
220.181.108.109

/index.php
/controller/images load fail.
2017-08-31 03:02:30
220.181.108.171

/index.php
/controller/images load fail.
2017-08-31 03:02:30
123.125.71.79

/index.php
/controller/images load fail.
2017-08-31 03:04:36
123.125.71.111

/index.php
/controller/images load fail.
2017-08-31 03:04:50
220.181.108.116

/index.php
/controller/images load fail.
2017-08-31 03:07:37
123.125.71.106

/index.php
/controller/images load fail.
2017-08-31 03:10:52
220.181.108.154

/index.php
/controller/images load fail.
2017-08-31 03:11:04
203.208.60.217

/index.php
/controller/images load fail.
2017-08-31 03:11:09
220.181.108.142

/index.php
/controller/images load fail.
2017-08-31 03:11:49
203.208.60.214

/index.php
/controller/images load fail.
2017-08-31 03:11:52
203.208.60.215

/index.php
/controller/images load fail.
2017-08-31 03:13:36
123.125.71.48

/index.php
/controller/images load fail.
2017-08-31 03:14:03
123.125.71.83

/index.php
/controller/uploads load fail.
2017-08-31 03:14:17
113.93.34.26

/index.php
/controller/uploads load fail.
2017-08-31 03:14:17
113.93.34.26

/index.php
/controller/uploads load fail.
2017-08-31 03:14:18
113.93.34.26

/index.php
/controller/images load fail.
2017-08-31 03:18:32
123.125.71.33

/index.php
/controller/images load fail.
2017-08-31 03:18:45
220.181.108.167

/index.php
/controller/images load fail.
2017-08-31 03:18:48
123.125.71.114

/index.php
/controller/images load fail.
2017-08-31 03:18:59
123.125.71.69

/index.php
/controller/images load fail.
2017-08-31 03:20:31
220.181.108.141

/index.php
/controller/images load fail.
2017-08-31 03:20:31
123.125.71.50

/index.php
/controller/images load fail.
2017-08-31 03:21:27
220.181.108.139

/index.php
/controller/images load fail.
2017-08-31 03:21:27
123.125.71.81

/index.php
/controller/appcenter load fail.
2017-08-31 03:22:24
62.210.103.31

/index.php
/controller/images load fail.
2017-08-31 03:23:17
203.208.60.215

/index.php
/controller/images load fail.
2017-08-31 03:28:47
123.125.71.92

/index.php
/controller/images load fail.
2017-08-31 03:28:47
123.125.71.34

/index.php
/controller/images load fail.
2017-08-31 03:33:50
220.181.108.186

/index.php
/controller/images load fail.
2017-08-31 03:33:50
123.125.71.115

/index.php
/controller/images load fail.
2017-08-31 03:36:40
123.125.71.60

/index.php
/controller/images load fail.
2017-08-31 03:38:34
123.125.71.53

/index.php
/controller/images load fail.
2017-08-31 03:38:34
123.125.71.112

/index.php
/controller/images load fail.
2017-08-31 03:38:34
123.125.71.88

/index.php
/controller/images load fail.
2017-08-31 03:38:47
220.181.108.109

/index.php
/controller/images load fail.
2017-08-31 03:39:54
220.181.108.107

/index.php
/controller/images load fail.
2017-08-31 03:39:54
220.181.108.165

/index.php
/controller/images load fail.
2017-08-31 03:39:54
220.181.108.179

/index.php
/controller/images load fail.
2017-08-31 03:39:59
123.125.71.106

/index.php
/controller/images load fail.
2017-08-31 03:40:00
220.181.108.141

/index.php
/controller/images load fail.
2017-08-31 03:40:00
123.125.71.47

/index.php
/controller/images load fail.
2017-08-31 03:40:37
123.125.71.54

/index.php
/controller/images load fail.
2017-08-31 03:41:18
220.181.108.114

/index.php
/controller/images load fail.
2017-08-31 03:45:28
203.208.60.215

/index.php
/controller/images load fail.
2017-08-31 03:46:39
123.125.71.80

/index.php
/controller/images load fail.
2017-08-31 03:46:59
123.125.71.36

/index.php
/controller/images load fail.
2017-08-31 03:49:19
220.181.108.161

/index.php
/controller/images load fail.
2017-08-31 03:49:19
123.125.71.48

/index.php
/controller/images load fail.
2017-08-31 03:53:06
220.181.108.181

/index.php
/controller/images load fail.
2017-08-31 03:53:06
220.181.108.184

/index.php
/controller/images load fail.
2017-08-31 03:54:32
123.125.71.32

/index.php
/controller/images load fail.
2017-08-31 03:55:26
220.181.108.139

/index.php
/controller/images load fail.
2017-08-31 03:55:26
220.181.108.120

/index.php
/controller/images load fail.
2017-08-31 03:55:26
123.125.71.53

/index.php
/controller/images load fail.
2017-08-31 03:57:03
123.125.71.53

/index.php
/controller/images load fail.
2017-08-31 04:00:47
123.125.71.50

/index.php
/controller/ask load fail.
2017-08-31 04:01:22
67.229.100.122

/index.php
/controller/images load fail.
2017-08-31 04:05:16
220.181.108.109

/index.php
/controller/images load fail.
2017-08-31 04:05:16
220.181.108.123

/index.php
/controller/images load fail.
2017-08-31 04:05:16
220.181.108.116

/index.php
/controller/images load fail.
2017-08-31 04:06:14
123.125.71.42

/index.php
/controller/bbs load fail.
2017-08-31 04:07:23
115.182.24.55

/index.php
/controller/images load fail.
2017-08-31 04:10:56
220.181.108.177

/index.php
/controller/baby load fail.
2017-08-31 04:11:04
217.69.133.216

/index.php
/controller/images load fail.
2017-08-31 04:11:14
123.125.71.44

/index.php
/controller/images load fail.
2017-08-31 04:12:57
220.181.108.95

/index.php
/controller/images load fail.
2017-08-31 04:12:57
220.181.108.114

/index.php
/controller/images load fail.
2017-08-31 04:12:57
220.181.108.114

/index.php
/controller/images load fail.
2017-08-31 04:17:45
220.181.108.145

/index.php
/controller/images load fail.
2017-08-31 04:18:19
220.181.108.105

/index.php
/controller/images load fail.
2017-08-31 04:19:09
123.125.71.48

/index.php
/controller/images load fail.
2017-08-31 04:20:59
220.181.108.99

/index.php
/controller/images load fail.
2017-08-31 04:21:00
123.125.71.50

/index.php
/controller/uploads load fail.
2017-08-31 04:25:33
220.181.108.166

/index.php
/controller/images load fail.
2017-08-31 04:25:33
220.181.108.147

/index.php
/controller/images load fail.
2017-08-31 04:26:04
220.181.108.162

/index.php
/controller/images load fail.
2017-08-31 04:28:11
220.181.108.119

/index.php
/controller/script load fail.
2017-08-31 04:30:19
171.229.227.191

/index.php
/controller/images load fail.
2017-08-31 04:33:34
123.125.71.107

/index.php
/controller/images load fail.
2017-08-31 04:33:34
123.125.71.47

/index.php
/controller/images load fail.
2017-08-31 04:33:34
123.125.71.60

/index.php
/controller/images load fail.
2017-08-31 04:37:59
220.181.108.107

/index.php
/controller/images load fail.
2017-08-31 04:38:00
123.125.71.44

/index.php
/controller/images load fail.
2017-08-31 04:44:59
123.125.71.90

/index.php
/controller/images load fail.
2017-08-31 05:09:48
111.202.101.162

/index.php
/controller/images load fail.
2017-08-31 05:09:49
36.110.171.130

/index.php
/controller/script load fail.
2017-08-31 05:25:44
203.208.60.219

/index.php
/controller/bbs load fail.
2017-08-31 05:31:58
115.182.24.17

/index.php
/controller/images load fail.
2017-08-31 05:40:19
220.181.108.118

/index.php
/controller/images load fail.
2017-08-31 06:18:03
106.120.173.217

/index.php
/controller/images load fail.
2017-08-31 06:18:04
218.30.103.250

/index.php
/controller/images load fail.
2017-08-31 06:22:50
220.181.108.156

/index.php
/controller/cache load fail.
2017-08-31 06:33:15
80.82.78.38

/index.php
/controller/bbs load fail.
2017-08-31 06:37:20
115.182.24.11

/index.php
/controller/appcenter load fail.
2017-08-31 06:38:49
203.208.60.222

/index.php
/controller/files load fail.
2017-08-31 06:39:38
123.125.71.33

/index.php
/controller/images load fail.
2017-08-31 06:41:09
218.30.103.250

/index.php
/controller/images load fail.
2017-08-31 06:41:51
182.140.175.143

/index.php
/controller/images load fail.
2017-08-31 06:41:51
182.140.175.143

/index.php
/controller/images load fail.
2017-08-31 06:42:44
182.140.175.143

/index.php
/controller/images load fail.
2017-08-31 06:42:44
182.140.175.143

/index.php
/controller/uploads load fail.
2017-08-31 06:46:12
106.120.173.219

/index.php
/controller/uploads load fail.
2017-08-31 06:46:13
218.30.103.250

/index.php
/controller/images load fail.
2017-08-31 06:50:22
220.181.108.119

/index.php
/controller/images load fail.
2017-08-31 06:52:09
111.202.103.99

/index.php
/controller/images load fail.
2017-08-31 06:52:30
117.136.86.47

/index.php
/controller/images load fail.
2017-08-31 06:52:30
117.136.86.47

/index.php
/controller/images load fail.
2017-08-31 06:52:35
117.136.86.47

/index.php
/controller/images load fail.
2017-08-31 06:52:35
117.136.86.47

/index.php
/controller/images load fail.
2017-08-31 06:54:16
111.206.221.83

/index.php
/controller/images load fail.
2017-08-31 06:55:17
111.202.103.81

/index.php
/controller/images load fail.
2017-08-31 06:56:25
106.39.246.133

/index.php
/controller/images load fail.
2017-08-31 07:00:29
203.208.60.216

/index.php
/controller/images load fail.
2017-08-31 07:07:42
220.181.124.250

/index.php
/controller/images load fail.
2017-08-31 07:07:42
106.120.173.218

/index.php
/controller/images load fail.
2017-08-31 07:10:23
123.125.71.113

/index.php
/controller/images load fail.
2017-08-31 07:16:59
123.125.71.51

/index.php
/controller/images load fail.
2017-08-31 07:20:08
220.181.108.97

/index.php
/controller/images load fail.
2017-08-31 07:22:27
220.181.108.151

/index.php
/controller/images load fail.
2017-08-31 07:22:27
123.125.71.76

/index.php
/controller/images load fail.
2017-08-31 07:35:37
36.110.171.65

/index.php
/controller/uploads load fail.
2017-08-31 07:38:10
113.138.218.26

/index.php
/controller/images load fail.
2017-08-31 07:49:26
111.206.221.37

/index.php
/controller/english load fail.
2017-08-31 07:50:16
106.47.169.233

/index.php
/controller/s load fail.
2017-08-31 07:51:43
222.186.21.167

/index.php
/controller/images load fail.
2017-08-31 07:59:43
114.55.64.197

/index.php
/controller/uploads load fail.
2017-08-31 08:06:24
218.30.103.250

/index.php
/controller/uploads load fail.
2017-08-31 08:06:24
36.110.171.162

/index.php
/controller/uploads load fail.
2017-08-31 08:06:26
36.110.171.111

/index.php
/controller/script load fail.
2017-08-31 08:12:23
175.42.86.212

/index.php
/controller/script load fail.
2017-08-31 08:12:44
175.42.86.212

/index.php
/controller/script load fail.
2017-08-31 08:12:45
175.42.86.212

/index.php
/controller/css load fail.
2017-08-31 08:12:45
175.42.86.212

/index.php
/controller/css load fail.
2017-08-31 08:12:45
175.42.86.212

/index.php
/controller/js load fail.
2017-08-31 08:12:45
175.42.86.212

/index.php
/controller/static load fail.
2017-08-31 08:12:50
175.42.86.212

/index.php
/controller/static load fail.
2017-08-31 08:13:01
175.42.86.212

/index.php
/controller/static load fail.
2017-08-31 08:13:04
175.42.86.212

/index.php
/controller/images load fail.
2017-08-31 08:20:37
175.15.95.85

/index.php
/controller/images load fail.
2017-08-31 08:20:38
175.15.95.85

/index.php
/controller/images load fail.
2017-08-31 08:43:42
220.181.108.186

/index.php
/controller/images load fail.
2017-08-31 08:49:05
27.217.60.95

/index.php
/controller/images load fail.
2017-08-31 08:49:05
27.217.60.95

/index.php
/controller/images load fail.
2017-08-31 08:49:06
27.217.60.95

/index.php
/controller/images load fail.
2017-08-31 08:50:57
111.202.100.31

/index.php
/controller/images load fail.
2017-08-31 08:50:58
106.120.173.220

/index.php
/controller/images load fail.
2017-08-31 08:50:59
111.202.101.123

/index.php
/controller/images load fail.
2017-08-31 08:51:53
182.201.176.57

/index.php
/controller/images load fail.
2017-08-31 08:51:57
182.201.176.57

/index.php
/controller/script load fail.
2017-08-31 08:57:42
120.92.32.139

/index.php
/controller/images load fail.
2017-08-31 09:06:32
140.243.138.2

/index.php
/controller/images load fail.
2017-08-31 09:06:33
140.243.138.2

/index.php
/controller/images load fail.
2017-08-31 09:06:34
140.243.138.2

/index.php
/controller/images load fail.
2017-08-31 09:06:34
140.243.138.2

/index.php
/controller/images load fail.
2017-08-31 09:06:52
222.33.92.246

/index.php
/controller/bbs load fail.
2017-08-31 09:09:49
115.182.25.136

/index.php
/controller/images load fail.
2017-08-31 09:10:39
222.33.92.246

/index.php
/controller/images load fail.
2017-08-31 09:11:45
111.192.23.144

/index.php
/controller/images load fail.
2017-08-31 09:11:45
111.192.23.144

/index.php
/controller/images load fail.
2017-08-31 09:11:46
111.192.23.144

/index.php
/controller/images load fail.
2017-08-31 09:11:46
111.192.23.144

/index.php
/controller/images load fail.
2017-08-31 09:20:37
183.240.19.240

/index.php
/controller/images load fail.
2017-08-31 09:20:38
183.240.19.240

/index.php
/controller/images load fail.
2017-08-31 09:20:38
183.240.19.240

/index.php
/controller/images load fail.
2017-08-31 09:25:33
111.192.23.144

/index.php
/controller/images load fail.
2017-08-31 09:25:38
111.192.23.144

/index.php
/controller/images load fail.
2017-08-31 09:25:39
111.192.23.144

/index.php
/controller/images load fail.
2017-08-31 09:25:39
111.192.23.144

/index.php
/controller/images load fail.
2017-08-31 09:42:21
111.202.103.81

/index.php
/controller/images load fail.
2017-08-31 09:42:38
223.73.229.233

/index.php
/controller/images load fail.
2017-08-31 09:42:39
223.73.229.233

/index.php
/controller/images load fail.
2017-08-31 09:42:39
223.73.229.233

/index.php
/controller/cache load fail.
2017-08-31 09:47:38
172.82.166.210

/index.php
/controller/images load fail.
2017-08-31 09:48:24
106.39.246.143

/index.php
/controller/images load fail.
2017-08-31 09:48:24
218.30.103.250

/index.php
/controller/images load fail.
2017-08-31 09:48:28
106.120.173.216

/index.php
/controller/images load fail.
2017-08-31 09:48:55
106.120.173.215

/index.php
/controller/images load fail.
2017-08-31 10:13:59
218.203.188.2

/index.php
/controller/images load fail.
2017-08-31 10:13:59
218.203.188.2

/index.php
/controller/images load fail.
2017-08-31 10:13:59
218.203.188.2

/index.php
/controller/images load fail.
2017-08-31 10:14:07
218.203.188.2

/index.php
/controller/images load fail.
2017-08-31 10:14:25
218.203.188.2

/index.php
/controller/images load fail.
2017-08-31 10:14:25
218.203.188.2

/index.php
/controller/bbs load fail.
2017-08-31 10:17:32
115.182.25.91

/index.php
/controller/images load fail.
2017-08-31 10:20:17
125.45.239.178

/index.php
/controller/images load fail.
2017-08-31 10:21:31
125.45.239.178

/index.php
/controller/images load fail.
2017-08-31 10:24:24
111.202.103.81

/index.php
/controller/images load fail.
2017-08-31 10:24:25
111.202.103.105

/index.php
/controller/images load fail.
2017-08-31 10:24:39
125.45.239.178

/index.php
/controller/script load fail.
2017-08-31 10:25:56
125.84.83.126

/index.php
/controller/IMAGE load fail.
2017-08-31 10:26:38
218.30.103.250

/index.php
/controller/IMAGE load fail.
2017-08-31 10:26:39
111.202.103.95

/index.php
/controller/IMAGE load fail.
2017-08-31 10:26:40
111.202.102.92

/index.php
/controller/script load fail.
2017-08-31 10:28:01
125.84.83.126

/index.php
/controller/post load fail.
2017-08-31 10:28:41
217.69.133.215

/index.php
/controller/uploads load fail.
2017-08-31 10:31:19
203.208.60.213

/index.php
/controller/images load fail.
2017-08-31 10:31:22
203.208.60.215

/index.php
/controller/images load fail.
2017-08-31 10:31:35
203.208.60.215

/index.php
/controller/images load fail.
2017-08-31 10:31:44
203.208.60.214

/index.php
/controller/images load fail.
2017-08-31 10:32:10
203.208.60.213

/index.php
/controller/css load fail.
2017-08-31 10:32:33
183.57.53.177

/index.php
/controller/images load fail.
2017-08-31 10:32:40
222.75.25.82

/index.php
/controller/script load fail.
2017-08-31 10:40:16
125.84.83.126

/index.php
/controller/script load fail.
2017-08-31 10:40:16
125.84.83.126

/index.php
/controller/js load fail.
2017-08-31 10:40:17
125.84.83.126

/index.php
/controller/css load fail.
2017-08-31 10:40:17
125.84.83.126

/index.php
/controller/css load fail.
2017-08-31 10:40:17
125.84.83.126

/index.php
/controller/images load fail.
2017-08-31 10:43:02
203.208.60.216

/index.php
/controller/images load fail.
2017-08-31 10:45:26
218.30.103.250

/index.php
/controller/images load fail.
2017-08-31 10:45:27
106.120.173.217

/index.php
/controller/bbs load fail.
2017-08-31 10:49:04
115.182.24.248

/index.php
/controller/images load fail.
2017-08-31 10:59:03
223.104.19.155

/index.php
/controller/images load fail.
2017-08-31 11:02:00
106.11.158.200

/index.php
/controller/script load fail.
2017-08-31 11:02:06
125.84.83.126

/index.php
/controller/js load fail.
2017-08-31 11:02:07
125.84.83.126

/index.php
/controller/css load fail.
2017-08-31 11:02:08
125.84.83.126

/index.php
/controller/css load fail.
2017-08-31 11:02:08
125.84.83.126

/index.php
/controller/js load fail.
2017-08-31 11:02:32
125.84.83.126

/index.php
/controller/css load fail.
2017-08-31 11:02:32
125.84.83.126

/index.php
/controller/css load fail.
2017-08-31 11:02:32
125.84.83.126

/index.php
/controller/script load fail.
2017-08-31 11:05:22
125.84.83.126

/index.php
/controller/images load fail.
2017-08-31 11:09:56
112.123.106.161

/index.php
/controller/images load fail.
2017-08-31 11:09:59
112.123.106.161

/index.php
/controller/images load fail.
2017-08-31 11:11:04
112.123.106.161

/index.php
/controller/images load fail.
2017-08-31 11:12:09
111.202.103.67

/index.php
/controller/images load fail.
2017-08-31 11:12:10
106.120.173.219

/index.php
/controller/manager load fail.
2017-08-31 11:15:18
60.173.8.104

/index.php
/controller/images load fail.
2017-08-31 11:26:12
106.89.59.64

/index.php
/controller/images load fail.
2017-08-31 11:26:13
106.89.59.64

/index.php
/controller/images load fail.
2017-08-31 11:26:13
106.89.59.64

/index.php
/controller/images load fail.
2017-08-31 11:26:14
106.89.59.64

/index.php
/controller/images load fail.
2017-08-31 11:28:22
115.198.50.255

/index.php
/controller/images load fail.
2017-08-31 11:28:26
115.198.50.255

/index.php
/controller/images load fail.
2017-08-31 11:35:08
203.208.60.214

/index.php
/controller/images load fail.
2017-08-31 11:36:18
106.39.246.133

/index.php
/controller/images load fail.
2017-08-31 11:36:19
36.110.170.146

/index.php
/controller/p load fail.
2017-08-31 11:40:40
42.236.101.214

/index.php
/controller/gjjpqzmy load fail.
2017-08-31 11:40:40
42.236.101.214

/index.php
/controller/qpzxsgjyx load fail.
2017-08-31 11:40:40
42.236.101.214

/index.php
/controller/p load fail.
2017-08-31 11:40:40
42.236.99.166

/index.php
/controller/ask load fail.
2017-08-31 11:40:40
42.236.54.62

/index.php
/controller/456qpgwxz load fail.
2017-08-31 11:40:40
42.236.99.230

/index.php
/controller/ybyyxxz load fail.
2017-08-31 11:40:40
42.236.99.65

/index.php
/controller/eqwsjrjxz load fail.
2017-08-31 11:40:40
42.236.12.170

/index.php
/controller/p load fail.
2017-08-31 11:40:40
42.236.99.86

/index.php
/controller/dwqpyxddz load fail.
2017-08-31 11:40:40
42.236.99.218

/index.php
/controller/tcmjzmd load fail.
2017-08-31 11:40:41
42.236.99.130

/index.php
/controller/ask load fail.
2017-08-31 11:40:41
42.236.99.218

/index.php
/controller/ask load fail.
2017-08-31 11:40:41
42.236.99.242

/index.php
/controller/p load fail.
2017-08-31 11:40:41
42.236.46.85

/index.php
/controller/images load fail.
2017-08-31 11:43:13
36.110.171.130

/index.php
/controller/images load fail.
2017-08-31 11:43:15
218.30.103.250

/index.php
/controller/images load fail.
2017-08-31 11:54:52
111.202.100.31

/index.php
/controller/images load fail.
2017-08-31 11:54:54
111.202.103.95

/index.php
/controller/images load fail.
2017-08-31 11:59:47
182.90.13.117

/index.php
/controller/images load fail.
2017-08-31 12:03:37
223.152.224.199

/index.php
/controller/images load fail.
2017-08-31 12:03:37
223.152.224.199

/index.php
/controller/images load fail.
2017-08-31 12:03:38
223.152.224.199

/index.php
/controller/images load fail.
2017-08-31 12:03:40
223.152.224.199

/index.php
/controller/bbs load fail.
2017-08-31 12:05:53
115.182.25.77

/index.php
/controller/images load fail.
2017-08-31 12:10:04
123.187.216.178

/index.php
/controller/images load fail.
2017-08-31 12:10:06
123.187.216.178

/index.php
/controller/images load fail.
2017-08-31 12:10:06
123.187.216.178

/index.php
/controller/images load fail.
2017-08-31 12:10:07
123.187.216.178

/index.php
/controller/images load fail.
2017-08-31 12:11:06
183.31.187.53

/index.php
/controller/images load fail.
2017-08-31 12:13:11
110.184.20.242

/index.php
/controller/images load fail.
2017-08-31 12:13:14
110.184.20.242

/index.php
/controller/uploads load fail.
2017-08-31 12:19:39
106.120.173.218

/index.php
/controller/uploads load fail.
2017-08-31 12:19:39
111.202.101.123

/index.php
/controller/uploads load fail.
2017-08-31 12:19:41
106.39.246.136

/index.php
/controller/images load fail.
2017-08-31 12:24:16
106.39.246.133

/index.php
/controller/images load fail.
2017-08-31 12:24:17
218.30.103.250

/index.php
/controller/images load fail.
2017-08-31 12:24:17
218.30.103.250

/index.php
/controller/bbs load fail.
2017-08-31 12:24:24
115.182.24.76

/index.php
/controller/images load fail.
2017-08-31 12:31:52
203.208.60.217

/index.php
/controller/images load fail.
2017-08-31 12:35:31
106.39.190.111

/index.php
/controller/images load fail.
2017-08-31 12:35:31
106.39.190.78

/index.php
/controller/images load fail.
2017-08-31 12:41:03
111.202.103.112

/index.php
/controller/images load fail.
2017-08-31 12:41:05
36.110.171.65

/index.php
/controller/images load fail.
2017-08-31 13:05:29
14.152.69.110

/index.php
/controller/images load fail.
2017-08-31 13:05:47
36.110.171.130

/index.php
/controller/images load fail.
2017-08-31 13:05:50
106.120.173.220

/index.php
/controller/images load fail.
2017-08-31 13:07:26
123.9.112.249

/index.php
/controller/images load fail.
2017-08-31 13:07:27
123.9.112.249

/index.php
/controller/images load fail.
2017-08-31 13:07:27
123.9.112.249

/index.php
/controller/images load fail.
2017-08-31 13:07:27
123.9.112.249

/index.php
/controller/images load fail.
2017-08-31 13:07:28
123.9.112.249

/index.php
/controller/images load fail.
2017-08-31 13:12:11
106.39.246.133

/index.php
/controller/images load fail.
2017-08-31 13:12:13
106.120.151.11

/index.php
/controller/images load fail.
2017-08-31 13:16:05
117.62.33.234

/index.php
/controller/images load fail.
2017-08-31 13:16:08
117.62.33.234

/index.php
/controller/script load fail.
2017-08-31 13:19:00
124.133.130.213

/index.php
/controller/english load fail.
2017-08-31 13:19:18
113.128.105.160

/index.php
/controller/css load fail.
2017-08-31 13:21:41
113.108.10.5

/index.php
/controller/bbs load fail.
2017-08-31 13:24:23
119.147.207.152

/index.php
/controller/bbs load fail.
2017-08-31 13:25:20
115.182.24.233

/index.php
/controller/images load fail.
2017-08-31 13:28:21
203.208.60.214

/index.php
/controller/images load fail.
2017-08-31 13:33:55
111.202.103.67

/index.php
/controller/images load fail.
2017-08-31 13:49:45
182.146.213.11

/index.php
/controller/images load fail.
2017-08-31 13:49:45
182.146.213.11

/index.php
/controller/images load fail.
2017-08-31 13:49:45
182.146.213.11

/index.php
/controller/images load fail.
2017-08-31 13:49:46
182.146.213.11

/index.php
/controller/images load fail.
2017-08-31 13:49:54
182.146.213.11

/index.php
/controller/images load fail.
2017-08-31 13:52:09
120.41.129.246

/index.php
/controller/images load fail.
2017-08-31 13:53:46
183.165.187.99

/index.php
/controller/images load fail.
2017-08-31 13:53:46
183.165.187.99

/index.php
/controller/script load fail.
2017-08-31 13:54:20
220.181.132.200

/index.php
/controller/images load fail.
2017-08-31 13:56:09
111.202.101.162

/index.php
/controller/p load fail.
2017-08-31 14:03:19
45.34.83.122

/index.php
/controller/images load fail.
2017-08-31 14:11:10
125.106.145.49

/index.php
/controller/images load fail.
2017-08-31 14:11:10
125.106.145.49

/index.php
/controller/bbs load fail.
2017-08-31 14:22:40
115.182.24.245

/index.php
/controller/images load fail.
2017-08-31 14:24:00
106.120.173.221

/index.php
/controller/images load fail.
2017-08-31 14:24:28
203.208.60.216

/index.php
/controller/script load fail.
2017-08-31 14:24:52
111.202.102.64

/index.php
/controller/css load fail.
2017-08-31 14:24:52
111.202.102.64

/index.php
/controller/css load fail.
2017-08-31 14:24:54
111.202.102.64

/index.php
/controller/images load fail.
2017-08-31 14:36:46
112.38.110.161

/index.php
/controller/images load fail.
2017-08-31 14:36:47
112.38.110.161

/index.php
/controller/images load fail.
2017-08-31 14:36:47
112.38.110.161

/index.php
/controller/images load fail.
2017-08-31 14:36:49
112.38.110.161

/index.php
/controller/images load fail.
2017-08-31 14:40:24
112.12.252.132

/index.php
/controller/images load fail.
2017-08-31 14:40:27
112.12.252.132

/index.php
/controller/images load fail.
2017-08-31 14:40:27
112.12.252.132

/index.php
/controller/images load fail.
2017-08-31 14:40:28
112.12.252.132

/index.php
/controller/p load fail.
2017-08-31 14:42:06
67.229.100.122

/index.php
/controller/images load fail.
2017-08-31 14:42:57
218.30.103.250

/index.php
/controller/images load fail.
2017-08-31 14:42:58
220.181.124.250

/index.php
/controller/images load fail.
2017-08-31 14:49:51
114.85.243.97

/index.php
/controller/images load fail.
2017-08-31 14:49:52
114.85.243.97

/index.php
/controller/images load fail.
2017-08-31 14:50:05
114.85.243.97

/index.php
/controller/images load fail.
2017-08-31 14:50:06
114.85.243.97

/index.php
/controller/images load fail.
2017-08-31 14:53:23
114.85.243.97

/index.php
/controller/images load fail.
2017-08-31 14:53:24
114.85.243.97

/index.php
/controller/images load fail.
2017-08-31 14:57:42
125.71.44.81

/index.php
/controller/images load fail.
2017-08-31 14:57:44
125.71.44.81

/index.php
/controller/uploads load fail.
2017-08-31 15:00:52
106.39.246.143

/index.php
/controller/uploads load fail.
2017-08-31 15:00:52
36.110.171.65

/index.php
/controller/uploads load fail.
2017-08-31 15:00:52
106.39.246.143

/index.php
/controller/images load fail.
2017-08-31 15:01:20
183.167.245.196

/index.php
/controller/images load fail.
2017-08-31 15:01:20
183.167.245.196

/index.php
/controller/uploads load fail.
2017-08-31 15:01:42
106.120.173.216

/index.php
/controller/images load fail.
2017-08-31 15:03:22
123.125.1.30

/index.php
/controller/images load fail.
2017-08-31 15:14:06
111.35.54.91

/index.php
/controller/images load fail.
2017-08-31 15:14:06
111.35.54.91

/index.php
/controller/images load fail.
2017-08-31 15:14:06
111.35.54.91

/index.php
/controller/images load fail.
2017-08-31 15:14:06
111.35.54.91

/index.php
/controller/images load fail.
2017-08-31 15:14:13
111.35.54.91

/index.php
/controller/images load fail.
2017-08-31 15:14:13
111.35.54.91

/index.php
/controller/images load fail.
2017-08-31 15:18:00
139.189.120.250

/index.php
/controller/images load fail.
2017-08-31 15:19:02
36.110.171.162

/index.php
/controller/images load fail.
2017-08-31 15:19:03
106.120.173.219

/index.php
/controller/images load fail.
2017-08-31 15:21:28
203.208.60.217

/index.php
/controller/bbs load fail.
2017-08-31 15:25:22
115.182.24.33

/index.php
/controller/script load fail.
2017-08-31 15:25:42
125.84.83.126

/index.php
/controller/script load fail.
2017-08-31 15:27:06
101.199.108.59

/index.php
/controller/images load fail.
2017-08-31 15:28:03
49.80.180.80

/index.php
/controller/images load fail.
2017-08-31 15:28:15
117.30.218.202

/index.php
/controller/images load fail.
2017-08-31 15:28:17
117.30.218.202

/index.php
/controller/images load fail.
2017-08-31 15:30:11
120.239.197.160

/index.php
/controller/images load fail.
2017-08-31 15:31:18
117.30.218.202

/index.php
/controller/images load fail.
2017-08-31 15:31:18
117.30.218.202

/index.php
/controller/images load fail.
2017-08-31 15:33:22
111.202.100.5

/index.php
/controller/images load fail.
2017-08-31 15:33:22
36.110.170.184

/index.php
/controller/images load fail.
2017-08-31 15:41:27
58.214.71.177

/index.php
/controller/images load fail.
2017-08-31 15:41:27
58.214.71.177

/index.php
/controller/images load fail.
2017-08-31 15:41:27
58.214.71.177

/index.php
/controller/images load fail.
2017-08-31 15:41:28
58.214.71.177

/index.php
/controller/images load fail.
2017-08-31 15:44:34
113.132.169.130

/index.php
/controller/ask load fail.
2017-08-31 15:44:46
113.132.169.130

/index.php
/controller/images load fail.
2017-08-31 15:46:46
223.104.17.252

/index.php
/controller/images load fail.
2017-08-31 15:46:47
223.104.17.252

/index.php
/controller/images load fail.
2017-08-31 15:46:47
223.104.17.252

/index.php
/controller/images load fail.
2017-08-31 15:47:42
223.104.17.252

/index.php
/controller/images load fail.
2017-08-31 15:47:43
223.104.17.252

/index.php
/controller/script load fail.
2017-08-31 15:52:21
125.84.83.126

/index.php
/controller/images load fail.
2017-08-31 15:52:40
219.133.46.133

/index.php
/controller/images load fail.
2017-08-31 15:52:40
219.133.46.125

/index.php
/controller/images load fail.
2017-08-31 15:52:40
219.133.46.73

/index.php
/controller/images load fail.
2017-08-31 15:52:41
219.133.46.137

/index.php
/controller/images load fail.
2017-08-31 15:53:59
223.104.17.252

/index.php
/controller/images load fail.
2017-08-31 15:54:44
218.30.103.250

/index.php
/controller/images load fail.
2017-08-31 15:54:45
111.202.103.81

/index.php
/controller/images load fail.
2017-08-31 15:58:06
113.87.203.218

/index.php
/controller/images load fail.
2017-08-31 15:58:06
113.87.203.218

/index.php
/controller/uploads load fail.
2017-08-31 16:06:24
36.110.170.184

/index.php
/controller/uploads load fail.
2017-08-31 16:06:25
218.30.103.250

/index.php
/controller/images load fail.
2017-08-31 16:12:53
113.64.183.119

/index.php
/controller/images load fail.
2017-08-31 16:15:38
221.130.50.205

/index.php
/controller/images load fail.
2017-08-31 16:15:40
221.130.50.205

/index.php
/controller/images load fail.
2017-08-31 16:15:40
221.130.50.205

/index.php
/controller/images load fail.
2017-08-31 16:15:42
221.130.50.205

/index.php
/controller/images load fail.
2017-08-31 16:16:43
125.34.175.171

/index.php
/controller/images load fail.
2017-08-31 16:16:44
125.34.175.171

/index.php
/controller/images load fail.
2017-08-31 16:16:44
125.34.175.171

/index.php
/controller/images load fail.
2017-08-31 16:16:45
125.34.175.171

/index.php
/controller/images load fail.
2017-08-31 16:18:24
203.208.60.217

/index.php
/controller/images load fail.
2017-08-31 16:20:02
14.116.142.77

/index.php
/controller/uploads load fail.
2017-08-31 16:20:11
111.202.101.123

/index.php
/controller/uploads load fail.
2017-08-31 16:20:11
36.110.171.180

/index.php
/controller/images load fail.
2017-08-31 16:22:00
111.202.102.157

/index.php
/controller/images load fail.
2017-08-31 16:22:01
106.39.246.143

/index.php
/controller/images load fail.
2017-08-31 16:22:01
218.30.103.250

/index.php
/controller/images load fail.
2017-08-31 16:24:07
123.147.77.159

/index.php
/controller/images load fail.
2017-08-31 16:24:08
123.147.77.159

/index.php
/controller/script load fail.
2017-08-31 16:26:12
125.84.83.126

/index.php
/controller/bbs load fail.
2017-08-31 16:28:33
115.182.24.119

/index.php
/controller/script load fail.
2017-08-31 16:34:28
112.239.16.48

/index.php
/controller/images load fail.
2017-08-31 16:35:06
59.50.187.226

/index.php
/controller/images load fail.
2017-08-31 16:35:07
59.50.187.226

/index.php
/controller/images load fail.
2017-08-31 16:35:07
59.50.187.226

/index.php
/controller/images load fail.
2017-08-31 16:35:08
59.50.187.226

/index.php
/controller/images load fail.
2017-08-31 16:36:56
39.181.180.68

/index.php
/controller/images load fail.
2017-08-31 16:37:38
111.202.103.112

/index.php
/controller/images load fail.
2017-08-31 16:37:39
218.30.103.250

/index.php
/controller/images load fail.
2017-08-31 16:40:21
106.120.173.219

/index.php
/controller/images load fail.
2017-08-31 16:40:23
111.202.103.67

/index.php
/controller/images load fail.
2017-08-31 16:40:24
106.39.246.103

/index.php
/controller/images load fail.
2017-08-31 16:41:32
121.238.235.185

/index.php
/controller/images load fail.
2017-08-31 16:41:32
121.238.235.185

/index.php
/controller/images load fail.
2017-08-31 16:51:26
183.214.21.202

/index.php
/controller/images load fail.
2017-08-31 17:13:24
203.208.60.214

/index.php
/controller/images load fail.
2017-08-31 17:18:38
218.30.103.250

/index.php
/controller/images load fail.
2017-08-31 17:18:38
36.110.171.130

/index.php
/controller/images load fail.
2017-08-31 17:18:39
106.120.173.222

/index.php
/controller/images load fail.
2017-08-31 17:21:28
14.215.160.112

/index.php
/controller/uploads load fail.
2017-08-31 17:22:09
111.202.102.11

/index.php
/controller/uploads load fail.
2017-08-31 17:22:09
111.202.101.26

/index.php
/controller/images load fail.
2017-08-31 17:25:08
106.39.189.202

/index.php
/controller/script load fail.
2017-08-31 17:30:22
175.42.86.212

/index.php
/controller/script load fail.
2017-08-31 17:30:36
36.57.134.182

/index.php
/controller/demo load fail.
2017-08-31 17:30:36
175.42.86.212

/index.php
/controller/script load fail.
2017-08-31 17:31:28
116.224.45.194

/index.php
/controller/demo load fail.
2017-08-31 17:31:56
116.224.45.194

/index.php
/controller/bbs load fail.
2017-08-31 17:32:11
115.182.25.51

/index.php
/controller/demo load fail.
2017-08-31 17:32:49
116.224.45.194

/index.php
/controller/script load fail.
2017-08-31 17:33:21
101.226.93.241

/index.php
/controller/script load fail.
2017-08-31 17:33:22
101.226.93.241

/index.php
/controller/js load fail.
2017-08-31 17:33:22
101.226.93.241

/index.php
/controller/css load fail.
2017-08-31 17:33:22
116.224.45.194

/index.php
/controller/css load fail.
2017-08-31 17:33:22
116.224.45.194

/index.php
/controller/demo load fail.
2017-08-31 17:33:46
116.224.45.194

/index.php
/controller/script load fail.
2017-08-31 17:33:54
116.224.45.194

/index.php
/controller/script load fail.
2017-08-31 17:34:34
116.224.45.194

/index.php
/controller/demo load fail.
2017-08-31 17:34:41
116.224.45.194

/index.php
/controller/demo load fail.
2017-08-31 17:35:03
116.224.45.194

/index.php
/controller/demo load fail.
2017-08-31 17:35:21
116.224.45.194

/index.php
/controller/demo load fail.
2017-08-31 17:35:57
116.224.45.194

/index.php
/controller/demo load fail.
2017-08-31 17:35:58
116.224.45.194

/index.php
/controller/script load fail.
2017-08-31 17:35:59
116.224.45.194

/index.php
/controller/script load fail.
2017-08-31 17:36:20
42.156.251.194

/index.php
/controller/script load fail.
2017-08-31 17:36:20
42.156.251.194

/index.php
/controller/js load fail.
2017-08-31 17:36:21
42.156.251.194

/index.php
/controller/script load fail.
2017-08-31 17:37:12
42.156.251.194

/index.php
/controller/script load fail.
2017-08-31 17:37:12
42.156.251.194

/index.php
/controller/js load fail.
2017-08-31 17:37:13
42.156.251.194

/index.php
/controller/static load fail.
2017-08-31 17:38:30
116.224.45.194

/index.php
/controller/static load fail.
2017-08-31 17:38:38
116.224.45.194

/index.php
/controller/static load fail.
2017-08-31 17:38:39
116.224.45.194

/index.php
/controller/static load fail.
2017-08-31 17:38:41
116.224.45.194

/index.php
/controller/static load fail.
2017-08-31 17:38:42
116.224.45.194

/index.php
/controller/static load fail.
2017-08-31 17:38:43
116.224.45.194

/index.php
/controller/static load fail.
2017-08-31 17:38:44
116.224.45.194

/index.php
/controller/static load fail.
2017-08-31 17:38:46
116.224.45.194

/index.php
/controller/static load fail.
2017-08-31 17:38:47
116.224.45.194

/index.php
/controller/static load fail.
2017-08-31 17:38:56
116.224.45.194

/index.php
/controller/static load fail.
2017-08-31 17:38:59
116.224.45.194

/index.php
/controller/static load fail.
2017-08-31 17:39:03
116.224.45.194

/index.php
/controller/static load fail.
2017-08-31 17:39:05
116.224.45.194

/index.php
/controller/static load fail.
2017-08-31 17:39:07
116.224.45.194

/index.php
/controller/static load fail.
2017-08-31 17:39:08
116.224.45.194

/index.php
/controller/static load fail.
2017-08-31 17:39:09
116.224.45.194

/index.php
/controller/static load fail.
2017-08-31 17:39:10
116.224.45.194

/index.php
/controller/static load fail.
2017-08-31 17:39:12
116.224.45.194

/index.php
/controller/static load fail.
2017-08-31 17:39:28
116.224.45.194

/index.php
/controller/static load fail.
2017-08-31 17:39:32
116.224.45.194

/index.php
/controller/script load fail.
2017-08-31 17:41:32
116.224.45.194

/index.php
/controller/static load fail.
2017-08-31 17:41:42
116.224.45.194

/index.php
/controller/static load fail.
2017-08-31 17:41:50
116.224.45.194

/index.php
/controller/static load fail.
2017-08-31 17:42:52
116.224.45.194

/index.php
/controller/static load fail.
2017-08-31 17:42:54
116.224.45.194

/index.php
/controller/demo load fail.
2017-08-31 17:43:50
116.224.45.194

/index.php
/controller/script load fail.
2017-08-31 17:44:10
101.226.93.241

/index.php
/controller/js load fail.
2017-08-31 17:44:11
101.226.93.241

/index.php
/controller/css load fail.
2017-08-31 17:44:11
116.224.45.194

/index.php
/controller/css load fail.
2017-08-31 17:44:11
116.224.45.194

/index.php
/controller/demo load fail.
2017-08-31 17:44:12
116.224.45.194

/index.php
/controller/script load fail.
2017-08-31 17:53:16
36.57.134.182

/index.php
/controller/images load fail.
2017-08-31 17:55:21
183.204.32.229

/index.php
/controller/images load fail.
2017-08-31 17:55:21
183.204.32.229

/index.php
/controller/images load fail.
2017-08-31 17:55:21
183.204.32.229

/index.php
/controller/images load fail.
2017-08-31 17:55:23
183.204.32.229

/index.php
/controller/english load fail.
2017-08-31 17:59:36
101.24.121.181

/index.php
/controller/script load fail.
2017-08-31 18:03:11
116.224.45.194

/index.php
/controller/english load fail.
2017-08-31 18:06:44
106.114.69.86

/index.php
/controller/images load fail.
2017-08-31 18:09:43
61.137.224.61

/index.php
/controller/images load fail.
2017-08-31 18:09:44
61.137.224.61

/index.php
/controller/images load fail.
2017-08-31 18:09:45
61.137.224.61

/index.php
/controller/images load fail.
2017-08-31 18:09:46
61.137.224.61

/index.php
/controller/static load fail.
2017-08-31 18:10:39
116.224.45.194

/index.php
/controller/static load fail.
2017-08-31 18:10:46
116.224.45.194

/index.php
/controller/static load fail.
2017-08-31 18:10:47
116.224.45.194

/index.php
/controller/static load fail.
2017-08-31 18:10:48
116.224.45.194

/index.php
/controller/static load fail.
2017-08-31 18:10:49
116.224.45.194

/index.php
/controller/static load fail.
2017-08-31 18:10:54
116.224.45.194

/index.php
/controller/static load fail.
2017-08-31 18:11:27
116.224.45.194

/index.php
/controller/data load fail.
2017-08-31 18:12:18
116.224.45.194

/index.php
/controller/data load fail.
2017-08-31 18:12:27
116.224.45.194

/index.php
/controller/data load fail.
2017-08-31 18:12:28
116.224.45.194

/index.php
/controller/db load fail.
2017-08-31 18:12:29
116.224.45.194

/index.php
/controller/admin load fail.
2017-08-31 18:12:31
116.224.45.194

/index.php
/controller/blog load fail.
2017-08-31 18:12:31
116.224.45.194

/index.php
/controller/database load fail.
2017-08-31 18:12:31
116.224.45.194

/index.php
/controller/inc load fail.
2017-08-31 18:12:32
116.224.45.194

/index.php
/controller/manage load fail.
2017-08-31 18:12:32
116.224.45.194

/index.php
/controller/mirserver load fail.
2017-08-31 18:12:32
116.224.45.194

/index.php
/controller/tddownload load fail.
2017-08-31 18:12:33
116.224.45.194

/index.php
/controller/tddownload load fail.
2017-08-31 18:12:33
116.224.45.194

/index.php
/controller/tddownload load fail.
2017-08-31 18:12:33
116.224.45.194

/index.php
/controller/data load fail.
2017-08-31 18:12:37
116.224.45.194

/index.php
/controller/data load fail.
2017-08-31 18:12:37
116.224.45.194

/index.php
/controller/down load fail.
2017-08-31 18:12:39
116.224.45.194

/index.php
/controller/images load fail.
2017-08-31 18:13:17
1.83.150.201

/index.php
/controller/images load fail.
2017-08-31 18:13:19
1.83.150.201

/index.php
/controller/images load fail.
2017-08-31 18:13:19
1.83.150.201

/index.php
/controller/images load fail.
2017-08-31 18:13:22
1.83.150.201

/index.php
/controller/data load fail.
2017-08-31 18:14:56
116.224.45.194

/index.php
/controller/static load fail.
2017-08-31 18:15:54
116.224.45.194

/index.php
/controller/script load fail.
2017-08-31 18:16:07
116.224.45.194

/index.php
/controller/script load fail.
2017-08-31 18:21:17
116.224.45.194

/index.php
/controller/demo load fail.
2017-08-31 18:21:19
116.224.45.194

/index.php
/controller/images load fail.
2017-08-31 18:23:12
124.88.27.14

/index.php
/controller/script load fail.
2017-08-31 18:23:21
116.224.45.194

/index.php
/controller/view load fail.
2017-08-31 18:24:04
116.224.45.194

/index.php
/controller/view load fail.
2017-08-31 18:24:04
116.224.45.194

/index.php
/controller/view load fail.
2017-08-31 18:24:07
116.224.45.194

/index.php
/controller/view load fail.
2017-08-31 18:24:07
116.224.45.194

/index.php
/controller/uploads load fail.
2017-08-31 18:28:08
111.202.103.99

/index.php
/controller/uploads load fail.
2017-08-31 18:28:09
36.110.171.82

/index.php
/controller/uploads load fail.
2017-08-31 18:28:09
106.39.246.136

/index.php
/controller/bbs load fail.
2017-08-31 18:36:04
115.182.25.97

/index.php
/controller/uploads load fail.
2017-08-31 18:41:07
111.202.102.92

/index.php
/controller/uploads load fail.
2017-08-31 18:41:07
111.202.101.162

/index.php
/controller/gjjpqzmy load fail.
2017-08-31 18:41:25
183.57.53.177

/index.php
/controller/ybyyxxz load fail.
2017-08-31 18:42:54
119.147.207.152

/index.php
/controller/dwqpyxddz load fail.
2017-08-31 18:43:01
101.226.64.174

/index.php
/controller/images load fail.
2017-08-31 18:50:11
203.208.60.217

/index.php
/controller/images load fail.
2017-08-31 18:50:15
203.208.60.216

/index.php
/controller/images load fail.
2017-08-31 18:50:22
203.208.60.215

/index.php
/controller/images load fail.
2017-08-31 18:50:22
203.208.60.217

/index.php
/controller/images load fail.
2017-08-31 18:50:25
203.208.60.215

/index.php
/controller/images load fail.
2017-08-31 18:50:48
203.208.60.217

/index.php
/controller/images load fail.
2017-08-31 18:50:54
203.208.60.217

/index.php
/controller/images load fail.
2017-08-31 18:53:17
203.208.60.215

/index.php
/controller/p load fail.
2017-08-31 18:54:19
119.147.207.152

/index.php
/controller/images load fail.
2017-08-31 18:57:33
111.206.221.114

/index.php
/controller/images load fail.
2017-08-31 19:02:48
223.98.222.3

/index.php
/controller/images load fail.
2017-08-31 19:02:48
223.98.222.3

/index.php
/controller/images load fail.
2017-08-31 19:02:49
223.98.222.3

/index.php
/controller/images load fail.
2017-08-31 19:03:29
203.208.60.216

/index.php
/controller/images load fail.
2017-08-31 19:06:27
36.110.171.162

/index.php
/controller/images load fail.
2017-08-31 19:06:28
218.30.103.250

/index.php
/controller/images load fail.
2017-08-31 19:17:02
106.120.173.219

/index.php
/controller/images load fail.
2017-08-31 19:17:03
218.30.103.250

/index.php
/controller/images load fail.
2017-08-31 19:18:37
203.208.60.217

/index.php
/controller/images load fail.
2017-08-31 19:18:41
113.25.90.54

/index.php
/controller/images load fail.
2017-08-31 19:28:45
219.133.46.64

/index.php
/controller/images load fail.
2017-08-31 19:35:28
203.208.60.213

/index.php
/controller/images load fail.
2017-08-31 19:37:21
111.202.101.123

/index.php
/controller/images load fail.
2017-08-31 19:37:59
183.228.240.160

/index.php
/controller/images load fail.
2017-08-31 19:38:00
183.228.240.160

/index.php
/controller/images load fail.
2017-08-31 19:38:00
183.228.240.160

/index.php
/controller/images load fail.
2017-08-31 19:38:02
183.228.240.160

/index.php
/controller/images load fail.
2017-08-31 19:51:56
111.202.102.11

/index.php
/controller/images load fail.
2017-08-31 19:51:56
111.202.102.127

/index.php
/controller/images load fail.
2017-08-31 19:52:19
203.208.60.216

/index.php
/controller/images load fail.
2017-08-31 19:54:14
123.129.119.104

/index.php
/controller/images load fail.
2017-08-31 19:54:19
123.129.119.104

/index.php
/controller/images load fail.
2017-08-31 19:54:19
123.129.119.104

/index.php
/controller/images load fail.
2017-08-31 19:54:25
123.129.119.104

/index.php
/controller/bbs load fail.
2017-08-31 19:56:50
115.182.24.8

/index.php
/controller/script load fail.
2017-08-31 19:57:32
101.226.125.105

/index.php
/controller/script load fail.
2017-08-31 19:57:32
101.226.125.105

/index.php
/controller/script load fail.
2017-08-31 19:57:32
101.226.125.105

/index.php
/controller/script load fail.
2017-08-31 19:57:32
101.226.125.105

/index.php
/controller/js load fail.
2017-08-31 19:57:33
101.226.125.105

/index.php
/controller/css load fail.
2017-08-31 19:57:33
101.226.125.105

/index.php
/controller/css load fail.
2017-08-31 19:57:33
101.226.125.105

/index.php
/controller/images load fail.
2017-08-31 19:58:31
39.128.75.206

/index.php
/controller/images load fail.
2017-08-31 19:58:32
39.128.75.206

/index.php
/controller/images load fail.
2017-08-31 19:58:32
39.128.75.206

/index.php
/controller/images load fail.
2017-08-31 19:58:33
39.128.75.206

/index.php
/controller/images load fail.
2017-08-31 19:58:43
39.128.75.206

/index.php
/controller/images load fail.
2017-08-31 19:58:45
39.128.75.206

/index.php
/controller/images load fail.
2017-08-31 19:59:05
39.128.75.206

/index.php
/controller/images load fail.
2017-08-31 19:59:06
39.128.75.206

/index.php
/controller/images load fail.
2017-08-31 19:59:14
39.128.75.206

/index.php
/controller/images load fail.
2017-08-31 20:00:50
39.83.182.171

/index.php
/controller/images load fail.
2017-08-31 20:00:51
39.83.182.171

/index.php
/controller/images load fail.
2017-08-31 20:00:51
39.83.182.171

/index.php
/controller/images load fail.
2017-08-31 20:00:52
39.83.182.171

/index.php
/controller/images load fail.
2017-08-31 20:03:17
112.51.84.11

/index.php
/controller/images load fail.
2017-08-31 20:03:20
112.51.84.11

/index.php
/controller/images load fail.
2017-08-31 20:03:20
112.51.84.11

/index.php
/controller/images load fail.
2017-08-31 20:03:21
112.51.84.11

/index.php
/controller/images load fail.
2017-08-31 20:03:37
39.83.182.171

/index.php
/controller/images load fail.
2017-08-31 20:03:39
39.83.182.171

/index.php
/controller/images load fail.
2017-08-31 20:07:45
117.62.66.73

/index.php
/controller/images load fail.
2017-08-31 20:07:46
117.62.66.73

/index.php
/controller/images load fail.
2017-08-31 20:07:47
117.62.66.73

/index.php
/controller/images load fail.
2017-08-31 20:07:48
117.62.66.73

/index.php
/controller/images load fail.
2017-08-31 20:07:59
117.62.66.73

/index.php
/controller/images load fail.
2017-08-31 20:08:01
117.62.66.73

/index.php
/controller/images load fail.
2017-08-31 20:08:58
203.208.60.213

/index.php
/controller/images load fail.
2017-08-31 20:10:28
122.141.97.208

/index.php
/controller/images load fail.
2017-08-31 20:10:28
122.141.97.208

/index.php
/controller/images load fail.
2017-08-31 20:10:29
122.141.97.208

/index.php
/controller/images load fail.
2017-08-31 20:12:35
111.202.102.127

/index.php
/controller/script load fail.
2017-08-31 20:13:17
120.92.32.247

/index.php
/controller/uploads load fail.
2017-08-31 20:19:08
111.202.103.172

/index.php
/controller/script load fail.
2017-08-31 20:21:08
42.156.250.243

/index.php
/controller/script load fail.
2017-08-31 20:21:08
42.156.250.243

/index.php
/controller/js load fail.
2017-08-31 20:21:10
42.156.250.243

/index.php
/controller/script load fail.
2017-08-31 20:21:57
218.18.170.186

/index.php
/controller/script load fail.
2017-08-31 20:21:57
218.18.170.186

/index.php
/controller/js load fail.
2017-08-31 20:21:58
218.18.170.186

/index.php
/controller/css load fail.
2017-08-31 20:21:58
218.18.170.186

/index.php
/controller/css load fail.
2017-08-31 20:21:58
218.18.170.186

/index.php
/controller/js load fail.
2017-08-31 20:21:58
218.18.170.186

/index.php
/controller/script load fail.
2017-08-31 20:22:05
218.18.170.186

/index.php
/controller/js load fail.
2017-08-31 20:22:05
218.18.170.186

/index.php
/controller/css load fail.
2017-08-31 20:22:06
218.18.170.186

/index.php
/controller/css load fail.
2017-08-31 20:22:06
218.18.170.186

/index.php
/controller/js load fail.
2017-08-31 20:22:13
218.18.170.186

/index.php
/controller/css load fail.
2017-08-31 20:22:13
218.18.170.186

/index.php
/controller/css load fail.
2017-08-31 20:22:13
218.18.170.186

/index.php
/controller/uploads load fail.
2017-08-31 20:22:46
111.202.102.11

/index.php
/controller/images load fail.
2017-08-31 20:24:21
106.120.173.217

/index.php
/controller/images load fail.
2017-08-31 20:24:22
36.110.171.130

/index.php
/controller/images load fail.
2017-08-31 20:25:50
203.208.60.215

/index.php
/controller/internet load fail.
2017-08-31 20:30:33
203.208.60.215

/index.php
/controller/images load fail.
2017-08-31 20:39:54
111.26.157.240

/index.php
/controller/images load fail.
2017-08-31 20:39:55
111.26.157.240

/index.php
/controller/images load fail.
2017-08-31 20:39:55
111.26.157.240

/index.php
/controller/images load fail.
2017-08-31 20:39:57
111.26.157.240

/index.php
/controller/images load fail.
2017-08-31 20:42:43
203.208.60.214

/index.php
/controller/images load fail.
2017-08-31 20:42:54
113.247.82.9

/index.php
/controller/images load fail.
2017-08-31 20:42:55
113.247.82.9

/index.php
/controller/images load fail.
2017-08-31 20:42:55
113.247.82.9

/index.php
/controller/images load fail.
2017-08-31 20:42:58
113.247.82.9

/index.php
/controller/script load fail.
2017-08-31 20:45:39
218.18.170.186

/index.php
/controller/demo load fail.
2017-08-31 20:45:58
218.18.170.186

/index.php
/controller/script load fail.
2017-08-31 20:47:25
218.18.170.186

/index.php
/controller/bbs load fail.
2017-08-31 20:47:56
115.182.24.13

/index.php
/controller/images load fail.
2017-08-31 20:55:51
117.174.95.182

/index.php
/controller/images load fail.
2017-08-31 20:55:54
117.174.95.182

/index.php
/controller/images load fail.
2017-08-31 20:55:55
117.174.95.182

/index.php
/controller/images load fail.
2017-08-31 20:55:56
117.174.95.182

/index.php
/controller/images load fail.
2017-08-31 20:55:56
117.174.95.182

/index.php
/controller/images load fail.
2017-08-31 20:55:57
117.174.95.182

/index.php
/controller/images load fail.
2017-08-31 20:56:08
117.174.95.182

/index.php
/controller/images load fail.
2017-08-31 20:56:09
117.174.95.182

/index.php
/controller/images load fail.
2017-08-31 20:59:23
203.208.60.214

/index.php
/controller/images load fail.
2017-08-31 21:11:12
183.17.125.232

/index.php
/controller/images load fail.
2017-08-31 21:11:12
183.17.125.232

/index.php
/controller/images load fail.
2017-08-31 21:16:15
203.208.60.214

/index.php
/controller/images load fail.
2017-08-31 21:32:18
120.84.10.189

/index.php
/controller/images load fail.
2017-08-31 21:32:24
120.84.10.189

/index.php
/controller/images load fail.
2017-08-31 21:33:00
120.84.10.189

/index.php
/controller/images load fail.
2017-08-31 21:33:00
120.84.10.189

/index.php
/controller/images load fail.
2017-08-31 21:33:10
203.208.60.217

/index.php
/controller/images load fail.
2017-08-31 21:33:34
36.110.170.184

/index.php
/controller/images load fail.
2017-08-31 21:41:54
42.57.194.84

/index.php
/controller/images load fail.
2017-08-31 21:41:54
42.57.194.84

/index.php
/controller/images load fail.
2017-08-31 21:42:00
42.57.194.84

/index.php
/controller/images load fail.
2017-08-31 21:49:45
203.208.60.214

/index.php
/controller/cgi load fail.
2017-08-31 21:54:59
179.153.230.231

/index.php
/controller/uploads load fail.
2017-08-31 21:55:43
106.120.151.11

/index.php
/controller/images load fail.
2017-08-31 21:59:57
218.30.103.250

/index.php
/controller/images load fail.
2017-08-31 21:59:59
111.202.102.7

/index.php
/controller/images load fail.
2017-08-31 22:06:30
203.208.60.215

/index.php
/controller/images load fail.
2017-08-31 22:13:30
36.5.183.11

/index.php
/controller/images load fail.
2017-08-31 22:13:31
36.5.183.11

/index.php
/controller/images load fail.
2017-08-31 22:14:37
36.5.183.11

/index.php
/controller/images load fail.
2017-08-31 22:14:39
36.5.183.11

/index.php
/controller/uploads load fail.
2017-08-31 22:15:12
220.181.124.250

/index.php
/controller/uploads load fail.
2017-08-31 22:15:13
111.202.100.84

/index.php
/controller/images load fail.
2017-08-31 22:15:17
36.5.183.11

/index.php
/controller/images load fail.
2017-08-31 22:15:30
36.5.183.11

/index.php
/controller/uploads load fail.
2017-08-31 22:20:21
111.202.103.18

/index.php
/controller/images load fail.
2017-08-31 22:20:21
36.4.196.115

/index.php
/controller/images load fail.
2017-08-31 22:20:21
36.4.196.115

/index.php
/controller/uploads load fail.
2017-08-31 22:20:21
106.39.246.133

/index.php
/controller/images load fail.
2017-08-31 22:23:14
203.208.60.216

/index.php
/controller/images load fail.
2017-08-31 22:31:32
122.190.124.171

/index.php
/controller/images load fail.
2017-08-31 22:31:33
122.190.124.171

/index.php
/controller/appcenter load fail.
2017-08-31 22:39:45
175.20.90.190

/index.php
/controller/images load fail.
2017-08-31 22:40:10
203.208.60.214

/index.php
/controller/images load fail.
2017-08-31 22:42:24
183.57.53.197

/index.php
/controller/css load fail.
2017-08-31 22:45:57
101.226.68.215

/index.php
/controller/images load fail.
2017-08-31 22:50:00
58.248.118.185

/index.php
/controller/p load fail.
2017-08-31 22:51:26
67.229.100.122

/index.php
/controller/uploads load fail.
2017-08-31 22:52:25
111.202.100.94

/index.php
/controller/images load fail.
2017-08-31 22:56:55
203.208.60.214

/index.php
/controller/images load fail.
2017-08-31 23:13:39
203.208.60.216

/index.php
/controller/images load fail.
2017-08-31 23:16:39
183.214.194.6

/index.php
/controller/images load fail.
2017-08-31 23:30:37
203.208.60.217

/index.php
/controller/uploads load fail.
2017-08-31 23:31:47
111.202.102.92

/index.php
/controller/uploads load fail.
2017-08-31 23:31:48
218.30.103.250

/index.php
/controller/script load fail.
2017-08-31 23:33:50
101.226.33.220

/index.php
/controller/script load fail.
2017-08-31 23:33:50
101.226.33.220

/index.php
/controller/script load fail.
2017-08-31 23:33:50
101.226.33.220

/index.php
/controller/script load fail.
2017-08-31 23:33:50
101.226.33.220

/index.php
/controller/js load fail.
2017-08-31 23:33:51
101.226.33.220

/index.php
/controller/css load fail.
2017-08-31 23:33:51
101.226.33.220

/index.php
/controller/css load fail.
2017-08-31 23:33:51
101.226.33.220

/index.php
/controller/bbs load fail.
2017-08-31 23:38:30
115.182.25.137

/index.php
/controller/bbs load fail.
2017-08-31 23:39:29
115.182.24.252

/index.php
/controller/images load fail.
2017-08-31 23:47:38
203.208.60.214

/index.php
/controller/images load fail.
2017-08-31 23:54:27
111.202.103.67

/index.php
/controller/images load fail.
2017-08-31 23:54:28
218.30.103.250

/index.php
/controller/bbs load fail.
2017-08-31 23:59:05
115.182.25.73

