/index.php/script/jquery.js
/controller/script load fail.
2017-09-27 00:46:01
223.104.63.252

/index.php/script/jquery.js
/controller/script load fail.
2017-09-27 01:00:48
223.116.203.143

/index.php/css/img/iconfont.ttf
/controller/css load fail.
2017-09-27 01:00:48
223.116.203.143

/index.php/css/img/scheme-nav-icon.svg
/controller/css load fail.
2017-09-27 01:00:48
223.116.203.143

/index.php/css/img/nav-prd-icon.svg
/controller/css load fail.
2017-09-27 01:00:48
223.116.203.143

/index.php/js/sensorsdata.min.js
/controller/js load fail.
2017-09-27 01:00:48
223.116.203.143

/index.php/static/images/header-profile.png
/controller/static load fail.
2017-09-27 01:01:29
175.167.130.21

/index.php/static/images/header-profile.png
/controller/static load fail.
2017-09-27 01:01:35
175.167.130.21

/index.php/static/images/header-profile.png
/controller/static load fail.
2017-09-27 01:01:37
175.167.130.21

/index.php/script/jquery.js
/controller/script load fail.
2017-09-27 01:01:44
223.116.203.143

/index.php/js/sensorsdata.min.js
/controller/js load fail.
2017-09-27 01:01:45
223.116.203.143

/index.php/css/img/nav-prd-icon.svg
/controller/css load fail.
2017-09-27 01:01:45
223.116.203.143

/index.php/css/img/scheme-nav-icon.svg
/controller/css load fail.
2017-09-27 01:01:45
223.116.203.143

/index.php/css/img/iconfont.ttf
/controller/css load fail.
2017-09-27 01:01:45
223.116.203.143

/index.php/script/jquery.js
/controller/script load fail.
2017-09-27 01:01:46
223.116.203.143

/index.php/css/img/iconfont.ttf
/controller/css load fail.
2017-09-27 01:01:46
223.116.203.143

/index.php/js/sensorsdata.min.js
/controller/js load fail.
2017-09-27 01:01:47
223.116.203.143

/index.php/css/img/nav-prd-icon.svg
/controller/css load fail.
2017-09-27 01:01:47
223.116.203.143

/index.php/css/img/scheme-nav-icon.svg
/controller/css load fail.
2017-09-27 01:01:47
223.116.203.143

/index.php/script/jquery.js
/controller/script load fail.
2017-09-27 01:01:48
223.116.203.143

/index.php/static/images/header-profile.png
/controller/static load fail.
2017-09-27 01:01:48
175.167.130.21

/index.php/css/img/iconfont.ttf
/controller/css load fail.
2017-09-27 01:01:48
223.116.203.143

/index.php/js/sensorsdata.min.js
/controller/js load fail.
2017-09-27 01:01:49
223.116.203.143

/index.php/css/img/nav-prd-icon.svg
/controller/css load fail.
2017-09-27 01:01:49
223.116.203.143

/index.php/css/img/scheme-nav-icon.svg
/controller/css load fail.
2017-09-27 01:01:49
223.116.203.143

/index.php/static/images/header-profile.png
/controller/static load fail.
2017-09-27 01:02:04
175.167.130.21

/index.php/static/images/header-profile.png
/controller/static load fail.
2017-09-27 01:02:14
175.167.130.21

/index.php/static/images/header-profile.png
/controller/static load fail.
2017-09-27 01:04:31
175.167.130.21

/index.php/static/images/header-profile.png
/controller/static load fail.
2017-09-27 01:04:34
175.167.130.21

/index.php/static/images/header-profile.png
/controller/static load fail.
2017-09-27 01:04:38
175.167.130.21

/index.php/static/images/header-profile.png
/controller/static load fail.
2017-09-27 01:04:45
175.167.130.21

/index.php/static/images/header-profile.png
/controller/static load fail.
2017-09-27 01:05:02
175.167.130.21

/index.php/static/images/header-profile.png
/controller/static load fail.
2017-09-27 01:05:13
175.167.130.21

/index.php/static/images/header-profile.png
/controller/static load fail.
2017-09-27 01:06:08
175.167.130.21

/index.php/static/images/header-profile.png
/controller/static load fail.
2017-09-27 01:08:50
124.92.82.127

/index.php/static/images/header-profile.png
/controller/static load fail.
2017-09-27 01:08:56
124.92.82.127

/index.php/static/images/header-profile.png
/controller/static load fail.
2017-09-27 01:08:56
124.92.82.127

/index.php/static/images/header-profile.png
/controller/static load fail.
2017-09-27 01:09:14
124.92.82.127

/index.php/static/images/header-profile.png
/controller/static load fail.
2017-09-27 01:09:22
124.92.82.127

/index.php/static/images/header-profile.png
/controller/static load fail.
2017-09-27 01:10:09
124.92.82.127

/index.php/static/images/header-profile.png
/controller/static load fail.
2017-09-27 01:10:10
124.92.82.127

/index.php/static/images/header-profile.png
/controller/static load fail.
2017-09-27 01:10:44
124.92.82.127

/index.php/static/images/header-profile.png
/controller/static load fail.
2017-09-27 01:11:05
175.167.130.21

/index.php/static/images/header-profile.png
/controller/static load fail.
2017-09-27 01:11:37
124.92.82.127

/index.php/static/images/header-profile.png
/controller/static load fail.
2017-09-27 01:12:17
124.92.82.127

/index.php/static/images/header-profile.png
/controller/static load fail.
2017-09-27 01:12:22
124.92.82.127

/index.php/static/images/header-profile.png
/controller/static load fail.
2017-09-27 01:12:24
124.92.82.127

/index.php/static/images/header-profile.png
/controller/static load fail.
2017-09-27 01:12:26
124.92.82.127

/index.php/static/images/header-profile.png
/controller/static load fail.
2017-09-27 01:12:27
124.92.82.127

/index.php/static/images/header-profile.png
/controller/static load fail.
2017-09-27 01:12:28
124.92.82.127

/index.php/static/images/header-profile.png
/controller/static load fail.
2017-09-27 01:12:52
124.92.82.127

/index.php/static/images/header-profile.png
/controller/static load fail.
2017-09-27 01:14:24
124.92.82.127

/index.php/static/images/header-profile.png
/controller/static load fail.
2017-09-27 01:15:27
124.92.82.127

/index.php/static/images/header-profile.png
/controller/static load fail.
2017-09-27 01:15:34
124.92.82.127

/index.php/static/images/header-profile.png
/controller/static load fail.
2017-09-27 01:15:55
124.92.82.127

/index.php/static/images/header-profile.png
/controller/static load fail.
2017-09-27 01:16:00
124.92.82.127

/index.php/static/images/header-profile.png
/controller/static load fail.
2017-09-27 01:16:01
124.92.82.127

/index.php/static/images/header-profile.png
/controller/static load fail.
2017-09-27 01:18:32
124.92.82.127

/index.php/static/images/header-profile.png
/controller/static load fail.
2017-09-27 01:18:33
124.92.82.127

/index.php/static/images/header-profile.png
/controller/static load fail.
2017-09-27 01:21:28
124.92.82.127

/index.php/static/images/header-profile.png
/controller/static load fail.
2017-09-27 01:22:04
124.92.82.127

/index.php/static/images/header-profile.png
/controller/static load fail.
2017-09-27 01:25:13
124.92.82.127

/index.php/static/images/header-profile.png
/controller/static load fail.
2017-09-27 01:25:30
124.92.82.127

/index.php/static/images/header-profile.png
/controller/static load fail.
2017-09-27 01:28:32
124.92.82.127

/index.php/static/images/header-profile.png
/controller/static load fail.
2017-09-27 01:28:36
124.92.82.127

/index.php/static/images/header-profile.png
/controller/static load fail.
2017-09-27 01:28:40
124.92.82.127

/index.php/static/images/header-profile.png
/controller/static load fail.
2017-09-27 01:33:03
124.92.82.127

/index.php/static/images/header-profile.png
/controller/static load fail.
2017-09-27 01:36:54
175.167.130.21

/index.php/static/images/header-profile.png
/controller/static load fail.
2017-09-27 01:36:58
175.167.130.21

/index.php/static/images/header-profile.png
/controller/static load fail.
2017-09-27 01:37:05
175.167.130.21

/index.php/static/images/header-profile.png
/controller/static load fail.
2017-09-27 01:37:22
124.92.82.127

/index.php/static/images/header-profile.png
/controller/static load fail.
2017-09-27 01:37:56
124.92.82.127

/index.php/script/jquery.js
/controller/script load fail.
2017-09-27 01:43:12
140.207.124.105

/index.php/script/jquery.js
/controller/script load fail.
2017-09-27 01:43:12
140.207.124.105

/index.php/script/jquery.js
/controller/script load fail.
2017-09-27 01:43:13
140.207.124.105

/index.php/script/jquery.js
/controller/script load fail.
2017-09-27 01:43:13
140.207.124.105

/index.php/css/img/iconfont.ttf
/controller/css load fail.
2017-09-27 01:43:14
140.207.124.105

/index.php/js/sensorsdata.min.js
/controller/js load fail.
2017-09-27 01:43:14
140.207.124.105

/index.php/static/images/header-profile.png
/controller/static load fail.
2017-09-27 01:53:53
124.92.82.127

/index.php/static/images/header-profile.png
/controller/static load fail.
2017-09-27 01:56:20
124.92.82.127

/index.php/static/images/header-profile.png
/controller/static load fail.
2017-09-27 01:56:24
124.92.82.127

/index.php/static/images/header-profile.png
/controller/static load fail.
2017-09-27 02:04:19
124.92.82.127

/index.php/script/jquery.js
/controller/script load fail.
2017-09-27 02:06:00
125.84.82.95

/index.php/css/img/iconfont.ttf
/controller/css load fail.
2017-09-27 02:06:01
125.84.82.95

/index.php/script/jquery.js
/controller/script load fail.
2017-09-27 02:09:45
222.213.223.125

/index.php/css/img/iconfont.ttf
/controller/css load fail.
2017-09-27 02:09:46
222.213.223.125

/index.php/static/images/header-profile.png
/controller/static load fail.
2017-09-27 02:14:45
124.92.82.127

/index.php/static/images/header-profile.png
/controller/static load fail.
2017-09-27 02:14:46
124.92.82.127

/index.php/static/images/header-profile.png
/controller/static load fail.
2017-09-27 02:16:45
124.92.82.127

/index.php/static/images/header-profile.png
/controller/static load fail.
2017-09-27 02:16:49
124.92.82.127

/index.php/static/images/header-profile.png
/controller/static load fail.
2017-09-27 02:16:52
124.92.82.127

/index.php/ewmadmin/js/skin/layer.css
/controller/ewmadmin load fail.
2017-09-27 02:21:02
118.119.100.77

/index.php/ewmadmin/js/bg5.jpg
/controller/ewmadmin load fail.
2017-09-27 02:21:02
118.119.100.77

/index.php/ewmadmin/js/skin/layer.css
/controller/ewmadmin load fail.
2017-09-27 02:21:07
118.119.100.77

/index.php/ewmadmin/js/bg5.jpg
/controller/ewmadmin load fail.
2017-09-27 02:21:07
118.119.100.77

/index.php/ewmadmin/js/skin/layer.css
/controller/ewmadmin load fail.
2017-09-27 02:21:10
118.119.100.77

/index.php/ewmadmin/js/bg5.jpg
/controller/ewmadmin load fail.
2017-09-27 02:21:10
118.119.100.77

/index.php/static/images/header-profile.png
/controller/static load fail.
2017-09-27 02:21:16
124.92.82.127

/index.php/static/images/header-profile.png
/controller/static load fail.
2017-09-27 02:21:18
124.92.82.127

/index.php/static/images/header-profile.png
/controller/static load fail.
2017-09-27 02:21:21
124.92.82.127

/index.php/static/images/header-profile.png
/controller/static load fail.
2017-09-27 02:21:24
124.92.82.127

/index.php/static/images/header-profile.png
/controller/static load fail.
2017-09-27 02:21:28
124.92.82.127

/index.php/ewmadmin/js/skin/layer.css
/controller/ewmadmin load fail.
2017-09-27 02:21:34
118.119.100.77

/index.php/ewmadmin/js/bg5.jpg
/controller/ewmadmin load fail.
2017-09-27 02:21:34
118.119.100.77

/index.php/ewmadmin/js/skin/layer.css
/controller/ewmadmin load fail.
2017-09-27 02:21:39
118.119.100.77

/index.php/ewmadmin/js/bg5.jpg
/controller/ewmadmin load fail.
2017-09-27 02:21:39
118.119.100.77

/index.php/ewmadmin/js/skin/layer.css
/controller/ewmadmin load fail.
2017-09-27 02:22:07
118.119.100.77

/index.php/ewmadmin/js/bg5.jpg
/controller/ewmadmin load fail.
2017-09-27 02:22:07
118.119.100.77

/index.php/ewmadmin/js/skin/layer.css
/controller/ewmadmin load fail.
2017-09-27 02:22:09
118.119.100.77

/index.php/ewmadmin/js/bg5.jpg
/controller/ewmadmin load fail.
2017-09-27 02:22:09
118.119.100.77

/index.php/ewmadmin/js/skin/layer.css
/controller/ewmadmin load fail.
2017-09-27 02:22:11
118.119.100.77

/index.php/ewmadmin/js/skin/layer.css
/controller/ewmadmin load fail.
2017-09-27 02:22:13
118.119.100.77

/index.php/ewmadmin/js/skin/layer.css
/controller/ewmadmin load fail.
2017-09-27 02:25:33
118.119.100.77

/index.php/ewmadmin/js/skin/layer.css
/controller/ewmadmin load fail.
2017-09-27 02:25:40
118.119.100.77

/index.php/ewmadmin/js/skin/layer.css
/controller/ewmadmin load fail.
2017-09-27 02:25:55
118.119.100.77

/index.php/ewmadmin/js/skin/layer.css
/controller/ewmadmin load fail.
2017-09-27 02:25:58
118.119.100.77

/index.php/ewmadmin/js/skin/layer.css
/controller/ewmadmin load fail.
2017-09-27 02:26:01
118.119.100.77

/index.php/ewmadmin/js/skin/layer.css
/controller/ewmadmin load fail.
2017-09-27 02:26:03
118.119.100.77

/index.php/ewmadmin/js/skin/layer.css
/controller/ewmadmin load fail.
2017-09-27 02:28:03
118.119.100.77

/index.php/ewmadmin/js/skin/layer.css
/controller/ewmadmin load fail.
2017-09-27 02:29:30
118.119.100.77

/index.php/ewmadmin/js/skin/layer.css
/controller/ewmadmin load fail.
2017-09-27 02:29:33
118.119.100.77

/index.php/ewmadmin/js/skin/layer.css
/controller/ewmadmin load fail.
2017-09-27 02:29:36
118.119.100.77

/index.php/ewmadmin/js/skin/layer.css
/controller/ewmadmin load fail.
2017-09-27 02:29:38
118.119.100.77

/index.php/ewmadmin/js/skin/layer.css
/controller/ewmadmin load fail.
2017-09-27 02:29:41
118.119.100.77

/index.php/ewmadmin/js/skin/layer.css
/controller/ewmadmin load fail.
2017-09-27 02:29:43
118.119.100.77

/index.php/ewmadmin/js/skin/layer.css
/controller/ewmadmin load fail.
2017-09-27 02:29:50
118.119.100.77

/index.php/ewmadmin/js/skin/layer.css
/controller/ewmadmin load fail.
2017-09-27 02:30:57
118.119.100.77

/index.php/ewmadmin/js/skin/layer.css
/controller/ewmadmin load fail.
2017-09-27 02:31:12
118.119.100.77

/index.php/ewmadmin/js/skin/layer.css
/controller/ewmadmin load fail.
2017-09-27 02:31:14
118.119.100.77

/index.php/ewmadmin/js/skin/layer.css
/controller/ewmadmin load fail.
2017-09-27 02:31:17
118.119.100.77

/index.php/ewmadmin/js/skin/layer.css
/controller/ewmadmin load fail.
2017-09-27 02:31:19
118.119.100.77

/index.php/ewmadmin/js/skin/layer.css
/controller/ewmadmin load fail.
2017-09-27 02:38:46
222.213.223.125

/index.php/ewmadmin/js/skin/layer.css
/controller/ewmadmin load fail.
2017-09-27 02:38:49
222.213.223.125

/index.php/ewmadmin/js/skin/layer.css
/controller/ewmadmin load fail.
2017-09-27 02:42:03
222.213.223.125

/index.php/ewmadmin/js/skin/layer.css
/controller/ewmadmin load fail.
2017-09-27 02:42:10
222.213.223.125

/index.php/ewmadmin/js/skin/layer.css
/controller/ewmadmin load fail.
2017-09-27 02:42:16
222.213.223.125

/index.php/ewmadmin/js/skin/layer.css
/controller/ewmadmin load fail.
2017-09-27 02:42:19
222.213.223.125

/index.php/static/images/header-profile.png
/controller/static load fail.
2017-09-27 02:57:13
124.92.82.127

/index.php/static/images/header-profile.png
/controller/static load fail.
2017-09-27 02:57:15
124.92.82.127

/index.php/ewmadmin/js/skin/layer.css
/controller/ewmadmin load fail.
2017-09-27 03:00:19
222.213.223.125

/index.php/ewmadmin/js/skin/layer.css
/controller/ewmadmin load fail.
2017-09-27 03:00:22
118.119.100.77

/index.php/ewmadmin/js/skin/layer.css
/controller/ewmadmin load fail.
2017-09-27 03:00:28
118.119.100.77

/index.php/ewmadmin/js/skin/layer.css
/controller/ewmadmin load fail.
2017-09-27 03:02:11
118.119.100.77

/index.php/ewmadmin/js/bg5.jpg
/controller/ewmadmin load fail.
2017-09-27 03:02:11
118.119.100.77

/index.php/ewmadmin/js/skin/layer.css
/controller/ewmadmin load fail.
2017-09-27 03:02:14
118.119.100.77

/index.php/ewmadmin/js/bg5.jpg
/controller/ewmadmin load fail.
2017-09-27 03:02:14
222.213.223.125

/index.php/ewmadmin/js/bg5.jpg
/controller/ewmadmin load fail.
2017-09-27 03:02:20
118.119.100.77

/index.php/ewmadmin/js/skin/layer.css
/controller/ewmadmin load fail.
2017-09-27 03:02:24
118.119.100.77

/index.php/ewmadmin/js/bg5.jpg
/controller/ewmadmin load fail.
2017-09-27 03:02:24
222.213.223.125

/index.php/ewmadmin/js/skin/layer.css
/controller/ewmadmin load fail.
2017-09-27 03:08:48
118.119.100.77

/index.php/ewmadmin/js/skin/layer.css
/controller/ewmadmin load fail.
2017-09-27 03:13:23
118.119.100.77

/index.php/ewmadmin/js/skin/layer.css
/controller/ewmadmin load fail.
2017-09-27 03:17:18
118.119.100.77

/index.php/ewmadmin/js/bg5.jpg
/controller/ewmadmin load fail.
2017-09-27 03:17:18
118.119.100.77

/index.php/ewmadmin/js/skin/layer.css
/controller/ewmadmin load fail.
2017-09-27 03:18:05
118.119.100.77

/index.php/ewmadmin/js/bg5.jpg
/controller/ewmadmin load fail.
2017-09-27 03:18:05
118.119.100.77

/index.php/ewmadmin/js/skin/layer.css
/controller/ewmadmin load fail.
2017-09-27 03:19:29
118.119.100.77

/index.php/ewmadmin/js/bg5.jpg
/controller/ewmadmin load fail.
2017-09-27 03:19:29
118.119.100.77

/index.php/ewmadmin/js/skin/layer.css
/controller/ewmadmin load fail.
2017-09-27 03:20:08
118.119.100.77

/index.php/ewmadmin/js/bg5.jpg
/controller/ewmadmin load fail.
2017-09-27 03:20:08
118.119.100.77

/index.php/ewmadmin/js/skin/layer.css
/controller/ewmadmin load fail.
2017-09-27 03:21:18
118.119.100.77

/index.php/ewmadmin/js/bg5.jpg
/controller/ewmadmin load fail.
2017-09-27 03:21:18
118.119.100.77

/index.php/script/jquery.js
/controller/script load fail.
2017-09-27 06:18:54
125.84.84.133

/index.php/css/img/iconfont.ttf
/controller/css load fail.
2017-09-27 06:18:54
125.84.84.133

/index.php/static/images/header-profile.png
/controller/static load fail.
2017-09-27 06:19:02
125.84.84.133

/index.php/static/images/header-profile.png
/controller/static load fail.
2017-09-27 06:19:05
125.84.84.133

/index.php/static/images/header-profile.png
/controller/static load fail.
2017-09-27 06:19:11
125.84.84.133

/index.php/static/images/header-profile.png
/controller/static load fail.
2017-09-27 06:19:17
125.84.84.133

/index.php/static/images/header-profile.png
/controller/static load fail.
2017-09-27 06:19:19
125.84.84.133

/index.php/static/images/header-profile.png
/controller/static load fail.
2017-09-27 06:19:32
125.84.84.133

/index.php/static/images/header-profile.png
/controller/static load fail.
2017-09-27 06:19:34
125.84.84.133

/index.php/static/images/header-profile.png
/controller/static load fail.
2017-09-27 06:19:38
125.84.84.133

/index.php/static/images/header-profile.png
/controller/static load fail.
2017-09-27 06:19:43
125.84.84.133

/index.php/script/jquery.js
/controller/script load fail.
2017-09-27 06:21:07
101.226.65.102

/index.php/script/jquery.js
/controller/script load fail.
2017-09-27 06:21:07
101.226.65.102

/index.php/script/jquery.js
/controller/script load fail.
2017-09-27 06:21:07
101.226.65.102

/index.php/script/jquery.js
/controller/script load fail.
2017-09-27 06:21:07
101.226.65.102

/index.php/css/img/iconfont.ttf
/controller/css load fail.
2017-09-27 06:21:08
101.226.65.102

/index.php/js/sensorsdata.min.js
/controller/js load fail.
2017-09-27 06:21:08
101.226.65.102

/index.php/static/images/header-profile.png
/controller/static load fail.
2017-09-27 06:56:58
124.92.82.127

/index.php/static/images/header-profile.png
/controller/static load fail.
2017-09-27 06:57:40
124.92.82.127

/index.php/static/images/header-profile.png
/controller/static load fail.
2017-09-27 06:57:46
124.92.82.127

/index.php/static/images/header-profile.png
/controller/static load fail.
2017-09-27 06:57:49
124.92.82.127

/index.php/static/images/header-profile.png
/controller/static load fail.
2017-09-27 06:58:09
124.92.82.127

/index.php/script/jquery.js
/controller/script load fail.
2017-09-27 06:58:16
124.92.82.127

/index.php/css/img/iconfont.ttf
/controller/css load fail.
2017-09-27 06:58:16
124.92.82.127

/index.php/static/images/header-profile.png
/controller/static load fail.
2017-09-27 06:58:18
124.92.82.127

/index.php/static/images/header-profile.png
/controller/static load fail.
2017-09-27 06:58:35
124.92.82.127

/index.php/static/images/header-profile.png
/controller/static load fail.
2017-09-27 06:58:38
124.92.82.127

/index.php/static/images/header-profile.png
/controller/static load fail.
2017-09-27 06:58:41
124.92.82.127

/index.php/static/images/header-profile.png
/controller/static load fail.
2017-09-27 06:58:46
124.92.82.127

/index.php/static/images/header-profile.png
/controller/static load fail.
2017-09-27 06:58:50
124.92.82.127

/index.php/static/images/header-profile.png
/controller/static load fail.
2017-09-27 07:01:24
124.92.82.127

/index.php/static/images/header-profile.png
/controller/static load fail.
2017-09-27 07:01:28
124.92.82.127

/index.php/static/images/header-profile.png
/controller/static load fail.
2017-09-27 07:01:31
124.92.82.127

/index.php/static/images/header-profile.png
/controller/static load fail.
2017-09-27 07:06:04
124.92.82.127

/index.php/static/images/header-profile.png
/controller/static load fail.
2017-09-27 07:15:58
124.92.82.127

/index.php/static/images/header-profile.png
/controller/static load fail.
2017-09-27 07:16:01
124.92.82.127

/index.php/static/images/header-profile.png
/controller/static load fail.
2017-09-27 07:16:03
124.92.82.127

/index.php/static/images/header-profile.png
/controller/static load fail.
2017-09-27 07:16:08
124.92.82.127

/index.php/static/images/header-profile.png
/controller/static load fail.
2017-09-27 07:16:14
124.92.82.127

/index.php/static/images/header-profile.png
/controller/static load fail.
2017-09-27 07:20:21
124.92.82.127

/index.php/static/images/header-profile.png
/controller/static load fail.
2017-09-27 07:20:24
124.92.82.127

/index.php/static/images/header-profile.png
/controller/static load fail.
2017-09-27 07:21:42
124.92.82.127

/index.php/static/images/header-profile.png
/controller/static load fail.
2017-09-27 07:21:44
124.92.82.127

/index.php/static/images/header-profile.png
/controller/static load fail.
2017-09-27 07:21:48
124.92.82.127

/index.php/static/images/header-profile.png
/controller/static load fail.
2017-09-27 07:25:16
124.92.82.127

/index.php/static/images/header-profile.png
/controller/static load fail.
2017-09-27 07:25:18
124.92.82.127

/index.php/static/images/header-profile.png
/controller/static load fail.
2017-09-27 07:25:24
124.92.82.127

/index.php/static/images/header-profile.png
/controller/static load fail.
2017-09-27 07:25:45
124.92.82.127

/index.php/static/images/header-profile.png
/controller/static load fail.
2017-09-27 07:25:47
124.92.82.127

/index.php/static/images/header-profile.png
/controller/static load fail.
2017-09-27 07:25:50
124.92.82.127

/index.php/static/images/header-profile.png
/controller/static load fail.
2017-09-27 07:29:58
124.92.82.127

/index.php/static/images/header-profile.png
/controller/static load fail.
2017-09-27 07:30:02
124.92.82.127

/index.php/static/images/header-profile.png
/controller/static load fail.
2017-09-27 07:30:21
124.92.82.127

/index.php/static/images/header-profile.png
/controller/static load fail.
2017-09-27 07:30:24
124.92.82.127

/index.php/static/images/header-profile.png
/controller/static load fail.
2017-09-27 07:30:34
124.92.82.127

/index.php/static/images/header-profile.png
/controller/static load fail.
2017-09-27 07:30:38
124.92.82.127

/index.php/static/images/header-profile.png
/controller/static load fail.
2017-09-27 07:31:55
124.92.82.127

/index.php/static/images/header-profile.png
/controller/static load fail.
2017-09-27 07:31:57
124.92.82.127

/index.php/static/images/header-profile.png
/controller/static load fail.
2017-09-27 07:32:01
124.92.82.127

/index.php/static/images/header-profile.png
/controller/static load fail.
2017-09-27 07:32:05
124.92.82.127

/index.php/script/jquery.js
/controller/script load fail.
2017-09-27 08:09:16
42.156.251.194

/index.php/script/jquery.js
/controller/script load fail.
2017-09-27 08:09:16
42.156.251.194

/index.php/css/img/iconfont.ttf
/controller/css load fail.
2017-09-27 08:09:17
42.156.251.194

/index.php/js/sensorsdata.min.js
/controller/js load fail.
2017-09-27 08:09:17
42.156.251.194

/index.php/script/jquery.js
/controller/script load fail.
2017-09-27 09:12:50
14.215.176.146

/index.php/script/jquery.js
/controller/script load fail.
2017-09-27 09:12:50
14.215.176.147

/index.php/js/sensorsdata.min.js
/controller/js load fail.
2017-09-27 09:12:50
14.215.176.147

/index.php/css/img/iconfont.ttf
/controller/css load fail.
2017-09-27 09:12:50
14.215.176.147

/index.php/script/jquery.js
/controller/script load fail.
2017-09-27 09:12:56
111.11.6.62

/index.php/script/jquery.js
/controller/script load fail.
2017-09-27 09:12:58
111.11.6.62

/index.php/js/sensorsdata.min.js
/controller/js load fail.
2017-09-27 09:12:59
111.11.6.62

/index.php/css/img/nav-prd-icon.svg
/controller/css load fail.
2017-09-27 09:12:59
111.11.6.62

/index.php/css/img/iconfont.ttf
/controller/css load fail.
2017-09-27 09:12:59
111.11.6.62

/index.php/css/img/scheme-nav-icon.svg
/controller/css load fail.
2017-09-27 09:13:03
111.11.6.62

/index.php/script/jquery.js
/controller/script load fail.
2017-09-27 09:13:06
111.11.6.62

/index.php/js/sensorsdata.min.js
/controller/js load fail.
2017-09-27 09:13:07
111.11.6.62

/index.php/css/img/scheme-nav-icon.svg
/controller/css load fail.
2017-09-27 09:13:07
111.11.6.62

/index.php/css/img/nav-prd-icon.svg
/controller/css load fail.
2017-09-27 09:13:07
111.11.6.62

/index.php/css/img/iconfont.ttf
/controller/css load fail.
2017-09-27 09:13:07
111.11.6.62

/index.php/script/jquery.js
/controller/script load fail.
2017-09-27 09:13:21
111.11.6.62

/index.php/js/sensorsdata.min.js
/controller/js load fail.
2017-09-27 09:13:21
111.11.6.62

/index.php/css/img/nav-prd-icon.svg
/controller/css load fail.
2017-09-27 09:13:21
111.11.6.62

/index.php/css/img/scheme-nav-icon.svg
/controller/css load fail.
2017-09-27 09:13:21
111.11.6.62

/index.php/css/img/iconfont.ttf
/controller/css load fail.
2017-09-27 09:13:23
111.11.6.62

/index.php/script/jquery.js
/controller/script load fail.
2017-09-27 09:13:26
60.163.159.102

/index.php/script/jquery.js
/controller/script load fail.
2017-09-27 09:13:35
60.163.159.102

/index.php/script/jquery.js
/controller/script load fail.
2017-09-27 09:13:36
60.163.159.102

/index.php/css/img/iconfont.ttf
/controller/css load fail.
2017-09-27 09:13:36
60.163.159.102

/index.php/js/sensorsdata.min.js
/controller/js load fail.
2017-09-27 09:13:36
60.163.159.102

/index.php/css/img/scheme-nav-icon.svg
/controller/css load fail.
2017-09-27 09:13:36
60.163.159.102

/index.php/css/img/nav-prd-icon.svg
/controller/css load fail.
2017-09-27 09:13:36
60.163.159.102

/index.php/script/jquery.js
/controller/script load fail.
2017-09-27 09:13:42
60.163.159.102

/index.php/script/jquery.js
/controller/script load fail.
2017-09-27 09:13:43
60.163.159.102

/index.php/js/sensorsdata.min.js
/controller/js load fail.
2017-09-27 09:13:43
60.163.159.102

/index.php/css/img/nav-prd-icon.svg
/controller/css load fail.
2017-09-27 09:13:43
60.163.159.102

/index.php/css/img/scheme-nav-icon.svg
/controller/css load fail.
2017-09-27 09:13:44
60.163.159.102

/index.php/css/img/iconfont.ttf
/controller/css load fail.
2017-09-27 09:13:44
60.163.159.102

/index.php/script/jquery.js
/controller/script load fail.
2017-09-27 09:13:52
60.163.159.102

/index.php/script/jquery.js
/controller/script load fail.
2017-09-27 09:13:52
60.163.159.102

/index.php/js/sensorsdata.min.js
/controller/js load fail.
2017-09-27 09:13:52
60.163.159.102

/index.php/css/img/scheme-nav-icon.svg
/controller/css load fail.
2017-09-27 09:13:52
60.163.159.102

/index.php/css/img/nav-prd-icon.svg
/controller/css load fail.
2017-09-27 09:13:52
60.163.159.102

/index.php/css/img/iconfont.ttf
/controller/css load fail.
2017-09-27 09:13:52
60.163.159.102

/index.php/script/jquery.js
/controller/script load fail.
2017-09-27 09:14:13
60.163.159.102

/index.php/script/jquery.js
/controller/script load fail.
2017-09-27 09:14:13
60.163.159.102

/index.php/js/sensorsdata.min.js
/controller/js load fail.
2017-09-27 09:14:13
60.163.159.102

/index.php/css/img/nav-prd-icon.svg
/controller/css load fail.
2017-09-27 09:14:13
60.163.159.102

/index.php/css/img/scheme-nav-icon.svg
/controller/css load fail.
2017-09-27 09:14:13
60.163.159.102

/index.php/css/img/iconfont.ttf
/controller/css load fail.
2017-09-27 09:14:13
60.163.159.102

/index.php/script/jquery.js
/controller/script load fail.
2017-09-27 09:14:18
101.226.64.177

/index.php/script/jquery.js
/controller/script load fail.
2017-09-27 09:14:18
101.226.64.177

/index.php/script/jquery.js
/controller/script load fail.
2017-09-27 09:14:19
101.226.64.177

/index.php/script/jquery.js
/controller/script load fail.
2017-09-27 09:14:19
101.226.64.177

/index.php/css/img/iconfont.ttf
/controller/css load fail.
2017-09-27 09:14:19
101.226.64.177

/index.php/js/sensorsdata.min.js
/controller/js load fail.
2017-09-27 09:14:20
101.226.64.177

/index.php/script/jquery.js
/controller/script load fail.
2017-09-27 09:14:25
60.163.159.102

/index.php/js/sensorsdata.min.js
/controller/js load fail.
2017-09-27 09:14:26
60.163.159.102

/index.php/css/img/nav-prd-icon.svg
/controller/css load fail.
2017-09-27 09:14:26
60.163.159.102

/index.php/css/img/scheme-nav-icon.svg
/controller/css load fail.
2017-09-27 09:14:26
60.163.159.102

/index.php/css/img/iconfont.ttf
/controller/css load fail.
2017-09-27 09:14:26
60.163.159.102

/index.php/script/jquery.js
/controller/script load fail.
2017-09-27 09:14:35
101.226.33.206

/index.php/script/jquery.js
/controller/script load fail.
2017-09-27 09:14:35
101.226.33.206

/index.php/script/jquery.js
/controller/script load fail.
2017-09-27 09:14:35
101.226.33.206

/index.php/script/jquery.js
/controller/script load fail.
2017-09-27 09:14:35
101.226.33.206

/index.php/css/img/iconfont.ttf
/controller/css load fail.
2017-09-27 09:14:36
101.226.33.206

/index.php/js/sensorsdata.min.js
/controller/js load fail.
2017-09-27 09:14:36
101.226.33.206

/index.php/script/jquery.js
/controller/script load fail.
2017-09-27 09:14:39
60.163.159.102

/index.php/script/jquery.js
/controller/script load fail.
2017-09-27 09:14:40
60.163.159.102

/index.php/js/sensorsdata.min.js
/controller/js load fail.
2017-09-27 09:14:41
60.163.159.102

/index.php/css/img/nav-prd-icon.svg
/controller/css load fail.
2017-09-27 09:14:41
60.163.159.102

/index.php/css/img/scheme-nav-icon.svg
/controller/css load fail.
2017-09-27 09:14:41
60.163.159.102

/index.php/css/img/iconfont.ttf
/controller/css load fail.
2017-09-27 09:14:41
60.163.159.102

/index.php/script/jquery.js
/controller/script load fail.
2017-09-27 09:15:01
60.163.159.102

/index.php/js/sensorsdata.min.js
/controller/js load fail.
2017-09-27 09:15:01
60.163.159.102

/index.php/css/img/nav-prd-icon.svg
/controller/css load fail.
2017-09-27 09:15:01
60.163.159.102

/index.php/css/img/scheme-nav-icon.svg
/controller/css load fail.
2017-09-27 09:15:01
60.163.159.102

/index.php/css/img/iconfont.ttf
/controller/css load fail.
2017-09-27 09:15:01
60.163.159.102

/index.php/script/jquery.js
/controller/script load fail.
2017-09-27 09:15:41
60.163.159.102

/index.php/script/jquery.js
/controller/script load fail.
2017-09-27 09:15:41
60.163.159.102

/index.php/css/img/iconfont.ttf
/controller/css load fail.
2017-09-27 09:15:41
60.163.159.102

/index.php/js/sensorsdata.min.js
/controller/js load fail.
2017-09-27 09:15:41
60.163.159.102

/index.php/css/img/nav-prd-icon.svg
/controller/css load fail.
2017-09-27 09:15:41
60.163.159.102

/index.php/css/img/scheme-nav-icon.svg
/controller/css load fail.
2017-09-27 09:15:41
60.163.159.102

/index.php/script/jquery.js
/controller/script load fail.
2017-09-27 09:16:06
60.163.159.102

/index.php/script/jquery.js
/controller/script load fail.
2017-09-27 09:16:06
60.163.159.102

/index.php/js/sensorsdata.min.js
/controller/js load fail.
2017-09-27 09:16:07
60.163.159.102

/index.php/css/img/nav-prd-icon.svg
/controller/css load fail.
2017-09-27 09:16:07
60.163.159.102

/index.php/css/img/scheme-nav-icon.svg
/controller/css load fail.
2017-09-27 09:16:07
60.163.159.102

/index.php/css/img/iconfont.ttf
/controller/css load fail.
2017-09-27 09:16:07
60.163.159.102

/index.php/script/jquery.js
/controller/script load fail.
2017-09-27 09:33:55
180.163.2.116

/index.php/script/jquery.js
/controller/script load fail.
2017-09-27 09:33:55
180.163.2.116

/index.php/script/jquery.js
/controller/script load fail.
2017-09-27 09:33:55
180.163.2.116

/index.php/script/jquery.js
/controller/script load fail.
2017-09-27 09:33:55
180.163.2.116

/index.php/css/img/iconfont.ttf
/controller/css load fail.
2017-09-27 09:33:56
180.163.2.116

/index.php/js/sensorsdata.min.js
/controller/js load fail.
2017-09-27 09:33:56
180.163.2.116

/index.php/static/images/header-profile.png
/controller/static load fail.
2017-09-27 09:52:04
175.167.130.21

/index.php/static/images/header-profile.png
/controller/static load fail.
2017-09-27 09:52:06
175.167.130.21

/index.php/static/images/header-profile.png
/controller/static load fail.
2017-09-27 10:04:11
175.167.130.21

/index.php/static/images/header-profile.png
/controller/static load fail.
2017-09-27 10:04:14
175.167.130.21

/index.php/static/images/header-profile.png
/controller/static load fail.
2017-09-27 10:04:16
124.92.82.127

/index.php/static/images/header-profile.png
/controller/static load fail.
2017-09-27 10:04:18
124.92.82.127

/index.php/static/images/header-profile.png
/controller/static load fail.
2017-09-27 10:04:21
124.92.82.127

/index.php/ldpay/images/OzUPukVET.png
/controller/ldpay load fail.
2017-09-27 10:17:44
112.11.83.69

/index.php/static/images/header-profile.png
/controller/static load fail.
2017-09-27 10:18:32
124.92.82.127

/index.php/static/images/header-profile.png
/controller/static load fail.
2017-09-27 10:18:34
124.92.82.127

/index.php/pay/mq_alipay/r.php
/controller/pay load fail.
2017-09-27 10:19:46
112.11.83.69

/index.php/static/images/header-profile.png
/controller/static load fail.
2017-09-27 10:24:21
175.167.130.21

/index.php/static/images/header-profile.png
/controller/static load fail.
2017-09-27 10:42:20
124.92.82.127

/index.php/static/images/header-profile.png
/controller/static load fail.
2017-09-27 10:42:23
124.92.82.127

/index.php/static/images/header-profile.png
/controller/static load fail.
2017-09-27 10:42:30
124.92.82.127

/index.php/static/images/header-profile.png
/controller/static load fail.
2017-09-27 10:42:36
124.92.82.127

/index.php/static/images/header-profile.png
/controller/static load fail.
2017-09-27 10:42:43
124.92.82.127

/index.php/static/images/header-profile.png
/controller/static load fail.
2017-09-27 10:42:50
124.92.82.127

/index.php/static/images/header-profile.png
/controller/static load fail.
2017-09-27 10:42:56
124.92.82.127

/index.php/script/jquery.js
/controller/script load fail.
2017-09-27 13:19:04
125.84.84.133

/index.php/css/img/iconfont.ttf
/controller/css load fail.
2017-09-27 13:19:05
125.84.84.133

/index.php/script/jquery.js
/controller/script load fail.
2017-09-27 13:41:38
125.84.84.133

/index.php/css/img/iconfont.ttf
/controller/css load fail.
2017-09-27 13:41:38
125.84.84.133

/index.php/script/jquery.js
/controller/script load fail.
2017-09-27 13:41:46
125.84.84.133

/index.php/css/img/iconfont.ttf
/controller/css load fail.
2017-09-27 13:41:46
125.84.84.133

/index.php/script/jquery.js
/controller/script load fail.
2017-09-27 13:41:55
125.84.84.133

/index.php/css/img/iconfont.ttf
/controller/css load fail.
2017-09-27 13:41:55
125.84.84.133

/index.php/static/images/header-profile.png
/controller/static load fail.
2017-09-27 13:42:03
125.84.84.133

/index.php/static/images/header-profile.png
/controller/static load fail.
2017-09-27 13:42:06
125.84.84.133

/index.php/static/images/header-profile.png
/controller/static load fail.
2017-09-27 13:42:08
125.84.84.133

/index.php/static/images/header-profile.png
/controller/static load fail.
2017-09-27 13:42:15
125.84.84.133

/index.php/script/jquery.js
/controller/script load fail.
2017-09-27 14:24:37
180.99.13.186

/index.php/script/jquery.js
/controller/script load fail.
2017-09-27 14:24:38
180.99.13.186

/index.php/css/img/iconfont.ttf
/controller/css load fail.
2017-09-27 14:24:40
180.99.13.186

/index.php/js/sensorsdata.min.js
/controller/js load fail.
2017-09-27 14:24:44
180.99.13.186

/index.php/css/img/scheme-nav-icon.svg
/controller/css load fail.
2017-09-27 14:24:44
180.99.13.186

/index.php/css/img/nav-prd-icon.svg
/controller/css load fail.
2017-09-27 14:24:45
180.99.13.186

/index.php/script/jquery.js
/controller/script load fail.
2017-09-27 14:24:46
180.99.13.186

/index.php/css/img/iconfont.ttf
/controller/css load fail.
2017-09-27 14:24:47
180.99.13.186

/index.php/js/sensorsdata.min.js
/controller/js load fail.
2017-09-27 14:24:50
180.99.13.186

/index.php/css/img/nav-prd-icon.svg
/controller/css load fail.
2017-09-27 14:24:51
180.99.13.186

/index.php/css/img/scheme-nav-icon.svg
/controller/css load fail.
2017-09-27 14:24:51
180.99.13.186

/index.php/static/images/header-profile.png
/controller/static load fail.
2017-09-27 14:26:32
124.92.82.127

/index.php/static/images/header-profile.png
/controller/static load fail.
2017-09-27 14:26:35
124.92.82.127

/index.php/static/images/header-profile.png
/controller/static load fail.
2017-09-27 14:26:37
124.92.82.127

/index.php/script/jquery.js
/controller/script load fail.
2017-09-27 14:31:46
113.57.183.82

/index.php/script/jquery.js
/controller/script load fail.
2017-09-27 14:31:47
113.57.183.82

/index.php/js/sensorsdata.min.js
/controller/js load fail.
2017-09-27 14:31:47
113.57.183.82

/index.php/css/img/scheme-nav-icon.svg
/controller/css load fail.
2017-09-27 14:31:47
113.57.183.82

/index.php/css/img/nav-prd-icon.svg
/controller/css load fail.
2017-09-27 14:31:47
113.57.183.82

/index.php/css/img/iconfont.ttf
/controller/css load fail.
2017-09-27 14:31:47
113.57.183.82

/index.php/script/jquery.js
/controller/script load fail.
2017-09-27 14:32:06
113.57.183.82

/index.php/js/sensorsdata.min.js
/controller/js load fail.
2017-09-27 14:32:06
113.57.183.82

/index.php/css/img/nav-prd-icon.svg
/controller/css load fail.
2017-09-27 14:32:06
113.57.183.82

/index.php/css/img/scheme-nav-icon.svg
/controller/css load fail.
2017-09-27 14:32:06
113.57.183.82

/index.php/css/img/iconfont.ttf
/controller/css load fail.
2017-09-27 14:32:07
113.57.183.82

/index.php/script/jquery.js
/controller/script load fail.
2017-09-27 14:32:21
113.57.183.82

/index.php/script/jquery.js
/controller/script load fail.
2017-09-27 14:32:22
113.57.183.82

/index.php/js/sensorsdata.min.js
/controller/js load fail.
2017-09-27 14:32:22
113.57.183.82

/index.php/css/img/nav-prd-icon.svg
/controller/css load fail.
2017-09-27 14:32:22
113.57.183.82

/index.php/css/img/scheme-nav-icon.svg
/controller/css load fail.
2017-09-27 14:32:22
113.57.183.82

/index.php/css/img/iconfont.ttf
/controller/css load fail.
2017-09-27 14:32:22
113.57.183.82

/index.php/script/jquery.js
/controller/script load fail.
2017-09-27 14:32:23
113.57.183.82

/index.php/js/sensorsdata.min.js
/controller/js load fail.
2017-09-27 14:32:24
113.57.183.82

/index.php/css/img/nav-prd-icon.svg
/controller/css load fail.
2017-09-27 14:32:24
113.57.183.82

/index.php/css/img/scheme-nav-icon.svg
/controller/css load fail.
2017-09-27 14:32:24
113.57.183.82

/index.php/css/img/iconfont.ttf
/controller/css load fail.
2017-09-27 14:32:24
113.57.183.82

/index.php/appcenter
/controller/appcenter load fail.
2017-09-27 14:49:17
220.181.125.186

/index.php/static/images/header-profile.png
/controller/static load fail.
2017-09-27 15:02:45
124.92.82.127

/index.php/static/images/header-profile.png
/controller/static load fail.
2017-09-27 15:02:47
124.92.82.127

/index.php/static/images/header-profile.png
/controller/static load fail.
2017-09-27 15:03:45
124.92.82.127

/index.php/static/images/header-profile.png
/controller/static load fail.
2017-09-27 15:03:48
124.92.82.127

/index.php/static/images/header-profile.png
/controller/static load fail.
2017-09-27 15:04:09
124.92.82.127

/index.php/static/images/header-profile.png
/controller/static load fail.
2017-09-27 15:05:00
124.92.82.127

/index.php/static/images/header-profile.png
/controller/static load fail.
2017-09-27 15:07:58
124.92.82.127

/index.php/static/images/header-profile.png
/controller/static load fail.
2017-09-27 15:08:10
125.84.84.133

/index.php/static/images/header-profile.png
/controller/static load fail.
2017-09-27 15:08:13
125.84.84.133

/index.php/static/images/header-profile.png
/controller/static load fail.
2017-09-27 15:09:26
124.92.82.127

/index.php/static/images/header-profile.png
/controller/static load fail.
2017-09-27 15:09:51
124.92.82.127

/index.php/static/images/header-profile.png
/controller/static load fail.
2017-09-27 15:10:41
124.92.82.127

/index.php/static/images/header-profile.png
/controller/static load fail.
2017-09-27 15:11:15
124.92.82.127

/index.php/static/images/header-profile.png
/controller/static load fail.
2017-09-27 15:11:19
124.92.82.127

/index.php/static/images/header-profile.png
/controller/static load fail.
2017-09-27 15:12:30
124.92.82.127

/index.php/static/images/header-profile.png
/controller/static load fail.
2017-09-27 15:17:16
124.92.82.127

/index.php/static/images/header-profile.png
/controller/static load fail.
2017-09-27 15:20:53
124.92.82.127

/index.php/static/images/header-profile.png
/controller/static load fail.
2017-09-27 15:21:05
124.92.82.127

/index.php/static/images/header-profile.png
/controller/static load fail.
2017-09-27 15:21:09
124.92.82.127

/index.php/static/images/header-profile.png
/controller/static load fail.
2017-09-27 15:21:48
124.92.82.127

/index.php/static/images/header-profile.png
/controller/static load fail.
2017-09-27 15:21:55
124.92.82.127

/index.php/script/jquery.js
/controller/script load fail.
2017-09-27 15:23:53
39.188.10.76

/index.php/script/jquery.js
/controller/script load fail.
2017-09-27 15:23:53
39.188.10.76

/index.php/js/sensorsdata.min.js
/controller/js load fail.
2017-09-27 15:23:54
39.188.10.76

/index.php/css/img/nav-prd-icon.svg
/controller/css load fail.
2017-09-27 15:23:54
39.188.10.76

/index.php/css/img/scheme-nav-icon.svg
/controller/css load fail.
2017-09-27 15:23:54
39.188.10.76

/index.php/css/img/iconfont.ttf
/controller/css load fail.
2017-09-27 15:23:54
39.188.10.76

/index.php/static/images/header-profile.png
/controller/static load fail.
2017-09-27 15:23:58
124.92.82.127

/index.php/script/jquery.js
/controller/script load fail.
2017-09-27 15:24:03
39.188.10.76

/index.php/js/sensorsdata.min.js
/controller/js load fail.
2017-09-27 15:24:03
39.188.10.76

/index.php/css/img/nav-prd-icon.svg
/controller/css load fail.
2017-09-27 15:24:03
39.188.10.76

/index.php/css/img/scheme-nav-icon.svg
/controller/css load fail.
2017-09-27 15:24:03
39.188.10.76

/index.php/css/img/iconfont.ttf
/controller/css load fail.
2017-09-27 15:24:05
39.188.10.76

/index.php/script/jquery.js
/controller/script load fail.
2017-09-27 15:24:08
39.188.10.76

/index.php/js/sensorsdata.min.js
/controller/js load fail.
2017-09-27 15:24:08
39.188.10.76

/index.php/css/img/nav-prd-icon.svg
/controller/css load fail.
2017-09-27 15:24:08
39.188.10.76

/index.php/css/img/scheme-nav-icon.svg
/controller/css load fail.
2017-09-27 15:24:08
39.188.10.76

/index.php/css/img/iconfont.ttf
/controller/css load fail.
2017-09-27 15:24:08
39.188.10.76

/index.php/script/jquery.js
/controller/script load fail.
2017-09-27 15:24:25
183.129.211.154

/index.php/script/jquery.js
/controller/script load fail.
2017-09-27 15:24:25
183.129.211.154

/index.php/css/moblie/img/jjfa-bga.png
/controller/css load fail.
2017-09-27 15:24:26
39.188.10.76

/index.php/js/sensorsdata.min.js
/controller/js load fail.
2017-09-27 15:24:26
183.129.211.154

/index.php/css/img/iconfont.ttf
/controller/css load fail.
2017-09-27 15:24:26
183.129.211.154

/index.php/css/img/scheme-nav-icon.svg
/controller/css load fail.
2017-09-27 15:24:26
183.129.211.154

/index.php/css/img/nav-prd-icon.svg
/controller/css load fail.
2017-09-27 15:24:26
183.129.211.154

/index.php/script/jquery.js
/controller/script load fail.
2017-09-27 15:24:26
39.188.10.76

/index.php/js/sensorsdata.min.js
/controller/js load fail.
2017-09-27 15:24:26
39.188.10.76

/index.php/css/img/scheme-nav-icon.svg
/controller/css load fail.
2017-09-27 15:24:26
39.188.10.76

/index.php/css/img/nav-prd-icon.svg
/controller/css load fail.
2017-09-27 15:24:26
39.188.10.76

/index.php/css/img/iconfont.ttf
/controller/css load fail.
2017-09-27 15:24:26
39.188.10.76

/index.php/css/moblie/img/jjfa-icon_6.png
/controller/css load fail.
2017-09-27 15:24:28
39.188.10.76

/index.php/css/img/iconfont.ttf
/controller/css load fail.
2017-09-27 15:24:44
183.129.211.154

/index.php/script/jquery.js
/controller/script load fail.
2017-09-27 15:24:44
39.188.10.76

/index.php/script/jquery.js
/controller/script load fail.
2017-09-27 15:24:44
39.188.10.76

/index.php/script/jquery.js
/controller/script load fail.
2017-09-27 15:24:44
183.129.211.154

/index.php/js/sensorsdata.min.js
/controller/js load fail.
2017-09-27 15:24:44
39.188.10.76

/index.php/css/img/nav-prd-icon.svg
/controller/css load fail.
2017-09-27 15:24:44
39.188.10.76

/index.php/css/img/scheme-nav-icon.svg
/controller/css load fail.
2017-09-27 15:24:44
39.188.10.76

/index.php/js/sensorsdata.min.js
/controller/js load fail.
2017-09-27 15:24:44
183.129.211.154

/index.php/css/img/nav-prd-icon.svg
/controller/css load fail.
2017-09-27 15:24:44
183.129.211.154

/index.php/css/img/scheme-nav-icon.svg
/controller/css load fail.
2017-09-27 15:24:44
183.129.211.154

/index.php/css/img/iconfont.ttf
/controller/css load fail.
2017-09-27 15:24:45
183.129.211.154

/index.php/css/img/iconfont.ttf
/controller/css load fail.
2017-09-27 15:24:45
39.188.10.76

/index.php/css/moblie/img/jjfa-icon_8.png
/controller/css load fail.
2017-09-27 15:25:06
39.188.10.76

/index.php/css/moblie/img/jjfa-bga.png
/controller/css load fail.
2017-09-27 15:25:06
39.188.10.76

/index.php/script/jquery.js
/controller/script load fail.
2017-09-27 15:25:06
39.188.10.76

/index.php/js/sensorsdata.min.js
/controller/js load fail.
2017-09-27 15:25:06
39.188.10.76

/index.php/css/img/scheme-nav-icon.svg
/controller/css load fail.
2017-09-27 15:25:07
39.188.10.76

/index.php/css/img/nav-prd-icon.svg
/controller/css load fail.
2017-09-27 15:25:07
39.188.10.76

/index.php/css/img/iconfont.ttf
/controller/css load fail.
2017-09-27 15:25:07
39.188.10.76

/index.php/script/jquery.js
/controller/script load fail.
2017-09-27 15:25:09
39.188.10.76

/index.php/css/img/scheme-nav-icon.svg
/controller/css load fail.
2017-09-27 15:25:09
39.188.10.76

/index.php/css/img/nav-prd-icon.svg
/controller/css load fail.
2017-09-27 15:25:09
39.188.10.76

/index.php/js/sensorsdata.min.js
/controller/js load fail.
2017-09-27 15:25:09
39.188.10.76

/index.php/css/img/iconfont.ttf
/controller/css load fail.
2017-09-27 15:25:09
39.188.10.76

/index.php/script/jquery.js
/controller/script load fail.
2017-09-27 15:25:11
39.188.10.76

/index.php/js/sensorsdata.min.js
/controller/js load fail.
2017-09-27 15:25:11
39.188.10.76

/index.php/css/img/scheme-nav-icon.svg
/controller/css load fail.
2017-09-27 15:25:11
39.188.10.76

/index.php/css/img/nav-prd-icon.svg
/controller/css load fail.
2017-09-27 15:25:11
39.188.10.76

/index.php/css/img/iconfont.ttf
/controller/css load fail.
2017-09-27 15:25:11
39.188.10.76

/index.php/static/images/header-profile.png
/controller/static load fail.
2017-09-27 15:32:49
124.92.82.127

/index.php/static/images/header-profile.png
/controller/static load fail.
2017-09-27 15:56:31
124.92.82.127

/index.php/static/images/header-profile.png
/controller/static load fail.
2017-09-27 15:56:33
124.92.82.127

/index.php/static/images/header-profile.png
/controller/static load fail.
2017-09-27 16:33:04
124.92.82.127

/index.php/static/images/header-profile.png
/controller/static load fail.
2017-09-27 17:37:58
124.92.82.127

/index.php/script/jquery.js
/controller/script load fail.
2017-09-27 17:55:52
125.84.84.133

/index.php/css/img/iconfont.ttf
/controller/css load fail.
2017-09-27 17:55:52
125.84.84.133

/index.php/static/images/header-profile.png
/controller/static load fail.
2017-09-27 17:55:55
125.84.84.133

/index.php/demo/images/favicon.ico
/controller/demo load fail.
2017-09-27 17:55:59
125.84.84.133

/index.php/ldpay/images/OzUPukVET.png
/controller/ldpay load fail.
2017-09-27 17:56:02
125.84.84.133

/index.php/demo/images/favicon.ico
/controller/demo load fail.
2017-09-27 17:57:16
121.21.24.184

/index.php/demo/images/favicon.ico
/controller/demo load fail.
2017-09-27 17:57:17
121.21.24.184

/index.php/pay/mq_alipay/r.php
/controller/pay load fail.
2017-09-27 18:56:43
118.77.50.147

/index.php/script/jquery.js
/controller/script load fail.
2017-09-27 19:35:10
61.153.49.50

/index.php/js/sensorsdata.min.js
/controller/js load fail.
2017-09-27 19:35:11
61.153.49.50

/index.php/css/img/iconfont.ttf
/controller/css load fail.
2017-09-27 19:35:11
61.153.49.50

/index.php/css/img/nav-prd-icon.svg
/controller/css load fail.
2017-09-27 19:35:11
61.153.49.50

/index.php/css/img/scheme-nav-icon.svg
/controller/css load fail.
2017-09-27 19:35:11
61.153.49.50

/index.php/script/jquery.js
/controller/script load fail.
2017-09-27 19:35:28
61.153.49.50

/index.php/script/jquery.js
/controller/script load fail.
2017-09-27 19:35:28
61.153.49.50

/index.php/js/sensorsdata.min.js
/controller/js load fail.
2017-09-27 19:35:29
61.153.49.50

/index.php/css/img/scheme-nav-icon.svg
/controller/css load fail.
2017-09-27 19:35:29
61.153.49.50

/index.php/css/img/nav-prd-icon.svg
/controller/css load fail.
2017-09-27 19:35:29
61.153.49.50

/index.php/css/img/iconfont.ttf
/controller/css load fail.
2017-09-27 19:35:29
61.153.49.50

/index.php/script/jquery.js
/controller/script load fail.
2017-09-27 19:35:47
61.153.49.50

/index.php/script/jquery.js
/controller/script load fail.
2017-09-27 19:35:47
61.153.49.50

/index.php/js/sensorsdata.min.js
/controller/js load fail.
2017-09-27 19:35:48
61.153.49.50

/index.php/css/img/scheme-nav-icon.svg
/controller/css load fail.
2017-09-27 19:35:48
61.153.49.50

/index.php/css/img/nav-prd-icon.svg
/controller/css load fail.
2017-09-27 19:35:48
61.153.49.50

/index.php/css/img/iconfont.ttf
/controller/css load fail.
2017-09-27 19:35:48
61.153.49.50

/index.php/script/jquery.js
/controller/script load fail.
2017-09-27 19:35:50
61.153.49.50

/index.php/css/img/iconfont.ttf
/controller/css load fail.
2017-09-27 19:35:51
61.153.49.50

/index.php/js/sensorsdata.min.js
/controller/js load fail.
2017-09-27 19:35:51
61.153.49.50

/index.php/css/img/scheme-nav-icon.svg
/controller/css load fail.
2017-09-27 19:35:51
61.153.49.50

/index.php/css/img/nav-prd-icon.svg
/controller/css load fail.
2017-09-27 19:35:51
61.153.49.50

/index.php/css/img/iconfont.ttf
/controller/css load fail.
2017-09-27 19:35:51
61.153.49.50

/index.php/js/sensorsdata.min.js
/controller/js load fail.
2017-09-27 19:35:53
61.153.49.50

/index.php/css/img/nav-prd-icon.svg
/controller/css load fail.
2017-09-27 19:35:53
61.153.49.50

/index.php/css/img/scheme-nav-icon.svg
/controller/css load fail.
2017-09-27 19:35:53
61.153.49.50

/index.php/css/img/iconfont.ttf
/controller/css load fail.
2017-09-27 19:35:53
61.153.49.50

/index.php/pay/mq_alipay/r.php
/controller/pay load fail.
2017-09-27 19:58:48
1.68.52.230

/index.php/script/jquery.js
/controller/script load fail.
2017-09-27 22:03:33
117.31.74.81

/index.php/js/sensorsdata.min.js
/controller/js load fail.
2017-09-27 22:03:34
117.31.74.81

/index.php/css/img/nav-prd-icon.svg
/controller/css load fail.
2017-09-27 22:03:35
117.31.74.81

/index.php/css/img/scheme-nav-icon.svg
/controller/css load fail.
2017-09-27 22:03:35
117.31.74.81

/index.php/css/img/iconfont.ttf
/controller/css load fail.
2017-09-27 22:03:35
117.31.74.81

/index.php/script/jquery.js
/controller/script load fail.
2017-09-27 22:04:21
220.181.132.193

/index.php/js/sensorsdata.min.js
/controller/js load fail.
2017-09-27 22:04:21
220.181.132.193

/index.php/css/img/iconfont.ttf
/controller/css load fail.
2017-09-27 22:04:21
220.181.132.193

/index.php/script/jquery.js
/controller/script load fail.
2017-09-27 22:22:49
113.140.109.25

/index.php/css/img/iconfont.ttf
/controller/css load fail.
2017-09-27 22:22:49
113.140.109.25

/index.php/script/jquery.js
/controller/script load fail.
2017-09-27 22:56:29
182.118.20.144

/index.php/css/img/iconfont.ttf
/controller/css load fail.
2017-09-27 22:56:30
182.118.20.144

