/index.php/demo/need/layer.css
/controller/demo load fail.
2017-11-27 01:36:00
42.156.251.198

/index.php/static/images/header-profile.png
/controller/static load fail.
2017-11-27 09:42:38
180.97.220.107

/index.php/static/images/header-profile.png
/controller/static load fail.
2017-11-27 09:42:44
180.97.220.107

/index.php/static/images/header-profile.png
/controller/static load fail.
2017-11-27 09:42:57
180.97.220.107

/index.php/static/images/header-profile.png
/controller/static load fail.
2017-11-27 09:43:25
180.97.220.107

/index.php/static/images/header-profile.png
/controller/static load fail.
2017-11-27 09:44:19
180.97.220.107

/index.php/static/images/header-profile.png
/controller/static load fail.
2017-11-27 09:44:31
180.97.220.107

/index.php/static/images/header-profile.png
/controller/static load fail.
2017-11-27 09:57:25
180.97.220.107

/index.php/static/images/header-profile.png
/controller/static load fail.
2017-11-27 10:07:44
180.97.220.107

/index.php/static/images/header-profile.png
/controller/static load fail.
2017-11-27 10:07:49
180.97.220.107

/index.php/static/images/header-profile.png
/controller/static load fail.
2017-11-27 10:07:52
180.97.220.107

/index.php/static/images/header-profile.png
/controller/static load fail.
2017-11-27 10:07:53
180.97.220.107

/index.php/static/images/header-profile.png
/controller/static load fail.
2017-11-27 10:08:41
180.97.220.107

/index.php/static/images/header-profile.png
/controller/static load fail.
2017-11-27 10:08:47
180.97.220.107

/index.php/static/images/header-profile.png
/controller/static load fail.
2017-11-27 10:08:57
180.97.220.107

/index.php/static/images/header-profile.png
/controller/static load fail.
2017-11-27 10:09:00
180.97.220.107

/index.php/static/images/header-profile.png
/controller/static load fail.
2017-11-27 10:09:10
180.97.220.107

/index.php/static/images/header-profile.png
/controller/static load fail.
2017-11-27 10:09:28
180.97.220.107

/index.php/static/images/header-profile.png
/controller/static load fail.
2017-11-27 10:35:52
180.97.220.107

/index.php/static/images/header-profile.png
/controller/static load fail.
2017-11-27 10:45:32
180.97.220.107

/index.php/static/images/header-profile.png
/controller/static load fail.
2017-11-27 10:45:33
180.97.220.107

/index.php/static/images/header-profile.png
/controller/static load fail.
2017-11-27 10:56:29
180.97.220.107

/index.php/static/images/header-profile.png
/controller/static load fail.
2017-11-27 10:56:30
180.97.220.107

/index.php/static/images/header-profile.png
/controller/static load fail.
2017-11-27 10:56:46
180.97.220.107

/index.php/static/images/header-profile.png
/controller/static load fail.
2017-11-27 10:56:54
180.97.220.107

/index.php/static/images/header-profile.png
/controller/static load fail.
2017-11-27 10:57:12
180.97.220.107

/index.php/static/images/header-profile.png
/controller/static load fail.
2017-11-27 10:57:36
180.97.220.107

/index.php/static/images/header-profile.png
/controller/static load fail.
2017-11-27 10:57:39
180.97.220.107

/index.php/static/images/header-profile.png
/controller/static load fail.
2017-11-27 10:59:20
180.97.220.107

/index.php/static/images/header-profile.png
/controller/static load fail.
2017-11-27 10:59:35
180.97.220.107

/index.php/static/images/header-profile.png
/controller/static load fail.
2017-11-27 11:00:13
180.97.220.107

/index.php/static/images/header-profile.png
/controller/static load fail.
2017-11-27 11:00:18
180.97.220.107

/index.php/static/images/header-profile.png
/controller/static load fail.
2017-11-27 11:00:40
180.97.220.107

/index.php/static/images/header-profile.png
/controller/static load fail.
2017-11-27 11:01:06
180.97.220.107

/index.php/static/images/header-profile.png
/controller/static load fail.
2017-11-27 11:01:33
180.97.220.107

/index.php/static/images/header-profile.png
/controller/static load fail.
2017-11-27 11:02:01
180.97.220.107

/index.php/demo/need/layer.css
/controller/demo load fail.
2017-11-27 11:16:55
123.150.182.172

/index.php/static/images/header-profile.png
/controller/static load fail.
2017-11-27 12:42:55
43.255.114.70

/index.php/static/images/header-profile.png
/controller/static load fail.
2017-11-27 12:43:19
43.255.114.70

/index.php/static/images/header-profile.png
/controller/static load fail.
2017-11-27 12:43:41
43.255.114.70

/index.php/style/images/ny.jpg
/controller/style load fail.
2017-11-27 14:02:26
117.136.38.41

/index.php/demo/need/layer.css
/controller/demo load fail.
2017-11-27 14:02:41
117.136.38.41

/index.php/demo/need/layer.css
/controller/demo load fail.
2017-11-27 14:03:08
117.136.38.41

/index.php/static/images/header-profile.png
/controller/static load fail.
2017-11-27 14:19:11
124.109.18.223

/index.php/static/images/header-profile.png
/controller/static load fail.
2017-11-27 14:19:19
124.109.18.223

/index.php/static/images/header-profile.png
/controller/static load fail.
2017-11-27 14:23:21
124.109.18.223

/index.php/static/images/header-profile.png
/controller/static load fail.
2017-11-27 14:23:24
124.109.18.223

/index.php/static/images/header-profile.png
/controller/static load fail.
2017-11-27 14:23:28
124.109.18.223

/index.php/static/images/header-profile.png
/controller/static load fail.
2017-11-27 14:23:30
124.109.18.223

/index.php/static/images/header-profile.png
/controller/static load fail.
2017-11-27 14:23:33
124.109.18.223

/index.php/static/images/header-profile.png
/controller/static load fail.
2017-11-27 14:30:44
124.109.18.223

/index.php/static/images/header-profile.png
/controller/static load fail.
2017-11-27 14:30:46
124.109.18.223

/index.php/static/images/header-profile.png
/controller/static load fail.
2017-11-27 14:30:50
124.109.18.223

/index.php/static/images/header-profile.png
/controller/static load fail.
2017-11-27 14:30:54
124.109.18.223

/index.php/static/images/header-profile.png
/controller/static load fail.
2017-11-27 14:30:55
124.109.18.223

/index.php/static/images/header-profile.png
/controller/static load fail.
2017-11-27 14:30:57
124.109.18.223

/index.php/static/images/header-profile.png
/controller/static load fail.
2017-11-27 14:30:59
124.109.18.223

/index.php/static/images/header-profile.png
/controller/static load fail.
2017-11-27 14:31:00
124.109.18.223

/index.php/static/images/header-profile.png
/controller/static load fail.
2017-11-27 14:31:02
124.109.18.223

/index.php/static/images/header-profile.png
/controller/static load fail.
2017-11-27 14:31:05
124.109.18.223

/index.php/static/images/header-profile.png
/controller/static load fail.
2017-11-27 14:31:06
124.109.18.223

/index.php/static/images/header-profile.png
/controller/static load fail.
2017-11-27 14:31:07
124.109.18.223

/index.php/static/images/header-profile.png
/controller/static load fail.
2017-11-27 14:31:08
124.109.18.223

/index.php/static/images/header-profile.png
/controller/static load fail.
2017-11-27 14:31:10
124.109.18.223

/index.php/static/images/header-profile.png
/controller/static load fail.
2017-11-27 14:31:17
124.109.18.223

/index.php/static/images/header-profile.png
/controller/static load fail.
2017-11-27 14:31:28
124.109.18.223

/index.php/static/images/header-profile.png
/controller/static load fail.
2017-11-27 14:31:29
124.109.18.223

/index.php/static/images/header-profile.png
/controller/static load fail.
2017-11-27 14:31:32
124.109.18.223

/index.php/static/images/header-profile.png
/controller/static load fail.
2017-11-27 14:31:33
124.109.18.223

/index.php/static/images/header-profile.png
/controller/static load fail.
2017-11-27 14:31:35
124.109.18.223

/index.php/static/images/header-profile.png
/controller/static load fail.
2017-11-27 14:31:36
124.109.18.223

/index.php/static/images/header-profile.png
/controller/static load fail.
2017-11-27 14:31:38
124.109.18.223

/index.php/static/images/header-profile.png
/controller/static load fail.
2017-11-27 14:31:40
124.109.18.223

/index.php/static/images/header-profile.png
/controller/static load fail.
2017-11-27 14:35:48
124.109.18.223

/index.php/static/images/header-profile.png
/controller/static load fail.
2017-11-27 14:36:05
124.109.18.223

/index.php/static/images/header-profile.png
/controller/static load fail.
2017-11-27 14:38:18
124.109.18.223

/index.php/static/images/header-profile.png
/controller/static load fail.
2017-11-27 14:38:35
124.109.18.223

/index.php/static/images/header-profile.png
/controller/static load fail.
2017-11-27 14:38:39
124.109.18.223

/index.php/static/images/header-profile.png
/controller/static load fail.
2017-11-27 14:38:41
124.109.18.223

/index.php/static/images/header-profile.png
/controller/static load fail.
2017-11-27 14:38:42
124.109.18.223

/index.php/static/images/header-profile.png
/controller/static load fail.
2017-11-27 14:38:56
124.109.18.223

/index.php/static/images/header-profile.png
/controller/static load fail.
2017-11-27 14:39:38
124.109.18.223

/index.php/static/images/header-profile.png
/controller/static load fail.
2017-11-27 14:39:40
124.109.18.223

/index.php/static/images/header-profile.png
/controller/static load fail.
2017-11-27 14:39:42
124.109.18.223

/index.php/static/images/header-profile.png
/controller/static load fail.
2017-11-27 14:39:43
124.109.18.223

/index.php/static/images/header-profile.png
/controller/static load fail.
2017-11-27 14:39:45
124.109.18.223

/index.php/static/images/header-profile.png
/controller/static load fail.
2017-11-27 14:39:46
124.109.18.223

/index.php/static/images/header-profile.png
/controller/static load fail.
2017-11-27 14:39:48
124.109.18.223

/index.php/static/images/header-profile.png
/controller/static load fail.
2017-11-27 14:39:50
124.109.18.223

/index.php/static/images/header-profile.png
/controller/static load fail.
2017-11-27 14:40:12
124.109.18.223

/index.php/static/images/header-profile.png
/controller/static load fail.
2017-11-27 14:40:20
124.109.18.223

/index.php/static/images/header-profile.png
/controller/static load fail.
2017-11-27 14:40:22
124.109.18.223

/index.php/static/images/header-profile.png
/controller/static load fail.
2017-11-27 14:40:23
124.109.18.223

/index.php/static/images/header-profile.png
/controller/static load fail.
2017-11-27 14:40:24
124.109.18.223

/index.php/static/images/header-profile.png
/controller/static load fail.
2017-11-27 14:40:28
124.109.18.223

/index.php/static/images/header-profile.png
/controller/static load fail.
2017-11-27 14:40:33
124.109.18.223

/index.php/static/images/header-profile.png
/controller/static load fail.
2017-11-27 14:40:34
124.109.18.223

/index.php/static/images/header-profile.png
/controller/static load fail.
2017-11-27 14:40:37
124.109.18.223

/index.php/static/images/header-profile.png
/controller/static load fail.
2017-11-27 14:40:38
124.109.18.223

/index.php/static/images/header-profile.png
/controller/static load fail.
2017-11-27 14:40:46
124.109.18.223

/index.php/static/images/header-profile.png
/controller/static load fail.
2017-11-27 14:40:48
124.109.18.223

/index.php/static/images/header-profile.png
/controller/static load fail.
2017-11-27 14:40:49
124.109.18.223

/index.php/static/images/header-profile.png
/controller/static load fail.
2017-11-27 14:40:51
124.109.18.223

/index.php/static/images/header-profile.png
/controller/static load fail.
2017-11-27 14:40:52
124.109.18.223

/index.php/static/images/header-profile.png
/controller/static load fail.
2017-11-27 14:40:54
124.109.18.223

/index.php/static/images/header-profile.png
/controller/static load fail.
2017-11-27 14:40:57
124.109.18.223

/index.php/static/images/header-profile.png
/controller/static load fail.
2017-11-27 14:40:58
124.109.18.223

/index.php/static/images/header-profile.png
/controller/static load fail.
2017-11-27 14:40:59
124.109.18.223

/index.php/static/images/header-profile.png
/controller/static load fail.
2017-11-27 14:41:00
124.109.18.223

/index.php/static/images/header-profile.png
/controller/static load fail.
2017-11-27 14:41:02
124.109.18.223

/index.php/static/images/header-profile.png
/controller/static load fail.
2017-11-27 14:41:04
124.109.18.223

/index.php/static/images/header-profile.png
/controller/static load fail.
2017-11-27 14:41:06
124.109.18.223

/index.php/static/images/header-profile.png
/controller/static load fail.
2017-11-27 14:41:09
124.109.18.223

/index.php/static/images/header-profile.png
/controller/static load fail.
2017-11-27 14:41:10
124.109.18.223

/index.php/static/images/header-profile.png
/controller/static load fail.
2017-11-27 14:41:11
124.109.18.223

/index.php/static/images/header-profile.png
/controller/static load fail.
2017-11-27 14:41:13
124.109.18.223

/index.php/static/images/header-profile.png
/controller/static load fail.
2017-11-27 14:41:18
124.109.18.223

/index.php/static/images/header-profile.png
/controller/static load fail.
2017-11-27 14:41:19
124.109.18.223

/index.php/static/images/header-profile.png
/controller/static load fail.
2017-11-27 14:41:21
124.109.18.223

/index.php/static/images/header-profile.png
/controller/static load fail.
2017-11-27 14:41:23
124.109.18.223

/index.php/static/images/header-profile.png
/controller/static load fail.
2017-11-27 14:41:24
124.109.18.223

/index.php/static/images/header-profile.png
/controller/static load fail.
2017-11-27 14:41:26
124.109.18.223

/index.php/static/images/header-profile.png
/controller/static load fail.
2017-11-27 14:41:27
124.109.18.223

/index.php/static/images/header-profile.png
/controller/static load fail.
2017-11-27 14:41:32
124.109.18.223

/index.php/static/images/header-profile.png
/controller/static load fail.
2017-11-27 14:41:33
124.109.18.223

/index.php/static/images/header-profile.png
/controller/static load fail.
2017-11-27 14:41:46
124.109.18.223

/index.php/static/images/header-profile.png
/controller/static load fail.
2017-11-27 14:41:47
124.109.18.223

/index.php/static/images/header-profile.png
/controller/static load fail.
2017-11-27 14:41:53
124.109.18.223

/index.php/static/images/header-profile.png
/controller/static load fail.
2017-11-27 14:41:54
124.109.18.223

/index.php/static/images/header-profile.png
/controller/static load fail.
2017-11-27 14:41:57
124.109.18.223

/index.php/static/images/header-profile.png
/controller/static load fail.
2017-11-27 14:42:02
124.109.18.223

/index.php/static/images/header-profile.png
/controller/static load fail.
2017-11-27 14:42:04
124.109.18.223

/index.php/static/images/header-profile.png
/controller/static load fail.
2017-11-27 14:42:06
124.109.18.223

/index.php/static/images/header-profile.png
/controller/static load fail.
2017-11-27 14:42:08
124.109.18.223

/index.php/static/images/header-profile.png
/controller/static load fail.
2017-11-27 14:42:09
124.109.18.223

/index.php/static/images/header-profile.png
/controller/static load fail.
2017-11-27 14:42:11
124.109.18.223

/index.php/static/images/header-profile.png
/controller/static load fail.
2017-11-27 14:42:13
124.109.18.223

/index.php/static/images/header-profile.png
/controller/static load fail.
2017-11-27 14:42:16
124.109.18.223

/index.php/static/images/header-profile.png
/controller/static load fail.
2017-11-27 14:42:23
124.109.18.223

/index.php/static/images/header-profile.png
/controller/static load fail.
2017-11-27 14:42:25
124.109.18.223

/index.php/static/images/header-profile.png
/controller/static load fail.
2017-11-27 14:42:26
124.109.18.223

/index.php/static/images/header-profile.png
/controller/static load fail.
2017-11-27 14:42:34
124.109.18.223

/index.php/static/images/header-profile.png
/controller/static load fail.
2017-11-27 14:42:37
124.109.18.223

/index.php/static/images/header-profile.png
/controller/static load fail.
2017-11-27 14:42:57
124.109.18.223

/index.php/static/images/header-profile.png
/controller/static load fail.
2017-11-27 14:42:59
124.109.18.223

/index.php/static/images/header-profile.png
/controller/static load fail.
2017-11-27 14:43:00
124.109.18.223

/index.php/static/images/header-profile.png
/controller/static load fail.
2017-11-27 14:43:01
124.109.18.223

/index.php/static/images/header-profile.png
/controller/static load fail.
2017-11-27 14:43:03
124.109.18.223

/index.php/static/images/header-profile.png
/controller/static load fail.
2017-11-27 14:43:04
124.109.18.223

/index.php/static/images/header-profile.png
/controller/static load fail.
2017-11-27 14:43:06
124.109.18.223

/index.php/static/images/header-profile.png
/controller/static load fail.
2017-11-27 14:43:07
124.109.18.223

/index.php/static/images/header-profile.png
/controller/static load fail.
2017-11-27 14:47:49
124.109.18.223

/index.php/static/images/header-profile.png
/controller/static load fail.
2017-11-27 14:47:57
124.109.18.223

/index.php/static/images/header-profile.png
/controller/static load fail.
2017-11-27 14:47:58
124.109.18.223

/index.php/static/images/header-profile.png
/controller/static load fail.
2017-11-27 14:48:03
124.109.18.223

/index.php/static/images/header-profile.png
/controller/static load fail.
2017-11-27 14:48:08
124.109.18.223

/index.php/static/images/header-profile.png
/controller/static load fail.
2017-11-27 14:48:11
124.109.18.223

/index.php/static/images/header-profile.png
/controller/static load fail.
2017-11-27 14:48:14
124.109.18.223

/index.php/static/images/header-profile.png
/controller/static load fail.
2017-11-27 14:48:16
124.109.18.223

/index.php/static/images/header-profile.png
/controller/static load fail.
2017-11-27 14:48:19
124.109.18.223

/index.php/static/images/header-profile.png
/controller/static load fail.
2017-11-27 14:48:28
124.109.18.223

/index.php/static/images/header-profile.png
/controller/static load fail.
2017-11-27 14:48:29
124.109.18.223

/index.php/static/images/header-profile.png
/controller/static load fail.
2017-11-27 14:48:31
124.109.18.223

/index.php/static/images/header-profile.png
/controller/static load fail.
2017-11-27 14:48:32
124.109.18.223

/index.php/static/images/header-profile.png
/controller/static load fail.
2017-11-27 14:48:34
124.109.18.223

/index.php/static/images/header-profile.png
/controller/static load fail.
2017-11-27 14:50:14
124.109.18.223

/index.php/static/images/header-profile.png
/controller/static load fail.
2017-11-27 14:50:16
124.109.18.223

/index.php/static/images/header-profile.png
/controller/static load fail.
2017-11-27 14:50:17
124.109.18.223

/index.php/static/images/header-profile.png
/controller/static load fail.
2017-11-27 14:50:18
124.109.18.223

/index.php/static/images/header-profile.png
/controller/static load fail.
2017-11-27 14:50:20
124.109.18.223

/index.php/static/images/header-profile.png
/controller/static load fail.
2017-11-27 14:50:21
124.109.18.223

/index.php/static/images/header-profile.png
/controller/static load fail.
2017-11-27 14:50:29
124.109.18.223

/index.php/static/images/header-profile.png
/controller/static load fail.
2017-11-27 14:50:33
124.109.18.223

/index.php/static/images/header-profile.png
/controller/static load fail.
2017-11-27 14:50:34
124.109.18.223

/index.php/static/images/header-profile.png
/controller/static load fail.
2017-11-27 14:50:36
124.109.18.223

/index.php/static/images/header-profile.png
/controller/static load fail.
2017-11-27 14:50:38
124.109.18.223

/index.php/static/images/header-profile.png
/controller/static load fail.
2017-11-27 14:50:39
124.109.18.223

/index.php/static/images/header-profile.png
/controller/static load fail.
2017-11-27 14:50:40
124.109.18.223

/index.php/static/images/header-profile.png
/controller/static load fail.
2017-11-27 14:50:42
124.109.18.223

/index.php/static/images/header-profile.png
/controller/static load fail.
2017-11-27 14:50:43
124.109.18.223

/index.php/static/images/header-profile.png
/controller/static load fail.
2017-11-27 14:50:44
124.109.18.223

/index.php/static/images/header-profile.png
/controller/static load fail.
2017-11-27 14:50:46
124.109.18.223

/index.php/static/images/header-profile.png
/controller/static load fail.
2017-11-27 14:50:52
124.109.18.223

/index.php/static/images/header-profile.png
/controller/static load fail.
2017-11-27 14:50:53
124.109.18.223

/index.php/static/images/header-profile.png
/controller/static load fail.
2017-11-27 14:50:55
124.109.18.223

/index.php/static/images/header-profile.png
/controller/static load fail.
2017-11-27 14:50:56
124.109.18.223

/index.php/static/images/header-profile.png
/controller/static load fail.
2017-11-27 14:50:58
124.109.18.223

/index.php/static/images/header-profile.png
/controller/static load fail.
2017-11-27 14:51:00
124.109.18.223

/index.php/static/images/header-profile.png
/controller/static load fail.
2017-11-27 14:51:02
124.109.18.223

/index.php/static/images/header-profile.png
/controller/static load fail.
2017-11-27 14:51:03
124.109.18.223

/index.php/static/images/header-profile.png
/controller/static load fail.
2017-11-27 14:51:06
124.109.18.223

/index.php/static/images/header-profile.png
/controller/static load fail.
2017-11-27 14:51:15
124.109.18.223

/index.php/static/images/header-profile.png
/controller/static load fail.
2017-11-27 14:51:17
124.109.18.223

/index.php/static/images/header-profile.png
/controller/static load fail.
2017-11-27 14:51:19
124.109.18.223

/index.php/static/images/header-profile.png
/controller/static load fail.
2017-11-27 14:51:23
124.109.18.223

/index.php/static/images/header-profile.png
/controller/static load fail.
2017-11-27 14:51:26
124.109.18.223

/index.php/static/images/header-profile.png
/controller/static load fail.
2017-11-27 14:51:28
124.109.18.223

/index.php/static/images/header-profile.png
/controller/static load fail.
2017-11-27 14:51:37
124.109.18.223

/index.php/static/images/header-profile.png
/controller/static load fail.
2017-11-27 14:51:44
124.109.18.223

/index.php/static/images/header-profile.png
/controller/static load fail.
2017-11-27 14:51:46
124.109.18.223

/index.php/static/images/header-profile.png
/controller/static load fail.
2017-11-27 14:51:47
124.109.18.223

/index.php/static/images/header-profile.png
/controller/static load fail.
2017-11-27 14:58:57
124.109.18.223

/index.php/static/images/header-profile.png
/controller/static load fail.
2017-11-27 14:59:00
124.109.18.223

/index.php/static/images/header-profile.png
/controller/static load fail.
2017-11-27 14:59:02
124.109.18.223

/index.php/static/images/header-profile.png
/controller/static load fail.
2017-11-27 14:59:03
124.109.18.223

/index.php/static/images/header-profile.png
/controller/static load fail.
2017-11-27 15:04:42
124.109.18.223

/index.php/static/images/header-profile.png
/controller/static load fail.
2017-11-27 15:04:44
124.109.18.223

/index.php/static/images/header-profile.png
/controller/static load fail.
2017-11-27 15:04:47
124.109.18.223

/index.php/static/images/header-profile.png
/controller/static load fail.
2017-11-27 15:05:41
124.109.18.223

/index.php/static/images/header-profile.png
/controller/static load fail.
2017-11-27 15:05:43
124.109.18.223

/index.php/static/images/header-profile.png
/controller/static load fail.
2017-11-27 15:05:44
124.109.18.223

/index.php/static/images/header-profile.png
/controller/static load fail.
2017-11-27 15:12:31
124.109.18.223

/index.php/static/images/header-profile.png
/controller/static load fail.
2017-11-27 15:13:32
124.109.18.223

/index.php/static/images/header-profile.png
/controller/static load fail.
2017-11-27 15:13:34
124.109.18.223

/index.php/static/images/header-profile.png
/controller/static load fail.
2017-11-27 15:13:46
124.109.18.223

/index.php/static/images/header-profile.png
/controller/static load fail.
2017-11-27 15:13:52
124.109.18.223

/index.php/static/images/header-profile.png
/controller/static load fail.
2017-11-27 15:14:13
124.109.18.223

/index.php/static/images/header-profile.png
/controller/static load fail.
2017-11-27 15:14:15
124.109.18.223

/index.php/static/images/header-profile.png
/controller/static load fail.
2017-11-27 15:14:45
124.109.18.223

/index.php/static/images/header-profile.png
/controller/static load fail.
2017-11-27 15:14:47
124.109.18.223

/index.php/static/images/header-profile.png
/controller/static load fail.
2017-11-27 15:14:48
124.109.18.223

/index.php/static/images/header-profile.png
/controller/static load fail.
2017-11-27 15:15:10
124.109.18.223

/index.php/static/images/header-profile.png
/controller/static load fail.
2017-11-27 15:15:12
124.109.18.223

/index.php/static/images/header-profile.png
/controller/static load fail.
2017-11-27 15:15:15
124.109.18.223

/index.php/static/images/header-profile.png
/controller/static load fail.
2017-11-27 15:15:55
124.109.18.223

/index.php/static/images/header-profile.png
/controller/static load fail.
2017-11-27 15:15:58
124.109.18.223

/index.php/static/images/header-profile.png
/controller/static load fail.
2017-11-27 15:16:01
124.109.18.223

/index.php/static/images/header-profile.png
/controller/static load fail.
2017-11-27 15:16:04
124.109.18.223

/index.php/static/images/header-profile.png
/controller/static load fail.
2017-11-27 15:16:06
124.109.18.223

/index.php/static/images/header-profile.png
/controller/static load fail.
2017-11-27 15:16:08
124.109.18.223

/index.php/static/images/header-profile.png
/controller/static load fail.
2017-11-27 15:16:09
124.109.18.223

/index.php/static/images/header-profile.png
/controller/static load fail.
2017-11-27 15:16:10
124.109.18.223

/index.php/static/images/header-profile.png
/controller/static load fail.
2017-11-27 15:17:01
124.109.18.223

/index.php/static/images/header-profile.png
/controller/static load fail.
2017-11-27 15:17:05
124.109.18.223

/index.php/static/images/header-profile.png
/controller/static load fail.
2017-11-27 15:17:08
124.109.18.223

/index.php/static/images/header-profile.png
/controller/static load fail.
2017-11-27 15:17:09
124.109.18.223

/index.php/static/images/header-profile.png
/controller/static load fail.
2017-11-27 15:17:10
124.109.18.223

/index.php/static/images/header-profile.png
/controller/static load fail.
2017-11-27 15:17:12
124.109.18.223

/index.php/static/images/header-profile.png
/controller/static load fail.
2017-11-27 15:17:13
124.109.18.223

/index.php/static/images/header-profile.png
/controller/static load fail.
2017-11-27 15:17:15
124.109.18.223

/index.php/static/images/header-profile.png
/controller/static load fail.
2017-11-27 15:17:17
124.109.18.223

/index.php/static/images/header-profile.png
/controller/static load fail.
2017-11-27 15:17:18
124.109.18.223

/index.php/static/images/header-profile.png
/controller/static load fail.
2017-11-27 15:17:19
124.109.18.223

/index.php/static/images/header-profile.png
/controller/static load fail.
2017-11-27 15:17:37
124.109.18.223

/index.php/static/images/header-profile.png
/controller/static load fail.
2017-11-27 15:17:48
124.109.18.223

/index.php/static/images/header-profile.png
/controller/static load fail.
2017-11-27 15:17:53
124.109.18.223

/index.php/static/images/header-profile.png
/controller/static load fail.
2017-11-27 15:18:00
124.109.18.223

/index.php/static/images/header-profile.png
/controller/static load fail.
2017-11-27 15:18:02
124.109.18.223

/index.php/static/images/header-profile.png
/controller/static load fail.
2017-11-27 15:18:03
124.109.18.223

/index.php/static/images/header-profile.png
/controller/static load fail.
2017-11-27 15:18:06
124.109.18.223

/index.php/static/images/header-profile.png
/controller/static load fail.
2017-11-27 15:18:07
124.109.18.223

/index.php/static/images/header-profile.png
/controller/static load fail.
2017-11-27 15:18:09
124.109.18.223

/index.php/static/images/header-profile.png
/controller/static load fail.
2017-11-27 15:18:10
124.109.18.223

/index.php/static/images/header-profile.png
/controller/static load fail.
2017-11-27 15:18:12
124.109.18.223

/index.php/static/images/header-profile.png
/controller/static load fail.
2017-11-27 15:18:14
124.109.18.223

/index.php/static/images/header-profile.png
/controller/static load fail.
2017-11-27 15:18:18
124.109.18.223

/index.php/static/images/header-profile.png
/controller/static load fail.
2017-11-27 15:18:20
124.109.18.223

/index.php/static/images/header-profile.png
/controller/static load fail.
2017-11-27 15:18:22
124.109.18.223

/index.php/static/images/header-profile.png
/controller/static load fail.
2017-11-27 15:18:24
124.109.18.223

/index.php/static/images/header-profile.png
/controller/static load fail.
2017-11-27 15:18:30
124.109.18.223

/index.php/static/images/header-profile.png
/controller/static load fail.
2017-11-27 15:18:32
124.109.18.223

/index.php/static/images/header-profile.png
/controller/static load fail.
2017-11-27 15:18:41
124.109.18.223

/index.php/static/images/header-profile.png
/controller/static load fail.
2017-11-27 15:18:42
124.109.18.223

/index.php/static/images/header-profile.png
/controller/static load fail.
2017-11-27 15:18:44
124.109.18.223

/index.php/static/images/header-profile.png
/controller/static load fail.
2017-11-27 15:18:55
124.109.18.223

/index.php/static/images/header-profile.png
/controller/static load fail.
2017-11-27 15:18:57
124.109.18.223

/index.php/static/images/header-profile.png
/controller/static load fail.
2017-11-27 15:18:59
124.109.18.223

/index.php/static/images/header-profile.png
/controller/static load fail.
2017-11-27 15:19:04
124.109.18.223

/index.php/static/images/header-profile.png
/controller/static load fail.
2017-11-27 15:19:05
124.109.18.223

/index.php/static/images/header-profile.png
/controller/static load fail.
2017-11-27 15:19:07
124.109.18.223

/index.php/static/images/header-profile.png
/controller/static load fail.
2017-11-27 15:19:09
124.109.18.223

/index.php/static/images/header-profile.png
/controller/static load fail.
2017-11-27 15:19:10
124.109.18.223

/index.php/static/images/header-profile.png
/controller/static load fail.
2017-11-27 15:19:12
124.109.18.223

/index.php/static/images/header-profile.png
/controller/static load fail.
2017-11-27 15:19:17
124.109.18.223

/index.php/static/images/header-profile.png
/controller/static load fail.
2017-11-27 15:19:18
124.109.18.223

/index.php/static/images/header-profile.png
/controller/static load fail.
2017-11-27 15:19:20
124.109.18.223

/index.php/static/images/header-profile.png
/controller/static load fail.
2017-11-27 15:19:21
124.109.18.223

/index.php/static/images/header-profile.png
/controller/static load fail.
2017-11-27 15:19:22
124.109.18.223

/index.php/static/images/header-profile.png
/controller/static load fail.
2017-11-27 15:19:30
124.109.18.223

/index.php/static/images/header-profile.png
/controller/static load fail.
2017-11-27 15:19:33
124.109.18.223

/index.php/static/images/header-profile.png
/controller/static load fail.
2017-11-27 15:19:40
124.109.18.223

/index.php/static/images/header-profile.png
/controller/static load fail.
2017-11-27 15:19:42
124.109.18.223

/index.php/static/images/header-profile.png
/controller/static load fail.
2017-11-27 15:19:43
124.109.18.223

/index.php/static/images/header-profile.png
/controller/static load fail.
2017-11-27 15:19:45
124.109.18.223

/index.php/static/images/header-profile.png
/controller/static load fail.
2017-11-27 15:19:47
124.109.18.223

/index.php/static/images/header-profile.png
/controller/static load fail.
2017-11-27 15:19:49
124.109.18.223

/index.php/static/images/header-profile.png
/controller/static load fail.
2017-11-27 15:19:51
124.109.18.223

/index.php/static/images/header-profile.png
/controller/static load fail.
2017-11-27 15:19:58
124.109.18.223

/index.php/static/images/header-profile.png
/controller/static load fail.
2017-11-27 15:20:05
124.109.18.223

/index.php/static/images/header-profile.png
/controller/static load fail.
2017-11-27 15:20:13
124.109.18.223

/index.php/static/images/header-profile.png
/controller/static load fail.
2017-11-27 15:20:25
124.109.18.223

/index.php/static/images/header-profile.png
/controller/static load fail.
2017-11-27 15:20:30
124.109.18.223

/index.php/static/images/header-profile.png
/controller/static load fail.
2017-11-27 15:30:30
124.109.18.223

/index.php/static/images/header-profile.png
/controller/static load fail.
2017-11-27 15:30:32
124.109.18.223

/index.php/static/images/header-profile.png
/controller/static load fail.
2017-11-27 15:30:39
124.109.18.223

/index.php/static/images/header-profile.png
/controller/static load fail.
2017-11-27 15:30:45
124.109.18.223

/index.php/static/images/header-profile.png
/controller/static load fail.
2017-11-27 15:30:51
124.109.18.223

/index.php/static/images/header-profile.png
/controller/static load fail.
2017-11-27 15:31:04
124.109.18.223

/index.php/static/images/header-profile.png
/controller/static load fail.
2017-11-27 15:35:59
124.109.18.223

/index.php/static/images/header-profile.png
/controller/static load fail.
2017-11-27 15:36:01
124.109.18.223

/index.php/static/images/header-profile.png
/controller/static load fail.
2017-11-27 15:36:04
124.109.18.223

/index.php/static/images/header-profile.png
/controller/static load fail.
2017-11-27 15:36:06
124.109.18.223

/index.php/static/images/header-profile.png
/controller/static load fail.
2017-11-27 15:36:07
124.109.18.223

/index.php/static/images/header-profile.png
/controller/static load fail.
2017-11-27 15:36:18
124.109.18.223

/index.php/static/images/header-profile.png
/controller/static load fail.
2017-11-27 15:36:29
124.109.18.223

/index.php/static/images/header-profile.png
/controller/static load fail.
2017-11-27 15:41:21
180.97.220.107

/index.php/static/images/header-profile.png
/controller/static load fail.
2017-11-27 15:41:25
180.97.220.107

/index.php/static/images/header-profile.png
/controller/static load fail.
2017-11-27 15:41:58
180.97.220.107

/index.php/static/images/header-profile.png
/controller/static load fail.
2017-11-27 15:42:04
180.97.220.107

/index.php/static/images/header-profile.png
/controller/static load fail.
2017-11-27 15:42:11
180.97.220.107

/index.php/static/images/header-profile.png
/controller/static load fail.
2017-11-27 15:42:16
180.97.220.107

/index.php/static/images/header-profile.png
/controller/static load fail.
2017-11-27 15:42:22
180.97.220.107

/index.php/static/images/header-profile.png
/controller/static load fail.
2017-11-27 15:42:25
180.97.220.107

/index.php/static/images/header-profile.png
/controller/static load fail.
2017-11-27 15:42:32
180.97.220.107

/index.php/static/images/header-profile.png
/controller/static load fail.
2017-11-27 15:42:41
180.97.220.107

/index.php/static/images/header-profile.png
/controller/static load fail.
2017-11-27 15:42:50
180.97.220.107

/index.php/static/images/header-profile.png
/controller/static load fail.
2017-11-27 15:42:57
180.97.220.107

/index.php/static/images/header-profile.png
/controller/static load fail.
2017-11-27 15:43:02
180.97.220.107

/index.php/static/images/header-profile.png
/controller/static load fail.
2017-11-27 15:43:15
180.97.220.107

/index.php/static/images/header-profile.png
/controller/static load fail.
2017-11-27 15:43:19
180.97.220.107

/index.php/static/images/header-profile.png
/controller/static load fail.
2017-11-27 15:43:22
180.97.220.107

/index.php/static/images/header-profile.png
/controller/static load fail.
2017-11-27 15:43:24
180.97.220.107

/index.php/static/images/header-profile.png
/controller/static load fail.
2017-11-27 15:43:34
180.97.220.107

/index.php/static/images/header-profile.png
/controller/static load fail.
2017-11-27 15:43:45
180.97.220.107

/index.php/static/images/header-profile.png
/controller/static load fail.
2017-11-27 15:43:47
180.97.220.107

/index.php/static/images/header-profile.png
/controller/static load fail.
2017-11-27 15:46:41
124.109.18.223

/index.php/static/images/header-profile.png
/controller/static load fail.
2017-11-27 15:46:50
124.109.18.223

/index.php/static/images/header-profile.png
/controller/static load fail.
2017-11-27 15:46:54
124.109.18.223

/index.php/static/images/header-profile.png
/controller/static load fail.
2017-11-27 15:50:00
124.109.18.223

/index.php/static/images/header-profile.png
/controller/static load fail.
2017-11-27 15:50:06
124.109.18.223

/index.php/static/images/header-profile.png
/controller/static load fail.
2017-11-27 15:50:08
124.109.18.223

/index.php/static/images/header-profile.png
/controller/static load fail.
2017-11-27 15:50:10
124.109.18.223

/index.php/static/images/header-profile.png
/controller/static load fail.
2017-11-27 15:50:12
124.109.18.223

/index.php/static/images/header-profile.png
/controller/static load fail.
2017-11-27 15:50:22
124.109.18.223

/index.php/static/images/header-profile.png
/controller/static load fail.
2017-11-27 15:50:24
124.109.18.223

/index.php/static/images/header-profile.png
/controller/static load fail.
2017-11-27 15:50:31
124.109.18.223

/index.php/static/images/header-profile.png
/controller/static load fail.
2017-11-27 16:00:39
124.109.18.223

/index.php/static/images/header-profile.png
/controller/static load fail.
2017-11-27 16:00:49
124.109.18.223

/index.php/static/images/header-profile.png
/controller/static load fail.
2017-11-27 16:01:53
124.109.18.223

/index.php/static/images/header-profile.png
/controller/static load fail.
2017-11-27 16:13:18
124.109.18.223

/index.php/static/images/header-profile.png
/controller/static load fail.
2017-11-27 16:20:03
124.109.18.223

/index.php/static/images/header-profile.png
/controller/static load fail.
2017-11-27 16:25:48
180.97.220.107

/index.php/static/images/header-profile.png
/controller/static load fail.
2017-11-27 16:25:52
180.97.220.107

/index.php/static/images/header-profile.png
/controller/static load fail.
2017-11-27 16:26:06
180.97.220.107

/index.php/static/images/header-profile.png
/controller/static load fail.
2017-11-27 16:27:55
180.97.220.107

/index.php/static/images/header-profile.png
/controller/static load fail.
2017-11-27 16:28:42
180.97.220.107

/index.php/static/images/header-profile.png
/controller/static load fail.
2017-11-27 16:28:54
124.109.18.223

/index.php/static/images/header-profile.png
/controller/static load fail.
2017-11-27 16:47:13
124.109.18.223

/index.php/static/images/header-profile.png
/controller/static load fail.
2017-11-27 16:47:15
124.109.18.223

/index.php/static/images/header-profile.png
/controller/static load fail.
2017-11-27 16:47:17
124.109.18.223

/index.php/static/images/header-profile.png
/controller/static load fail.
2017-11-27 16:47:20
124.109.18.223

/index.php/static/images/header-profile.png
/controller/static load fail.
2017-11-27 17:13:43
124.109.18.223

/index.php/static/images/header-profile.png
/controller/static load fail.
2017-11-27 17:13:46
124.109.18.223

/index.php/static/images/header-profile.png
/controller/static load fail.
2017-11-27 17:13:48
124.109.18.223

/index.php/demo/need/layer.css
/controller/demo load fail.
2017-11-27 17:23:50
101.199.112.54

/index.php/demo/need/layer.css
/controller/demo load fail.
2017-11-27 17:23:54
220.181.132.197

/index.php/static/images/header-profile.png
/controller/static load fail.
2017-11-27 18:41:40
115.48.6.8

/index.php/static/images/header-profile.png
/controller/static load fail.
2017-11-27 18:41:44
115.48.6.8

/index.php/static/images/header-profile.png
/controller/static load fail.
2017-11-27 18:41:50
115.48.6.8

/index.php/static/images/header-profile.png
/controller/static load fail.
2017-11-27 18:41:50
115.48.6.8

/index.php/static/images/header-profile.png
/controller/static load fail.
2017-11-27 18:41:52
115.48.6.8

/index.php/static/images/header-profile.png
/controller/static load fail.
2017-11-27 18:41:56
115.48.6.8

/index.php/static/images/header-profile.png
/controller/static load fail.
2017-11-27 18:42:01
115.48.6.8

/index.php/static/images/header-profile.png
/controller/static load fail.
2017-11-27 18:42:15
115.48.6.8

/index.php/static/images/header-profile.png
/controller/static load fail.
2017-11-27 18:42:17
115.48.6.8

/index.php/static/images/header-profile.png
/controller/static load fail.
2017-11-27 18:44:40
115.48.6.8

/index.php/static/images/header-profile.png
/controller/static load fail.
2017-11-27 18:44:42
115.48.6.8

/index.php/static/images/header-profile.png
/controller/static load fail.
2017-11-27 18:44:49
115.48.6.8

/index.php/static/images/header-profile.png
/controller/static load fail.
2017-11-27 18:44:51
115.48.6.8

/index.php/static/images/header-profile.png
/controller/static load fail.
2017-11-27 18:44:52
115.48.6.8

/index.php/static/images/header-profile.png
/controller/static load fail.
2017-11-27 18:44:54
115.48.6.8

/index.php/static/images/header-profile.png
/controller/static load fail.
2017-11-27 18:44:55
115.48.6.8

/index.php/static/images/header-profile.png
/controller/static load fail.
2017-11-27 18:44:56
115.48.6.8

/index.php/static/images/header-profile.png
/controller/static load fail.
2017-11-27 18:49:17
115.48.6.8

/index.php/static/images/header-profile.png
/controller/static load fail.
2017-11-27 18:49:18
115.48.6.8

/index.php/static/images/header-profile.png
/controller/static load fail.
2017-11-27 18:49:44
115.48.6.8

/index.php/static/images/header-profile.png
/controller/static load fail.
2017-11-27 18:49:44
115.48.6.8

/index.php/static/images/header-profile.png
/controller/static load fail.
2017-11-27 18:49:45
115.48.6.8

/index.php/static/images/header-profile.png
/controller/static load fail.
2017-11-27 18:49:47
115.48.6.8

/index.php/static/images/header-profile.png
/controller/static load fail.
2017-11-27 18:49:48
115.48.6.8

/index.php/static/images/header-profile.png
/controller/static load fail.
2017-11-27 18:49:49
115.48.6.8

/index.php/static/images/header-profile.png
/controller/static load fail.
2017-11-27 18:49:50
115.48.6.8

/index.php/static/images/header-profile.png
/controller/static load fail.
2017-11-27 18:50:03
115.48.6.8

/index.php/static/images/header-profile.png
/controller/static load fail.
2017-11-27 18:51:18
113.143.141.163

/index.php/static/images/header-profile.png
/controller/static load fail.
2017-11-27 18:51:47
113.143.141.163

/index.php/static/images/header-profile.png
/controller/static load fail.
2017-11-27 18:51:48
113.143.141.163

/index.php/static/images/header-profile.png
/controller/static load fail.
2017-11-27 20:21:30
124.109.18.223

/index.php/static/images/header-profile.png
/controller/static load fail.
2017-11-27 20:21:35
124.109.18.223

/index.php/static/images/header-profile.png
/controller/static load fail.
2017-11-27 20:21:39
124.109.18.223

/index.php/static/images/header-profile.png
/controller/static load fail.
2017-11-27 20:21:41
124.109.18.223

/index.php/static/images/header-profile.png
/controller/static load fail.
2017-11-27 20:22:04
124.109.18.223

/index.php/static/images/header-profile.png
/controller/static load fail.
2017-11-27 20:22:06
124.109.18.223

/index.php/static/images/header-profile.png
/controller/static load fail.
2017-11-27 20:22:07
124.109.18.223

/index.php/static/images/header-profile.png
/controller/static load fail.
2017-11-27 20:22:09
124.109.18.223

/index.php/static/images/header-profile.png
/controller/static load fail.
2017-11-27 20:22:15
124.109.18.223

/index.php/static/images/header-profile.png
/controller/static load fail.
2017-11-27 20:22:16
124.109.18.223

/index.php/static/images/header-profile.png
/controller/static load fail.
2017-11-27 20:22:17
124.109.18.223

/index.php/static/images/header-profile.png
/controller/static load fail.
2017-11-27 20:22:30
124.109.18.223

/index.php/static/images/header-profile.png
/controller/static load fail.
2017-11-27 20:22:34
124.109.18.223

/index.php/static/images/header-profile.png
/controller/static load fail.
2017-11-27 20:22:36
124.109.18.223

/index.php/static/images/header-profile.png
/controller/static load fail.
2017-11-27 20:22:38
124.109.18.223

/index.php/static/images/header-profile.png
/controller/static load fail.
2017-11-27 20:22:41
124.109.18.223

/index.php/static/images/header-profile.png
/controller/static load fail.
2017-11-27 20:22:43
124.109.18.223

/index.php/static/images/header-profile.png
/controller/static load fail.
2017-11-27 20:22:45
124.109.18.223

/index.php/static/images/header-profile.png
/controller/static load fail.
2017-11-27 20:22:47
124.109.18.223

/index.php/static/images/header-profile.png
/controller/static load fail.
2017-11-27 20:22:49
124.109.18.223

/index.php/static/images/header-profile.png
/controller/static load fail.
2017-11-27 20:23:18
124.109.18.223

/index.php/static/images/header-profile.png
/controller/static load fail.
2017-11-27 20:23:20
124.109.18.223

/index.php/static/images/header-profile.png
/controller/static load fail.
2017-11-27 20:23:21
124.109.18.223

/index.php/static/images/header-profile.png
/controller/static load fail.
2017-11-27 20:23:24
124.109.18.223

/index.php/static/images/header-profile.png
/controller/static load fail.
2017-11-27 20:23:26
124.109.18.223

/index.php/static/images/header-profile.png
/controller/static load fail.
2017-11-27 20:23:27
124.109.18.223

/index.php/static/images/header-profile.png
/controller/static load fail.
2017-11-27 20:23:29
124.109.18.223

/index.php/static/images/header-profile.png
/controller/static load fail.
2017-11-27 20:23:32
124.109.18.223

/index.php/static/images/header-profile.png
/controller/static load fail.
2017-11-27 20:23:33
124.109.18.223

/index.php/static/images/header-profile.png
/controller/static load fail.
2017-11-27 20:23:34
124.109.18.223

/index.php/static/images/header-profile.png
/controller/static load fail.
2017-11-27 20:23:36
124.109.18.223

/index.php/static/images/header-profile.png
/controller/static load fail.
2017-11-27 20:23:37
124.109.18.223

/index.php/static/images/header-profile.png
/controller/static load fail.
2017-11-27 20:25:11
124.109.18.223

/index.php/static/images/header-profile.png
/controller/static load fail.
2017-11-27 20:27:15
124.109.18.223

/index.php/static/images/header-profile.png
/controller/static load fail.
2017-11-27 20:28:03
124.109.18.223

/index.php/static/images/header-profile.png
/controller/static load fail.
2017-11-27 20:28:57
124.109.18.223

/index.php/static/images/header-profile.png
/controller/static load fail.
2017-11-27 20:29:23
124.109.18.223

/index.php/static/images/header-profile.png
/controller/static load fail.
2017-11-27 20:29:27
124.109.18.223

/index.php/static/images/header-profile.png
/controller/static load fail.
2017-11-27 20:30:01
124.109.18.223

/index.php/static/images/header-profile.png
/controller/static load fail.
2017-11-27 20:30:05
124.109.18.223

/index.php/static/images/header-profile.png
/controller/static load fail.
2017-11-27 20:30:20
124.109.18.223

/index.php/static/images/header-profile.png
/controller/static load fail.
2017-11-27 20:30:48
124.109.18.223

/index.php/static/images/header-profile.png
/controller/static load fail.
2017-11-27 20:32:52
124.109.18.223

/index.php/static/images/header-profile.png
/controller/static load fail.
2017-11-27 20:32:56
124.109.18.223

/index.php/static/images/header-profile.png
/controller/static load fail.
2017-11-27 20:33:01
124.109.18.223

/index.php/static/images/header-profile.png
/controller/static load fail.
2017-11-27 20:33:12
124.109.18.223

/index.php/static/images/header-profile.png
/controller/static load fail.
2017-11-27 20:33:26
124.109.18.223

/index.php/static/images/header-profile.png
/controller/static load fail.
2017-11-27 20:33:28
124.109.18.223

/index.php/static/images/header-profile.png
/controller/static load fail.
2017-11-27 20:33:30
124.109.18.223

/index.php/static/images/header-profile.png
/controller/static load fail.
2017-11-27 20:33:35
124.109.18.223

/index.php/static/images/header-profile.png
/controller/static load fail.
2017-11-27 20:34:08
124.109.18.223

/index.php/static/images/header-profile.png
/controller/static load fail.
2017-11-27 20:34:12
124.109.18.223

/index.php/static/images/header-profile.png
/controller/static load fail.
2017-11-27 20:34:18
124.109.18.223

/index.php/static/images/header-profile.png
/controller/static load fail.
2017-11-27 20:34:28
124.109.18.223

/index.php/static/images/header-profile.png
/controller/static load fail.
2017-11-27 20:34:37
124.109.18.223

/index.php/static/images/header-profile.png
/controller/static load fail.
2017-11-27 20:34:39
124.109.18.223

/index.php/static/images/header-profile.png
/controller/static load fail.
2017-11-27 20:35:04
124.109.18.223

/index.php/static/images/header-profile.png
/controller/static load fail.
2017-11-27 20:35:05
124.109.18.223

/index.php/static/images/header-profile.png
/controller/static load fail.
2017-11-27 20:35:07
124.109.18.223

/index.php/static/images/header-profile.png
/controller/static load fail.
2017-11-27 20:35:09
124.109.18.223

/index.php/static/images/header-profile.png
/controller/static load fail.
2017-11-27 20:35:10
124.109.18.223

/index.php/static/images/header-profile.png
/controller/static load fail.
2017-11-27 20:35:11
124.109.18.223

/index.php/static/images/header-profile.png
/controller/static load fail.
2017-11-27 20:35:13
124.109.18.223

/index.php/static/images/header-profile.png
/controller/static load fail.
2017-11-27 20:35:15
124.109.18.223

/index.php/static/images/header-profile.png
/controller/static load fail.
2017-11-27 20:35:16
124.109.18.223

/index.php/static/images/header-profile.png
/controller/static load fail.
2017-11-27 20:35:17
124.109.18.223

/index.php/static/images/header-profile.png
/controller/static load fail.
2017-11-27 20:35:18
124.109.18.223

/index.php/static/images/header-profile.png
/controller/static load fail.
2017-11-27 20:35:20
124.109.18.223

/index.php/static/images/header-profile.png
/controller/static load fail.
2017-11-27 20:35:21
124.109.18.223

/index.php/static/images/header-profile.png
/controller/static load fail.
2017-11-27 20:35:23
124.109.18.223

/index.php/static/images/header-profile.png
/controller/static load fail.
2017-11-27 20:36:59
124.109.18.223

/index.php/static/images/header-profile.png
/controller/static load fail.
2017-11-27 20:41:41
124.109.18.223

/index.php/static/images/header-profile.png
/controller/static load fail.
2017-11-27 20:41:44
124.109.18.223

/index.php/static/images/header-profile.png
/controller/static load fail.
2017-11-27 20:41:46
124.109.18.223

/index.php/static/images/header-profile.png
/controller/static load fail.
2017-11-27 20:41:50
124.109.18.223

/index.php/static/images/header-profile.png
/controller/static load fail.
2017-11-27 20:41:54
124.109.18.223

/index.php/static/images/header-profile.png
/controller/static load fail.
2017-11-27 20:42:00
124.109.18.223

/index.php/static/images/header-profile.png
/controller/static load fail.
2017-11-27 20:45:04
124.109.18.223

/index.php/static/images/header-profile.png
/controller/static load fail.
2017-11-27 20:45:06
124.109.18.223

/index.php/static/images/header-profile.png
/controller/static load fail.
2017-11-27 20:45:08
124.109.18.223

/index.php/static/images/header-profile.png
/controller/static load fail.
2017-11-27 20:45:13
124.109.18.223

/index.php/static/images/header-profile.png
/controller/static load fail.
2017-11-27 20:45:15
124.109.18.223

/index.php/static/images/header-profile.png
/controller/static load fail.
2017-11-27 20:45:17
124.109.18.223

/index.php/static/images/header-profile.png
/controller/static load fail.
2017-11-27 20:45:18
124.109.18.223

/index.php/static/images/header-profile.png
/controller/static load fail.
2017-11-27 20:45:20
124.109.18.223

/index.php/static/images/header-profile.png
/controller/static load fail.
2017-11-27 20:45:25
124.109.18.223

/index.php/static/images/header-profile.png
/controller/static load fail.
2017-11-27 20:46:20
124.109.18.223

/index.php/static/images/header-profile.png
/controller/static load fail.
2017-11-27 20:46:23
124.109.18.223

/index.php/static/images/header-profile.png
/controller/static load fail.
2017-11-27 20:46:25
124.109.18.223

/index.php/static/images/header-profile.png
/controller/static load fail.
2017-11-27 20:46:27
124.109.18.223

/index.php/static/images/header-profile.png
/controller/static load fail.
2017-11-27 20:47:12
124.109.18.223

/index.php/static/images/header-profile.png
/controller/static load fail.
2017-11-27 20:47:21
124.109.18.223

/index.php/static/images/header-profile.png
/controller/static load fail.
2017-11-27 20:48:09
124.109.18.223

/index.php/static/images/header-profile.png
/controller/static load fail.
2017-11-27 20:48:14
124.109.18.223

/index.php/static/images/header-profile.png
/controller/static load fail.
2017-11-27 20:48:28
124.109.18.223

/index.php/static/images/header-profile.png
/controller/static load fail.
2017-11-27 20:49:17
124.109.18.223

/index.php/static/images/header-profile.png
/controller/static load fail.
2017-11-27 20:49:35
124.109.18.223

/index.php/static/images/header-profile.png
/controller/static load fail.
2017-11-27 20:51:43
124.109.18.223

/index.php/static/images/header-profile.png
/controller/static load fail.
2017-11-27 20:51:45
124.109.18.223

/index.php/static/images/header-profile.png
/controller/static load fail.
2017-11-27 20:51:47
124.109.18.223

/index.php/static/images/header-profile.png
/controller/static load fail.
2017-11-27 20:51:48
124.109.18.223

/index.php/static/images/header-profile.png
/controller/static load fail.
2017-11-27 20:51:54
124.109.18.223

/index.php/static/images/header-profile.png
/controller/static load fail.
2017-11-27 20:52:05
124.109.18.223

/index.php/static/images/header-profile.png
/controller/static load fail.
2017-11-27 20:56:03
124.109.18.223

/index.php/static/images/header-profile.png
/controller/static load fail.
2017-11-27 20:56:22
124.109.18.223

/index.php/static/images/header-profile.png
/controller/static load fail.
2017-11-27 20:56:56
124.109.18.223

/index.php/static/images/header-profile.png
/controller/static load fail.
2017-11-27 21:14:06
124.109.18.223

/index.php/static/images/header-profile.png
/controller/static load fail.
2017-11-27 21:14:07
124.109.18.223

/index.php/static/images/header-profile.png
/controller/static load fail.
2017-11-27 21:14:15
124.109.18.223

/index.php/static/images/header-profile.png
/controller/static load fail.
2017-11-27 21:14:17
124.109.18.223

/index.php/static/images/header-profile.png
/controller/static load fail.
2017-11-27 21:14:18
124.109.18.223

/index.php/static/images/header-profile.png
/controller/static load fail.
2017-11-27 21:14:19
124.109.18.223

/index.php/static/images/header-profile.png
/controller/static load fail.
2017-11-27 21:14:20
124.109.18.223

/index.php/static/images/header-profile.png
/controller/static load fail.
2017-11-27 21:14:21
124.109.18.223

/index.php/static/images/header-profile.png
/controller/static load fail.
2017-11-27 21:14:25
124.109.18.223

/index.php/static/images/header-profile.png
/controller/static load fail.
2017-11-27 21:14:29
124.109.18.223

/index.php/static/images/header-profile.png
/controller/static load fail.
2017-11-27 21:24:38
124.109.18.223

/index.php/static/images/header-profile.png
/controller/static load fail.
2017-11-27 21:24:57
124.109.18.223

/index.php/static/images/header-profile.png
/controller/static load fail.
2017-11-27 21:25:00
124.109.18.223

/index.php/static/images/header-profile.png
/controller/static load fail.
2017-11-27 21:25:01
124.109.18.223

/index.php/static/images/header-profile.png
/controller/static load fail.
2017-11-27 21:25:09
124.109.18.223

/index.php/static/images/header-profile.png
/controller/static load fail.
2017-11-27 21:25:17
124.109.18.223

/index.php/static/images/header-profile.png
/controller/static load fail.
2017-11-27 21:25:20
124.109.18.223

/index.php/static/images/header-profile.png
/controller/static load fail.
2017-11-27 21:25:23
124.109.18.223

/index.php/static/images/header-profile.png
/controller/static load fail.
2017-11-27 21:26:15
124.109.18.223

/index.php/static/images/header-profile.png
/controller/static load fail.
2017-11-27 21:26:18
124.109.18.223

/index.php/static/images/header-profile.png
/controller/static load fail.
2017-11-27 21:26:19
124.109.18.223

/index.php/static/images/header-profile.png
/controller/static load fail.
2017-11-27 22:51:37
180.97.220.107

/index.php/static/images/header-profile.png
/controller/static load fail.
2017-11-27 22:51:51
180.97.220.107

/index.php/static/images/header-profile.png
/controller/static load fail.
2017-11-27 22:51:52
180.97.220.107

/index.php/static/images/header-profile.png
/controller/static load fail.
2017-11-27 22:52:07
180.97.220.107

/index.php/static/images/header-profile.png
/controller/static load fail.
2017-11-27 22:52:27
180.97.220.107

/index.php/static/images/header-profile.png
/controller/static load fail.
2017-11-27 23:35:29
124.109.18.223

/index.php/static/images/header-profile.png
/controller/static load fail.
2017-11-27 23:35:32
124.109.18.223

/index.php/static/images/header-profile.png
/controller/static load fail.
2017-11-27 23:35:34
124.109.18.223

/index.php/static/images/header-profile.png
/controller/static load fail.
2017-11-27 23:35:45
124.109.18.223

/index.php/static/images/header-profile.png
/controller/static load fail.
2017-11-27 23:35:54
124.109.18.223

/index.php/static/images/header-profile.png
/controller/static load fail.
2017-11-27 23:36:11
124.109.18.223

/index.php/static/images/header-profile.png
/controller/static load fail.
2017-11-27 23:36:18
124.109.18.223

/index.php/static/images/header-profile.png
/controller/static load fail.
2017-11-27 23:39:17
124.109.18.223

/index.php/static/images/header-profile.png
/controller/static load fail.
2017-11-27 23:39:21
124.109.18.223

/index.php/static/images/header-profile.png
/controller/static load fail.
2017-11-27 23:39:22
124.109.18.223

/index.php/static/images/header-profile.png
/controller/static load fail.
2017-11-27 23:41:44
124.109.18.223

/index.php/static/images/header-profile.png
/controller/static load fail.
2017-11-27 23:41:49
124.109.18.223

/index.php/static/images/header-profile.png
/controller/static load fail.
2017-11-27 23:41:51
124.109.18.223

/index.php/static/images/header-profile.png
/controller/static load fail.
2017-11-27 23:45:00
124.109.18.223

/index.php/static/images/header-profile.png
/controller/static load fail.
2017-11-27 23:48:15
124.109.18.223

/index.php/static/images/header-profile.png
/controller/static load fail.
2017-11-27 23:48:16
124.109.18.223

/index.php/static/images/header-profile.png
/controller/static load fail.
2017-11-27 23:49:57
124.109.18.223

/index.php/static/images/header-profile.png
/controller/static load fail.
2017-11-27 23:49:59
124.109.18.223

/index.php/static/images/header-profile.png
/controller/static load fail.
2017-11-27 23:50:01
124.109.18.223

/index.php/static/images/header-profile.png
/controller/static load fail.
2017-11-27 23:50:05
124.109.18.223

/index.php/static/images/header-profile.png
/controller/static load fail.
2017-11-27 23:50:07
124.109.18.223

/index.php/static/images/header-profile.png
/controller/static load fail.
2017-11-27 23:50:09
124.109.18.223

/index.php/static/images/header-profile.png
/controller/static load fail.
2017-11-27 23:50:26
124.109.18.223

/index.php/static/images/header-profile.png
/controller/static load fail.
2017-11-27 23:51:24
124.109.18.223

/index.php/static/images/header-profile.png
/controller/static load fail.
2017-11-27 23:51:26
124.109.18.223

/index.php/static/images/header-profile.png
/controller/static load fail.
2017-11-27 23:52:16
124.109.18.223

/index.php/static/images/header-profile.png
/controller/static load fail.
2017-11-27 23:52:18
124.109.18.223

/index.php/static/images/header-profile.png
/controller/static load fail.
2017-11-27 23:52:26
124.109.18.223

/index.php/static/images/header-profile.png
/controller/static load fail.
2017-11-27 23:53:58
124.109.18.223

/index.php/static/images/header-profile.png
/controller/static load fail.
2017-11-27 23:53:59
124.109.18.223

/index.php/static/images/header-profile.png
/controller/static load fail.
2017-11-27 23:54:00
124.109.18.223

/index.php/static/images/header-profile.png
/controller/static load fail.
2017-11-27 23:54:01
124.109.18.223

/index.php/static/images/header-profile.png
/controller/static load fail.
2017-11-27 23:54:05
124.109.18.223

/index.php/static/images/header-profile.png
/controller/static load fail.
2017-11-27 23:54:09
124.109.18.223

/index.php/static/images/header-profile.png
/controller/static load fail.
2017-11-27 23:54:23
124.109.18.223

/index.php/static/images/header-profile.png
/controller/static load fail.
2017-11-27 23:54:27
124.109.18.223

/index.php/static/images/header-profile.png
/controller/static load fail.
2017-11-27 23:54:42
124.109.18.223

