/index.php
SQLSTATE[HY000] [1045] Access denied for user 'root'@'localhost' (using password: YES)
2017-08-14 22:08:42
::1

/index.php
SQLSTATE[HY000] [1045] Access denied for user 'root'@'localhost' (using password: YES)
2017-08-23 15:03:57
111.73.93.193

/index.php
SQLSTATE[HY000] [1045] Access denied for user 'root'@'localhost' (using password: YES)
2017-08-23 15:04:35
111.73.93.193

/index.php
SQLSTATE[HY000] [1045] Access denied for user 'root'@'localhost' (using password: YES)
2017-08-23 15:04:37
106.120.160.119

/index.php
SQLSTATE[HY000] [1045] Access denied for user 'root'@'localhost' (using password: YES)
2017-08-23 15:04:58
101.199.112.53

/index.php
SQLSTATE[HY000] [1045] Access denied for user 'root'@'localhost' (using password: YES)
2017-08-23 15:05:01
106.120.160.119

/index.php
SQLSTATE[HY000] [1045] Access denied for user 'root'@'localhost' (using password: YES)
2017-08-23 15:05:33
182.118.20.144

/index.php
SQLSTATE[HY000] [1045] Access denied for user 'root'@'localhost' (using password: YES)
2017-08-29 20:59:07
61.154.213.112

/index.php
SQLSTATE[HY000] [2002] 由于目标计算机积极拒绝，无法连接。

2017-09-06 02:18:10
14.215.176.12

/index.php
SQLSTATE[HY000] [2002] 由于目标计算机积极拒绝，无法连接。

2017-09-06 02:18:59
14.215.176.144

/index.php
SQLSTATE[HY000] [2002] 由于目标计算机积极拒绝，无法连接。

2017-09-06 02:54:43
183.57.53.196

/index.php
SQLSTATE[HY000] [2002] 由于目标计算机积极拒绝，无法连接。

2017-09-06 03:18:52
125.84.82.224

/index.php
SQLSTATE[HY000] [2002] 由于目标计算机积极拒绝，无法连接。

2017-09-06 03:19:00
125.84.82.224

/index.php
SQLSTATE[HY000] [2002] 由于目标计算机积极拒绝，无法连接。

2017-09-06 03:19:02
125.84.82.224

/index.php
SQLSTATE[HY000] [2002] 由于目标计算机积极拒绝，无法连接。

2017-09-06 03:38:30
155.94.88.58

/index.php
SQLSTATE[HY000] [2002] 由于目标计算机积极拒绝，无法连接。

2017-09-06 04:01:12
183.57.53.197

/index.php
SQLSTATE[HY000] [2002] 由于目标计算机积极拒绝，无法连接。

2017-09-06 05:58:44
180.163.8.254

/index.php
SQLSTATE[HY000] [2002] 由于目标计算机积极拒绝，无法连接。

2017-09-06 06:16:24
41.130.229.34

/index.php
SQLSTATE[HY000] [2002] 由于目标计算机积极拒绝，无法连接。

2017-09-06 07:32:15
14.215.176.138

/index.php
SQLSTATE[HY000] [2002] 由于目标计算机积极拒绝，无法连接。

2017-09-06 08:33:51
196.52.43.61

/index.php
SQLSTATE[HY000] [2002] 由于目标计算机积极拒绝，无法连接。

2017-09-06 09:10:02
111.162.155.16

/index.php
SQLSTATE[HY000] [2002] 由于目标计算机积极拒绝，无法连接。

2017-09-06 09:15:14
123.117.116.169

/index.php
SQLSTATE[HY000] [2002] 由于目标计算机积极拒绝，无法连接。

2017-09-06 09:20:15
123.117.116.169

/index.php
SQLSTATE[HY000] [2002] 由于目标计算机积极拒绝，无法连接。

2017-09-06 09:28:10
47.90.92.26

/index.php
SQLSTATE[HY000] [2002] 由于目标计算机积极拒绝，无法连接。

2017-09-06 09:41:08
69.58.178.59

/index.php
SQLSTATE[HY000] [2002] 由于目标计算机积极拒绝，无法连接。

2017-09-06 10:27:55
139.212.98.170

/index.php
SQLSTATE[HY000] [2002] 由于目标计算机积极拒绝，无法连接。

2017-09-06 10:48:25
183.57.53.177

/index.php
SQLSTATE[HY000] [2002] 由于目标计算机积极拒绝，无法连接。

2017-09-06 11:05:42
209.126.136.4

/index.php
SQLSTATE[HY000] [2002] 由于目标计算机积极拒绝，无法连接。

2017-09-06 11:32:03
180.163.8.254

/index.php
SQLSTATE[HY000] [2002] 由于目标计算机积极拒绝，无法连接。

2017-09-06 12:56:49
125.84.82.224

/index.php
SQLSTATE[HY000] [2002] 由于目标计算机积极拒绝，无法连接。

2017-09-06 13:09:47
112.90.82.236

/index.php
SQLSTATE[HY000] [2002] 由于目标计算机积极拒绝，无法连接。

2017-09-06 13:43:37
139.162.119.197

/index.php
SQLSTATE[HY000] [2002] 由于目标计算机积极拒绝，无法连接。

2017-09-06 14:14:28
193.63.58.83

/index.php
SQLSTATE[HY000] [2002] 由于目标计算机积极拒绝，无法连接。

2017-09-06 15:50:25
125.84.82.224

/index.php
SQLSTATE[HY000] [2002] 由于目标计算机积极拒绝，无法连接。

2017-09-06 15:50:28
125.84.82.224

/index.php
SQLSTATE[HY000] [2002] 由于目标计算机积极拒绝，无法连接。

2017-09-06 17:21:52
183.61.47.108

/index.php
SQLSTATE[HY000] [2002] 由于目标计算机积极拒绝，无法连接。

2017-09-06 17:28:28
47.90.92.26

/index.php
SQLSTATE[HY000] [2002] 由于目标计算机积极拒绝，无法连接。

2017-09-06 17:33:28
220.181.68.160

/index.php
SQLSTATE[HY000] [2002] 由于目标计算机积极拒绝，无法连接。

2017-09-06 19:03:22
125.84.82.224

/index.php
SQLSTATE[HY000] [2002] 由于目标计算机积极拒绝，无法连接。

2017-09-06 22:05:42
183.61.47.108

/index.php
SQLSTATE[HY000] [2002] 由于目标计算机积极拒绝，无法连接。

2017-09-06 22:52:27
106.45.0.246

/index.php
SQLSTATE[HY000] [2002] 由于目标计算机积极拒绝，无法连接。

2017-09-06 22:57:08
60.191.38.77

/index.php
SQLSTATE[HY000] [2002] 由于目标计算机积极拒绝，无法连接。

2017-09-07 00:31:07
62.46.73.219

/index.php
SQLSTATE[HY000] [2002] 由于目标计算机积极拒绝，无法连接。

2017-09-07 00:31:09
62.46.73.219

/index.php
SQLSTATE[HY000] [2002] 由于目标计算机积极拒绝，无法连接。

2017-09-07 00:31:10
62.46.73.219

/index.php
SQLSTATE[HY000] [2002] 由于目标计算机积极拒绝，无法连接。

2017-09-07 00:31:13
62.46.73.219

/index.php
SQLSTATE[HY000] [2002] 由于目标计算机积极拒绝，无法连接。

2017-09-07 00:31:15
62.46.73.219

/index.php
SQLSTATE[HY000] [2002] 由于目标计算机积极拒绝，无法连接。

2017-09-07 00:31:16
62.46.73.219

/index.php
SQLSTATE[HY000] [2002] 由于目标计算机积极拒绝，无法连接。

2017-09-07 00:53:02
115.239.212.197

/index.php
SQLSTATE[HY000] [2002] 由于目标计算机积极拒绝，无法连接。

2017-09-07 01:24:00
47.90.92.26

/index.php
SQLSTATE[HY000] [2002] 由于目标计算机积极拒绝，无法连接。

2017-09-07 01:27:57
220.181.125.186

/index.php
SQLSTATE[HY000] [2002] 由于目标计算机积极拒绝，无法连接。

2017-09-07 02:07:42
82.124.55.193

/index.php
SQLSTATE[HY000] [2002] 由于目标计算机积极拒绝，无法连接。

2017-09-07 03:15:59
180.163.8.254

/index.php
SQLSTATE[HY000] [2002] 由于目标计算机积极拒绝，无法连接。

2017-09-07 03:25:09
163.177.90.152

/index.php
SQLSTATE[HY000] [2002] 由于目标计算机积极拒绝，无法连接。

2017-09-07 05:23:53
155.94.88.58

/index.php
SQLSTATE[HY000] [2002] 由于目标计算机积极拒绝，无法连接。

2017-09-07 06:19:16
14.215.176.12

/index.php
SQLSTATE[HY000] [2002] 由于目标计算机积极拒绝，无法连接。

2017-09-07 07:27:40
14.215.176.134

/index.php
SQLSTATE[HY000] [2002] 由于目标计算机积极拒绝，无法连接。

2017-09-07 08:45:10
180.163.8.254

/index.php
SQLSTATE[HY000] [2002] 由于目标计算机积极拒绝，无法连接。

2017-09-07 09:26:12
47.92.2.1

/index.php
SQLSTATE[HY000] [2002] 由于目标计算机积极拒绝，无法连接。

2017-09-07 10:10:46
111.206.36.12

/index.php
SQLSTATE[HY000] [2002] 由于目标计算机积极拒绝，无法连接。

2017-09-07 10:38:10
64.246.161.42

/index.php
SQLSTATE[HY000] [2002] 由于目标计算机积极拒绝，无法连接。

2017-09-07 10:54:03
113.248.154.25

/index.php
SQLSTATE[HY000] [2002] 由于目标计算机积极拒绝，无法连接。

2017-09-07 10:54:13
42.156.251.189

/index.php
SQLSTATE[HY000] [2002] 由于目标计算机积极拒绝，无法连接。

2017-09-07 10:54:17
42.156.251.189

/index.php
SQLSTATE[HY000] [2002] 由于目标计算机积极拒绝，无法连接。

2017-09-07 10:54:51
113.248.154.25

/index.php
SQLSTATE[HY000] [2002] 由于目标计算机积极拒绝，无法连接。

2017-09-07 12:51:28
93.174.95.106

/index.php
SQLSTATE[HY000] [2002] 由于目标计算机积极拒绝，无法连接。

2017-09-07 14:25:22
43.229.153.61

/index.php
SQLSTATE[HY000] [2002] 由于目标计算机积极拒绝，无法连接。

2017-09-07 14:37:43
43.229.153.61

/index.php
SQLSTATE[HY000] [2002] 由于目标计算机积极拒绝，无法连接。

2017-09-07 14:38:01
43.229.153.61

/index.php
SQLSTATE[HY000] [2002] 由于目标计算机积极拒绝，无法连接。

2017-09-07 15:14:23
193.63.58.83

/index.php
SQLSTATE[HY000] [2002] 由于目标计算机积极拒绝，无法连接。

2017-09-07 17:09:04
115.239.212.133

/index.php
SQLSTATE[HY000] [2002] 由于目标计算机积极拒绝，无法连接。

2017-09-07 17:27:44
47.90.92.26

/index.php
SQLSTATE[HY000] [2002] 由于目标计算机积极拒绝，无法连接。

2017-09-07 18:11:58
180.163.8.254

/index.php
SQLSTATE[HY000] [2002] 由于目标计算机积极拒绝，无法连接。

2017-09-07 19:00:56
101.226.65.108

/index.php
SQLSTATE[HY000] [2002] 由于目标计算机积极拒绝，无法连接。

2017-09-07 20:08:58
139.162.108.53

/index.php
SQLSTATE[HY000] [2002] 由于目标计算机积极拒绝，无法连接。

2017-09-07 20:19:27
155.94.88.58

/index.php
SQLSTATE[HY000] [2002] 由于目标计算机积极拒绝，无法连接。

2017-09-07 21:07:17
164.132.91.1

/index.php
SQLSTATE[HY000] [2002] 由于目标计算机积极拒绝，无法连接。

2017-09-07 23:13:46
183.57.53.197

/index.php
SQLSTATE[HY000] [2002] 由于目标计算机积极拒绝，无法连接。

2017-09-08 00:34:36
180.163.8.254

/index.php
SQLSTATE[HY000] [2002] 由于目标计算机积极拒绝，无法连接。

2017-09-08 01:28:37
47.93.112.232

/index.php
SQLSTATE[HY000] [2002] 由于目标计算机积极拒绝，无法连接。

2017-09-08 02:08:59
182.138.102.74

/index.php
SQLSTATE[HY000] [2002] 由于目标计算机积极拒绝，无法连接。

2017-09-08 03:18:14
183.61.47.108

/index.php
SQLSTATE[HY000] [2002] 由于目标计算机积极拒绝，无法连接。

2017-09-08 03:25:51
183.57.53.196

/index.php
SQLSTATE[HY000] [2002] 由于目标计算机积极拒绝，无法连接。

2017-09-08 03:58:04
101.226.35.225

/index.php
SQLSTATE[HY000] [2002] 由于目标计算机积极拒绝，无法连接。

2017-09-08 05:06:35
180.97.35.21

/index.php
SQLSTATE[HY000] [2002] 由于目标计算机积极拒绝，无法连接。

2017-09-08 05:37:55
14.215.176.12

/index.php
SQLSTATE[HY000] [2002] 由于目标计算机积极拒绝，无法连接。

2017-09-08 05:57:18
179.105.98.191

/index.php
SQLSTATE[HY000] [2002] 由于目标计算机积极拒绝，无法连接。

2017-09-08 07:03:35
202.108.211.56

/index.php
SQLSTATE[HY000] [2002] 由于目标计算机积极拒绝，无法连接。

2017-09-08 07:19:44
155.94.88.58

/index.php
SQLSTATE[HY000] [2002] 由于目标计算机积极拒绝，无法连接。

2017-09-08 07:44:39
123.160.235.139

/index.php
SQLSTATE[HY000] [2002] 由于目标计算机积极拒绝，无法连接。

2017-09-08 09:41:52
180.163.8.254

/index.php
SQLSTATE[HY000] [2002] 由于目标计算机积极拒绝，无法连接。

2017-09-08 12:27:31
123.245.91.77

/index.php
SQLSTATE[HY000] [2002] 由于目标计算机积极拒绝，无法连接。

2017-09-08 13:50:41
180.163.2.118

/index.php
SQLSTATE[HY000] [2002] 由于目标计算机积极拒绝，无法连接。

2017-09-08 13:59:24
180.163.8.254

/index.php
SQLSTATE[HY000] [2002] 由于目标计算机积极拒绝，无法连接。

2017-09-08 14:41:31
180.163.2.118

/index.php
SQLSTATE[HY000] [2002] 由于目标计算机积极拒绝，无法连接。

2017-09-08 15:00:28
61.151.226.202

/index.php
SQLSTATE[HY000] [2002] 由于目标计算机积极拒绝，无法连接。

2017-09-08 15:00:43
61.151.226.189

/index.php
SQLSTATE[HY000] [2002] 由于目标计算机积极拒绝，无法连接。

2017-09-08 15:25:23
101.226.65.108

/index.php
SQLSTATE[HY000] [2002] 由于目标计算机积极拒绝，无法连接。

2017-09-08 15:37:28
180.163.2.118

/index.php
SQLSTATE[HY000] [2002] 由于目标计算机积极拒绝，无法连接。

2017-09-08 16:14:32
193.63.58.83

/index.php
SQLSTATE[HY000] [2002] 由于目标计算机积极拒绝，无法连接。

2017-09-08 16:25:04
140.207.124.105

/index.php
SQLSTATE[HY000] [2002] 由于目标计算机积极拒绝，无法连接。

2017-09-08 16:37:41
180.163.2.118

/index.php
SQLSTATE[HY000] [2002] 由于目标计算机积极拒绝，无法连接。

2017-09-08 16:50:59
218.30.103.4

/index.php
SQLSTATE[HY000] [2002] 由于目标计算机积极拒绝，无法连接。

2017-09-08 17:20:43
140.207.185.109

/index.php
SQLSTATE[HY000] [2002] 由于目标计算机积极拒绝，无法连接。

2017-09-08 17:28:43
59.110.6.177

/index.php
SQLSTATE[HY000] [2002] 由于目标计算机积极拒绝，无法连接。

2017-09-08 17:29:39
180.163.2.118

/index.php
SQLSTATE[HY000] [2002] 由于目标计算机积极拒绝，无法连接。

2017-09-08 17:34:05
118.193.194.40

/index.php
SQLSTATE[HY000] [2002] 由于目标计算机积极拒绝，无法连接。

2017-09-08 18:24:28
123.151.64.201

/index.php
SQLSTATE[HY000] [2002] 由于目标计算机积极拒绝，无法连接。

2017-09-08 19:38:32
113.62.26.7

/index.php
SQLSTATE[HY000] [2002] 由于目标计算机积极拒绝，无法连接。

2017-09-08 21:01:54
180.163.8.254

/index.php
SQLSTATE[HY000] [2002] 由于目标计算机积极拒绝，无法连接。

2017-09-08 23:44:33
155.94.88.58

/index.php
SQLSTATE[HY000] [2002] 由于目标计算机积极拒绝，无法连接。

2017-09-09 01:24:07
47.93.90.175

/index.php
SQLSTATE[HY000] [2002] 由于目标计算机积极拒绝，无法连接。

2017-09-09 01:25:17
101.226.35.225

/index.php
SQLSTATE[HY000] [2002] 由于目标计算机积极拒绝，无法连接。

2017-09-09 01:54:38
149.202.180.134

/index.php
SQLSTATE[HY000] [2002] 由于目标计算机积极拒绝，无法连接。

2017-09-09 02:36:13
106.75.22.202

/index.php
SQLSTATE[HY000] [2002] 由于目标计算机积极拒绝，无法连接。

2017-09-09 04:27:36
118.42.182.202

/index.php
SQLSTATE[HY000] [2002] 由于目标计算机积极拒绝，无法连接。

2017-09-09 05:03:28
183.61.47.108

/index.php
SQLSTATE[HY000] [2002] 由于目标计算机积极拒绝，无法连接。

2017-09-09 05:05:07
196.52.43.66

/index.php
SQLSTATE[HY000] [2002] 由于目标计算机积极拒绝，无法连接。

2017-09-09 08:55:56
60.191.38.77

/index.php
SQLSTATE[HY000] [2002] 由于目标计算机积极拒绝，无法连接。

2017-09-09 09:18:41
180.163.8.254

/index.php
SQLSTATE[HY000] [2002] 由于目标计算机积极拒绝，无法连接。

2017-09-09 09:22:24
114.215.45.79

/index.php
SQLSTATE[HY000] [2002] 由于目标计算机积极拒绝，无法连接。

2017-09-09 11:54:46
123.59.146.153

/index.php
SQLSTATE[HY000] [2002] 由于目标计算机积极拒绝，无法连接。

2017-09-09 11:57:46
107.144.55.206

/index.php
SQLSTATE[HY000] [2002] 由于目标计算机积极拒绝，无法连接。

2017-09-09 11:59:15
43.227.220.163

/index.php
SQLSTATE[HY000] [2002] 由于目标计算机积极拒绝，无法连接。

2017-09-09 12:53:25
220.181.125.186

/index.php
SQLSTATE[HY000] [2002] 由于目标计算机积极拒绝，无法连接。

2017-09-09 13:55:48
180.163.8.254

/index.php
SQLSTATE[HY000] [2002] 由于目标计算机积极拒绝，无法连接。

2017-09-09 14:44:24
187.133.109.195

/index.php
SQLSTATE[HY000] [2002] 由于目标计算机积极拒绝，无法连接。

2017-09-09 17:26:22
47.90.92.26

/index.php
SQLSTATE[HY000] [2002] 由于目标计算机积极拒绝，无法连接。

2017-09-09 18:09:12
122.114.253.39

/index.php
SQLSTATE[HY000] [2002] 由于目标计算机积极拒绝，无法连接。

2017-09-09 18:50:56
119.118.0.7

/index.php
SQLSTATE[HY000] [2002] 由于目标计算机积极拒绝，无法连接。

2017-09-09 21:30:38
183.61.47.108

/index.php
SQLSTATE[HY000] [2002] 由于目标计算机积极拒绝，无法连接。

2017-09-09 22:05:54
117.179.73.176

/index.php
SQLSTATE[HY000] [2002] 由于目标计算机积极拒绝，无法连接。

2017-09-09 22:11:22
143.176.64.99

/index.php
SQLSTATE[HY000] [2002] 由于目标计算机积极拒绝，无法连接。

2017-09-09 23:55:49
122.114.253.39

/index.php
SQLSTATE[HY000] [2002] 由于目标计算机积极拒绝，无法连接。

2017-09-10 01:24:54
114.215.45.101

/index.php
SQLSTATE[HY000] [2002] 由于目标计算机积极拒绝，无法连接。

2017-09-10 01:27:00
128.232.21.75

/index.php
SQLSTATE[HY000] [2002] 由于目标计算机积极拒绝，无法连接。

2017-09-10 01:45:16
202.108.211.56

/index.php
SQLSTATE[HY000] [2002] 由于目标计算机积极拒绝，无法连接。

2017-09-10 02:03:41
5.188.203.23

/index.php
SQLSTATE[HY000] [2002] 由于目标计算机积极拒绝，无法连接。

2017-09-10 03:15:35
183.57.53.177

/index.php
SQLSTATE[HY000] [2002] 由于目标计算机积极拒绝，无法连接。

2017-09-10 03:44:42
180.163.8.254

/index.php
SQLSTATE[HY000] [2002] 由于目标计算机积极拒绝，无法连接。

2017-09-10 05:21:04
123.126.68.128

/index.php
SQLSTATE[HY000] [2002] 由于目标计算机积极拒绝，无法连接。

2017-09-10 06:09:17
218.92.147.30

/index.php
SQLSTATE[HY000] [2002] 由于目标计算机积极拒绝，无法连接。

2017-09-10 09:05:35
163.177.90.152

/index.php
SQLSTATE[HY000] [2002] 由于目标计算机积极拒绝，无法连接。

2017-09-10 09:27:57
59.110.6.177

/index.php
SQLSTATE[HY000] [2002] 由于目标计算机积极拒绝，无法连接。

2017-09-10 10:01:36
140.205.205.9

/index.php
SQLSTATE[HY000] [2002] 由于目标计算机积极拒绝，无法连接。

2017-09-10 11:49:24
183.61.47.108

/index.php
SQLSTATE[HY000] [2002] 由于目标计算机积极拒绝，无法连接。

2017-09-10 13:52:50
180.163.8.254

/index.php
SQLSTATE[HY000] [2002] 由于目标计算机积极拒绝，无法连接。

2017-09-10 14:21:06
139.162.114.70

/index.php
SQLSTATE[HY000] [2002] 由于目标计算机积极拒绝，无法连接。

2017-09-10 15:51:16
123.125.71.40

/index.php
SQLSTATE[HY000] [2002] 由于目标计算机积极拒绝，无法连接。

2017-09-10 16:24:36
123.125.67.151

/index.php
SQLSTATE[HY000] [2002] 由于目标计算机积极拒绝，无法连接。

2017-09-10 17:24:16
47.90.92.26

/index.php
SQLSTATE[HY000] [2002] 由于目标计算机积极拒绝，无法连接。

2017-09-10 20:17:19
180.163.8.254

/index.php
SQLSTATE[HY000] [2002] 由于目标计算机积极拒绝，无法连接。

2017-09-10 21:06:32
45.79.187.40

/index.php
SQLSTATE[HY000] [2002] 由于目标计算机积极拒绝，无法连接。

2017-09-10 21:37:59
54.80.193.242

/index.php
SQLSTATE[HY000] [2002] 由于目标计算机积极拒绝，无法连接。

2017-09-10 21:38:01
54.80.193.242

/index.php
SQLSTATE[HY000] [2002] 由于目标计算机积极拒绝，无法连接。

2017-09-10 22:28:05
123.125.71.44

/index.php
SQLSTATE[HY000] [2002] 由于目标计算机积极拒绝，无法连接。

2017-09-11 00:36:25
101.226.35.225

/index.php
SQLSTATE[HY000] [2002] 由于目标计算机积极拒绝，无法连接。

2017-09-11 01:27:03
116.62.176.205

/index.php
SQLSTATE[HY000] [2002] 由于目标计算机积极拒绝，无法连接。

2017-09-11 01:42:03
5.188.203.23

/index.php
SQLSTATE[HY000] [2002] 由于目标计算机积极拒绝，无法连接。

2017-09-11 01:48:57
189.35.52.87

/index.php
SQLSTATE[HY000] [2002] 由于目标计算机积极拒绝，无法连接。

2017-09-11 02:08:42
183.57.53.197

/index.php
SQLSTATE[HY000] [2002] 由于目标计算机积极拒绝，无法连接。

2017-09-11 02:08:42
140.207.185.111

/index.php
SQLSTATE[HY000] [2002] 由于目标计算机积极拒绝，无法连接。

2017-09-11 02:08:52
61.151.218.119

/index.php
SQLSTATE[HY000] [1049] Unknown database 'zhifu'
2017-11-01 17:22:42
120.33.237.36

/index.php
SQLSTATE[HY000] [1044] Access denied for user 'azf'@'127.0.0.1' to database 'zhifu'
2017-11-01 17:29:28
120.33.237.36

/index.php
SQLSTATE[HY000] [1044] Access denied for user 'azf'@'127.0.0.1' to database 'zhifu'
2017-11-01 17:29:31
120.33.237.36

/index.php
SQLSTATE[HY000] [1044] Access denied for user 'azf'@'127.0.0.1' to database 'zhifu'
2017-11-01 17:30:16
123.120.111.22

/index.php
SQLSTATE[HY000] [1044] Access denied for user 'azf'@'127.0.0.1' to database 'zhifu'
2017-11-01 17:30:22
123.120.111.22

/index.php
SQLSTATE[HY000] [1045] Access denied for user 'azf'@'localhost' (using password: YES)
2017-11-17 01:51:44
123.144.93.10

/index.php
SQLSTATE[HY000] [1045] Access denied for user 'azf'@'localhost' (using password: YES)
2017-11-17 01:51:51
123.144.93.10

/index.php
SQLSTATE[HY000] [1045] Access denied for user 'azf'@'localhost' (using password: YES)
2017-11-17 01:55:40
123.144.93.10

/index.php
SQLSTATE[HY000] [1045] Access denied for user 'azf'@'localhost' (using password: YES)
2017-11-17 01:55:43
123.144.93.10

/index.php
SQLSTATE[HY000] [1045] Access denied for user 'azf'@'localhost' (using password: YES)
2017-11-17 01:55:56
123.144.93.10

/index.php
SQLSTATE[HY000] [1045] Access denied for user 'azf'@'localhost' (using password: YES)
2017-11-17 01:56:00
123.144.93.10

